-4.9875 0 0
-4.9625 0 0
-4.9375 0 0
-4.9125 0 0
-4.8875 0 0
-4.8625 0 0
-4.8375 0 0
-4.8125 0 0
-4.7875 0 0
-4.7625 0 0
-4.7375 0 0
-4.7125 0 0
-4.6875 0 0
-4.6625 0 0
-4.6375 0 0
-4.6125 0 0
-4.5875 0 0
-4.5625 0 0
-4.5375 0 0
-4.5125 0 0
-4.4875 0 0
-4.4625 0 0
-4.4375 0 0
-4.4125 0 0
-4.3875 0 0
-4.3625 0 0
-4.3375 0 0
-4.3125 0 0
-4.2875 0 0
-4.2625 0 0
-4.2375 0 0
-4.2125 0 0
-4.1875 0 0
-4.1625 0 0
-4.1375 0 0
-4.1125 0 0
-4.0875 0 0
-4.0625 0 0
-4.0375 0 0
-4.0125 0 0
-3.9875 0 0
-3.9625 0 0
-3.9375 0 0
-3.9125 0 0
-3.8875 0 0
-3.8625 0 0
-3.8375 0 0
-3.8125 0 0
-3.7875 0 0
-3.7625 0 0
-3.7375 0 0
-3.7125 0 0
-3.6875 0 0
-3.6625 0 0
-3.6375 0 0
-3.6125 0 0
-3.5875 0 0
-3.5625 0 0
-3.5375 0 0
-3.5125 0 0
-3.4875 0 0
-3.4625 0 0
-3.4375 0 0
-3.4125 0 0
-3.3875 0 0
-3.3625 0 0
-3.3375 0 0
-3.3125 0 0
-3.2875 0 0
-3.2625 0 0
-3.2375 0 0
-3.2125 0 0
-3.1875 0 0
-3.1625 0 0
-3.1375 0 0
-3.1125 0 0
-3.0875 0 0
-3.0625 0 0
-3.0375 0 0
-3.0125 0 0
-2.9875 0 0
-2.9625 0 0
-2.9375 0 0
-2.9125 0 0
-2.8875 0 0
-2.8625 0 0
-2.8375 0 0
-2.8125 0 0
-2.7875 0 0
-2.7625 0 0
-2.7375 0 0
-2.7125 0 0
-2.6875 0 0
-2.6625 8.19672e-06 7.98918e-06
-2.6375 0 0
-2.6125 0 0
-2.5875 8.19672e-06 7.98918e-06
-2.5625 8.19672e-06 7.98918e-06
-2.5375 2.45902e-05 1.74842e-05
-2.5125 8.19672e-06 7.98918e-06
-2.4875 3.27869e-05 1.86914e-05
-2.4625 1.63934e-05 1.09971e-05
-2.4375 2.45902e-05 1.30891e-05
-2.4125 7.37705e-05 2.45218e-05
-2.3875 0.000106557 3.33456e-05
-2.3625 0.000139344 2.66236e-05
-2.3375 0.000213115 5.32472e-05
-2.3125 0.000270492 5.21958e-05
-2.2875 0.000385246 5.34675e-05
-2.2625 0.000418033 6.90425e-05
-2.2375 0.000598361 8.61826e-05
-2.2125 0.000934426 9.2081e-05
-2.1875 0.00101639 0.000124093
-2.1625 0.00140984 0.000153522
-2.1375 0.00172131 0.000104005
-2.1125 0.00208197 0.000188382
-2.0875 0.00285246 0.000194108
-2.0625 0.00316393 0.000182218
-2.0375 0.00434426 0.000274682
-2.0125 0.00559016 0.000207654
-1.9875 0.00644262 0.000292819
-1.9625 0.00856557 0.000306227
-1.9375 0.0102787 0.000386221
-1.9125 0.0119672 0.000340139
-1.8875 0.0144016 0.000422632
-1.8625 0.0179508 0.000471935
-1.8375 0.0217951 0.00040563
-1.8125 0.0248934 0.000678625
-1.7875 0.0298361 0.000821637
-1.7625 0.0347951 0.000846279
-1.7375 0.0398852 0.00107042
-1.7125 0.0466557 0.00123618
-1.6875 0.0541393 0.000990066
-1.6625 0.0615 0.00124105
-1.6375 0.0679426 0.00133279
-1.6125 0.079877 0.00174649
-1.5875 0.0887869 0.00127692
-1.5625 0.0996803 0.00186538
-1.5375 0.108377 0.00225605
-1.5125 0.119713 0.00191126
-1.4875 0.131869 0.00193729
-1.4625 0.145754 0.00237258
-1.4375 0.158525 0.00213212
-1.4125 0.170377 0.00254935
-1.3875 0.18773 0.00279878
-1.3625 0.198566 0.00308395
-1.3375 0.213648 0.00290381
-1.3125 0.231672 0.00275382
-1.2875 0.2445 0.00314738
-1.2625 0.254484 0.00279087
-1.2375 0.269967 0.00329505
-1.2125 0.286418 0.00294248
-1.1875 0.295139 0.00295474
-1.1625 0.306754 0.00203862
-1.1375 0.318475 0.00331513
-1.1125 0.328393 0.00324765
-1.0875 0.341721 0.00356052
-1.0625 0.35 0.0030966
-1.0375 0.355861 0.00308623
-1.0125 0.366148 0.00374032
-0.9875 0.371238 0.00371194
-0.9625 0.37677 0.00285001
-0.9375 0.385656 0.00381863
-0.9125 0.390025 0.00347621
-0.8875 0.392098 0.00304639
-0.8625 0.392689 0.00306589
-0.8375 0.394303 0.00282138
-0.8125 0.394705 0.00327533
-0.7875 0.396156 0.00390313
-0.7625 0.392115 0.00296311
-0.7375 0.390721 0.00308731
-0.7125 0.388607 0.00293123
-0.6875 0.388295 0.00300082
-0.6625 0.382213 0.00319738
-0.6375 0.378926 0.0028333
-0.6125 0.378066 0.00232011
-0.5875 0.369484 0.00308158
-0.5625 0.370246 0.00295215
-0.5375 0.366475 0.00225049
-0.5125 0.358828 0.00231378
-0.4875 0.360525 0.00202791
-0.4625 0.351516 0.00241849
-0.4375 0.344787 0.00244781
-0.4125 0.344975 0.00244458
-0.3875 0.34027 0.00220418
-0.3625 0.332902 0.00169888
-0.3375 0.333205 0.00172904
-0.3125 0.326713 0.00204371
-0.2875 0.323934 0.00173991
-0.2625 0.320123 0.00246831
-0.2375 0.315648 0.00229366
-0.2125 0.316311 0.00265079
-0.1875 0.30832 0.0019322
-0.1625 0.307738 0.00223639
-0.1375 0.306533 0.00238073
-0.1125 0.305541 0.00205018
-0.0875 0.30018 0.00259527
-0.0625 0.302844 0.00252228
-0.0375 0.299303 0.00272733
-0.0125 0.301656 0.00265044
0.0125 0.301852 0.0029601
0.0375 0.301861 0.00181102
0.0625 0.301221 0.00272687
0.0875 0.302656 0.00250298
0.1125 0.304951 0.00199241
0.1375 0.306303 0.00247119
0.1625 0.305574 0.00283876
0.1875 0.310344 0.00241782
0.2125 0.311287 0.00246047
0.2375 0.312992 0.00274713
0.2625 0.318361 0.00249345
0.2875 0.321279 0.00281869
0.3125 0.322311 0.00261001
0.3375 0.327705 0.00217323
0.3625 0.331475 0.00257747
0.3875 0.334779 0.00302583
0.4125 0.338852 0.0025579
0.4375 0.344566 0.00268611
0.4625 0.35032 0.00341791
0.4875 0.349893 0.00216223
0.5125 0.358426 0.00252287
0.5375 0.357877 0.00210742
0.5625 0.361713 0.00248101
0.5875 0.367697 0.0025531
0.6125 0.374861 0.00247886
0.6375 0.371877 0.00274353
0.6625 0.378025 0.00298546
0.6875 0.377926 0.00268473
0.7125 0.385074 0.00323617
0.7375 0.385582 0.00308586
0.7625 0.383213 0.00325793
0.7875 0.383598 0.00372058
0.8125 0.389975 0.00296452
0.8375 0.388754 0.00301654
0.8625 0.380352 0.00325641
0.8875 0.381533 0.00284902
0.9125 0.377967 0.0029141
0.9375 0.373893 0.00349474
0.9625 0.370902 0.00267172
0.9875 0.361475 0.0030509
1.0125 0.35677 0.00349938
1.0375 0.346451 0.0031003
1.0625 0.338426 0.00399409
1.0875 0.328475 0.00374964
1.1125 0.317844 0.00276591
1.1375 0.309607 0.00235134
1.1625 0.300197 0.00255068
1.1875 0.283779 0.00188073
1.2125 0.26927 0.00236644
1.2375 0.259738 0.00260641
1.2625 0.245393 0.00245934
1.2875 0.228508 0.00171246
1.3125 0.214287 0.00260723
1.3375 0.204016 0.00232829
1.3625 0.189049 0.00228912
1.3875 0.178213 0.00196218
1.4125 0.163352 0.00185686
1.4375 0.149951 0.00175579
1.4625 0.138811 0.00239692
1.4875 0.124762 0.00166772
1.5125 0.113713 0.00209218
1.5375 0.10268 0.00171213
1.5625 0.0922541 0.00139983
1.5875 0.0819672 0.00123011
1.6125 0.0725 0.00139666
1.6375 0.0680902 0.00122591
1.6625 0.0585164 0.00115962
1.6875 0.0499016 0.000911968
1.7125 0.0440738 0.000919442
1.7375 0.0380984 0.00082469
1.7625 0.0320574 0.000599704
1.7875 0.027082 0.000738761
1.8125 0.0237049 0.000454072
1.8375 0.0202541 0.000718837
1.8625 0.0167131 0.000442088
1.8875 0.0141311 0.000487908
1.9125 0.0117787 0.000429883
1.9375 0.00957377 0.00035072
1.9625 0.00768033 0.000322762
1.9875 0.00613934 0.000288747
2.0125 0.0052459 0.000275049
2.0375 0.0039918 0.00022185
2.0625 0.00309016 0.000147666
2.0875 0.0027541 0.000227036
2.1125 0.00204098 0.000178634
2.1375 0.00145082 0.000139717
2.1625 0.00115574 9.73134e-05
2.1875 0.00109016 0.000105145
2.2125 0.000696721 7.03917e-05
2.2375 0.00047541 7.3222e-05
2.2625 0.000483607 4.84578e-05
2.2875 0.000204918 3.99459e-05
2.3125 0.000155738 3.37462e-05
2.3375 0.000196721 3.59162e-05
2.3625 8.19672e-05 2.71854e-05
2.3875 7.37705e-05 1.82366e-05
2.4125 4.09836e-05 1.58729e-05
2.4375 3.27869e-05 1.46627e-05
2.4625 2.45902e-05 1.30891e-05
2.4875 2.45902e-05 1.30891e-05
2.5125 0 0
2.5375 0 0
2.5625 0 0
2.5875 0 0
2.6125 0 0
2.6375 0 0
2.6625 0 0
2.6875 0 0
2.7125 0 0
2.7375 0 0
2.7625 0 0
2.7875 0 0
2.8125 0 0
2.8375 0 0
2.8625 0 0
2.8875 0 0
2.9125 0 0
2.9375 0 0
2.9625 0 0
2.9875 0 0
3.0125 0 0
3.0375 0 0
3.0625 0 0
3.0875 0 0
3.1125 0 0
3.1375 0 0
3.1625 0 0
3.1875 0 0
3.2125 0 0
3.2375 0 0
3.2625 0 0
3.2875 0 0
3.3125 0 0
3.3375 0 0
3.3625 0 0
3.3875 0 0
3.4125 0 0
3.4375 0 0
3.4625 0 0
3.4875 0 0
3.5125 0 0
3.5375 0 0
3.5625 0 0
3.5875 0 0
3.6125 0 0
3.6375 0 0
3.6625 0 0
3.6875 0 0
3.7125 0 0
3.7375 0 0
3.7625 0 0
3.7875 0 0
3.8125 0 0
3.8375 0 0
3.8625 0 0
3.8875 0 0
3.9125 0 0
3.9375 0 0
3.9625 0 0
3.9875 0 0
4.0125 0 0
4.0375 0 0
4.0625 0 0
4.0875 0 0
4.1125 0 0
4.1375 0 0
4.1625 0 0
4.1875 0 0
4.2125 0 0
4.2375 0 0
4.2625 0 0
4.2875 0 0
4.3125 0 0
4.3375 0 0
4.3625 0 0
4.3875 0 0
4.4125 0 0
4.4375 0 0
4.4625 0 0
4.4875 0 0
4.5125 0 0
4.5375 0 0
4.5625 0 0
4.5875 0 0
4.6125 0 0
4.6375 0 0
4.6625 0 0
4.6875 0 0
4.7125 0 0
4.7375 0 0
4.7625 0 0
4.7875 0 0
4.8125 0 0
4.8375 0 0
4.8625 0 0
4.8875 0 0
4.9125 0 0
4.9375 0 0
4.9625 0 0
4.9875 0 0
