0 0
0 0
0 0
0 0
0 0
0 0
0 0
0 0
0 0
0 0
0 0
0 0
0 0
0 0
0 0
0 0
0 0
0 0
0 0
0 0
0 0
0 0
0 0
0 0
0 0
0 0
0 0
0 0
0 0
0 0
0 0
0 0
0 0
0 0
0 0
0.00116493 0.000484925
0.00876173 0.00151422
0.076157 0.00313722
0.364 0.00516124
1.0121 0.0156441
1.86761 0.0249986
2.61871 0.0275924
2.99482 0.0230744
3.02007 0.0160377
2.85774 0.019824
2.57517 0.0202148
2.24176 0.0255905
1.92763 0.0242424
1.66124 0.0271875
1.43357 0.0240208
1.24193 0.0218678
1.07503 0.0121661
0.935572 0.0103704
0.819892 0.00878911
0.727205 0.00913429
0.661472 0.0107306
0.616337 0.0106496
0.581055 0.0101425
0.561797 0.00880851
0.541755 0.00832048
0.560817 0.00632875
0.56948 0.00599241
0.580911 0.00727264
0.607421 0.00837862
0.609003 0.00571037
0.628836 0.00699986
0.6496 0.00757694
0.688225 0.00951634
0.727101 0.00823638
0.752913 0.00961972
0.801817 0.0115916
0.857015 0.012156
0.921604 0.0128624
0.988505 0.0109583
1.06454 0.00761282
1.13272 0.0079499
1.19451 0.0104651
1.24781 0.0128021
1.28862 0.0133997
1.3146 0.0141216
1.33127 0.0141488
1.34661 0.0160029
1.34118 0.0133337
1.31459 0.0103546
1.27687 0.00888928
1.24229 0.00652516
1.19162 0.00857427
1.14545 0.00887645
1.10541 0.00907057
1.05247 0.00932943
1.00177 0.00950171
0.966116 0.00863162
0.934278 0.0070383
0.89788 0.00675594
0.874939 0.00707234
0.860698 0.00498609
0.860063 0.00555748
0.847006 0.00569235
0.853921 0.00870033
0.8475 0.0063645
