26.8027
25.7345
24.5553
21.0755
20.5997
20.1966
19.8638
19.0729118.2023118.2021118.3051118.2115117.7214117.4714117.0114.17.0913.16.8513.16.571316.4371316.06013.3479
13.3479
13.1394
13.1251
12.8883
12.8172
12.5339
12.5339
12.4745
12.2131
12.2131
12.2131
12.2131
12.1181
12.1181
12.0618
11.8307
11.8307
11.8307
12.0513.0404
13.0404
13.0404
13.0404
13.0404
13.0404
13.0404
13.0083
12.9918
12.9701
12.9689
12.9701
12.936
12.936
12.936
12.936
12.936
12.936
12.936
12.936
12.903
12.903
12.903
12.8997
12.8997
12.4828
12.4828
12.4828
12.4828
12.4828
12.4828
12.4554
12.4554
12.4554
12.4269
12.4269
12.4269
12.4269
12.4269
12.3195
12.4269
12.3356
12.3195
12.3195
12.1575
12.1575
12.1575
11.9231
11.9231
11.9231
11.9109
11.4087
11.4087
11.4087
11.4087
11.4087
11.4087
11.4087
11.4087
11.4087
.9913
10.9913
