25.7871
24.2989
22.5848
21.9198
20.6579
20.1676
19.3477
18.3505
18.3505
17.9853
17.6524
16.9442
16.0327
15.5613
15.1815
14.0481
14.0481
14.0427
14.0481
14.0481
13.1392
13.1392
12.4803
12.1513
12.1513
12.1349
11.9062
11.9062
11.7793
11.7793
11.7057
11.6501
11.6474
11.6474
11.1673
11.1673
11.1673
11.1673
10.8364
11.1673
11.117
11.117
11.117
10.9041
10.4517
10.4517
10.4517
10.4517
10.4517
10.3389
10.3389
10.2708
10.2594
10.2594
10.2594
10.2485
10.2485
10.2485
10.2485
10.2485
10.2485
10.2485
10.2485
10.2485
10.2485
10.2485
10.2485
10.2485
10.2485
10.2485
10.2485
10.2485
10.2485
10.2485
10.2485
10.2485
10.2485
10.2485
10.2485
10.2485
10.2485
10.2485
10.2485
10.2485
10.2485
10.2485
10.2485
10.2485
10.2485
10.2031
10.2031
10.2031
10.2031
10.2031
10.2031
10.2031
10.2031
10.2031
10.1934
10.1934
