25.7871
24.2989
22.5848
21.9198
20.6579
20.1676
19.3477
18.3505
18.3505
17.9853
17.6524
16.9442
16.0327
15.5613
15.1815
14.0481
14.0481
14.0427
14.0481
14.0481
13.1392
13.1392
12.9929
12.4803
12.4803
12.2516
12.2516
12.1073
11.8787
11.8787
11.7553
11.6997
11.7478
11.6505
11.6505
11.6505
11.5202
11.513
11.3974
11.463
10.8694
10.0846
9.70818
9.70596
9.70047
9.70047
9.70047
9.70047
9.70047
9.70047
9.70047
9.70047
9.70047
9.53374
9.53374
9.44542
9.44542
9.44542
9.44542
9.44542
9.44542
9.44542
9.44542
9.39889
9.39889
9.39889
9.39889
9.39889
9.39889
9.39889
9.39889
9.39889
9.39889
9.39889
9.39889
9.39889
9.39889
9.39889
9.39889
9.39889
9.39889
9.39889
9.39889
9.39889
9.39889
9.39889
9.39889
9.39889
9.39889
9.39889
9.39889
9.39889
9.39889
9.39889
9.39889
9.39889
9.39889
9.39889
9.39889
9.39889
