29.9575
27.3989
26.549
25.1895
24.0044
22.8128
21.7681
20.5538
19.4782
18.7385
18.1337
17.8681
17.9794
16.8601
15.8274
15.2883
15.3034
15.0941
15.2561
14.0481
14.0401
14.5535
14.0169
13.1471
12.587
12.4791
12.4665
12.3236
12.2484
12.2294
12.0296
11.8362
12.5012
11.7472
11.7466
11.7308
11.6498
12.0325
11.6688
11.5127
11.4991
11.0568
10.0842
9.71196
9.70814
9.70807
9.70799
10.0269
10.0262
10.3762
9.70047
9.70047
9.70047
9.69964
9.69252
9.53021
9.494
9.44542
9.44542
9.44542
9.44542
9.44542
9.44542
9.44519
9.44379
9.40541
9.39889
9.39889
9.39889
9.39889
9.39889
9.39889
9.39889
9.39889
9.39889
9.39889
9.39889
9.39889
9.39889
9.39889
9.39889
9.39889
9.39889
9.39889
9.39889
9.39889
9.39889
9.39889
9.39889
9.39889
9.39889
9.39889
9.39889
9.39889
9.39889
9.39889
9.39889
9.39889
9.39889
9.39889
