           1   -0.958774   -0.958774           0
           2  -0.0510652    -0.50492    0.453854
           3    -0.61049    -0.54011    0.264385
           4   -0.445943   -0.516568    0.188425
           5    0.989104   -0.215434    0.334641
           6  -0.0665252   -0.190616    0.274358
           7   -0.399334   -0.220433    0.233784
           8   -0.550797   -0.261728    0.206631
           9   -0.298984   -0.265868    0.182279
          10   -0.704795    -0.30976     0.16884
          11   -0.338126   -0.312339    0.152743
          12    0.148213    -0.27396     0.14462
          13    0.308034   -0.229191    0.140362
          14   -0.396581   -0.241147    0.130499
          15   -0.202045   -0.238541    0.121516
          16   -0.452331   -0.251902    0.114451
          17    0.495408   -0.207943    0.116148
          18    0.343286   -0.177319    0.113707
          19    0.121053   -0.161615    0.108696
          20   -0.252555   -0.166162    0.103218
          21   -0.551424   -0.184508   0.0998797
          22   -0.384848   -0.193614   0.0956659
          23   -0.205087   -0.194113   0.0914133
          24  -0.0751273   -0.189156   0.0876619
          25  -0.0211832   -0.182437   0.0843503
          26   -0.143066   -0.180922   0.0810553
          27   -0.252058   -0.183557     0.07804
          28  -0.0244776   -0.177876   0.0754156
          29   0.0599148   -0.169676   0.0732291
          30  0.00141759   -0.163973   0.0709755
          31    0.115132   -0.154969   0.0692357
          32   0.0926117   -0.147233   0.0674822
          33   0.0463775   -0.141366   0.0656679
          34    0.237769   -0.130215   0.0646758
          35    0.243652   -0.119533   0.0637027
          36    0.186472   -0.111032   0.0624887
          37   0.0497409   -0.106687   0.0609315
          38    0.242473  -0.0974988   0.0600139
          39    0.239995  -0.0888451    0.059092
          40    0.265093  -0.0799967   0.0582714
          41    0.264515   -0.071594   0.0574502
          42    0.388549  -0.0606382   0.0571261
          43    0.542243  -0.0466177   0.0575168
          44   0.0984181  -0.0433214    0.056291
          45    0.253824  -0.0367182   0.0554206
          46    0.251121  -0.0304608   0.0545624
          47   0.0103459  -0.0295926    0.053396
          48  -0.0349696  -0.0297046   0.0522718
          49  -0.0935568  -0.0310077   0.0512105
          50  -0.0531266  -0.0314501   0.0501778
          51    0.143127   -0.028027   0.0493031
          52    0.117026  -0.0252375   0.0484261
          53    0.212329  -0.0207551   0.0477146
          54    0.221235  -0.0162738   0.0470366
          55    0.304293  -0.0104453   0.0465399
          56     0.29461 -0.00499793   0.0460248
          57     0.27601 -6.79585e-5   0.0454781
          58    0.188284  0.00317949    0.044805
          59    0.208645  0.00666195   0.0441765
          60    0.511618   0.0150779   0.0442418
          61    0.132391   0.0170011    0.043553
          62    0.180129   0.0196321   0.0429255
          63    0.185984   0.0222726   0.0423211
          64    0.180312    0.024742   0.0417277
          65    0.439726   0.0311264   0.0415738
          66    0.331264   0.0356739   0.0411909
          67    0.473752   0.0422124   0.0410949
          68    0.248005   0.0452388    0.040599
          69    0.329652   0.0493607   0.0402181
          70    0.430188   0.0548011    0.040011
          71    0.268068   0.0578049   0.0395576
          72    0.294799   0.0610964    0.039143
          73    0.242666   0.0635837   0.0386831
          74    0.279541    0.066502   0.0382682
          75    0.275502   0.0692887   0.0378572
          76    0.425303   0.0739731   0.0376484
          77    0.158296   0.0750682   0.0371723
          78    0.447692   0.0798454   0.0370024
          79    0.187427   0.0812072   0.0365563
          80    0.282691   0.0837258   0.0361842
          81    0.332398   0.0867958   0.0358664
          82    0.179776   0.0879297   0.0354444
          83    0.184397    0.089092   0.0350341
          84   0.0803245   0.0889876   0.0346146
          85    0.343823   0.0919856   0.0343361
          86    0.492315   0.0966406   0.0342523
          87    0.256902   0.0984827   0.0339064
          88    0.352179    0.101366   0.0336426
          89    0.273401    0.103299   0.0333186
          90    0.156556     0.10389   0.0329516
          91    0.222986    0.105199   0.0326138
          92    0.261681      0.1069   0.0323021
          93    0.297401    0.108948   0.0320185
          94    0.437507    0.112444   0.0318683
          95      0.4416    0.115908   0.0317209
          96    0.297242    0.117797   0.0314455
          97      0.2917     0.11959   0.0311712
          98     0.24227    0.120842   0.0308769
          99    0.190698    0.121548   0.0305715
         100    0.284457    0.123177   0.0303081
