           1    -5.81963    -5.81963           0
           2    -5.67965    -5.74964   0.0699885
           3    -5.78023    -5.75983   0.0416744
           4    -5.79192    -5.76786   0.0305404
           5    -5.71554    -5.75739    0.025867
           6    -5.77052    -5.75958   0.0212332
           7     -5.8007    -5.76545   0.0188825
           8     -5.7586     -5.7646   0.0163751
           9    -5.76393    -5.76452   0.0144417
          10    -5.80304    -5.76837   0.0134791
          11    -5.69285    -5.76151   0.0139927
          12    -5.62344       -5.75   0.0171911
          13     -5.6739    -5.74415   0.0168623
          14    -5.72511    -5.74279   0.0156705
          15    -5.71471    -5.74092   0.0147081
          16    -5.74723    -5.74131   0.0137639
          17    -5.54738     -5.7299   0.0172421
          18    -5.60023     -5.7227   0.0177808
          19    -5.64669     -5.7187   0.0172881
          20    -5.74685    -5.72011   0.0164612
          21    -5.75732    -5.72188   0.0157577
          22    -5.71342     -5.7215   0.0150293
          23      -5.677    -5.71956   0.0144907
          24    -5.66896    -5.71745   0.0140331
          25    -5.67427    -5.71572   0.0135704
          26    -5.64928    -5.71317   0.0132861
          27    -5.65718     -5.7111   0.0129517
          28       -5.61    -5.70749   0.0129923
          29    -5.63855    -5.70511   0.0127596
          30    -5.63589     -5.7028    0.012541
          31    -5.61388    -5.69993   0.0124643
          32     -5.6016    -5.69686   0.0124536
          33    -5.60839    -5.69418   0.0123645
          34    -5.59402    -5.69123   0.0123518
          35     -5.5913    -5.68838   0.0123289
          36    -5.60625     -5.6861   0.0121967
          37    -5.63711    -5.68477   0.0119362
          38    -5.59765    -5.68248   0.0118419
          39     -5.6054     -5.6805   0.0117024
          40    -5.58921    -5.67822   0.0116322
          41    -5.60148    -5.67635   0.0114983
          42    -5.58865    -5.67426   0.0114138
          43    -5.56018    -5.67161   0.0114566
          44    -5.61005    -5.67021   0.0112803
          45    -5.60953    -5.66886   0.0111089
          46    -5.60343    -5.66744   0.0109575
          47    -5.62939    -5.66663   0.0107523
          48    -5.62035    -5.66566     0.01057
          49    -5.63006    -5.66494   0.0103775
          50    -5.64132    -5.66447   0.0101788
          51    -5.59618    -5.66313   0.0100666
          52    -5.60611    -5.66203  0.00993188
          53    -5.58618     -5.6606  0.00984725
          54    -5.59824    -5.65944  0.00973192
          55    -5.59181    -5.65821  0.00963217
          56    -5.57994    -5.65682  0.00956132
          57    -5.61429    -5.65607  0.00942166
          58    -5.62241    -5.65549  0.00927597
          59    -5.63968    -5.65522  0.00912133
          60    -5.58703    -5.65409  0.00903975
          61    -5.59802    -5.65317  0.00893772
          62    -5.58949    -5.65214  0.00885216
          63    -5.59948     -5.6513  0.00875053
          64    -5.62848    -5.65095  0.00862009
          65    -5.60946    -5.65031  0.00851041
          66    -5.59287    -5.64944  0.00842553
          67    -5.57541    -5.64833  0.00837205
          68    -5.58441    -5.64739   0.0083014
          69    -5.57795    -5.64639  0.00824189
          70     -5.5691    -5.64528  0.00819799
          71    -5.61249    -5.64482  0.00809489
          72    -5.60749     -5.6443  0.00799849
          73    -5.60528    -5.64377  0.00790626
          74    -5.60623    -5.64326  0.00781516
          75    -5.60463    -5.64275  0.00772745
          76    -5.59796    -5.64216  0.00764783
          77    -5.60324    -5.64165  0.00756475
          78     -5.5925    -5.64102  0.00749367
          79    -5.59947    -5.64049  0.00741688
          80    -5.56729    -5.63958  0.00738053
          81    -5.56765    -5.63869  0.00734274
          82    -5.62088    -5.63847  0.00725589
          83    -5.62368     -5.6383  0.00717015
          84    -5.62916    -5.63819  0.00708512
          85    -5.58616    -5.63758  0.00702797
          86    -5.58313    -5.63694  0.00697456
          87    -5.63003    -5.63686  0.00689439
          88     -5.5908    -5.63634  0.00683566
          89    -5.58398    -5.63575  0.00678398
          90    -5.59767    -5.63533  0.00672151
          91    -5.56652    -5.63457  0.00669011
          92    -5.59279    -5.63412  0.00663256
          93    -5.59714    -5.63372  0.00657289
          94    -5.58224    -5.63317  0.00652561
          95    -5.60558    -5.63288  0.00646308
          96    -5.58434    -5.63238  0.00641536
          97    -5.59467    -5.63199  0.00636076
          98    -5.57581    -5.63141  0.00632157
          99    -5.60989     -5.6312  0.00626116
         100    -5.61024    -5.63099  0.00620178
