29.0533
25.6963
22.0097
20.0388
18.7399
17.3561
16.6731
15.8049
15.0828
14.5101
13.5275
13.0778
12.297
12.1218
11.8705
11.4142
10.9275
10.5286
9.9637
9.93835
9.56687
9.21152
9.21152
8.92353
8.54858
8.4727
8.38554
8.32115
8.19558
8.18269
8.15728
8.15728
7.94083
7.94083
7.84704
7.84704
7.84704
7.84704
7.84704
7.84704
7.84704
7.84704
7.83946
7.83946
7.83946
7.83946
7.83946
7.54784
7.54784
7.54784
7.54784
7.54784
7.54784
7.54784
7.54784
7.54784
7.54784
7.54784
7.54784
7.54784
7.54784
7.54784
7.54784
7.54784
7.54784
7.54784
7.54784
7.54784
7.54784
7.54784
7.54784
7.54784
7.54784
7.54784
7.54784
7.54784
7.54784
7.54784
7.54784
7.54784
7.54784
7.54784
7.54784
7.54784
7.54784
7.54784
7.54784
7.54784
7.54784
7.54784
7.54784
7.54784
7.54784
7.54784
7.54784
7.54784
7.54784
7.54784
7.54784
7.54784
7.54784
7.54784
7.54784
7.54784
7.54784
7.54784
7.54784
7.54784
7.54784
7.54784
7.54784
7.54784
7.54784
7.54784
7.54784
7.54784
7.54784
7.54784
7.54784
7.54784
7.54784
7.54784
7.54784
7.54784
7.54784
7.54784
7.54784
7.54784
7.54784
7.54784
7.54784
7.54784
7.54784
7.54784
