-4.9875 0 0
-4.9625 0 0
-4.9375 0 0
-4.9125 0 0
-4.8875 0 0
-4.8625 0 0
-4.8375 0 0
-4.8125 0 0
-4.7875 0 0
-4.7625 0 0
-4.7375 0 0
-4.7125 0 0
-4.6875 0 0
-4.6625 0 0
-4.6375 0 0
-4.6125 0 0
-4.5875 0 0
-4.5625 0 0
-4.5375 0 0
-4.5125 0 0
-4.4875 0 0
-4.4625 0 0
-4.4375 0 0
-4.4125 0 0
-4.3875 0 0
-4.3625 0 0
-4.3375 0 0
-4.3125 0 0
-4.2875 0 0
-4.2625 0 0
-4.2375 0 0
-4.2125 0 0
-4.1875 0 0
-4.1625 0 0
-4.1375 0 0
-4.1125 0 0
-4.0875 0 0
-4.0625 0 0
-4.0375 0 0
-4.0125 0 0
-3.9875 0 0
-3.9625 0 0
-3.9375 0 0
-3.9125 0 0
-3.8875 0 0
-3.8625 0 0
-3.8375 0 0
-3.8125 0 0
-3.7875 0 0
-3.7625 0 0
-3.7375 0 0
-3.7125 0 0
-3.6875 0 0
-3.6625 0 0
-3.6375 0 0
-3.6125 0 0
-3.5875 0 0
-3.5625 0 0
-3.5375 0 0
-3.5125 0 0
-3.4875 0 0
-3.4625 0 0
-3.4375 0 0
-3.4125 0 0
-3.3875 0 0
-3.3625 0 0
-3.3375 0 0
-3.3125 0 0
-3.2875 0 0
-3.2625 0 0
-3.2375 0 0
-3.2125 0 0
-3.1875 0 0
-3.1625 0 0
-3.1375 0 0
-3.1125 0 0
-3.0875 0 0
-3.0625 0 0
-3.0375 0 0
-3.0125 0 0
-2.9875 0 0
-2.9625 0 0
-2.9375 0 0
-2.9125 0 0
-2.8875 0 0
-2.8625 0 0
-2.8375 0 0
-2.8125 0 0
-2.7875 0 0
-2.7625 0 0
-2.7375 0 0
-2.7125 0 0
-2.6875 0 0
-2.6625 0 0
-2.6375 0 0
-2.6125 0 0
-2.5875 0 0
-2.5625 0 0
-2.5375 0 0
-2.5125 8.19672e-06 7.98918e-06
-2.4875 2.45902e-05 1.30891e-05
-2.4625 8.19672e-06 7.98918e-06
-2.4375 2.45902e-05 1.74842e-05
-2.4125 4.09836e-05 1.9655e-05
-2.3875 6.55738e-05 2.43154e-05
-2.3625 0.000106557 4.37969e-05
-2.3375 0.000147541 3.99879e-05
-2.3125 0.000278689 5.57136e-05
-2.2875 0.000237705 5.24526e-05
-2.2625 0.000442623 9.49547e-05
-2.2375 0.000581967 8.78809e-05
-2.2125 0.000598361 8.21923e-05
-2.1875 0.000959016 0.000105782
-2.1625 0.00109016 0.000104504
-2.1375 0.00156557 0.000102688
-2.1125 0.00191803 0.000110032
-2.0875 0.00282787 0.000232959
-2.0625 0.00337705 0.000183064
-2.0375 0.00395082 0.000219911
-2.0125 0.00535246 0.000257715
-1.9875 0.0059918 0.000284528
-1.9625 0.00772951 0.000328948
-1.9375 0.00962295 0.000358619
-1.9125 0.0120902 0.000493831
-1.8875 0.0154836 0.000550399
-1.8625 0.0176475 0.000665428
-1.8375 0.0206639 0.000679634
-1.8125 0.024623 0.000743113
-1.7875 0.0292541 0.000929269
-1.7625 0.0334016 0.00107742
-1.7375 0.0392951 0.00108817
-1.7125 0.0455738 0.00093572
-1.6875 0.0504344 0.00120964
-1.6625 0.0599262 0.0014014
-1.6375 0.0666967 0.00126507
-1.6125 0.0753689 0.0014927
-1.5875 0.0853607 0.00195701
-1.5625 0.0971967 0.00215188
-1.5375 0.105877 0.0019808
-1.5125 0.118434 0.00228603
-1.4875 0.131246 0.00240203
-1.4625 0.144303 0.00282721
-1.4375 0.157016 0.00279607
-1.4125 0.166008 0.0026822
-1.3875 0.182344 0.00243982
-1.3625 0.196779 0.00294392
-1.3375 0.208689 0.00357195
-1.3125 0.224156 0.00320426
-1.2875 0.233762 0.00345253
-1.2625 0.25432 0.00375641
-1.2375 0.265713 0.00321358
-1.2125 0.277623 0.00388391
-1.1875 0.292016 0.00395259
-1.1625 0.30273 0.00374577
-1.1375 0.315287 0.00455575
-1.1125 0.326443 0.00439191
-1.0875 0.33809 0.00416066
-1.0625 0.344541 0.00477767
-1.0375 0.354951 0.00378581
-1.0125 0.364574 0.00463125
-0.9875 0.368943 0.00404308
-0.9625 0.379254 0.00508311
-0.9375 0.383451 0.00457074
-0.9125 0.386852 0.00477752
-0.8875 0.388443 0.00407605
-0.8625 0.391615 0.00412199
-0.8375 0.396393 0.00485156
-0.8125 0.394098 0.00437636
-0.7875 0.394123 0.00434839
-0.7625 0.391533 0.00447306
-0.7375 0.38923 0.00372364
-0.7125 0.389672 0.00307843
-0.6875 0.387984 0.00341873
-0.6625 0.382639 0.00313931
-0.6375 0.381943 0.00327266
-0.6125 0.371418 0.0030263
-0.5875 0.370943 0.00328329
-0.5625 0.368213 0.00359521
-0.5375 0.36382 0.00305913
-0.5125 0.356426 0.00328116
-0.4875 0.355434 0.00369692
-0.4625 0.349197 0.00325928
-0.4375 0.346861 0.00271754
-0.4125 0.343238 0.00274806
-0.3875 0.338115 0.00271242
-0.3625 0.333082 0.00304597
-0.3375 0.327295 0.00217933
-0.3125 0.324811 0.0031847
-0.2875 0.319393 0.00250423
-0.2625 0.31577 0.0024789
-0.2375 0.312992 0.0017554
-0.2125 0.310967 0.00181334
-0.1875 0.30418 0.00181448
-0.1625 0.306566 0.00220839
-0.1375 0.301787 0.00187262
-0.1125 0.30323 0.00188297
-0.0875 0.298475 0.00201256
-0.0625 0.299648 0.00218913
-0.0375 0.294451 0.0023941
-0.0125 0.298844 0.00166809
0.0125 0.300779 0.00270889
0.0375 0.300803 0.00290941
0.0625 0.298672 0.00262341
0.0875 0.301303 0.00208563
0.1125 0.303246 0.00241948
0.1375 0.304738 0.00154451
0.1625 0.311107 0.00210325
0.1875 0.309828 0.00298263
0.2125 0.309943 0.00237717
0.2375 0.316787 0.00281711
0.2625 0.319279 0.00272352
0.2875 0.323074 0.00248243
0.3125 0.323385 0.00311754
0.3375 0.333566 0.00310972
0.3625 0.335336 0.00370659
0.3875 0.33977 0.00323826
0.4125 0.341303 0.00366989
0.4375 0.350115 0.00356044
0.4625 0.351877 0.00331708
0.4875 0.354016 0.00330803
0.5125 0.358008 0.00366375
0.5375 0.364893 0.00414289
0.5625 0.365623 0.00407304
0.5875 0.375369 0.00405574
0.6125 0.378656 0.0040697
0.6375 0.378434 0.00312155
0.6625 0.382238 0.00366602
0.6875 0.381738 0.00426693
0.7125 0.383443 0.00341887
0.7375 0.38891 0.00351601
0.7625 0.391057 0.00396959
0.7875 0.391205 0.00364643
0.8125 0.388115 0.0043679
0.8375 0.385131 0.00354698
0.8625 0.38623 0.00433169
0.8875 0.38373 0.00442191
0.9125 0.378139 0.00427239
0.9375 0.373033 0.0039704
0.9625 0.367082 0.00352113
0.9875 0.363426 0.00313477
1.0125 0.35582 0.00472358
1.0375 0.350066 0.00330193
1.0625 0.342574 0.00309871
1.0875 0.330574 0.00388449
1.1125 0.319615 0.00298395
1.1375 0.311311 0.00347204
1.1625 0.297648 0.0033125
1.1875 0.285049 0.00340715
1.2125 0.271582 0.00317955
1.2375 0.262254 0.00291563
1.2625 0.246402 0.00302992
1.2875 0.233721 0.0033163
1.3125 0.225541 0.00267046
1.3375 0.207934 0.00295183
1.3625 0.194287 0.0030227
1.3875 0.181459 0.00245261
1.4125 0.166648 0.00199971
1.4375 0.155631 0.00186227
1.4625 0.14241 0.0020265
1.4875 0.130508 0.00145486
1.5125 0.118598 0.00153804
1.5375 0.106639 0.00148867
1.5625 0.0955574 0.00141957
1.5875 0.0861148 0.00130871
1.6125 0.0773607 0.00150096
1.6375 0.0674426 0.00142247
1.6625 0.0590574 0.00101797
1.6875 0.0514672 0.000732172
1.7125 0.0469754 0.00116298
1.7375 0.040123 0.000841343
1.7625 0.0339016 0.000770021
1.7875 0.0291885 0.000842906
1.8125 0.024959 0.000721114
1.8375 0.0199836 0.00068949
1.8625 0.0169754 0.000707437
1.8875 0.0148934 0.000499163
1.9125 0.0116885 0.000349511
1.9375 0.00992623 0.000424092
1.9625 0.0082623 0.00028733
1.9875 0.00660656 0.000350279
2.0125 0.00495902 0.000274774
2.0375 0.00412295 0.00024543
2.0625 0.00305738 0.000191275
2.0875 0.00248361 0.000146295
2.1125 0.00210656 0.000108912
2.1375 0.00138525 0.000131391
2.1625 0.00118852 9.96332e-05
2.1875 0.000901639 9.59402e-05
2.2125 0.000713115 0.000100573
2.2375 0.000786885 0.000153609
2.2625 0.000368852 5.78145e-05
2.2875 0.000434426 7.17155e-05
2.3125 0.000204918 4.61862e-05
2.3375 0.000163934 4.77947e-05
2.3625 0.000139344 5.08923e-05
2.3875 0.000147541 4.62225e-05
2.4125 9.83607e-05 2.69372e-05
2.4375 9.01639e-05 3.75174e-05
2.4625 5.7377e-05 2.09778e-05
2.4875 4.91803e-05 2.34718e-05
2.5125 6.55738e-05 2.93255e-05
2.5375 5.7377e-05 2.90377e-05
2.5625 8.19672e-06 7.98918e-06
2.5875 8.19672e-06 7.98918e-06
2.6125 1.63934e-05 1.59784e-05
2.6375 1.63934e-05 1.59784e-05
2.6625 0 0
2.6875 2.45902e-05 2.39675e-05
2.7125 0 0
2.7375 0 0
2.7625 0 0
2.7875 8.19672e-06 7.98918e-06
2.8125 0 0
2.8375 0 0
2.8625 0 0
2.8875 0 0
2.9125 0 0
2.9375 0 0
2.9625 0 0
2.9875 0 0
3.0125 0 0
3.0375 0 0
3.0625 0 0
3.0875 0 0
3.1125 0 0
3.1375 0 0
3.1625 0 0
3.1875 0 0
3.2125 0 0
3.2375 0 0
3.2625 0 0
3.2875 0 0
3.3125 0 0
3.3375 0 0
3.3625 0 0
3.3875 0 0
3.4125 0 0
3.4375 0 0
3.4625 0 0
3.4875 0 0
3.5125 0 0
3.5375 0 0
3.5625 0 0
3.5875 0 0
3.6125 0 0
3.6375 0 0
3.6625 0 0
3.6875 0 0
3.7125 0 0
3.7375 0 0
3.7625 0 0
3.7875 0 0
3.8125 0 0
3.8375 0 0
3.8625 0 0
3.8875 0 0
3.9125 0 0
3.9375 0 0
3.9625 0 0
3.9875 0 0
4.0125 0 0
4.0375 0 0
4.0625 0 0
4.0875 0 0
4.1125 0 0
4.1375 0 0
4.1625 0 0
4.1875 0 0
4.2125 0 0
4.2375 0 0
4.2625 0 0
4.2875 0 0
4.3125 0 0
4.3375 0 0
4.3625 0 0
4.3875 0 0
4.4125 0 0
4.4375 0 0
4.4625 0 0
4.4875 0 0
4.5125 0 0
4.5375 0 0
4.5625 0 0
4.5875 0 0
4.6125 0 0
4.6375 0 0
4.6625 0 0
4.6875 0 0
4.7125 0 0
4.7375 0 0
4.7625 0 0
4.7875 0 0
4.8125 0 0
4.8375 0 0
4.8625 0 0
4.8875 0 0
4.9125 0 0
4.9375 0 0
4.9625 0 0
4.9875 0 0
