-4.9875 0 0
-4.9625 0 0
-4.9375 0 0
-4.9125 0 0
-4.8875 0 0
-4.8625 0 0
-4.8375 0 0
-4.8125 0 0
-4.7875 0 0
-4.7625 0 0
-4.7375 0 0
-4.7125 0 0
-4.6875 0 0
-4.6625 0 0
-4.6375 0 0
-4.6125 0 0
-4.5875 0 0
-4.5625 0 0
-4.5375 0 0
-4.5125 0 0
-4.4875 0 0
-4.4625 0 0
-4.4375 0 0
-4.4125 0 0
-4.3875 0 0
-4.3625 0 0
-4.3375 0 0
-4.3125 0 0
-4.2875 0 0
-4.2625 0 0
-4.2375 0 0
-4.2125 0 0
-4.1875 0 0
-4.1625 0 0
-4.1375 0 0
-4.1125 0 0
-4.0875 0 0
-4.0625 0 0
-4.0375 0 0
-4.0125 0 0
-3.9875 0 0
-3.9625 0 0
-3.9375 0 0
-3.9125 0 0
-3.8875 0 0
-3.8625 0 0
-3.8375 0 0
-3.8125 0 0
-3.7875 0 0
-3.7625 0 0
-3.7375 0 0
-3.7125 0 0
-3.6875 0 0
-3.6625 0 0
-3.6375 0 0
-3.6125 0 0
-3.5875 0 0
-3.5625 0 0
-3.5375 0 0
-3.5125 0 0
-3.4875 0 0
-3.4625 0 0
-3.4375 0 0
-3.4125 0 0
-3.3875 0 0
-3.3625 0 0
-3.3375 0 0
-3.3125 0 0
-3.2875 0 0
-3.2625 0 0
-3.2375 0 0
-3.2125 0 0
-3.1875 0 0
-3.1625 0 0
-3.1375 0 0
-3.1125 0 0
-3.0875 0 0
-3.0625 0 0
-3.0375 0 0
-3.0125 0 0
-2.9875 0 0
-2.9625 0 0
-2.9375 0 0
-2.9125 0 0
-2.8875 0 0
-2.8625 0 0
-2.8375 0 0
-2.8125 0 0
-2.7875 0 0
-2.7625 0 0
-2.7375 0 0
-2.7125 0 0
-2.6875 0 0
-2.6625 0 0
-2.6375 0 0
-2.6125 0 0
-2.5875 0 0
-2.5625 0 0
-2.5375 8.19672e-06 7.98918e-06
-2.5125 0 0
-2.4875 0 0
-2.4625 1.63934e-05 1.09971e-05
-2.4375 1.63934e-05 1.09971e-05
-2.4125 3.27869e-05 1.86914e-05
-2.3875 8.19672e-05 2.71854e-05
-2.3625 9.01639e-05 4.56006e-05
-2.3375 0.000163934 4.91803e-05
-2.3125 0.000311475 9.89735e-05
-2.2875 0.000385246 0.000109527
-2.2625 0.0005 0.000124025
-2.2375 0.000532787 0.000138559
-2.2125 0.000844262 0.0002002
-2.1875 0.00107377 0.000175599
-2.1625 0.00136066 0.000189094
-2.1375 0.00187705 0.000213264
-2.1125 0.00210656 0.000252713
-2.0875 0.00260656 0.000230647
-2.0625 0.00318033 0.00031923
-2.0375 0.00408197 0.000387749
-2.0125 0.005 0.000392331
-1.9875 0.0067541 0.000602066
-1.9625 0.00854098 0.000587757
-1.9375 0.00992623 0.000522084
-1.9125 0.011541 0.000684257
-1.8875 0.0140984 0.000819262
-1.8625 0.0173115 0.000888004
-1.8375 0.0198934 0.00110848
-1.8125 0.0243443 0.00109906
-1.7875 0.0276066 0.00104664
-1.7625 0.032377 0.00132511
-1.7375 0.0384344 0.00137316
-1.7125 0.0446557 0.00180999
-1.6875 0.051582 0.00168487
-1.6625 0.0583279 0.00166176
-1.6375 0.066623 0.0022779
-1.6125 0.0756148 0.00256464
-1.5875 0.0836066 0.00272136
-1.5625 0.0953279 0.00342377
-1.5375 0.104262 0.00349974
-1.5125 0.114 0.00345444
-1.4875 0.127959 0.00350161
-1.4625 0.137221 0.00369134
-1.4375 0.150951 0.00337513
-1.4125 0.163213 0.00374102
-1.3875 0.174656 0.00388408
-1.3625 0.189189 0.00366502
-1.3375 0.201959 0.00383031
-1.3125 0.216648 0.00370409
-1.2875 0.230549 0.00397552
-1.2625 0.246115 0.00321949
-1.2375 0.257779 0.00379264
-1.2125 0.268746 0.0038048
-1.1875 0.284066 0.00339799
-1.1625 0.298311 0.00392674
-1.1375 0.311066 0.00476029
-1.1125 0.32182 0.00430252
-1.0875 0.328516 0.00459101
-1.0625 0.341402 0.00550258
-1.0375 0.350475 0.00473257
-1.0125 0.358098 0.00495102
-0.9875 0.364828 0.0052893
-0.9625 0.370648 0.00605681
-0.9375 0.37373 0.00514089
-0.9125 0.380238 0.00584699
-0.8875 0.384098 0.00622033
-0.8625 0.388508 0.00566706
-0.8375 0.39159 0.00578287
-0.8125 0.391656 0.00536828
-0.7875 0.390992 0.00569361
-0.7625 0.38618 0.00490693
-0.7375 0.387279 0.00482148
-0.7125 0.387975 0.0043354
-0.6875 0.384787 0.00462332
-0.6625 0.380869 0.0038663
-0.6375 0.381918 0.00353806
-0.6125 0.376492 0.00386744
-0.5875 0.375008 0.00382174
-0.5625 0.375221 0.00415821
-0.5375 0.368787 0.00293121
-0.5125 0.365336 0.00366824
-0.4875 0.365656 0.00290195
-0.4625 0.359246 0.00396088
-0.4375 0.358033 0.00386821
-0.4125 0.351975 0.00426449
-0.3875 0.350549 0.00384074
-0.3625 0.342148 0.0044609
-0.3375 0.340574 0.00383609
-0.3125 0.334352 0.00435196
-0.2875 0.332238 0.00317092
-0.2625 0.331033 0.00309678
-0.2375 0.325803 0.00428463
-0.2125 0.319779 0.00289462
-0.1875 0.316205 0.0032848
-0.1625 0.312615 0.00251786
-0.1375 0.309844 0.00270783
-0.1125 0.306516 0.00235327
-0.0875 0.306467 0.00291505
-0.0625 0.306393 0.00298023
-0.0375 0.306254 0.00244521
-0.0125 0.304393 0.00262642
0.0125 0.306721 0.00304086
0.0375 0.30691 0.00275508
0.0625 0.307664 0.0030417
0.0875 0.311287 0.0028046
0.1125 0.313082 0.00289748
0.1375 0.314107 0.00322975
0.1625 0.316951 0.00357821
0.1875 0.319426 0.00362289
0.2125 0.32527 0.00392107
0.2375 0.32609 0.00368142
0.2625 0.329566 0.00319877
0.2875 0.330303 0.00317995
0.3125 0.33091 0.00247954
0.3375 0.338779 0.00365111
0.3625 0.338238 0.00364668
0.3875 0.34491 0.00365575
0.4125 0.344148 0.00316464
0.4375 0.349754 0.00436659
0.4625 0.357082 0.00359588
0.4875 0.360164 0.00400943
0.5125 0.364197 0.00490532
0.5375 0.364525 0.00420869
0.5625 0.369803 0.00437214
0.5875 0.369443 0.00496439
0.6125 0.376639 0.00469068
0.6375 0.384926 0.0044444
0.6625 0.381664 0.00516511
0.6875 0.387328 0.00504462
0.7125 0.389115 0.004854
0.7375 0.392754 0.00487053
0.7625 0.389631 0.00451266
0.7875 0.391295 0.00523936
0.8125 0.388861 0.00579819
0.8375 0.385697 0.00540575
0.8625 0.383385 0.0055418
0.8875 0.37668 0.00561969
0.9125 0.376582 0.00610239
0.9375 0.372803 0.00557707
0.9625 0.370287 0.00598751
0.9875 0.36173 0.00604817
1.0125 0.354746 0.00603893
1.0375 0.34759 0.00514959
1.0625 0.339066 0.00663
1.0875 0.326123 0.00554798
1.1125 0.315664 0.00591828
1.1375 0.307475 0.00522559
1.1625 0.294762 0.00599634
1.1875 0.279779 0.00487233
1.2125 0.265852 0.00457813
1.2375 0.252254 0.00440369
1.2625 0.238664 0.00426383
1.2875 0.225287 0.00333873
1.3125 0.212943 0.00371375
1.3375 0.197762 0.00354971
1.3625 0.185975 0.00364754
1.3875 0.171951 0.0030496
1.4125 0.160303 0.00317953
1.4375 0.149533 0.00301002
1.4625 0.136795 0.00282347
1.4875 0.123828 0.00250788
1.5125 0.113443 0.00294126
1.5375 0.101336 0.00267073
1.5625 0.092582 0.00227461
1.5875 0.0823852 0.00234043
1.6125 0.0742705 0.00182452
1.6375 0.0630246 0.00142682
1.6625 0.0559754 0.00154875
1.6875 0.0476967 0.0010782
1.7125 0.041541 0.00107094
1.7375 0.037041 0.00100178
1.7625 0.0320164 0.00108377
1.7875 0.0262869 0.000953168
1.8125 0.0227623 0.000721244
1.8375 0.0183934 0.000883772
1.8625 0.0160246 0.000939079
1.8875 0.0132951 0.000787901
1.9125 0.0108033 0.000577261
1.9375 0.00890984 0.000635685
1.9625 0.00719672 0.000394278
1.9875 0.00604098 0.000432376
2.0125 0.00459836 0.000338451
2.0375 0.0034918 0.000362718
2.0625 0.00281967 0.000343989
2.0875 0.00218033 0.000251601
2.1125 0.00189344 0.00025646
2.1375 0.00135246 0.000227413
2.1625 0.000827869 0.000178257
2.1875 0.000647541 0.000140293
2.2125 0.000631148 0.000162814
2.2375 0.000344262 9.33851e-05
2.2625 0.000278689 7.15513e-05
2.2875 0.000221311 5.47097e-05
2.3125 0.000245902 6.80871e-05
2.3375 0.000163934 5.79596e-05
2.3625 7.37705e-05 2.94968e-05
2.3875 5.7377e-05 2.66236e-05
2.4125 1.63934e-05 1.09971e-05
2.4375 0 0
2.4625 8.19672e-06 7.98918e-06
2.4875 1.63934e-05 1.59784e-05
2.5125 0 0
2.5375 0 0
2.5625 0 0
2.5875 0 0
2.6125 0 0
2.6375 0 0
2.6625 0 0
2.6875 0 0
2.7125 0 0
2.7375 0 0
2.7625 0 0
2.7875 0 0
2.8125 0 0
2.8375 0 0
2.8625 0 0
2.8875 0 0
2.9125 0 0
2.9375 0 0
2.9625 0 0
2.9875 0 0
3.0125 0 0
3.0375 0 0
3.0625 0 0
3.0875 0 0
3.1125 0 0
3.1375 0 0
3.1625 0 0
3.1875 0 0
3.2125 0 0
3.2375 0 0
3.2625 0 0
3.2875 0 0
3.3125 0 0
3.3375 0 0
3.3625 0 0
3.3875 0 0
3.4125 0 0
3.4375 0 0
3.4625 0 0
3.4875 0 0
3.5125 0 0
3.5375 0 0
3.5625 0 0
3.5875 0 0
3.6125 0 0
3.6375 0 0
3.6625 0 0
3.6875 0 0
3.7125 0 0
3.7375 0 0
3.7625 0 0
3.7875 0 0
3.8125 0 0
3.8375 0 0
3.8625 0 0
3.8875 0 0
3.9125 0 0
3.9375 0 0
3.9625 0 0
3.9875 0 0
4.0125 0 0
4.0375 0 0
4.0625 0 0
4.0875 0 0
4.1125 0 0
4.1375 0 0
4.1625 0 0
4.1875 0 0
4.2125 0 0
4.2375 0 0
4.2625 0 0
4.2875 0 0
4.3125 0 0
4.3375 0 0
4.3625 0 0
4.3875 0 0
4.4125 0 0
4.4375 0 0
4.4625 0 0
4.4875 0 0
4.5125 0 0
4.5375 0 0
4.5625 0 0
4.5875 0 0
4.6125 0 0
4.6375 0 0
4.6625 0 0
4.6875 0 0
4.7125 0 0
4.7375 0 0
4.7625 0 0
4.7875 0 0
4.8125 0 0
4.8375 0 0
4.8625 0 0
4.8875 0 0
4.9125 0 0
4.9375 0 0
4.9625 0 0
4.9875 0 0
