43.5768
41.8407
39.8131
35.02
35.02
34.8242
32.0026
30.1241
30.1241
29.0799
28.7778
25.7069
22.9757
22.9757
20.844
20.844
20.736
20.1584
19.6446
18.8356
18.0091
17.916
17.308
15.2289
15.2289
15.2289
14.4969
14.4969
14.4969
14.3384
14.3384
14.3384
13.7844
14.3384
14.3384
14.3384
14.3384
13.8925
13.8925
11.3699
11.3699
13.1087
12.7812
12.7812
12.6052
12.6052
12.3541
11.9936
11.9936
11.9936
11.9936
11.9718
11.9718
11.9718
11.9718
11.9718
11.3151
11.3151
11.3151
11.5567
11.5567
11.5567
11.3151
11.3151
11.2969
11.3151
10.4157
10.5919
10.4157
10.4245
10.4245
10.4245
10.4245
10.4245
10.0844
9.40783
9.3896
9.00415
9.00415
9.00415
9.38081
8.96685
8.96685
8.96685
8.96685
8.96685
8.96685
8.96685
8.96685
8.85693
8.85693
8.85693
8.86082
8.3637
8.3637
8.3637
8.01461
8.01461
8.01461
8.01461
8.01461
7.83916
7.83916
7.83916
7.83916
7.83916
7.83916
7.83916
7.83916
7.83916
7.83916
7.83916
7.72663
7.39938
7.39938
7.39938
7.39938
7.38962
7.37674
7.37674
7.37674
7.36698
7.31759
6.34319
5.28536
5.27962
5.27239
5.11717
5.09222
5.0888
5.07925
5.0888
5.0888
5.0888
5.0888
5.0888
5.0888
5.0888
5.0888
5.0888
5.0888
5.0888
5.03003
5.03003
5.03003
4.98363
4.98363
4.98363
4.98363
4.98363
4.98363
4.98363
4.98363
4.98363
4.98363
4.98363
4.98363
4.98363
4.98363
4.98363
4.98363
4.98363
4.98363
4.98363
4.98363
4.98363
4.90376
4.90376
4.90376
4.68317
4.68317
4.68317
4.68317
4.23
4.23
4.23
4.23
4.23
4.23
4.23
4.23
4.23
4.23
4.23
4.23
4.23
4.23
4.23
4.23
4.23
4.23
4.23
4.23
3.44404
3.44404
3.44404
3.44404
3.44404
3.44404
3.44404
3.44404
3.44404
3.44404
3.44404
3.43987
3.43987
3.43987
3.28333
3.28333
3.28333
3.27345
3.27345
3.08175
3.08175
3.08175
3.08175
3.08175
3.06285
3.06285
3.06285
3.06285
3.06285
3.06285
3.06285
3.06285
3.06285
3.06285
3.06285
3.06285
3.06285
3.06285
3.06285
3.06285
3.06285
3.06285
3.06285
3.06285
2.41741
2.41741
2.41741
2.41741
2.41741
2.41741
2.41741
2.41741
2.41741
2.41741
2.41741
2.41741
2.41741
2.41741
2.41741
2.41741
2.41741
2.41741
2.41741
2.41741
2.41741
2.41741
2.41741
2.41741
2.41741
2.41741
2.41741
2.41741
2.41741
2.41741
2.41741
2.41741
2.41741
2.41741
2.41741
2.41741
2.41741
2.38652
2.38652
2.38652
2.38652
2.38652
2.38652
2.38652
2.38652
2.38652
2.38652
2.38652
2.38652
2.38652
2.38652
2.38652
2.38652
2.38652
2.38652
2.38652
2.38652
2.38652
2.38652
2.38652
2.38652
2.38652
2.38652
2.38652
2.38652
2.38652
2.38652
2.38652
2.38652
2.38652
2.38652
2.38652
2.38652
2.38652
2.38652
2.38652
2.38652
2.38652
2.38652
2.38652
2.38652
2.38652
2.38652
2.38652
2.38652
2.38652
2.38652
2.38652
2.38652
2.38652
2.38652
2.38652
2.38652
2.38652
2.38652
2.38652
2.38652
2.38652
2.38652
2.38652
2.38652
2.38652
2.38652
2.38652
2.38652
2.38652
2.38652
2.38652
2.38652
2.38652
2.38652
2.38652
2.38652
2.38652
2.38652
2.38652
2.38652
2.38652
2.38652
2.38652
2.38652
2.38652
2.38652
2.38652
2.19855
2.19855
2.19855
2.19855
2.19855
2.19855
2.19855
2.19855
2.19855
2.19855
2.19855
2.19855
2.19855
2.19855
2.19855
2.19855
2.19855
2.19855
2.19855
2.19855
2.19855
2.19855
2.19855
2.19855
2.19855
2.19855
2.19855
2.19855
2.19855
2.19855
2.19855
2.19855
2.19855
2.19855
2.19855
2.19855
2.19855
2.19855
2.19855
2.19855
2.19855
2.19855
2.19855
2.19855
2.19855
2.19855
2.19855
2.19855
2.19855
2.19855
2.19855
2.19855
2.19855
2.19855
2.19855
2.19855
2.19855
2.19855
2.19855
2.19855
2.19855
2.19855
2.19855
2.19855
2.19855
2.19855
2.19855
2.19855
2.19855
2.19855
2.19855
2.19855
2.19855
2.19855
2.19855
2.19855
2.19855
2.19855
2.19855
2.19855
2.19855
2.19855
2.19855
2.19855
2.19855
2.19855
2.19855
2.19855
2.19855
2.19855
2.19855
2.19855
2.19855
2.19855
2.19855
2.19855
2.19855
2.19855
2.19855
2.19855
2.19855
2.19855
2.19855
2.19855
2.19855
2.19855
2.19855
2.19855
2.19855
2.19855
2.19855
2.19855
2.19855
2.19855
2.19855
2.19855
2.19855
2.19855
2.19855
2.19855
2.19855
2.19855
2.19855
2.19855
2.19855
2.19855
2.19855
2.19855
2.19855
2.19855
2.19855
2.19855
2.19855
2.19855
2.19855
2.19855
2.19855
2.19855
2.19855
