49.872
48.7242
46.0169
44.2882
42.7275
38.9543
37.1318
36.5873
33.8206
32.1931
31.8791
29.4745
28.6173
27.1958
25.3192
22.9692
22.5164
21.7744
21.5029
20.5361
20.115
20.2871
18.1897
17.2606
16.4941
15.3655
15.2142
15.1977
15.194
14.9845
14.4609
14.3785
14.3273
14.3384
14.3384
14.3384
14.3384
14.3192
14.2613
13.9361
13.7049
13.3379
13.1178
13.0819
12.913
12.774
12.6606
12.4718
12.2372
11.9936
11.9936
11.9932
11.9923
13.3815
12.6344
12.1232
11.9608
11.9437
12.2435
11.9975
11.9838
11.9224
11.9695
11.4504
11.3148
11.3151
11.2972
11.2539
11.227
11.1693
11.5971
11.0236
10.6497
10.4245
10.4177
9.93224
9.40641
9.39566
9.40654
9.45465
9.38486
9.37253
9.33941
9.33941
9.29185
9.89389
10.2396
9.58814
9.05792
8.96465
8.96245
8.96065
9.00823
9.4214
8.41412
8.3637
8.35671
8.25651
8.01461
8.01461
8.01461
8.01111
8.00409
7.97213
7.88077
7.83916
7.83916
7.83916
7.83916
7.83916
7.83916
7.83916
7.83691
7.81461
7.76344
7.68736
7.62082
7.39918
7.39814
7.39509
7.38609
7.374
7.36911
7.34057
7.0242
5.9305
5.28349
5.27657
5.16708
5.10551
5.09507
5.09126
5.08962
5.0888
5.0888
5.0888
5.0888
5.0888
5.0888
5.0888
5.0888
5.0888
5.08763
5.08528
5.07612
5.05663
5.02354
4.99848
4.98363
4.98363
4.98363
4.98363
4.98363
4.98363
4.98363
4.98363
4.98363
4.98363
4.98363
4.98363
4.98363
4.98363
4.98363
4.98363
4.98363
4.98363
4.98203
4.98203
4.97245
4.92199
4.87729
4.77355
4.68317
4.6741
4.61972
4.38474
4.23
4.23
4.23
4.23
4.23
4.23
4.23
4.23
4.23
4.23
4.23
4.23
4.23
4.23
4.23
4.23
4.23
4.21428
4.16279
3.67193
3.44404
3.44404
3.44404
3.44404
3.44404
3.44404
3.44404
3.44404
3.44396
3.44388
3.44279
3.41814
3.35545
3.28333
3.28313
3.28294
3.24148
3.17992
3.08175
3.08175
3.08175
3.08137
3.07986
3.07646
3.06285
3.06285
3.06285
3.06285
3.06285
3.06285
3.06285
3.06285
3.06285
3.06285
3.06285
3.06285
3.06285
3.06285
3.06285
3.06285
3.06285
3.04994
2.99606
2.75368
2.41741
2.41741
2.41741
2.41741
2.41741
2.41741
2.41741
2.41741
2.41741
2.41741
2.41741
2.41741
2.41741
2.41741
2.41741
2.41741
2.41741
2.41741
2.41741
2.41741
2.41741
2.41741
2.41741
2.41741
2.41741
2.41741
2.41741
2.41741
2.41741
2.41741
2.41741
2.41741
2.41741
2.41741
2.41679
2.41617
2.4137
2.40258
2.38652
2.38652
2.38652
2.38652
2.38652
2.38652
2.38652
2.38652
2.38652
2.38652
2.38652
2.38652
2.38652
2.38652
2.38652
2.38652
2.38652
2.38652
2.38652
2.38652
2.38652
2.38652
2.38652
2.38652
2.38652
2.38652
2.38652
2.38652
2.38652
2.38652
2.38652
2.38652
2.38652
2.38652
2.38652
2.38652
2.38652
2.38652
2.38652
2.38652
2.38652
2.38652
2.38652
2.38652
2.38652
2.38652
2.38652
2.38652
2.38652
2.38652
2.38652
2.38652
2.38652
2.38652
2.38652
2.38652
2.38652
2.38652
2.38652
2.38652
2.38652
2.38652
2.38652
2.38652
2.38652
2.38652
2.38652
2.38652
2.38652
2.38652
2.38652
2.38652
2.38652
2.38652
2.38652
2.38652
2.38652
2.38652
2.38652
2.38652
2.38652
2.38652
2.38652
2.38276
2.36396
2.30006
2.19855
2.19855
2.19855
2.19855
2.19855
2.19855
2.19855
2.19855
2.19855
2.19855
2.19855
2.19855
2.19855
2.19855
2.19855
2.19855
2.19855
2.19855
2.19855
2.19855
2.19855
2.19855
2.19855
2.19855
2.19855
2.19855
2.19855
2.19855
2.19855
2.19855
2.19855
2.19855
2.19855
2.19855
2.19855
2.19855
2.19855
2.19855
2.19855
2.19855
2.19855
2.19855
2.19855
2.19855
2.19855
2.19855
2.19855
2.19855
2.19855
2.19855
2.19855
2.19855
2.19855
2.19855
2.19855
2.19855
2.19855
2.19855
2.19855
2.19855
2.19855
2.19855
2.19855
2.19855
2.19855
2.19855
2.19855
2.19855
2.19855
2.19855
2.19855
2.19855
2.19855
2.19855
2.19855
2.19855
2.19855
2.19855
2.19855
2.19855
2.19855
2.19855
2.19855
2.19855
2.19855
2.19855
2.19855
2.19855
2.19855
2.19855
2.19855
2.19855
2.19855
2.19855
2.19855
2.19855
2.19855
2.19855
2.19855
2.19855
2.19855
2.19855
2.19855
2.19855
2.19855
2.19855
2.19855
2.19855
2.19855
2.19855
2.19855
2.19855
2.19855
2.19855
2.19855
2.19855
2.19855
2.19855
2.19855
2.19855
2.19855
2.19855
2.19855
2.19855
2.19855
2.19855
2.19855
2.19855
2.19855
2.19855
2.19855
2.19855
2.19855
2.19855
2.19855
2.19855
