           1    0.119962    0.119962           0
           2    0.103489    0.111725  0.00823647
           3     0.18344     0.13563   0.0243733
           4   0.0978985    0.126197   0.0196471
           5    0.130503    0.127058   0.0152429
           6    0.120239    0.125922   0.0124976
           7   0.0987733    0.122044   0.0112519
           8    0.116985    0.121411  0.00976495
           9    0.118606      0.1211  0.00861752
          10    0.113301     0.12032  0.00774709
          11    0.151772    0.123179   0.0075684
          12    0.113562    0.122378   0.0069553
          13   0.0995527    0.120622  0.00663448
          14    0.122391    0.120748  0.00614364
          15    0.110118    0.120039  0.00576315
          16   0.0979123    0.118657   0.0055655
          17    0.113105     0.11833  0.00523806
          18    0.107705     0.11774  0.00497365
          19    0.109264    0.117294   0.0047257
          20    0.108776    0.116868  0.00450337
          21    0.121378    0.117083  0.00428894
          22   0.0944403    0.116053  0.00421687
          23    0.100405    0.115373   0.0040864
          24     0.11277    0.115265  0.00391393
          25    0.105312    0.114866  0.00377516
          26    0.111485    0.114736  0.00362939
          27    0.130362    0.115315     0.00354
          28   0.0978212     0.11469  0.00346798
          29    0.114727    0.114692  0.00334626
          30    0.109424    0.114516  0.00323755
          31    0.102364    0.114124  0.00315582
          32   0.0987679    0.113644  0.00309306
          33    0.101528    0.113277  0.00302026
          34   0.0948634    0.112735  0.00297972
          35   0.0943727    0.112211  0.00294051
          36    0.102951    0.111954  0.00286921
          37   0.0994255    0.111615  0.00281106
          38   0.0942608    0.111158  0.00277393
          39   0.0991154    0.110849  0.00271946
          40    0.103329    0.110661  0.00265726
          41    0.100386    0.110411  0.00260373
          42   0.0991006    0.110142  0.00255521
          43   0.0961772    0.109817  0.00251612
          44   0.0942767    0.109464  0.00248352
          45   0.0983201    0.109216   0.0024403
          46   0.0996269    0.109007  0.00239574
          47   0.0976082    0.108765  0.00235673
          48    0.104281    0.108672    0.002309
          49     0.09444    0.108381  0.00227996
          50   0.0963284     0.10814  0.00224686
          51   0.0951886    0.107886  0.00221696
          52   0.0957238    0.107652  0.00218645
          53   0.0967918    0.107447  0.00215457
          54    0.103501    0.107374  0.00211556
          55    0.101498    0.107267  0.00207948
          56    0.100784    0.107152  0.00204529
          57    0.097758    0.106987  0.00201583
          58    0.100489    0.106875  0.00198394
          59   0.0984532    0.106732  0.00195524
          60   0.0970766    0.106571   0.0019291
          61    0.097232    0.106418  0.00190338
          62   0.0982273    0.106286  0.00187708
          63   0.0998712    0.106184  0.00184985
          64   0.0944319       0.106  0.00182996
          65   0.0999004    0.105907  0.00180403
          66   0.0989255    0.105801  0.00177963
          67   0.0975396    0.105678   0.0017572
          68   0.0985056    0.105572  0.00173437
          69   0.0984677    0.105469  0.00171215
          70   0.0966405    0.105343  0.00169222
          71   0.0967366    0.105222  0.00167261
          72   0.0971339    0.105109  0.00165304
          73   0.0985644     0.10502   0.0016327
          74    0.105111    0.105021  0.00161049
          75    0.101171     0.10497   0.0015897
          76    0.105111    0.104972  0.00156864
          77     0.10073    0.104916  0.00154912
          78      0.1025    0.104885  0.00152944
          79    0.102973    0.104861  0.00151015
          80    0.104534    0.104857  0.00149116
          81    0.101826     0.10482  0.00147311
          82    0.104246    0.104813  0.00145505
          83    0.103001    0.104791  0.00143758
          84    0.101875    0.104756  0.00142079
          85    0.103178    0.104738   0.0014041
          86   0.0990494    0.104672  0.00138925
          87    0.100065    0.104619  0.00137421
          88   0.0999099    0.104565  0.00135955
          89    0.101354    0.104529  0.00134468
          90    0.103795    0.104521  0.00132968
          91    0.101292    0.104485  0.00131546
          92     0.10494     0.10449  0.00130109
          93    0.101478    0.104458  0.00128744
          94   0.0977536    0.104387  0.00127566
          95    0.105223    0.104395  0.00126219
          96    0.103505    0.104386  0.00124901
          97    0.100705    0.104348  0.00123665
          98    0.101839    0.104323  0.00122423
          99    0.103418    0.104313  0.00121184
         100    0.101952     0.10429  0.00119989
