           1  -0.0342618  -0.0342618           0
           2   -0.135876  -0.0850689   0.0508071
           3   -0.390964   -0.187034      0.1061
           4   -0.133645   -0.173687   0.0762024
           5   -0.461642   -0.231278   0.0824671
           6   -0.520256   -0.279441   0.0827862
           7   -0.373523   -0.292881   0.0712463
           8   -0.349949   -0.300015   0.0621121
           9   -0.379284   -0.308822   0.0554813
          10   -0.443552   -0.322295   0.0514204
          11   -0.894874   -0.374348   0.0698054
          12   -0.760859   -0.406557    0.071401
          13   -0.424462   -0.407934   0.0656938
          14    -0.47072   -0.412419   0.0609858
          15   -0.395356   -0.411282   0.0567861
          16   -0.482173   -0.415712    0.053303
          17   -0.429928   -0.416549   0.0500764
          18    -0.36188   -0.413511   0.0473101
          19    -0.49437   -0.417767   0.0449527
          20   -0.501689   -0.421963   0.0428519
          21   -0.471023   -0.424299   0.0408271
          22    -0.42907   -0.424516   0.0389278
          23   -0.525697   -0.428915    0.037456
          24   -0.426427   -0.428812   0.0358615
          25    -0.28281   -0.422972   0.0348894
          26   -0.296062    -0.41809   0.0338742
          27   -0.300885    -0.41375   0.0328832
          28   -0.292388   -0.409415   0.0319822
          29   -0.382135   -0.408474    0.030874
          30   -0.360956   -0.406891   0.0298691
          31   -0.480843   -0.409276   0.0289878
          32   -0.529164   -0.413023   0.0283163
          33   -0.519957   -0.416263   0.0276355
          34   -0.493288   -0.418528   0.0269059
          35   -0.482686   -0.420362   0.0261901
          36   -0.502883   -0.422654   0.0255552
          37   -0.428459   -0.422811   0.0248554
          38   -0.447531   -0.423461   0.0242012
          39   -0.473391   -0.424741   0.0236072
          40   -0.447545   -0.425312   0.0230166
          41   -0.526758   -0.427786   0.0225841
          42   -0.575475   -0.431302   0.0223186
          43   -0.545188   -0.433951   0.0219537
          44   -0.518382    -0.43587   0.0215346
          45   -0.538512   -0.438151   0.0211739
          46   -0.447426   -0.438352   0.0207094
          47   -0.462225    -0.43886   0.0202704
          48   -0.494245   -0.440014   0.0198771
          49   -0.439845   -0.440011   0.0194672
          50   -0.428327   -0.439777   0.0190753
          51   -0.460088   -0.440175   0.0187018
          52   -0.514867   -0.441612   0.0183948
          53   -0.455078   -0.441866   0.0180462
          54   -0.439577   -0.441823   0.0177089
          55   -0.408406   -0.441216   0.0173945
          56   -0.349868   -0.439584   0.0171588
          57   -0.400654   -0.438901   0.0168689
          58   -0.397476   -0.438187   0.0165909
          59   -0.418086   -0.437847   0.0163108
          60   -0.387222   -0.437003   0.0160589
          61   -0.355478   -0.435666   0.0158499
          62   -0.361862   -0.434476   0.0156375
          63   -0.353521   -0.433191   0.0154408
          64   -0.356562   -0.431994   0.0152448
          65   -0.426668   -0.431912   0.0150086
          66   -0.421725   -0.431757   0.0147803
          67   -0.428751   -0.431712   0.0145581
          68   -0.376599   -0.430902   0.0143653
          69   -0.373547   -0.430071   0.0141799
          70   -0.353319   -0.428974   0.0140188
          71   -0.329253    -0.42757   0.0138912
          72   -0.367327   -0.426733   0.0137224
          73   -0.396704   -0.426322   0.0135394
          74   -0.400009   -0.425966   0.0133599
          75   -0.357956   -0.425059   0.0132117
          76   -0.356669   -0.424159   0.0130677
          77    -0.29649   -0.422501    0.013003
          78   -0.340506    -0.42145   0.0128782
          79   -0.296245   -0.419865   0.0128126
          80   -0.304402   -0.418422   0.0127335
          81    -0.28528   -0.416778   0.0126822
          82   -0.303108   -0.415392   0.0126031
          83   -0.341222   -0.414498   0.0124824
          84   -0.377356   -0.414056   0.0123408
          85    -0.36539   -0.413484   0.0122082
          86   -0.320224   -0.412399    0.012114
          87   -0.336928   -0.411532   0.0120053
          88   -0.374805   -0.411114   0.0118755
          89   -0.341897   -0.410337    0.011767
          90   -0.352568   -0.409695   0.0116532
          91   -0.350328   -0.409043   0.0115429
          92   -0.332327   -0.408209   0.0114472
          93   -0.283662   -0.406869   0.0114023
          94    -0.30876   -0.405826   0.0113285
          95   -0.309342    -0.40481   0.0112546
          96    -0.30742   -0.403796   0.0111828
          97   -0.300074   -0.402726   0.0111185
          98   -0.322966   -0.401912   0.0110345
          99   -0.308421   -0.400968   0.0109632
         100   -0.315274   -0.400111   0.0108868
