28.3065
24.906
24.5729
19.4356
19.4356
17.6139
15.7123
14.822
13.8901
13.1744
12.8417
11.5503
11.3465
10.9651
10.9651
10.3827
10.34
10.0073
9.95856
9.15087
9.51534
9.08315
8.7947
8.58071
8.27533
7.89613
7.37435
7.37435
7.37435
7.31335
7.31335
6.68736
6.68736
6.41517
6.41517
6.35814
6.35814
6.35814
6.35814
6.35814
6.30898
6.23499
5.91842
5.79937
5.661
5.661
5.661
5.661
5.661
5.661
5.49131
5.49131
5.49131
5.49131
5.48947
5.48947
5.48947
5.48947
5.48947
5.48702
5.48702
5.48702
5.48702
5.48702
5.48702
5.48702
5.46846
5.46846
5.44221
5.40894
5.40894
5.40894
5.40894
5.40894
5.40894
5.40894
5.40894
5.28378
5.28378
5.28378
5.28378
5.28378
5.28378
5.28378
5.28378
5.23739
5.23739
5.23739
5.11706
5.23739
5.23739
5.23739
5.16034
5.16034
5.23739
5.23739
5.23739
5.16034
5.23739
5.23739
5.23739
5.23739
5.23739
5.23739
5.16034
5.23739
5.23739
5.23739
5.23739
5.23739
5.23739
5.16034
5.16034
5.16034
5.16034
4.97886
4.97886
4.97886
4.97886
4.97886
4.97886
4.97886
4.97886
4.97886
4.97886
4.97886
4.97886
4.97886
4.97886
4.97886
4.97886
4.97886
4.97886
4.97886
4.66598
4.97886
4.97886
4.97886
4.97886
4.97886
4.97886
4.97886
4.97886
4.97886
4.97886
4.97886
4.97886
4.97886
4.97886
4.97886
4.97886
4.97886
4.97886
4.97886
4.97886
4.97886
4.97886
4.97886
4.97886
4.97886
4.97886
4.97886
4.97886
4.97886
4.66598
4.66598
4.66598
4.66598
4.66598
4.66598
4.66598
4.66598
4.66598
4.66598
4.66598
4.66598
4.66598
4.66598
4.66598
4.66598
4.66598
4.66598
4.66598
4.66598
4.66598
4.66598
4.66598
4.66598
4.66598
4.66598
4.66598
4.66598
4.66598
4.66598
4.66598
4.66598
4.66598
4.66598
4.66598
4.66598
4.66598
4.66598
4.66598
4.66598
4.66598
4.66598
4.66598
4.66598
4.66598
4.66598
4.66598
4.66598
4.66598
4.66598
4.66598
4.66598
4.66598
4.66598
4.66598
4.66598
4.66598
4.66598
4.66598
4.66598
4.66598
4.66598
4.66598
4.66598
4.66598
4.66598
4.66598
4.66598
4.66598
4.66598
4.66598
4.66598
4.66598
4.66598
4.66598
4.66598
4.66598
4.66598
4.66598
4.66598
4.66598
4.66598
4.66598
4.66598
4.66598
4.66598
4.66598
4.66598
4.66598
4.66598
4.66598
4.66598
4.66598
4.66598
4.66598
4.66598
4.66598
4.66598
4.66598
4.66598
4.66598
4.66598
4.66598
4.66598
4.66598
4.66598
4.66598
4.66598
4.66598
4.66598
4.66598
4.66598
4.66598
4.66598
4.66598
4.66598
4.66598
4.66598
4.66598
4.66598
4.66598
4.66598
4.66598
4.66598
4.66598
4.66598
4.66598
4.66598
4.66598
4.66598
4.66598
4.66598
4.66598
4.66598
4.66598
4.66598
