35.8418
32.5362
31.1135
28.2228
24.0976
21.4652
19.7147
17.9262
17.5989
17.2497
14.4521
14.3061
14.1165
13.8465
12.9923
11.1091
12.2053
11.2187
11.3893
10.9844
10.8053
9.56928
9.47515
9.38272
8.81662
8.39444
8.54834
8.52009
10.5132
10.1568
9.5387
7.31013
7.24218
6.68584
6.67216
6.62201
6.43756
6.35814
6.35814
6.35814
6.35794
6.35096
7.04547
6.41632
5.81162
5.78996
5.661
5.661
5.661
5.661
5.66032
6.21163
5.73503
5.57272
5.5676
5.99315
5.48991
5.48947
5.48947
5.48946
5.48936
5.4881
5.48702
5.48702
5.48702
5.48702
5.48695
5.4865
5.47627
5.46249
5.41735
5.40894
5.40894
5.40894
5.40894
5.40894
5.40894
5.40843
5.40143
5.30546
5.28378
5.28378
5.28378
5.28378
5.28378
5.28359
5.28266
5.29713
5.23691
5.23739
5.23739
5.23739
5.23708
5.39427
5.78264
5.23739
5.23739
5.23708
5.60996
5.23739
5.23739
5.23739
5.23739
5.23739
5.23708
5.33816
5.23739
5.23739
5.23739
5.23739
5.23739
5.23706
5.54011
5.59063
5.80464
5.15962
5.15526
5.61787
5.50547
4.97886
4.97886
4.97886
4.97886
4.97886
4.97886
4.97886
4.97886
4.97886
4.97886
4.97886
4.97886
4.97886
4.97886
4.97886
4.97761
4.97886
4.97886
4.97886
4.97886
4.97886
4.97886
4.97886
4.97886
4.97886
4.97886
4.97886
4.97886
4.97886
4.97886
4.97886
4.97886
4.97886
4.97886
4.97886
4.97886
4.97886
4.97886
4.97886
4.97886
4.97886
4.97886
4.97886
4.97886
4.97886
4.97761
5.94561
5.45231
5.00571
4.94487
4.78435
4.66598
4.66598
4.66598
4.66598
4.66598
4.66598
4.66598
4.66598
4.66598
4.66598
4.66598
4.66598
4.66598
4.66598
4.66598
4.66598
4.66598
4.66598
4.66598
4.66598
4.66598
4.66598
4.66598
4.66598
4.66598
4.66598
4.66598
4.66598
4.66598
4.66598
4.66598
4.66598
4.66598
4.66598
4.66598
4.66598
4.66598
4.66598
4.66598
4.66598
4.66598
4.66598
4.66598
4.66598
4.66598
4.66598
4.66598
4.66598
4.66598
4.66598
4.66598
4.66598
4.66598
4.66598
4.66598
4.66598
4.66598
4.66598
4.66598
4.66598
4.66598
4.66598
4.66598
4.66598
4.66598
4.66598
4.66598
4.66598
4.66598
4.66598
4.66598
4.66598
4.66598
4.66598
4.66598
4.66598
4.66598
4.66598
4.66598
4.66598
4.66598
4.66598
4.66598
4.66598
4.66598
4.66598
4.66598
4.66598
4.66598
4.66598
4.66598
4.66598
4.66598
4.66598
4.66598
4.66598
4.66598
4.66598
4.66598
4.66598
4.66598
4.66598
4.66598
4.66598
4.66598
4.66598
4.66598
4.66598
4.66598
4.66598
4.66598
4.66598
4.66598
4.66598
4.66598
4.66598
4.66598
4.66598
4.66598
4.66598
4.66598
4.66598
4.66598
4.66598
4.66598
4.66598
4.66598
4.66598
4.66598
4.66598
