-4.9875 0 0
-4.9625 0 0
-4.9375 0 0
-4.9125 0 0
-4.8875 0 0
-4.8625 0 0
-4.8375 0 0
-4.8125 0 0
-4.7875 0 0
-4.7625 0 0
-4.7375 0 0
-4.7125 0 0
-4.6875 0 0
-4.6625 0 0
-4.6375 0 0
-4.6125 0 0
-4.5875 0 0
-4.5625 0 0
-4.5375 0 0
-4.5125 0 0
-4.4875 0 0
-4.4625 0 0
-4.4375 0 0
-4.4125 0 0
-4.3875 0 0
-4.3625 0 0
-4.3375 0 0
-4.3125 0 0
-4.2875 0 0
-4.2625 0 0
-4.2375 0 0
-4.2125 0 0
-4.1875 0 0
-4.1625 0 0
-4.1375 0 0
-4.1125 0 0
-4.0875 0 0
-4.0625 0 0
-4.0375 0 0
-4.0125 0 0
-3.9875 0 0
-3.9625 0 0
-3.9375 0 0
-3.9125 0 0
-3.8875 0 0
-3.8625 0 0
-3.8375 0 0
-3.8125 0 0
-3.7875 0 0
-3.7625 0 0
-3.7375 0 0
-3.7125 0 0
-3.6875 0 0
-3.6625 0 0
-3.6375 0 0
-3.6125 0 0
-3.5875 0 0
-3.5625 0 0
-3.5375 0 0
-3.5125 0 0
-3.4875 0 0
-3.4625 0 0
-3.4375 0 0
-3.4125 0 0
-3.3875 0 0
-3.3625 0 0
-3.3375 0 0
-3.3125 0 0
-3.2875 0 0
-3.2625 0 0
-3.2375 0 0
-3.2125 0 0
-3.1875 0 0
-3.1625 0 0
-3.1375 0 0
-3.1125 0 0
-3.0875 0 0
-3.0625 0 0
-3.0375 0 0
-3.0125 0 0
-2.9875 0 0
-2.9625 0 0
-2.9375 0 0
-2.9125 0 0
-2.8875 0 0
-2.8625 0 0
-2.8375 0 0
-2.8125 0 0
-2.7875 0 0
-2.7625 0 0
-2.7375 0 0
-2.7125 0 0
-2.6875 0 0
-2.6625 0 0
-2.6375 0 0
-2.6125 0 0
-2.5875 0 0
-2.5625 0 0
-2.5375 5.17241e-05 3.67771e-05
-2.5125 3.44828e-05 2.31317e-05
-2.4875 0.00012069 5.60013e-05
-2.4625 0.000137931 6.16846e-05
-2.4375 8.62069e-05 3.33878e-05
-2.4125 0.000103448 4.93718e-05
-2.3875 0.000327586 7.89158e-05
-2.3625 0.00037931 7.27415e-05
-2.3375 0.000362069 7.50545e-05
-2.3125 0.000672414 0.000141074
-2.2875 0.000603448 0.00011914
-2.2625 0.000827586 0.000149116
-2.2375 0.00141379 0.00020531
-2.2125 0.00165517 0.000181813
-2.1875 0.00203448 0.000197938
-2.1625 0.00275862 0.000237656
-2.1375 0.00377586 0.000240732
-2.1125 0.00432759 0.000292062
-2.0875 0.0062069 0.000369786
-2.0625 0.00674138 0.000449253
-2.0375 0.00906897 0.000418152
-2.0125 0.0112414 0.000606348
-1.9875 0.0129828 0.000487827
-1.9625 0.0163621 0.000628057
-1.9375 0.0203103 0.000859271
-1.9125 0.0232586 0.000839524
-1.8875 0.0280517 0.00101073
-1.8625 0.032931 0.000955148
-1.8375 0.0398793 0.00123544
-1.8125 0.0455862 0.0011657
-1.7875 0.0511207 0.00137734
-1.7625 0.0588793 0.00117567
-1.7375 0.0682414 0.00135975
-1.7125 0.0776379 0.00181424
-1.6875 0.0903621 0.0020478
-1.6625 0.10069 0.0020518
-1.6375 0.111707 0.00198919
-1.6125 0.124983 0.0025999
-1.5875 0.138931 0.00277794
-1.5625 0.147948 0.00228895
-1.5375 0.163862 0.00246565
-1.5125 0.181241 0.00325788
-1.4875 0.197069 0.00272408
-1.4625 0.209741 0.00351884
-1.4375 0.224397 0.00313204
-1.4125 0.240483 0.00379439
-1.3875 0.25831 0.00337737
-1.3625 0.274052 0.00341317
-1.3375 0.283552 0.00454166
-1.3125 0.299241 0.00431659
-1.2875 0.316017 0.00401213
-1.2625 0.329259 0.00422419
-1.2375 0.341017 0.00441039
-1.2125 0.354207 0.00377091
-1.1875 0.365741 0.00526606
-1.1625 0.369897 0.0051027
-1.1375 0.38419 0.00515164
-1.1125 0.389155 0.0052913
-1.0875 0.39669 0.00474538
-1.0625 0.400121 0.00451015
-1.0375 0.404655 0.00593136
-1.0125 0.405224 0.00563518
-0.9875 0.409431 0.00503727
-0.9625 0.405655 0.00615488
-0.9375 0.402379 0.00565816
-0.9125 0.400586 0.0051933
-0.8875 0.39869 0.00520425
-0.8625 0.394931 0.00431249
-0.8375 0.390224 0.00442417
-0.8125 0.382483 0.00569235
-0.7875 0.385517 0.00462153
-0.7625 0.377448 0.00444362
-0.7375 0.370414 0.00360131
-0.7125 0.362569 0.0040763
-0.6875 0.351552 0.0052079
-0.6625 0.343345 0.00403456
-0.6375 0.334914 0.0034567
-0.6125 0.331621 0.00335672
-0.5875 0.319586 0.00378939
-0.5625 0.315638 0.00385955
-0.5375 0.311155 0.00372631
-0.5125 0.299776 0.00301367
-0.4875 0.296914 0.00404702
-0.4625 0.286138 0.00349933
-0.4375 0.280483 0.00330984
-0.4125 0.274328 0.00202621
-0.3875 0.269017 0.00239118
-0.3625 0.261362 0.0031339
-0.3375 0.252741 0.00255376
-0.3125 0.248931 0.00330323
-0.2875 0.242638 0.00336982
-0.2625 0.236241 0.00268489
-0.2375 0.231483 0.0026932
-0.2125 0.226828 0.00294071
-0.1875 0.22669 0.00200036
-0.1625 0.222172 0.00313822
-0.1375 0.218259 0.00234489
-0.1125 0.219224 0.00216005
-0.0875 0.213052 0.00273223
-0.0625 0.215672 0.00225796
-0.0375 0.212017 0.00250021
-0.0125 0.211069 0.00264102
0.0125 0.211793 0.00249644
0.0375 0.212483 0.00304481
0.0625 0.209466 0.0027549
0.0875 0.212983 0.00244174
0.1125 0.211948 0.00242452
0.1375 0.213707 0.00248023
0.1625 0.21719 0.00288898
0.1875 0.217672 0.0025405
0.2125 0.225241 0.00317753
0.2375 0.231552 0.00330608
0.2625 0.23119 0.00320147
0.2875 0.232845 0.00261988
0.3125 0.238362 0.0023013
0.3375 0.248328 0.00290498
0.3625 0.252914 0.00358915
0.3875 0.257241 0.00295809
0.4125 0.267034 0.00343077
0.4375 0.275397 0.00364134
0.4625 0.279845 0.00341079
0.4875 0.286448 0.00385545
0.5125 0.293741 0.0033524
0.5375 0.305362 0.0032629
0.5625 0.310328 0.00369018
0.5875 0.317897 0.00375046
0.6125 0.323293 0.00396623
0.6375 0.333103 0.00401987
0.6625 0.342224 0.00451609
0.6875 0.351276 0.0035208
0.7125 0.354983 0.00394586
0.7375 0.362086 0.00397117
0.7625 0.37031 0.00410742
0.7875 0.380414 0.00420779
0.8125 0.381931 0.00468454
0.8375 0.390052 0.00438286
0.8625 0.386914 0.00504854
0.8875 0.395655 0.00545239
0.9125 0.397448 0.00457949
0.9375 0.398931 0.00467435
0.9625 0.398879 0.00450656
0.9875 0.399828 0.00445305
1.0125 0.397328 0.00452709
1.0375 0.395948 0.00623079
1.0625 0.393345 0.00459366
1.0875 0.386276 0.0050295
1.1125 0.383483 0.00557
1.1375 0.379241 0.00466166
1.1625 0.367241 0.00478764
1.1875 0.355879 0.00507216
1.2125 0.350414 0.00448446
1.2375 0.331862 0.00520692
1.2625 0.320603 0.00406844
1.2875 0.311293 0.00502845
1.3125 0.299966 0.003937
1.3375 0.286017 0.00471642
1.3625 0.270052 0.00346121
1.3875 0.253724 0.00349899
1.4125 0.236431 0.00376591
1.4375 0.224293 0.00261881
1.4625 0.209259 0.00288207
1.4875 0.192603 0.00242147
1.5125 0.178534 0.00230414
1.5375 0.164621 0.00179847
1.5625 0.149897 0.00193796
1.5875 0.137034 0.00227853
1.6125 0.124483 0.00166912
1.6375 0.109052 0.00183341
1.6625 0.0991724 0.00164624
1.6875 0.0859655 0.00102353
1.7125 0.0756724 0.00122316
1.7375 0.0684655 0.00148806
1.7625 0.0590345 0.00132132
1.7875 0.0502414 0.00108555
1.8125 0.0432069 0.00111527
1.8375 0.0366207 0.00119218
1.8625 0.0332414 0.000806263
1.8875 0.0279138 0.000745368
1.9125 0.0218103 0.000613403
1.9375 0.0200172 0.000709405
1.9625 0.0162241 0.00048428
1.9875 0.0127759 0.00067593
2.0125 0.00991379 0.000393825
2.0375 0.00812069 0.000380465
2.0625 0.00636207 0.000335632
2.0875 0.00574138 0.000389575
2.1125 0.00431034 0.000318383
2.1375 0.00355172 0.000220932
2.1625 0.00246552 0.000257209
2.1875 0.00163793 0.000146044
2.2125 0.00175862 0.000238779
2.2375 0.00112069 0.00011914
2.2625 0.000827586 0.00013879
2.2875 0.000568966 0.000115079
2.3125 0.000448276 9.15581e-05
2.3375 0.000327586 8.25968e-05
2.3625 0.000327586 8.95058e-05
2.3875 0.000258621 5.91005e-05
2.4125 0.000258621 7.26392e-05
2.4375 0.000172414 7.1088e-05
2.4625 6.89655e-05 3.08423e-05
2.4875 6.89655e-05 3.93164e-05
2.5125 1.72414e-05 1.68048e-05
2.5375 1.72414e-05 1.68048e-05
2.5625 0 0
2.5875 0 0
2.6125 3.44828e-05 2.31317e-05
2.6375 0 0
2.6625 0 0
2.6875 0 0
2.7125 0 0
2.7375 0 0
2.7625 0 0
2.7875 0 0
2.8125 0 0
2.8375 0 0
2.8625 0 0
2.8875 0 0
2.9125 0 0
2.9375 0 0
2.9625 0 0
2.9875 0 0
3.0125 0 0
3.0375 0 0
3.0625 0 0
3.0875 0 0
3.1125 0 0
3.1375 0 0
3.1625 0 0
3.1875 0 0
3.2125 0 0
3.2375 0 0
3.2625 0 0
3.2875 0 0
3.3125 0 0
3.3375 0 0
3.3625 0 0
3.3875 0 0
3.4125 0 0
3.4375 0 0
3.4625 0 0
3.4875 0 0
3.5125 0 0
3.5375 0 0
3.5625 0 0
3.5875 0 0
3.6125 0 0
3.6375 0 0
3.6625 0 0
3.6875 0 0
3.7125 0 0
3.7375 0 0
3.7625 0 0
3.7875 0 0
3.8125 0 0
3.8375 0 0
3.8625 0 0
3.8875 0 0
3.9125 0 0
3.9375 0 0
3.9625 0 0
3.9875 0 0
4.0125 0 0
4.0375 0 0
4.0625 0 0
4.0875 0 0
4.1125 0 0
4.1375 0 0
4.1625 0 0
4.1875 0 0
4.2125 0 0
4.2375 0 0
4.2625 0 0
4.2875 0 0
4.3125 0 0
4.3375 0 0
4.3625 0 0
4.3875 0 0
4.4125 0 0
4.4375 0 0
4.4625 0 0
4.4875 0 0
4.5125 0 0
4.5375 0 0
4.5625 0 0
4.5875 0 0
4.6125 0 0
4.6375 0 0
4.6625 0 0
4.6875 0 0
4.7125 0 0
4.7375 0 0
4.7625 0 0
4.7875 0 0
4.8125 0 0
4.8375 0 0
4.8625 0 0
4.8875 0 0
4.9125 0 0
4.9375 0 0
4.9625 0 0
4.9875 0 0
