-4.9875 0 0
-4.9625 0 0
-4.9375 0 0
-4.9125 0 0
-4.8875 0 0
-4.8625 0 0
-4.8375 0 0
-4.8125 0 0
-4.7875 0 0
-4.7625 0 0
-4.7375 0 0
-4.7125 0 0
-4.6875 0 0
-4.6625 0 0
-4.6375 0 0
-4.6125 0 0
-4.5875 0 0
-4.5625 0 0
-4.5375 0 0
-4.5125 0 0
-4.4875 0 0
-4.4625 0 0
-4.4375 0 0
-4.4125 0 0
-4.3875 0 0
-4.3625 0 0
-4.3375 0 0
-4.3125 0 0
-4.2875 0 0
-4.2625 0 0
-4.2375 0 0
-4.2125 0 0
-4.1875 0 0
-4.1625 0 0
-4.1375 0 0
-4.1125 0 0
-4.0875 0 0
-4.0625 0 0
-4.0375 0 0
-4.0125 0 0
-3.9875 0 0
-3.9625 0 0
-3.9375 0 0
-3.9125 0 0
-3.8875 0 0
-3.8625 0 0
-3.8375 0 0
-3.8125 0 0
-3.7875 0 0
-3.7625 0 0
-3.7375 0 0
-3.7125 0 0
-3.6875 0 0
-3.6625 0 0
-3.6375 0 0
-3.6125 0 0
-3.5875 0 0
-3.5625 0 0
-3.5375 0 0
-3.5125 0 0
-3.4875 0 0
-3.4625 0 0
-3.4375 0 0
-3.4125 0 0
-3.3875 0 0
-3.3625 0 0
-3.3375 0 0
-3.3125 0 0
-3.2875 0 0
-3.2625 0 0
-3.2375 0 0
-3.2125 0 0
-3.1875 0 0
-3.1625 0 0
-3.1375 0 0
-3.1125 0 0
-3.0875 0 0
-3.0625 0 0
-3.0375 0 0
-3.0125 0 0
-2.9875 0 0
-2.9625 0 0
-2.9375 0 0
-2.9125 0 0
-2.8875 0 0
-2.8625 0 0
-2.8375 0 0
-2.8125 0 0
-2.7875 0 0
-2.7625 0 0
-2.7375 0 0
-2.7125 0 0
-2.6875 0 0
-2.6625 0 0
-2.6375 0 0
-2.6125 0 0
-2.5875 1.72414e-05 1.68048e-05
-2.5625 3.44828e-05 2.31317e-05
-2.5375 3.44828e-05 2.31317e-05
-2.5125 5.17241e-05 3.67771e-05
-2.4875 1.72414e-05 1.68048e-05
-2.4625 8.62069e-05 5.38362e-05
-2.4375 8.62069e-05 4.13434e-05
-2.4125 0.000155172 5.70531e-05
-2.3875 0.000206897 5.6661e-05
-2.3625 0.000258621 5.38362e-05
-2.3375 0.000293103 9.21245e-05
-2.3125 0.000603448 0.000111404
-2.2875 0.000655172 0.000111471
-2.2625 0.000724138 0.000116682
-2.2375 0.00132759 0.000107049
-2.2125 0.0017069 0.000221436
-2.1875 0.0017931 0.000178513
-2.1625 0.00246552 0.00020872
-2.1375 0.00353448 0.000297507
-2.1125 0.00418966 0.000295904
-2.0875 0.00584483 0.000425464
-2.0625 0.00641379 0.00039271
-2.0375 0.00837931 0.000419572
-2.0125 0.0103793 0.00038468
-1.9875 0.0125 0.000622543
-1.9625 0.0147069 0.000832698
-1.9375 0.0185172 0.000681024
-1.9125 0.0221897 0.000736057
-1.8875 0.026931 0.000960857
-1.8625 0.031931 0.000763853
-1.8375 0.0375 0.000682234
-1.8125 0.0430345 0.00114978
-1.7875 0.0507414 0.00082047
-1.7625 0.0586552 0.00142987
-1.7375 0.0644828 0.00130989
-1.7125 0.0751552 0.00145124
-1.6875 0.0866552 0.0016324
-1.6625 0.0963276 0.00161817
-1.6375 0.109155 0.00214161
-1.6125 0.120966 0.00222842
-1.5875 0.130741 0.00193215
-1.5625 0.146345 0.00220385
-1.5375 0.159586 0.00326373
-1.5125 0.175603 0.00231226
-1.4875 0.192914 0.00296396
-1.4625 0.206776 0.00352402
-1.4375 0.220466 0.00249092
-1.4125 0.234 0.00335888
-1.3875 0.248362 0.00365557
-1.3625 0.265466 0.00254172
-1.3375 0.279414 0.00450427
-1.3125 0.293603 0.00381167
-1.2875 0.30969 0.00334704
-1.2625 0.326345 0.00443961
-1.2375 0.339741 0.00464711
-1.2125 0.347052 0.00518128
-1.1875 0.356017 0.00394707
-1.1625 0.367345 0.00467722
-1.1375 0.378759 0.00538077
-1.1125 0.382966 0.004296
-1.0875 0.385103 0.00474389
-1.0625 0.394379 0.00493977
-1.0375 0.4015 0.00586229
-1.0125 0.405707 0.00417814
-0.9875 0.403483 0.00515064
-0.9625 0.402879 0.00576008
-0.9375 0.399707 0.00507701
-0.9125 0.40281 0.00436927
-0.8875 0.399793 0.00492128
-0.8625 0.394845 0.00496758
-0.8375 0.389862 0.00476745
-0.8125 0.386586 0.00427224
-0.7875 0.382707 0.00530173
-0.7625 0.37619 0.00418156
-0.7375 0.375914 0.00490591
-0.7125 0.358897 0.00390346
-0.6875 0.359 0.00465223
-0.6625 0.351121 0.00387896
-0.6375 0.345586 0.00521691
-0.6125 0.333052 0.00422405
-0.5875 0.329103 0.00427206
-0.5625 0.324828 0.00359862
-0.5375 0.312276 0.00424246
-0.5125 0.303103 0.00389747
-0.4875 0.293 0.00356059
-0.4625 0.293517 0.00348716
-0.4375 0.283276 0.00287817
-0.4125 0.275914 0.00271882
-0.3875 0.268293 0.00326518
-0.3625 0.261379 0.00332039
-0.3375 0.256862 0.00258723
-0.3125 0.253483 0.00199403
-0.2875 0.245534 0.00323307
-0.2625 0.237966 0.00302486
-0.2375 0.235362 0.00197118
-0.2125 0.231293 0.00186763
-0.1875 0.228466 0.00335782
-0.1625 0.221897 0.00192834
-0.1375 0.220741 0.00229528
-0.1125 0.219034 0.00219279
-0.0875 0.215603 0.00240909
-0.0625 0.218207 0.002813
-0.0375 0.212448 0.00193502
-0.0125 0.21281 0.00273005
0.0125 0.212552 0.00229581
0.0375 0.21581 0.00331907
0.0625 0.214724 0.00262206
0.0875 0.215845 0.00242049
0.1125 0.215759 0.00196357
0.1375 0.218431 0.00211704
0.1625 0.217724 0.00199112
0.1875 0.226845 0.00344399
0.2125 0.223931 0.00189661
0.2375 0.231414 0.00232342
0.2625 0.236069 0.00296415
0.2875 0.238741 0.00259782
0.3125 0.246534 0.00232452
0.3375 0.254086 0.00349488
0.3625 0.257845 0.0023377
0.3875 0.266845 0.00286459
0.4125 0.266707 0.00296637
0.4375 0.276828 0.00341663
0.4625 0.287155 0.00291434
0.4875 0.293138 0.00315512
0.5125 0.298776 0.0034409
0.5375 0.310793 0.00382946
0.5625 0.319052 0.00353443
0.5875 0.324552 0.00290266
0.6125 0.331983 0.00291465
0.6375 0.337948 0.00317536
0.6625 0.350828 0.00368848
0.6875 0.354897 0.00296397
0.7125 0.359569 0.00338545
0.7375 0.367086 0.00392608
0.7625 0.376517 0.00357615
0.7875 0.37881 0.00447376
0.8125 0.391552 0.00416189
0.8375 0.393759 0.00386706
0.8625 0.393259 0.00411744
0.8875 0.399328 0.00468226
0.9125 0.401621 0.00365274
0.9375 0.403897 0.00410353
0.9625 0.401776 0.0043136
0.9875 0.406 0.00463113
1.0125 0.404086 0.00461401
1.0375 0.396034 0.00436725
1.0625 0.398983 0.00447828
1.0875 0.389828 0.00411434
1.1125 0.380069 0.0045935
1.1375 0.374034 0.00528651
1.1625 0.366259 0.00470227
1.1875 0.354207 0.00494438
1.2125 0.34781 0.00553683
1.2375 0.336793 0.00370349
1.2625 0.323828 0.00579187
1.2875 0.309517 0.00381346
1.3125 0.292224 0.00383391
1.3375 0.279966 0.00452611
1.3625 0.264914 0.00402407
1.3875 0.249586 0.00421456
1.4125 0.235707 0.00416981
1.4375 0.215914 0.00374351
1.4625 0.202828 0.00348033
1.4875 0.185207 0.00258803
1.5125 0.173983 0.00296657
1.5375 0.156879 0.00298574
1.5625 0.14281 0.0022708
1.5875 0.130155 0.0021681
1.6125 0.119862 0.00235273
1.6375 0.106 0.00175784
1.6625 0.0935862 0.0017364
1.6875 0.0838966 0.00133576
1.7125 0.0731379 0.00109991
1.7375 0.0634828 0.00150582
1.7625 0.0562241 0.00101137
1.7875 0.0480172 0.00122253
1.8125 0.0408621 0.000936288
1.8375 0.0347931 0.000680063
1.8625 0.0310172 0.00101577
1.8875 0.0245172 0.000745139
1.9125 0.0210345 0.00078595
1.9375 0.0174655 0.000654389
1.9625 0.0152069 0.000658747
1.9875 0.0112586 0.000423222
2.0125 0.00946552 0.000432394
2.0375 0.00762069 0.000371311
2.0625 0.00587931 0.000314602
2.0875 0.00508621 0.000383887
2.1125 0.00408621 0.00022648
2.1375 0.00303448 0.000272174
2.1625 0.00241379 0.000204003
2.1875 0.00175862 0.000197938
2.2125 0.00177586 0.000184531
2.2375 0.001 0.000144046
2.2625 0.000896552 0.00014301
2.2875 0.000689655 0.000103448
2.3125 0.0005 0.000118138
2.3375 0.000310345 6.40489e-05
2.3625 0.000293103 7.42581e-05
2.3875 0.000206897 8.23265e-05
2.4125 0.000172414 7.1088e-05
2.4375 0.000155172 6.2045e-05
2.4625 0.000103448 4.29307e-05
2.4875 3.44828e-05 3.36096e-05
2.5125 3.44828e-05 2.31317e-05
2.5375 3.44828e-05 2.31317e-05
2.5625 1.72414e-05 1.68048e-05
2.5875 3.44828e-05 2.31317e-05
2.6125 1.72414e-05 1.68048e-05
2.6375 0 0
2.6625 0 0
2.6875 0 0
2.7125 0 0
2.7375 0 0
2.7625 0 0
2.7875 0 0
2.8125 0 0
2.8375 0 0
2.8625 0 0
2.8875 0 0
2.9125 0 0
2.9375 0 0
2.9625 0 0
2.9875 0 0
3.0125 0 0
3.0375 0 0
3.0625 0 0
3.0875 0 0
3.1125 0 0
3.1375 0 0
3.1625 0 0
3.1875 0 0
3.2125 0 0
3.2375 0 0
3.2625 0 0
3.2875 0 0
3.3125 0 0
3.3375 0 0
3.3625 0 0
3.3875 0 0
3.4125 0 0
3.4375 0 0
3.4625 0 0
3.4875 0 0
3.5125 0 0
3.5375 0 0
3.5625 0 0
3.5875 0 0
3.6125 0 0
3.6375 0 0
3.6625 0 0
3.6875 0 0
3.7125 0 0
3.7375 0 0
3.7625 0 0
3.7875 0 0
3.8125 0 0
3.8375 0 0
3.8625 0 0
3.8875 0 0
3.9125 0 0
3.9375 0 0
3.9625 0 0
3.9875 0 0
4.0125 0 0
4.0375 0 0
4.0625 0 0
4.0875 0 0
4.1125 0 0
4.1375 0 0
4.1625 0 0
4.1875 0 0
4.2125 0 0
4.2375 0 0
4.2625 0 0
4.2875 0 0
4.3125 0 0
4.3375 0 0
4.3625 0 0
4.3875 0 0
4.4125 0 0
4.4375 0 0
4.4625 0 0
4.4875 0 0
4.5125 0 0
4.5375 0 0
4.5625 0 0
4.5875 0 0
4.6125 0 0
4.6375 0 0
4.6625 0 0
4.6875 0 0
4.7125 0 0
4.7375 0 0
4.7625 0 0
4.7875 0 0
4.8125 0 0
4.8375 0 0
4.8625 0 0
4.8875 0 0
4.9125 0 0
4.9375 0 0
4.9625 0 0
4.9875 0 0
