-4.9875 0 0
-4.9625 0 0
-4.9375 0 0
-4.9125 0 0
-4.8875 0 0
-4.8625 0 0
-4.8375 0 0
-4.8125 0 0
-4.7875 0 0
-4.7625 0 0
-4.7375 0 0
-4.7125 0 0
-4.6875 0 0
-4.6625 0 0
-4.6375 0 0
-4.6125 0 0
-4.5875 0 0
-4.5625 0 0
-4.5375 0 0
-4.5125 0 0
-4.4875 5.17241e-05 5.04145e-05
-4.4625 6.89655e-05 5.22957e-05
-4.4375 0.000103448 7.35542e-05
-4.4125 0.000224138 0.00014275
-4.3875 0.000327586 0.000195786
-4.3625 0.00037931 0.000180665
-4.3375 0.000465517 0.000236747
-4.3125 0.000758621 0.000428336
-4.2875 0.000724138 0.000423661
-4.2625 0.000637931 0.000360238
-4.2375 0.000586207 0.000305615
-4.2125 0.00062069 0.000282885
-4.1875 0.000482759 0.000198688
-4.1625 0.000431034 0.000191798
-4.1375 0.000396552 0.00016765
-4.1125 0.000327586 0.000138951
-4.0875 0.000241379 0.000122159
-4.0625 0.000172414 9.59959e-05
-4.0375 0.000413793 0.000240886
-4.0125 0.000844828 0.000371771
-3.9875 0.00165517 0.000676425
-3.9625 0.00248276 0.00085222
-3.9375 0.00255172 0.000969634
-3.9125 0.0032069 0.000989571
-3.8875 0.00365517 0.000978484
-3.8625 0.00367241 0.000921817
-3.8375 0.00384483 0.000739281
-3.8125 0.00368966 0.000584734
-3.7875 0.00448276 0.000769128
-3.7625 0.00467241 0.0007959
-3.7375 0.00487931 0.000870741
-3.7125 0.00498276 0.000980631
-3.6875 0.00568966 0.00107022
-3.6625 0.00760345 0.00148125
-3.6375 0.00789655 0.00105719
-3.6125 0.00894828 0.00116541
-3.5875 0.00975862 0.00107841
-3.5625 0.0103103 0.000879107
-3.5375 0.0113103 0.000953933
-3.5125 0.0118103 0.00140215
-3.4875 0.0139138 0.00151082
-3.4625 0.0162414 0.00177476
-3.4375 0.0155172 0.00154789
-3.4125 0.0167759 0.0019027
-3.3875 0.0181552 0.00196405
-3.3625 0.0190517 0.00205062
-3.3375 0.0213448 0.00173203
-3.3125 0.023069 0.00160686
-3.2875 0.0238276 0.00171842
-3.2625 0.0242414 0.00155576
-3.2375 0.0265345 0.00162059
-3.2125 0.0274138 0.00188799
-3.1875 0.0288448 0.00213435
-3.1625 0.0298621 0.00247777
-3.1375 0.0341034 0.00215619
-3.1125 0.0361034 0.00229318
-3.0875 0.0400172 0.00237236
-3.0625 0.0452931 0.00352722
-3.0375 0.0470172 0.00272177
-3.0125 0.046931 0.00269097
-2.9875 0.0478966 0.00257514
-2.9625 0.0520172 0.0026317
-2.9375 0.0561897 0.00253952
-2.9125 0.0586379 0.00311973
-2.8875 0.0638966 0.0031071
-2.8625 0.0640345 0.00363912
-2.8375 0.0682759 0.00358878
-2.8125 0.0693966 0.00346057
-2.7875 0.0726379 0.00279845
-2.7625 0.075931 0.0029312
-2.7375 0.0790345 0.00323648
-2.7125 0.0841207 0.0040889
-2.6875 0.0842586 0.00459315
-2.6625 0.0865 0.00445744
-2.6375 0.0893103 0.00401165
-2.6125 0.0956552 0.00401568
-2.5875 0.101966 0.00327705
-2.5625 0.105017 0.00320583
-2.5375 0.106862 0.00288935
-2.5125 0.111103 0.00381098
-2.4875 0.112034 0.00374395
-2.4625 0.116603 0.00347484
-2.4375 0.11981 0.0042365
-2.4125 0.123776 0.00481454
-2.3875 0.125293 0.00410412
-2.3625 0.132586 0.00469874
-2.3375 0.138069 0.00394925
-2.3125 0.139276 0.00434817
-2.2875 0.140897 0.00524242
-2.2625 0.143862 0.00514727
-2.2375 0.146241 0.0049997
-2.2125 0.144672 0.00532234
-2.1875 0.146638 0.00439969
-2.1625 0.149655 0.00432281
-2.1375 0.150931 0.00425769
-2.1125 0.152138 0.00486009
-2.0875 0.152207 0.00539407
-2.0625 0.156172 0.00564733
-2.0375 0.153776 0.00492388
-2.0125 0.156414 0.00533773
-1.9875 0.16069 0.0048573
-1.9625 0.16269 0.00465936
-1.9375 0.164466 0.00443787
-1.9125 0.169879 0.00416609
-1.8875 0.17119 0.00470146
-1.8625 0.172931 0.00481102
-1.8375 0.177207 0.00511397
-1.8125 0.173638 0.00460706
-1.7875 0.171052 0.00536384
-1.7625 0.177707 0.00554021
-1.7375 0.177793 0.00512434
-1.7125 0.178862 0.00504935
-1.6875 0.181 0.00494722
-1.6625 0.182948 0.00456499
-1.6375 0.185724 0.00497642
-1.6125 0.188793 0.00556598
-1.5875 0.188086 0.00536949
-1.5625 0.188431 0.00485427
-1.5375 0.189983 0.00636805
-1.5125 0.188966 0.00486311
-1.4875 0.193397 0.00569698
-1.4625 0.186862 0.00474385
-1.4375 0.193034 0.00543662
-1.4125 0.189017 0.00540238
-1.3875 0.190914 0.00547833
-1.3625 0.187483 0.0047833
-1.3375 0.193414 0.00424684
-1.3125 0.189741 0.00376138
-1.2875 0.190052 0.00448006
-1.2625 0.196362 0.00437194
-1.2375 0.192569 0.00483063
-1.2125 0.190328 0.0053842
-1.1875 0.192759 0.00488732
-1.1625 0.191897 0.00407535
-1.1375 0.186069 0.0046867
-1.1125 0.187466 0.00579368
-1.0875 0.189828 0.00529978
-1.0625 0.191379 0.00523894
-1.0375 0.190276 0.00408192
-1.0125 0.19031 0.00359845
-0.9875 0.194552 0.00353928
-0.9625 0.195603 0.00371614
-0.9375 0.192103 0.00292554
-0.9125 0.203483 0.00301146
-0.8875 0.195948 0.00365069
-0.8625 0.193983 0.00365911
-0.8375 0.193328 0.00486966
-0.8125 0.191931 0.00506658
-0.7875 0.195362 0.00502245
-0.7625 0.188103 0.00468036
-0.7375 0.191586 0.00469285
-0.7125 0.190414 0.0043424
-0.6875 0.187862 0.00386358
-0.6625 0.185293 0.00351211
-0.6375 0.186276 0.00273596
-0.6125 0.184638 0.00389933
-0.5875 0.186672 0.00380064
-0.5625 0.186569 0.00370208
-0.5375 0.189034 0.00316403
-0.5125 0.186534 0.00379526
-0.4875 0.186534 0.00486992
-0.4625 0.186397 0.00478941
-0.4375 0.182534 0.00496206
-0.4125 0.1815 0.00483351
-0.3875 0.181448 0.0039549
-0.3625 0.184828 0.00414697
-0.3375 0.184448 0.00322952
-0.3125 0.182052 0.0039232
-0.2875 0.187448 0.00433389
-0.2625 0.188397 0.00503125
-0.2375 0.189845 0.00567812
-0.2125 0.192793 0.00532733
-0.1875 0.192414 0.00554599
-0.1625 0.194707 0.00434423
-0.1375 0.196017 0.00545125
-0.1125 0.187914 0.00561569
-0.0875 0.18869 0.00553712
-0.0625 0.187431 0.00524356
-0.0375 0.189931 0.00517354
-0.0125 0.187 0.00431876
0.0125 0.186086 0.00399801
0.0375 0.186207 0.00402068
0.0625 0.18481 0.00406088
0.0875 0.183017 0.00449394
0.1125 0.183172 0.00381729
0.1375 0.186741 0.00444998
0.1625 0.185569 0.00443544
0.1875 0.180017 0.00459433
0.2125 0.184259 0.00406665
0.2375 0.183569 0.00451555
0.2625 0.187017 0.0047041
0.2875 0.192052 0.00530953
0.3125 0.190776 0.00466887
0.3375 0.189086 0.00505077
0.3625 0.188621 0.00397465
0.3875 0.191793 0.00410429
0.4125 0.193017 0.00402725
0.4375 0.194638 0.00432408
0.4625 0.191414 0.00344102
0.4875 0.192914 0.00430762
0.5125 0.191966 0.00383016
0.5375 0.190362 0.00432002
0.5625 0.186776 0.00545025
0.5875 0.186086 0.00559478
0.6125 0.184069 0.00555663
0.6375 0.185259 0.0042307
0.6625 0.187759 0.0043363
0.6875 0.193086 0.00467559
0.7125 0.191793 0.00487267
0.7375 0.196448 0.00473332
0.7625 0.195414 0.00543183
0.7875 0.192138 0.00461204
0.8125 0.186948 0.00435373
0.8375 0.1885 0.00548337
0.8625 0.185983 0.005596
0.8875 0.189569 0.00489096
0.9125 0.193948 0.00597928
0.9375 0.191483 0.00547272
0.9625 0.182655 0.00565397
0.9875 0.184707 0.00602725
1.0125 0.189879 0.00566753
1.0375 0.197638 0.00512909
1.0625 0.192828 0.00431287
1.0875 0.201052 0.00457092
1.1125 0.197431 0.00515408
1.1375 0.195638 0.00475126
1.1625 0.192724 0.00417091
1.1875 0.194707 0.0043893
1.2125 0.190397 0.00471994
1.2375 0.185828 0.00499898
1.2625 0.183069 0.00540423
1.2875 0.186914 0.00451457
1.3125 0.189345 0.00414008
1.3375 0.192155 0.00423267
1.3625 0.189534 0.00415315
1.3875 0.186655 0.00488458
1.4125 0.192431 0.00515454
1.4375 0.192155 0.00455831
1.4625 0.187121 0.00452896
1.4875 0.186776 0.00385145
1.5125 0.189517 0.00409281
1.5375 0.190741 0.00498513
1.5625 0.185776 0.00459914
1.5875 0.1865 0.0051048
1.6125 0.190466 0.0052406
1.6375 0.187259 0.00465386
1.6625 0.185586 0.00434877
1.6875 0.184069 0.00358593
1.7125 0.177448 0.00521245
1.7375 0.175534 0.0052173
1.7625 0.175241 0.00551625
1.7875 0.17631 0.00547077
1.8125 0.175793 0.0046803
1.8375 0.175621 0.0041555
1.8625 0.173724 0.00428389
1.8875 0.169672 0.0039618
1.9125 0.168345 0.0041315
1.9375 0.165672 0.00374455
1.9625 0.161448 0.00315942
1.9875 0.157086 0.00279507
2.0125 0.160983 0.00309878
2.0375 0.1615 0.00369909
2.0625 0.158897 0.00381316
2.0875 0.156052 0.00564246
2.1125 0.15631 0.00579757
2.1375 0.151776 0.00546561
2.1625 0.150397 0.00525363
2.1875 0.146414 0.00527521
2.2125 0.149638 0.00471926
2.2375 0.144672 0.00442996
2.2625 0.140052 0.00418183
2.2875 0.136138 0.00493716
2.3125 0.134466 0.00536445
2.3375 0.130724 0.00530855
2.3625 0.125121 0.00472
2.3875 0.122586 0.00489112
2.4125 0.120534 0.00510499
2.4375 0.116414 0.00454606
2.4625 0.113724 0.00418512
2.4875 0.108534 0.00367172
2.5125 0.105034 0.00417102
2.5375 0.100241 0.00349801
2.5625 0.0964828 0.00375843
2.5875 0.0936552 0.00346019
2.6125 0.0937241 0.00418213
2.6375 0.0899828 0.00335959
2.6625 0.0899655 0.00363772
2.6875 0.0884828 0.0034751
2.7125 0.0874483 0.00367022
2.7375 0.082431 0.00435361
2.7625 0.0778103 0.00437498
2.7875 0.0739138 0.00378677
2.8125 0.0736897 0.00385229
2.8375 0.0712069 0.00326846
2.8625 0.0692414 0.00304247
2.8875 0.0640862 0.00281064
2.9125 0.0613621 0.00242258
2.9375 0.0607241 0.00230195
2.9625 0.0563966 0.00232937
2.9875 0.0548103 0.00232579
3.0125 0.0505345 0.00252884
3.0375 0.0492586 0.00254686
3.0625 0.0466379 0.00288801
3.0875 0.0420345 0.00240069
3.1125 0.0388103 0.00191782
3.1375 0.0358966 0.00156525
3.1625 0.0328966 0.00190303
3.1875 0.0311552 0.00207145
3.2125 0.0278276 0.00223861
3.2375 0.0267241 0.00214965
3.2625 0.028069 0.00201973
3.2875 0.025931 0.00206445
3.3125 0.0242414 0.00221216
3.3375 0.0228966 0.00217575
3.3625 0.0212586 0.00209953
3.3875 0.0180517 0.00163626
3.4125 0.0180345 0.00163422
3.4375 0.0158966 0.00154441
3.4625 0.0151724 0.00149573
3.4875 0.0146379 0.00148945
3.5125 0.0137931 0.00161075
3.5375 0.0132759 0.0017109
3.5625 0.0117759 0.00169603
3.5875 0.0107241 0.00147127
3.6125 0.00789655 0.00125588
3.6375 0.00725862 0.0014206
3.6625 0.0062069 0.0011115
3.6875 0.0045 0.000947641
3.7125 0.00494828 0.000986012
3.7375 0.00575862 0.00117117
3.7625 0.006 0.00115618
3.7875 0.00539655 0.00114555
3.8125 0.00512069 0.00128336
3.8375 0.00472414 0.00117396
3.8625 0.00327586 0.00100104
3.8875 0.00244828 0.00076132
3.9125 0.00262069 0.000754062
3.9375 0.00246552 0.000713499
3.9625 0.00241379 0.000662841
3.9875 0.00227586 0.000819428
4.0125 0.00189655 0.000588484
4.0375 0.00139655 0.000502358
4.0625 0.00143103 0.000678914
4.0875 0.00112069 0.00050141
4.1125 0.000948276 0.000420827
4.1375 0.000603448 0.000313087
4.1625 0.00062069 0.000322188
4.1875 0.000344828 0.000268213
4.2125 0.000362069 0.000194262
4.2375 0.000241379 0.000133774
4.2625 0.000310345 0.000185535
4.2875 0.000172414 0.000136849
4.3125 6.89655e-05 5.22957e-05
4.3375 0 0
4.3625 0 0
4.3875 0 0
4.4125 0 0
4.4375 0 0
4.4625 0 0
4.4875 0 0
4.5125 0 0
4.5375 0 0
4.5625 0 0
4.5875 0 0
4.6125 0 0
4.6375 0 0
4.6625 0 0
4.6875 0 0
4.7125 0 0
4.7375 0 0
4.7625 0 0
4.7875 0 0
4.8125 0 0
4.8375 0 0
4.8625 0 0
4.8875 0 0
4.9125 0 0
4.9375 0 0
4.9625 0 0
4.9875 0 0
