-4.9875 0 0
-4.9625 0 0
-4.9375 0 0
-4.9125 0 0
-4.8875 0 0
-4.8625 0 0
-4.8375 0 0
-4.8125 0 0
-4.7875 0 0
-4.7625 0 0
-4.7375 0 0
-4.7125 0 0
-4.6875 0 0
-4.6625 0 0
-4.6375 0 0
-4.6125 0 0
-4.5875 0 0
-4.5625 0 0
-4.5375 0 0
-4.5125 0 0
-4.4875 0 0
-4.4625 0 0
-4.4375 0 0
-4.4125 0 0
-4.3875 0 0
-4.3625 0 0
-4.3375 0 0
-4.3125 0 0
-4.2875 0 0
-4.2625 0 0
-4.2375 0 0
-4.2125 0 0
-4.1875 0 0
-4.1625 0 0
-4.1375 0 0
-4.1125 0 0
-4.0875 0 0
-4.0625 0 0
-4.0375 0 0
-4.0125 0 0
-3.9875 0 0
-3.9625 0 0
-3.9375 0 0
-3.9125 0 0
-3.8875 0 0
-3.8625 0 0
-3.8375 0 0
-3.8125 0 0
-3.7875 0 0
-3.7625 0 0
-3.7375 0 0
-3.7125 0 0
-3.6875 0 0
-3.6625 0 0
-3.6375 0 0
-3.6125 0 0
-3.5875 0 0
-3.5625 0 0
-3.5375 0 0
-3.5125 0 0
-3.4875 0 0
-3.4625 0 0
-3.4375 0 0
-3.4125 0 0
-3.3875 0 0
-3.3625 0 0
-3.3375 0 0
-3.3125 0 0
-3.2875 0 0
-3.2625 0 0
-3.2375 0 0
-3.2125 0 0
-3.1875 0 0
-3.1625 0 0
-3.1375 0 0
-3.1125 0 0
-3.0875 0 0
-3.0625 0 0
-3.0375 0 0
-3.0125 1.72414e-05 1.68048e-05
-2.9875 0 0
-2.9625 1.72414e-05 1.68048e-05
-2.9375 0 0
-2.9125 5.17241e-05 3.67771e-05
-2.8875 3.44828e-05 2.31317e-05
-2.8625 8.62069e-05 5.38362e-05
-2.8375 0.00012069 7.01408e-05
-2.8125 0.000103448 4.29307e-05
-2.7875 0.000206897 7.47568e-05
-2.7625 0.000258621 8.74904e-05
-2.7375 0.000482759 0.00019261
-2.7125 0.0005 0.000134604
-2.6875 0.00037931 0.000152076
-2.6625 0.000810345 0.000250178
-2.6375 0.000689655 0.000174129
-2.6125 0.000827586 0.000176503
-2.5875 0.000948276 0.000246105
-2.5625 0.00137931 0.000295628
-2.5375 0.00184483 0.000327382
-2.5125 0.00241379 0.000368175
-2.4875 0.00272414 0.000368094
-2.4625 0.00336207 0.000424345
-2.4375 0.00487931 0.000415424
-2.4125 0.00501724 0.000479964
-2.3875 0.00582759 0.00046257
-2.3625 0.0077069 0.000697062
-2.3375 0.00906897 0.000569279
-2.3125 0.0113276 0.00078681
-2.2875 0.0131724 0.00064585
-2.2625 0.0159483 0.000986193
-2.2375 0.0174655 0.000725891
-2.2125 0.0204655 0.000791706
-2.1875 0.023931 0.00099296
-2.1625 0.0269655 0.00108733
-2.1375 0.029931 0.0011552
-2.1125 0.0351207 0.00106067
-2.0875 0.040431 0.00138509
-2.0625 0.0446207 0.00125623
-2.0375 0.0488793 0.00182968
-2.0125 0.0559828 0.00153153
-1.9875 0.0606207 0.00173335
-1.9625 0.0672414 0.00214002
-1.9375 0.0754828 0.00215674
-1.9125 0.0853448 0.00232618
-1.8875 0.0944483 0.00224256
-1.8625 0.10131 0.00275965
-1.8375 0.113966 0.0024521
-1.8125 0.120931 0.00253444
-1.7875 0.130328 0.00216864
-1.7625 0.137862 0.00250832
-1.7375 0.148586 0.00221347
-1.7125 0.159966 0.00220473
-1.6875 0.172655 0.00309012
-1.6625 0.179241 0.00367121
-1.6375 0.190259 0.00309154
-1.6125 0.200759 0.00307164
-1.5875 0.213431 0.00384111
-1.5625 0.21969 0.00335024
-1.5375 0.230172 0.00393931
-1.5125 0.237931 0.00252255
-1.4875 0.24469 0.00343985
-1.4625 0.256534 0.00341792
-1.4375 0.264414 0.00442036
-1.4125 0.273379 0.00384854
-1.3875 0.277707 0.00293846
-1.3625 0.283017 0.00373696
-1.3375 0.288948 0.00459692
-1.3125 0.291172 0.00356604
-1.2875 0.296259 0.00404341
-1.2625 0.302793 0.00436285
-1.2375 0.302759 0.0027697
-1.2125 0.305724 0.00385756
-1.1875 0.311586 0.00463363
-1.1625 0.311707 0.00416953
-1.1375 0.313724 0.0041011
-1.1125 0.311603 0.00371561
-1.0875 0.318776 0.00407192
-1.0625 0.315672 0.00407929
-1.0375 0.318466 0.0042094
-1.0125 0.313862 0.00416504
-0.9875 0.315603 0.00423836
-0.9625 0.312569 0.00467025
-0.9375 0.311017 0.00429788
-0.9125 0.30819 0.00423899
-0.8875 0.302569 0.00517669
-0.8625 0.298397 0.00466724
-0.8375 0.298362 0.00430081
-0.8125 0.298448 0.00418447
-0.7875 0.290586 0.00363144
-0.7625 0.288897 0.00465106
-0.7375 0.291431 0.00349811
-0.7125 0.287034 0.00437941
-0.6875 0.284121 0.00486081
-0.6625 0.284103 0.00448441
-0.6375 0.280414 0.00364602
-0.6125 0.274983 0.00384305
-0.5875 0.270759 0.00430556
-0.5625 0.273914 0.00317815
-0.5375 0.270897 0.00302324
-0.5125 0.26731 0.00256388
-0.4875 0.268793 0.00337935
-0.4625 0.266103 0.00346325
-0.4375 0.265707 0.00287683
-0.4125 0.258172 0.00304515
-0.3875 0.257845 0.00276872
-0.3625 0.249603 0.00390412
-0.3375 0.255 0.00328108
-0.3125 0.252328 0.00286102
-0.2875 0.244052 0.00300246
-0.2625 0.247793 0.00267051
-0.2375 0.245224 0.00381906
-0.2125 0.245103 0.00293272
-0.1875 0.242121 0.00355317
-0.1625 0.242897 0.00339908
-0.1375 0.240448 0.00286727
-0.1125 0.233724 0.00320519
-0.0875 0.235603 0.00279043
-0.0625 0.238655 0.00226236
-0.0375 0.236793 0.00209227
-0.0125 0.232293 0.00321895
0.0125 0.233707 0.00295657
0.0375 0.233293 0.00327264
0.0625 0.230948 0.00300632
0.0875 0.233103 0.00276088
0.1125 0.233034 0.00336393
0.1375 0.235431 0.00383812
0.1625 0.234759 0.00386911
0.1875 0.236172 0.00292747
0.2125 0.241828 0.00378621
0.2375 0.243741 0.00332551
0.2625 0.239759 0.00325311
0.2875 0.244466 0.00350585
0.3125 0.245431 0.00320355
0.3375 0.249431 0.00364338
0.3625 0.252034 0.0036615
0.3875 0.250759 0.00410414
0.4125 0.251241 0.00400449
0.4375 0.26069 0.00381903
0.4625 0.259638 0.0031917
0.4875 0.257655 0.00323501
0.5125 0.266121 0.0032487
0.5375 0.267638 0.00360541
0.5625 0.268155 0.00324544
0.5875 0.269448 0.0030253
0.6125 0.274328 0.00336171
0.6375 0.274259 0.00322651
0.6625 0.275517 0.00313964
0.6875 0.282138 0.00369292
0.7125 0.283121 0.0041066
0.7375 0.289862 0.00327454
0.7625 0.287793 0.0040725
0.7875 0.295086 0.00475655
0.8125 0.300655 0.00420399
0.8375 0.302759 0.00377944
0.8625 0.301621 0.00410331
0.8875 0.303724 0.00419668
0.9125 0.304534 0.00441388
0.9375 0.308517 0.00504811
0.9625 0.314448 0.00353653
0.9875 0.314259 0.00384404
1.0125 0.318586 0.00396281
1.0375 0.316552 0.00285521
1.0625 0.314914 0.00360067
1.0875 0.31419 0.00389657
1.1125 0.320483 0.00479827
1.1375 0.318776 0.00420283
1.1625 0.312207 0.0037173
1.1875 0.313603 0.0032837
1.2125 0.309621 0.00369866
1.2375 0.304552 0.00435116
1.2625 0.299517 0.00344934
1.2875 0.299 0.00361213
1.3125 0.298052 0.00447979
1.3375 0.289966 0.00486915
1.3625 0.285052 0.00513001
1.3875 0.276793 0.00450275
1.4125 0.268897 0.00436718
1.4375 0.26231 0.00373562
1.4625 0.254034 0.00521831
1.4875 0.243948 0.00390192
1.5125 0.23531 0.00378034
1.5375 0.2295 0.00350212
1.5625 0.217034 0.00400708
1.5875 0.210379 0.00308249
1.6125 0.19619 0.00410602
1.6375 0.192534 0.00320896
1.6625 0.178155 0.00308724
1.6875 0.174293 0.00383437
1.7125 0.161345 0.00310286
1.7375 0.15581 0.00319838
1.7625 0.142121 0.00272646
1.7875 0.129517 0.00257785
1.8125 0.12369 0.00247197
1.8375 0.113207 0.00221686
1.8625 0.103759 0.00290269
1.8875 0.0957931 0.00220832
1.9125 0.0862069 0.00228277
1.9375 0.0770172 0.00207589
1.9625 0.0698448 0.00209828
1.9875 0.0668793 0.00214909
2.0125 0.0579483 0.00233879
2.0375 0.0514483 0.00171595
2.0625 0.0471897 0.00186594
2.0875 0.0406207 0.00183012
2.1125 0.0352931 0.00148362
2.1375 0.0314483 0.0015669
2.1625 0.0248966 0.00110818
2.1875 0.0222759 0.00119163
2.2125 0.0187759 0.00100902
2.2375 0.0159138 0.00107376
2.2625 0.0138621 0.000839214
2.2875 0.0116552 0.000722741
2.3125 0.00872414 0.000727455
2.3375 0.00858621 0.000595215
2.3625 0.00693103 0.000603153
2.3875 0.00589655 0.000440854
2.4125 0.00434483 0.000458374
2.4375 0.00413793 0.000510298
2.4625 0.00287931 0.000356922
2.4875 0.00210345 0.0002884
2.5125 0.00205172 0.000317424
2.5375 0.0015 0.000258362
2.5625 0.00101724 0.000188042
2.5875 0.000982759 0.000171159
2.6125 0.000637931 0.000154741
2.6375 0.000724138 0.000244925
2.6625 0.000396552 0.000234223
2.6875 0.000310345 0.000172241
2.7125 0.00037931 0.000211022
2.7375 0.000310345 0.000233746
2.7625 0.000396552 0.000286721
2.7875 0.000155172 0.000120628
2.8125 0.00012069 0.000101344
2.8375 0.000137931 0.000117949
2.8625 0.000137931 0.000134439
2.8875 5.17241e-05 3.67771e-05
2.9125 1.72414e-05 1.68048e-05
2.9375 0.000103448 7.35542e-05
2.9625 0 0
2.9875 1.72414e-05 1.68048e-05
3.0125 0 0
3.0375 0 0
3.0625 0 0
3.0875 0 0
3.1125 0 0
3.1375 0 0
3.1625 0 0
3.1875 0 0
3.2125 0 0
3.2375 0 0
3.2625 0 0
3.2875 0 0
3.3125 0 0
3.3375 0 0
3.3625 0 0
3.3875 0 0
3.4125 0 0
3.4375 0 0
3.4625 0 0
3.4875 0 0
3.5125 0 0
3.5375 0 0
3.5625 0 0
3.5875 0 0
3.6125 0 0
3.6375 0 0
3.6625 0 0
3.6875 0 0
3.7125 0 0
3.7375 0 0
3.7625 0 0
3.7875 0 0
3.8125 0 0
3.8375 0 0
3.8625 0 0
3.8875 0 0
3.9125 0 0
3.9375 0 0
3.9625 0 0
3.9875 0 0
4.0125 0 0
4.0375 0 0
4.0625 0 0
4.0875 0 0
4.1125 0 0
4.1375 0 0
4.1625 0 0
4.1875 0 0
4.2125 0 0
4.2375 0 0
4.2625 0 0
4.2875 0 0
4.3125 0 0
4.3375 0 0
4.3625 0 0
4.3875 0 0
4.4125 0 0
4.4375 0 0
4.4625 0 0
4.4875 0 0
4.5125 0 0
4.5375 0 0
4.5625 0 0
4.5875 0 0
4.6125 0 0
4.6375 0 0
4.6625 0 0
4.6875 0 0
4.7125 0 0
4.7375 0 0
4.7625 0 0
4.7875 0 0
4.8125 0 0
4.8375 0 0
4.8625 0 0
4.8875 0 0
4.9125 0 0
4.9375 0 0
4.9625 0 0
4.9875 0 0
