-4.9875 0 0
-4.9625 0 0
-4.9375 0 0
-4.9125 0 0
-4.8875 0 0
-4.8625 0 0
-4.8375 0 0
-4.8125 0 0
-4.7875 0 0
-4.7625 0 0
-4.7375 0 0
-4.7125 0 0
-4.6875 0 0
-4.6625 0 0
-4.6375 0 0
-4.6125 0 0
-4.5875 0 0
-4.5625 0 0
-4.5375 0 0
-4.5125 0 0
-4.4875 0 0
-4.4625 0 0
-4.4375 0 0
-4.4125 0 0
-4.3875 0 0
-4.3625 0 0
-4.3375 0 0
-4.3125 0 0
-4.2875 0 0
-4.2625 0 0
-4.2375 0 0
-4.2125 0 0
-4.1875 0 0
-4.1625 0 0
-4.1375 0 0
-4.1125 0 0
-4.0875 0 0
-4.0625 0 0
-4.0375 0 0
-4.0125 0 0
-3.9875 0 0
-3.9625 0 0
-3.9375 0 0
-3.9125 0 0
-3.8875 0 0
-3.8625 0 0
-3.8375 0 0
-3.8125 0 0
-3.7875 0 0
-3.7625 0 0
-3.7375 0 0
-3.7125 0 0
-3.6875 0 0
-3.6625 0 0
-3.6375 0 0
-3.6125 0 0
-3.5875 0 0
-3.5625 0 0
-3.5375 0 0
-3.5125 0 0
-3.4875 0 0
-3.4625 0 0
-3.4375 0 0
-3.4125 0 0
-3.3875 0 0
-3.3625 0 0
-3.3375 0 0
-3.3125 0 0
-3.2875 0 0
-3.2625 0 0
-3.2375 0 0
-3.2125 0 0
-3.1875 0 0
-3.1625 0 0
-3.1375 0 0
-3.1125 0 0
-3.0875 0 0
-3.0625 0 0
-3.0375 0 0
-3.0125 0 0
-2.9875 0 0
-2.9625 0 0
-2.9375 0 0
-2.9125 0 0
-2.8875 0 0
-2.8625 0 0
-2.8375 0 0
-2.8125 0 0
-2.7875 0 0
-2.7625 1.72414e-05 1.68048e-05
-2.7375 0 0
-2.7125 5.17241e-05 3.67771e-05
-2.6875 6.89655e-05 3.08423e-05
-2.6625 6.89655e-05 5.22957e-05
-2.6375 0.000241379 0.000103735
-2.6125 0.000155172 7.50545e-05
-2.5875 0.00012069 4.41258e-05
-2.5625 0.00037931 0.000100238
-2.5375 0.000258621 5.91005e-05
-2.5125 0.000637931 0.000138522
-2.4875 0.000672414 0.000178305
-2.4625 0.001 0.000159704
-2.4375 0.00163793 0.000295502
-2.4125 0.00168966 0.000260225
-2.3875 0.00215517 0.000288375
-2.3625 0.0027069 0.000282543
-2.3375 0.00353448 0.000339506
-2.3125 0.00344828 0.000415227
-2.2875 0.00493103 0.000444346
-2.2625 0.00563793 0.000411831
-2.2375 0.00696552 0.000583971
-2.2125 0.00843103 0.000533355
-2.1875 0.0102931 0.000714748
-2.1625 0.0133276 0.000666542
-2.1375 0.0152241 0.000720135
-2.1125 0.018569 0.000760294
-2.0875 0.0210172 0.000813265
-2.0625 0.0252586 0.000797915
-2.0375 0.028569 0.000974794
-2.0125 0.0347241 0.00105387
-1.9875 0.0395345 0.000950397
-1.9625 0.0456034 0.00125871
-1.9375 0.0537414 0.00127476
-1.9125 0.0590172 0.00187341
-1.8875 0.0665345 0.00192463
-1.8625 0.075931 0.00178139
-1.8375 0.083 0.00198045
-1.8125 0.0946552 0.00177285
-1.7875 0.103086 0.00228726
-1.7625 0.112172 0.00242658
-1.7375 0.125224 0.00259816
-1.7125 0.134017 0.0021846
-1.6875 0.148086 0.00235185
-1.6625 0.157879 0.00300814
-1.6375 0.168534 0.00227153
-1.6125 0.186448 0.00285136
-1.5875 0.200379 0.00294297
-1.5625 0.208948 0.00262222
-1.5375 0.219776 0.00360384
-1.5125 0.229431 0.00332855
-1.4875 0.244672 0.00346054
-1.4625 0.254828 0.00292769
-1.4375 0.268517 0.00320709
-1.4125 0.278603 0.00287714
-1.3875 0.28581 0.00335009
-1.3625 0.288707 0.00345756
-1.3375 0.299483 0.00410703
-1.3125 0.305914 0.00357677
-1.2875 0.313741 0.00377104
-1.2625 0.323552 0.00338081
-1.2375 0.322103 0.00360414
-1.2125 0.329948 0.00382582
-1.1875 0.337017 0.00496464
-1.1625 0.337276 0.00383495
-1.1375 0.339017 0.00364461
-1.1125 0.341897 0.00442425
-1.0875 0.345086 0.00419911
-1.0625 0.343569 0.00374319
-1.0375 0.341448 0.00409021
-1.0125 0.344414 0.00410197
-0.9875 0.342034 0.00509901
-0.9625 0.338276 0.00457498
-0.9375 0.339828 0.00473247
-0.9125 0.331724 0.00398496
-0.8875 0.328362 0.0036718
-0.8625 0.324672 0.00418831
-0.8375 0.323276 0.00433205
-0.8125 0.320603 0.00479353
-0.7875 0.316862 0.00421557
-0.7625 0.314759 0.00415418
-0.7375 0.309052 0.00332735
-0.7125 0.3045 0.0037566
-0.6875 0.301655 0.00305718
-0.6625 0.295466 0.00381742
-0.6375 0.292603 0.00390687
-0.6125 0.289845 0.00345546
-0.5875 0.284034 0.00467042
-0.5625 0.282 0.00404505
-0.5375 0.277448 0.0043754
-0.5125 0.271328 0.00344554
-0.4875 0.266276 0.00402398
-0.4625 0.269724 0.00440102
-0.4375 0.260086 0.00431206
-0.4125 0.256448 0.00325128
-0.3875 0.253293 0.00313703
-0.3625 0.250603 0.00375204
-0.3375 0.250034 0.00270968
-0.3125 0.247983 0.00319466
-0.2875 0.241793 0.00346089
-0.2625 0.244483 0.00338924
-0.2375 0.244534 0.00357519
-0.2125 0.241172 0.00258372
-0.1875 0.232362 0.00337079
-0.1625 0.236017 0.00226519
-0.1375 0.23431 0.00278602
-0.1125 0.233966 0.00310522
-0.0875 0.233672 0.00270193
-0.0625 0.233345 0.00185665
-0.0375 0.23019 0.00228336
-0.0125 0.230862 0.00318583
0.0125 0.233155 0.00310041
0.0375 0.232776 0.00269302
0.0625 0.229759 0.00296342
0.0875 0.233672 0.00275994
0.1125 0.231086 0.00243443
0.1375 0.235431 0.0019123
0.1625 0.230086 0.00264787
0.1875 0.239259 0.00259794
0.2125 0.237914 0.00284075
0.2375 0.239069 0.00284489
0.2625 0.242517 0.00287017
0.2875 0.24031 0.00345266
0.3125 0.248534 0.00262249
0.3375 0.250655 0.0033026
0.3625 0.248707 0.00304367
0.3875 0.255776 0.00308672
0.4125 0.256983 0.00327258
0.4375 0.261793 0.00248582
0.4625 0.259983 0.00301379
0.4875 0.267138 0.00387038
0.5125 0.274483 0.00309241
0.5375 0.275207 0.00372828
0.5625 0.279103 0.00311238
0.5875 0.282793 0.00229017
0.6125 0.288552 0.00377713
0.6375 0.292862 0.00289718
0.6625 0.29531 0.00287713
0.6875 0.300655 0.00314398
0.7125 0.305414 0.00299932
0.7375 0.312931 0.00410001
0.7625 0.31519 0.00223706
0.7875 0.318414 0.00275662
0.8125 0.322724 0.00408085
0.8375 0.324897 0.00381113
0.8625 0.32519 0.00343406
0.8875 0.331569 0.00310493
0.9125 0.336 0.00428415
0.9375 0.335155 0.00445398
0.9625 0.340431 0.00372764
0.9875 0.344293 0.00417651
1.0125 0.340121 0.00378552
1.0375 0.341914 0.00449927
1.0625 0.340293 0.00353993
1.0875 0.341 0.00522536
1.1125 0.338897 0.00381004
1.1375 0.337828 0.00338204
1.1625 0.335879 0.00477237
1.1875 0.332086 0.00408591
1.2125 0.327362 0.00431202
1.2375 0.322431 0.00374757
1.2625 0.316638 0.00418855
1.2875 0.309483 0.00424982
1.3125 0.304241 0.0037267
1.3375 0.295397 0.00428602
1.3625 0.287069 0.00455045
1.3875 0.273517 0.00373319
1.4125 0.267897 0.00417219
1.4375 0.263276 0.00318975
1.4625 0.25119 0.0033486
1.4875 0.240414 0.00320101
1.5125 0.227966 0.00323908
1.5375 0.219345 0.00291526
1.5625 0.206034 0.00213173
1.5875 0.190983 0.00279004
1.6125 0.176983 0.00237679
1.6375 0.169586 0.00247456
1.6625 0.156155 0.00270555
1.6875 0.143431 0.00220319
1.7125 0.134621 0.00224263
1.7375 0.122379 0.00240057
1.7625 0.113655 0.00246176
1.7875 0.103724 0.00253168
1.8125 0.0923103 0.00194057
1.8375 0.083431 0.00247862
1.8625 0.0754828 0.00249576
1.8875 0.0680517 0.00177231
1.9125 0.0612586 0.00239317
1.9375 0.0536034 0.0024243
1.9625 0.0473103 0.00209489
1.9875 0.0392931 0.00199412
2.0125 0.0344655 0.00171731
2.0375 0.0294655 0.00181935
2.0625 0.0268793 0.00168481
2.0875 0.0241034 0.00168523
2.1125 0.0189828 0.00111403
2.1375 0.0156724 0.00105143
2.1625 0.0130345 0.000972756
2.1875 0.012431 0.000922849
2.2125 0.00924138 0.000873578
2.2375 0.00791379 0.000706465
2.2625 0.00603448 0.000592512
2.2875 0.00501724 0.000481819
2.3125 0.00444828 0.000454139
2.3375 0.00355172 0.000397001
2.3625 0.00213793 0.000263291
2.3875 0.00186207 0.000279502
2.4125 0.00165517 0.000250564
2.4375 0.0012931 0.000257901
2.4625 0.00141379 0.000237531
2.4875 0.000603448 0.000126404
2.5125 0.000568966 0.00015085
2.5375 0.000413793 0.000110668
2.5625 0.000327586 8.61206e-05
2.5875 0.000362069 0.000130112
2.6125 0.000258621 0.000103088
2.6375 0.000137931 6.16846e-05
2.6625 0.000172414 5.71832e-05
2.6875 0.000103448 6.02215e-05
2.7125 3.44828e-05 3.36096e-05
2.7375 8.62069e-05 4.7998e-05
2.7625 3.44828e-05 2.31317e-05
2.7875 3.44828e-05 2.31317e-05
2.8125 3.44828e-05 2.31317e-05
2.8375 0 0
2.8625 1.72414e-05 1.68048e-05
2.8875 0 0
2.9125 0 0
2.9375 1.72414e-05 1.68048e-05
2.9625 0 0
2.9875 0 0
3.0125 0 0
3.0375 0 0
3.0625 0 0
3.0875 0 0
3.1125 0 0
3.1375 0 0
3.1625 0 0
3.1875 0 0
3.2125 0 0
3.2375 0 0
3.2625 0 0
3.2875 0 0
3.3125 0 0
3.3375 0 0
3.3625 0 0
3.3875 0 0
3.4125 0 0
3.4375 0 0
3.4625 0 0
3.4875 0 0
3.5125 0 0
3.5375 0 0
3.5625 0 0
3.5875 0 0
3.6125 0 0
3.6375 0 0
3.6625 0 0
3.6875 0 0
3.7125 0 0
3.7375 0 0
3.7625 0 0
3.7875 0 0
3.8125 0 0
3.8375 0 0
3.8625 0 0
3.8875 0 0
3.9125 0 0
3.9375 0 0
3.9625 0 0
3.9875 0 0
4.0125 0 0
4.0375 0 0
4.0625 0 0
4.0875 0 0
4.1125 0 0
4.1375 0 0
4.1625 0 0
4.1875 0 0
4.2125 0 0
4.2375 0 0
4.2625 0 0
4.2875 0 0
4.3125 0 0
4.3375 0 0
4.3625 0 0
4.3875 0 0
4.4125 0 0
4.4375 0 0
4.4625 0 0
4.4875 0 0
4.5125 0 0
4.5375 0 0
4.5625 0 0
4.5875 0 0
4.6125 0 0
4.6375 0 0
4.6625 0 0
4.6875 0 0
4.7125 0 0
4.7375 0 0
4.7625 0 0
4.7875 0 0
4.8125 0 0
4.8375 0 0
4.8625 0 0
4.8875 0 0
4.9125 0 0
4.9375 0 0
4.9625 0 0
4.9875 0 0
