-4.9875 0 0
-4.9625 0 0
-4.9375 0 0
-4.9125 0 0
-4.8875 0 0
-4.8625 0 0
-4.8375 0 0
-4.8125 0 0
-4.7875 0 0
-4.7625 0 0
-4.7375 0 0
-4.7125 0 0
-4.6875 0 0
-4.6625 0 0
-4.6375 0 0
-4.6125 0 0
-4.5875 0 0
-4.5625 0 0
-4.5375 0 0
-4.5125 0 0
-4.4875 0 0
-4.4625 0 0
-4.4375 0 0
-4.4125 0 0
-4.3875 0 0
-4.3625 0 0
-4.3375 0 0
-4.3125 0 0
-4.2875 0 0
-4.2625 0 0
-4.2375 0 0
-4.2125 0 0
-4.1875 0 0
-4.1625 0 0
-4.1375 0 0
-4.1125 0 0
-4.0875 0 0
-4.0625 0 0
-4.0375 0 0
-4.0125 0 0
-3.9875 0 0
-3.9625 0 0
-3.9375 0 0
-3.9125 0 0
-3.8875 0 0
-3.8625 0 0
-3.8375 0 0
-3.8125 0 0
-3.7875 0 0
-3.7625 0 0
-3.7375 0 0
-3.7125 0 0
-3.6875 0 0
-3.6625 0 0
-3.6375 0 0
-3.6125 0 0
-3.5875 0 0
-3.5625 0 0
-3.5375 0 0
-3.5125 0 0
-3.4875 0 0
-3.4625 0 0
-3.4375 0 0
-3.4125 0 0
-3.3875 0 0
-3.3625 0 0
-3.3375 0 0
-3.3125 0 0
-3.2875 0 0
-3.2625 1.72414e-05 1.68048e-05
-3.2375 3.44828e-05 2.31317e-05
-3.2125 5.17241e-05 5.04145e-05
-3.1875 6.89655e-05 4.62635e-05
-3.1625 5.17241e-05 3.67771e-05
-3.1375 0.000155172 0.000134604
-3.1125 1.72414e-05 1.68048e-05
-3.0875 0.00012069 8.18739e-05
-3.0625 0.000172414 0.000104875
-3.0375 0.000155172 7.50545e-05
-3.0125 0.00012069 5.04145e-05
-2.9875 0.000344828 0.000163566
-2.9625 0.000396552 0.00016765
-2.9375 0.000327586 0.000107603
-2.9125 0.000603448 0.000252072
-2.8875 0.000568966 0.000172887
-2.8625 0.000724138 0.000242485
-2.8375 0.00110345 0.000216171
-2.8125 0.00101724 0.000206141
-2.7875 0.00118966 0.00020029
-2.7625 0.00205172 0.000346955
-2.7375 0.00239655 0.00041053
-2.7125 0.00253448 0.000304812
-2.6875 0.00336207 0.00038927
-2.6625 0.0042069 0.00052273
-2.6375 0.00493103 0.000502727
-2.6125 0.00551724 0.00044361
-2.5875 0.00753448 0.000634555
-2.5625 0.00901724 0.000857323
-2.5375 0.0108621 0.00088906
-2.5125 0.0126207 0.000986954
-2.4875 0.0149655 0.000954805
-2.4625 0.0183793 0.00139284
-2.4375 0.0202586 0.00137842
-2.4125 0.021931 0.00167949
-2.3875 0.0238448 0.00171034
-2.3625 0.0264138 0.00197659
-2.3375 0.0309138 0.00172643
-2.3125 0.0331724 0.00221464
-2.2875 0.0364483 0.00223116
-2.2625 0.0412414 0.00197779
-2.2375 0.0446552 0.00209885
-2.2125 0.0497759 0.00181211
-2.1875 0.0541724 0.00224481
-2.1625 0.0596897 0.00248466
-2.1375 0.0639655 0.00211423
-2.1125 0.0696034 0.0018723
-2.0875 0.0761897 0.00199233
-2.0625 0.0830345 0.00232069
-2.0375 0.0912069 0.00268617
-2.0125 0.0989655 0.00242816
-1.9875 0.105103 0.00295895
-1.9625 0.116431 0.00320924
-1.9375 0.125741 0.00355593
-1.9125 0.12881 0.00320369
-1.8875 0.140466 0.00437206
-1.8625 0.144276 0.00361522
-1.8375 0.157034 0.00358823
-1.8125 0.160259 0.00285717
-1.7875 0.172707 0.00358714
-1.7625 0.180379 0.00327386
-1.7375 0.184828 0.0029858
-1.7125 0.194724 0.00411069
-1.6875 0.198224 0.00336744
-1.6625 0.203207 0.00309444
-1.6375 0.210759 0.0036562
-1.6125 0.2175 0.00278488
-1.5875 0.222 0.00295564
-1.5625 0.227724 0.00365618
-1.5375 0.232259 0.00351322
-1.5125 0.236948 0.00424112
-1.4875 0.24281 0.00419354
-1.4625 0.250948 0.00423653
-1.4375 0.252345 0.00391813
-1.4125 0.256155 0.00369596
-1.3875 0.260328 0.00409006
-1.3625 0.26619 0.00376987
-1.3375 0.268466 0.00375011
-1.3125 0.271172 0.00318732
-1.2875 0.271466 0.00338378
-1.2625 0.273983 0.00428922
-1.2375 0.278103 0.00335091
-1.2125 0.278603 0.00380464
-1.1875 0.278534 0.00332896
-1.1625 0.281655 0.00318089
-1.1375 0.279293 0.00414851
-1.1125 0.283931 0.00281351
-1.0875 0.281345 0.00349935
-1.0625 0.282655 0.00331035
-1.0375 0.278603 0.00442526
-1.0125 0.279138 0.00505061
-0.9875 0.274414 0.00435013
-0.9625 0.280034 0.00460606
-0.9375 0.273224 0.00433107
-0.9125 0.274172 0.00493976
-0.8875 0.27569 0.00501291
-0.8625 0.278966 0.00428003
-0.8375 0.273914 0.00477417
-0.8125 0.270638 0.00526877
-0.7875 0.267638 0.0041167
-0.7625 0.268121 0.00446285
-0.7375 0.266103 0.00378032
-0.7125 0.266517 0.00457679
-0.6875 0.262845 0.00342803
-0.6625 0.261431 0.00425805
-0.6375 0.256155 0.00378339
-0.6125 0.256241 0.00401616
-0.5875 0.252 0.00361384
-0.5625 0.251948 0.00419914
-0.5375 0.253793 0.00358828
-0.5125 0.245276 0.00330145
-0.4875 0.243966 0.00274528
-0.4625 0.240086 0.00384169
-0.4375 0.244431 0.00288527
-0.4125 0.240259 0.0040626
-0.3875 0.240155 0.00298286
-0.3625 0.237414 0.00340512
-0.3375 0.237707 0.00363374
-0.3125 0.232879 0.00302971
-0.2875 0.236741 0.00316101
-0.2625 0.23481 0.00382708
-0.2375 0.231466 0.00377629
-0.2125 0.236879 0.00387686
-0.1875 0.233483 0.00388064
-0.1625 0.232224 0.00330068
-0.1375 0.235862 0.00391922
-0.1125 0.237379 0.00281625
-0.0875 0.237897 0.00352205
-0.0625 0.236379 0.00365066
-0.0375 0.234638 0.00312278
-0.0125 0.24019 0.00321647
0.0125 0.235672 0.00324967
0.0375 0.234534 0.00299943
0.0625 0.232931 0.00359312
0.0875 0.241862 0.00342391
0.1125 0.23069 0.00329071
0.1375 0.236 0.00412342
0.1625 0.23331 0.00386641
0.1875 0.239034 0.00448127
0.2125 0.238155 0.00366932
0.2375 0.239172 0.00279102
0.2625 0.242155 0.0041017
0.2875 0.240397 0.00396606
0.3125 0.237845 0.00400133
0.3375 0.239138 0.0036583
0.3625 0.236379 0.00308986
0.3875 0.237552 0.00353267
0.4125 0.244052 0.00312463
0.4375 0.248172 0.00310824
0.4625 0.246086 0.00201426
0.4875 0.24681 0.00338484
0.5125 0.24581 0.00358896
0.5375 0.244379 0.00343888
0.5625 0.246638 0.00332208
0.5875 0.24831 0.00241021
0.6125 0.246379 0.00329536
0.6375 0.253052 0.003982
0.6625 0.250897 0.00312411
0.6875 0.255138 0.00304894
0.7125 0.255052 0.00297605
0.7375 0.25931 0.00368941
0.7625 0.260155 0.00379651
0.7875 0.26131 0.00360214
0.8125 0.262983 0.00404613
0.8375 0.262879 0.00300102
0.8625 0.265655 0.00412911
0.8875 0.260466 0.0038404
0.9125 0.261052 0.00282469
0.9375 0.261293 0.00326476
0.9625 0.26519 0.00302226
0.9875 0.268207 0.00343753
1.0125 0.270086 0.00255857
1.0375 0.275224 0.00361619
1.0625 0.274121 0.00439581
1.0875 0.270862 0.00376577
1.1125 0.275052 0.00368549
1.1375 0.273966 0.00433177
1.1625 0.272948 0.00467871
1.1875 0.272672 0.00385605
1.2125 0.272552 0.00340947
1.2375 0.275379 0.0038287
1.2625 0.273017 0.00421113
1.2875 0.269793 0.0047574
1.3125 0.268069 0.00421391
1.3375 0.262534 0.00458324
1.3625 0.262655 0.00482765
1.3875 0.262034 0.00412252
1.4125 0.260414 0.00451182
1.4375 0.26169 0.00515808
1.4625 0.254448 0.00503879
1.4875 0.245879 0.00459537
1.5125 0.245448 0.00503334
1.5375 0.235276 0.00401003
1.5625 0.229586 0.00433377
1.5875 0.227034 0.0045661
1.6125 0.220345 0.00367488
1.6375 0.210017 0.00429366
1.6625 0.206328 0.00380627
1.6875 0.20231 0.00438366
1.7125 0.194241 0.00483799
1.7375 0.186569 0.00446285
1.7625 0.178655 0.00429445
1.7875 0.170879 0.00449233
1.8125 0.165948 0.00404323
1.8375 0.155069 0.00410939
1.8625 0.146293 0.0038247
1.8875 0.143052 0.00424056
1.9125 0.133707 0.0038542
1.9375 0.125448 0.00323978
1.9625 0.117793 0.00347758
1.9875 0.111103 0.00309247
2.0125 0.101862 0.00308128
2.0375 0.0972069 0.00305857
2.0625 0.0916897 0.00318829
2.0875 0.0822069 0.0033093
2.1125 0.0778276 0.00267548
2.1375 0.0698966 0.00281759
2.1625 0.0647414 0.00305049
2.1875 0.0575345 0.00212528
2.2125 0.0526207 0.00234855
2.2375 0.0454655 0.0018456
2.2625 0.0421034 0.0019264
2.2875 0.0370862 0.00182473
2.3125 0.0335517 0.00143137
2.3375 0.0282241 0.00138561
2.3625 0.0262759 0.00135684
2.3875 0.0241207 0.00124245
2.4125 0.0199655 0.000732261
2.4375 0.018 0.00107854
2.4625 0.0164655 0.000918134
2.4875 0.0123793 0.000862724
2.5125 0.0103103 0.000953715
2.5375 0.00931034 0.000904146
2.5625 0.00775862 0.000758033
2.5875 0.00668966 0.000761124
2.6125 0.00515517 0.000695866
2.6375 0.00451724 0.000591206
2.6625 0.00418966 0.00071558
2.6875 0.00351724 0.000671573
2.7125 0.00282759 0.000512391
2.7375 0.00310345 0.000634427
2.7625 0.00237931 0.000458698
2.7875 0.00208621 0.00046995
2.8125 0.00137931 0.000323477
2.8375 0.00110345 0.000328583
2.8625 0.00110345 0.000307071
2.8875 0.00087931 0.000258592
2.9125 0.000413793 0.000171723
2.9375 0.000413793 0.000143425
2.9625 0.000344828 0.000172414
2.9875 0.000172414 6.67756e-05
3.0125 0.000137931 7.47568e-05
3.0375 8.62069e-05 5.91005e-05
3.0625 0.000103448 6.93952e-05
3.0875 1.72414e-05 1.68048e-05
3.1125 0 0
3.1375 0 0
3.1625 0 0
3.1875 0 0
3.2125 0 0
3.2375 0 0
3.2625 0 0
3.2875 0 0
3.3125 0 0
3.3375 0 0
3.3625 0 0
3.3875 0 0
3.4125 0 0
3.4375 0 0
3.4625 0 0
3.4875 0 0
3.5125 0 0
3.5375 0 0
3.5625 0 0
3.5875 0 0
3.6125 0 0
3.6375 0 0
3.6625 0 0
3.6875 0 0
3.7125 0 0
3.7375 0 0
3.7625 0 0
3.7875 0 0
3.8125 0 0
3.8375 0 0
3.8625 0 0
3.8875 0 0
3.9125 0 0
3.9375 0 0
3.9625 0 0
3.9875 0 0
4.0125 0 0
4.0375 0 0
4.0625 0 0
4.0875 0 0
4.1125 0 0
4.1375 0 0
4.1625 0 0
4.1875 0 0
4.2125 0 0
4.2375 0 0
4.2625 0 0
4.2875 0 0
4.3125 0 0
4.3375 0 0
4.3625 0 0
4.3875 0 0
4.4125 0 0
4.4375 0 0
4.4625 0 0
4.4875 0 0
4.5125 0 0
4.5375 0 0
4.5625 0 0
4.5875 0 0
4.6125 0 0
4.6375 0 0
4.6625 0 0
4.6875 0 0
4.7125 0 0
4.7375 0 0
4.7625 0 0
4.7875 0 0
4.8125 0 0
4.8375 0 0
4.8625 0 0
4.8875 0 0
4.9125 0 0
4.9375 0 0
4.9625 0 0
4.9875 0 0
