-4.9875 0 0
-4.9625 0 0
-4.9375 0 0
-4.9125 0 0
-4.8875 0 0
-4.8625 0 0
-4.8375 0 0
-4.8125 0 0
-4.7875 0 0
-4.7625 0 0
-4.7375 0 0
-4.7125 0 0
-4.6875 0 0
-4.6625 0 0
-4.6375 0 0
-4.6125 0 0
-4.5875 0 0
-4.5625 0 0
-4.5375 0 0
-4.5125 0 0
-4.4875 0 0
-4.4625 0 0
-4.4375 0 0
-4.4125 0 0
-4.3875 0 0
-4.3625 0 0
-4.3375 0 0
-4.3125 0 0
-4.2875 0 0
-4.2625 0 0
-4.2375 0 0
-4.2125 0 0
-4.1875 0 0
-4.1625 0 0
-4.1375 0 0
-4.1125 0 0
-4.0875 0 0
-4.0625 0 0
-4.0375 0 0
-4.0125 0 0
-3.9875 0 0
-3.9625 0 0
-3.9375 0 0
-3.9125 0 0
-3.8875 0 0
-3.8625 0 0
-3.8375 0 0
-3.8125 0 0
-3.7875 0 0
-3.7625 0 0
-3.7375 0 0
-3.7125 0 0
-3.6875 0 0
-3.6625 0 0
-3.6375 0 0
-3.6125 0 0
-3.5875 0 0
-3.5625 0 0
-3.5375 0 0
-3.5125 0 0
-3.4875 0 0
-3.4625 0 0
-3.4375 0 0
-3.4125 0 0
-3.3875 0 0
-3.3625 0 0
-3.3375 0 0
-3.3125 0 0
-3.2875 0 0
-3.2625 0 0
-3.2375 0 0
-3.2125 0 0
-3.1875 0 0
-3.1625 0 0
-3.1375 0 0
-3.1125 0 0
-3.0875 0 0
-3.0625 0 0
-3.0375 0 0
-3.0125 0 0
-2.9875 0 0
-2.9625 0 0
-2.9375 0 0
-2.9125 0 0
-2.8875 0 0
-2.8625 0 0
-2.8375 0 0
-2.8125 0 0
-2.7875 0 0
-2.7625 0 0
-2.7375 0 0
-2.7125 0 0
-2.6875 0 0
-2.6625 0 0
-2.6375 0 0
-2.6125 0 0
-2.5875 3.44828e-05 2.31317e-05
-2.5625 3.44828e-05 3.36096e-05
-2.5375 5.17241e-05 2.75323e-05
-2.5125 5.17241e-05 2.75323e-05
-2.4875 6.89655e-05 3.93164e-05
-2.4625 0.000172414 6.67756e-05
-2.4375 0.000172414 8.62069e-05
-2.4125 0.000206897 5.6661e-05
-2.3875 0.000206897 5.11462e-05
-2.3625 0.00037931 8.41125e-05
-2.3375 0.000534483 0.000123068
-2.3125 0.000775862 0.000103088
-2.2875 0.00087931 0.000127807
-2.2625 0.00125862 0.000172887
-2.2375 0.00162069 0.000170855
-2.2125 0.00182759 0.000219582
-2.1875 0.00284483 0.000275727
-2.1625 0.00317241 0.000361329
-2.1375 0.004 0.00040464
-2.1125 0.00544828 0.000437945
-2.0875 0.00712069 0.000481078
-2.0625 0.00831034 0.000533035
-2.0375 0.0104483 0.000422396
-2.0125 0.0133103 0.000547614
-1.9875 0.0148621 0.000650574
-1.9625 0.0186724 0.000853501
-1.9375 0.0232241 0.000956011
-1.9125 0.0273103 0.000919016
-1.8875 0.0305517 0.000887353
-1.8625 0.0359828 0.000852106
-1.8375 0.0422931 0.00115794
-1.8125 0.0511207 0.00113842
-1.7875 0.056431 0.00126022
-1.7625 0.0633276 0.00141217
-1.7375 0.0733793 0.00177822
-1.7125 0.0835862 0.00176611
-1.6875 0.0931552 0.00162404
-1.6625 0.103776 0.00196529
-1.6375 0.119948 0.00177482
-1.6125 0.128983 0.0025089
-1.5875 0.144276 0.0025013
-1.5625 0.157586 0.00212804
-1.5375 0.170569 0.00272537
-1.5125 0.186293 0.00232393
-1.4875 0.200655 0.00355581
-1.4625 0.21619 0.00334042
-1.4375 0.231828 0.00377142
-1.4125 0.244948 0.00296374
-1.3875 0.257724 0.00317985
-1.3625 0.277207 0.0035881
-1.3375 0.293259 0.00418965
-1.3125 0.30731 0.00400443
-1.2875 0.322845 0.00399337
-1.2625 0.32581 0.00395127
-1.2375 0.3375 0.00435719
-1.2125 0.349828 0.00340398
-1.1875 0.354155 0.00368776
-1.1625 0.367862 0.00505232
-1.1375 0.3745 0.0046267
-1.1125 0.380086 0.00456521
-1.0875 0.390948 0.00369061
-1.0625 0.391931 0.00507532
-1.0375 0.399586 0.00477475
-1.0125 0.398052 0.00449516
-0.9875 0.398638 0.00342227
-0.9625 0.393948 0.00365432
-0.9375 0.398655 0.00422205
-0.9125 0.397259 0.00473755
-0.8875 0.397069 0.0042958
-0.8625 0.394431 0.00483111
-0.8375 0.38369 0.00382775
-0.8125 0.379155 0.00415474
-0.7875 0.376052 0.00498985
-0.7625 0.370603 0.00433996
-0.7375 0.367017 0.00479721
-0.7125 0.361241 0.00490991
-0.6875 0.348603 0.00414328
-0.6625 0.341655 0.00444022
-0.6375 0.333276 0.00327545
-0.6125 0.324931 0.00402542
-0.5875 0.318069 0.00466604
-0.5625 0.313207 0.00351624
-0.5375 0.303379 0.0040402
-0.5125 0.298621 0.00377401
-0.4875 0.288138 0.00318041
-0.4625 0.28369 0.00366987
-0.4375 0.270983 0.00331799
-0.4125 0.266362 0.00334371
-0.3875 0.263345 0.00279705
-0.3625 0.256828 0.0038027
-0.3375 0.256431 0.00299874
-0.3125 0.246672 0.00260479
-0.2875 0.243672 0.00307857
-0.2625 0.240845 0.00185655
-0.2375 0.232776 0.00271194
-0.2125 0.228103 0.00309928
-0.1875 0.225448 0.00205087
-0.1625 0.221534 0.00242442
-0.1375 0.220483 0.00238136
-0.1125 0.217793 0.00244893
-0.0875 0.215431 0.00230878
-0.0625 0.214138 0.00212048
-0.0375 0.2115 0.00239069
-0.0125 0.210948 0.00245251
0.0125 0.211638 0.00249874
0.0375 0.212534 0.00281413
0.0625 0.21 0.00296782
0.0875 0.213586 0.00251859
0.1125 0.211241 0.00253201
0.1375 0.215603 0.00182219
0.1625 0.217224 0.00175583
0.1875 0.222724 0.0025216
0.2125 0.225397 0.00257853
0.2375 0.22831 0.00225657
0.2625 0.230931 0.00199152
0.2875 0.238328 0.00201603
0.3125 0.239172 0.00252448
0.3375 0.246724 0.00302442
0.3625 0.252103 0.00231432
0.3875 0.258603 0.00358558
0.4125 0.265103 0.00301567
0.4375 0.272155 0.00278595
0.4625 0.277414 0.00206846
0.4875 0.286069 0.00287589
0.5125 0.292879 0.00271104
0.5375 0.3025 0.00335892
0.5625 0.308431 0.0025873
0.5875 0.323 0.00252468
0.6125 0.329862 0.0028377
0.6375 0.334534 0.00318963
0.6625 0.338483 0.00256722
0.6875 0.351328 0.00317534
0.7125 0.353552 0.00269739
0.7375 0.358828 0.0033093
0.7625 0.365966 0.00257701
0.7875 0.374431 0.00288537
0.8125 0.380397 0.00447262
0.8375 0.383241 0.00479542
0.8625 0.388448 0.00406008
0.8875 0.391638 0.00419762
0.9125 0.390397 0.0038664
0.9375 0.397914 0.00395737
0.9625 0.393466 0.00445912
0.9875 0.394121 0.00417309
1.0125 0.397655 0.00450087
1.0375 0.390517 0.00451089
1.0625 0.390448 0.00438603
1.0875 0.388741 0.00431946
1.1125 0.381138 0.00501805
1.1375 0.370828 0.00454319
1.1625 0.360086 0.00502662
1.1875 0.354414 0.00351323
1.2125 0.35 0.00435699
1.2375 0.339224 0.00566751
1.2625 0.323052 0.00434108
1.2875 0.312776 0.00507649
1.3125 0.301966 0.00501206
1.3375 0.286362 0.00393704
1.3625 0.272293 0.00437892
1.3875 0.258172 0.00466749
1.4125 0.240017 0.00298853
1.4375 0.224776 0.00279515
1.4625 0.212741 0.00338998
1.4875 0.200466 0.00384999
1.5125 0.181897 0.00323353
1.5375 0.168034 0.00257262
1.5625 0.153948 0.00315338
1.5875 0.136345 0.00232898
1.6125 0.126741 0.00241582
1.6375 0.114207 0.00169433
1.6625 0.102776 0.00192324
1.6875 0.0885862 0.00233859
1.7125 0.0799483 0.00194916
1.7375 0.0715345 0.00140989
1.7625 0.0622414 0.00178171
1.7875 0.0557931 0.00103207
1.8125 0.0470517 0.00111563
1.8375 0.0407241 0.0011345
1.8625 0.0341034 0.00105494
1.8875 0.0306207 0.00110496
1.9125 0.0246552 0.000783487
1.9375 0.0207759 0.000688307
1.9625 0.0181897 0.000751089
1.9875 0.0152414 0.00065135
2.0125 0.0121034 0.000515457
2.0375 0.00943103 0.00044713
2.0625 0.00746552 0.000418277
2.0875 0.00625862 0.000451102
2.1125 0.00444828 0.0002884
2.1375 0.00348276 0.000337773
2.1625 0.00337931 0.000414224
2.1875 0.00241379 0.000328945
2.2125 0.00218966 0.000204403
2.2375 0.00168966 0.000220663
2.2625 0.000931034 0.000140282
2.2875 0.000793103 0.000131533
2.3125 0.000775862 0.000114041
2.3375 0.000568966 0.000115079
2.3625 0.000448276 0.000103735
2.3875 0.000224138 9.21245e-05
2.4125 0.000224138 6.57663e-05
2.4375 0.000258621 7.66224e-05
2.4625 0.00012069 5.60013e-05
2.4875 0.000137931 5.11462e-05
2.5125 3.44828e-05 2.31317e-05
2.5375 3.44828e-05 2.31317e-05
2.5625 3.44828e-05 2.31317e-05
2.5875 5.17241e-05 2.75323e-05
2.6125 0 0
2.6375 0 0
2.6625 3.44828e-05 2.31317e-05
2.6875 0 0
2.7125 0 0
2.7375 0 0
2.7625 0 0
2.7875 0 0
2.8125 0 0
2.8375 0 0
2.8625 0 0
2.8875 0 0
2.9125 0 0
2.9375 0 0
2.9625 0 0
2.9875 0 0
3.0125 0 0
3.0375 0 0
3.0625 0 0
3.0875 0 0
3.1125 0 0
3.1375 0 0
3.1625 0 0
3.1875 0 0
3.2125 0 0
3.2375 0 0
3.2625 0 0
3.2875 0 0
3.3125 0 0
3.3375 0 0
3.3625 0 0
3.3875 0 0
3.4125 0 0
3.4375 0 0
3.4625 0 0
3.4875 0 0
3.5125 0 0
3.5375 0 0
3.5625 0 0
3.5875 0 0
3.6125 0 0
3.6375 0 0
3.6625 0 0
3.6875 0 0
3.7125 0 0
3.7375 0 0
3.7625 0 0
3.7875 0 0
3.8125 0 0
3.8375 0 0
3.8625 0 0
3.8875 0 0
3.9125 0 0
3.9375 0 0
3.9625 0 0
3.9875 0 0
4.0125 0 0
4.0375 0 0
4.0625 0 0
4.0875 0 0
4.1125 0 0
4.1375 0 0
4.1625 0 0
4.1875 0 0
4.2125 0 0
4.2375 0 0
4.2625 0 0
4.2875 0 0
4.3125 0 0
4.3375 0 0
4.3625 0 0
4.3875 0 0
4.4125 0 0
4.4375 0 0
4.4625 0 0
4.4875 0 0
4.5125 0 0
4.5375 0 0
4.5625 0 0
4.5875 0 0
4.6125 0 0
4.6375 0 0
4.6625 0 0
4.6875 0 0
4.7125 0 0
4.7375 0 0
4.7625 0 0
4.7875 0 0
4.8125 0 0
4.8375 0 0
4.8625 0 0
4.8875 0 0
4.9125 0 0
4.9375 0 0
4.9625 0 0
4.9875 0 0
