-4.9875 0 0
-4.9625 0 0
-4.9375 0 0
-4.9125 0 0
-4.8875 0 0
-4.8625 0 0
-4.8375 0 0
-4.8125 0 0
-4.7875 0 0
-4.7625 0 0
-4.7375 0 0
-4.7125 0 0
-4.6875 0 0
-4.6625 0 0
-4.6375 0 0
-4.6125 0 0
-4.5875 0 0
-4.5625 0 0
-4.5375 0 0
-4.5125 0 0
-4.4875 0 0
-4.4625 0 0
-4.4375 0 0
-4.4125 0 0
-4.3875 0 0
-4.3625 0 0
-4.3375 0 0
-4.3125 0 0
-4.2875 0 0
-4.2625 0 0
-4.2375 0 0
-4.2125 0 0
-4.1875 0 0
-4.1625 0 0
-4.1375 0 0
-4.1125 0 0
-4.0875 0 0
-4.0625 0 0
-4.0375 0 0
-4.0125 0 0
-3.9875 0 0
-3.9625 0 0
-3.9375 0 0
-3.9125 0 0
-3.8875 0 0
-3.8625 0 0
-3.8375 0 0
-3.8125 0 0
-3.7875 0 0
-3.7625 0 0
-3.7375 0 0
-3.7125 0 0
-3.6875 0 0
-3.6625 0 0
-3.6375 0 0
-3.6125 0 0
-3.5875 0 0
-3.5625 0 0
-3.5375 0 0
-3.5125 0 0
-3.4875 0 0
-3.4625 0 0
-3.4375 0 0
-3.4125 0 0
-3.3875 0 0
-3.3625 0 0
-3.3375 0 0
-3.3125 0 0
-3.2875 0 0
-3.2625 1.72414e-05 1.68048e-05
-3.2375 0 0
-3.2125 0 0
-3.1875 3.44828e-05 2.31317e-05
-3.1625 5.17241e-05 3.67771e-05
-3.1375 1.72414e-05 1.68048e-05
-3.1125 5.17241e-05 3.67771e-05
-3.0875 6.89655e-05 4.62635e-05
-3.0625 5.17241e-05 3.67771e-05
-3.0375 5.17241e-05 3.67771e-05
-3.0125 8.62069e-05 8.40241e-05
-2.9875 0.00012069 7.42581e-05
-2.9625 0.000137931 7.47568e-05
-2.9375 0.000103448 4.93718e-05
-2.9125 0.000103448 4.93718e-05
-2.8875 6.89655e-05 3.93164e-05
-2.8625 0.000224138 5.04145e-05
-2.8375 0.0005 0.000134604
-2.8125 0.000517241 0.000115659
-2.7875 0.000741379 0.000165867
-2.7625 0.000793103 0.000167339
-2.7375 0.00127586 0.000299722
-2.7125 0.00146552 0.000318732
-2.6875 0.0017069 0.000235741
-2.6625 0.00231034 0.00030852
-2.6375 0.00281034 0.000416853
-2.6125 0.00384483 0.000545915
-2.5875 0.00434483 0.000442536
-2.5625 0.00548276 0.000635784
-2.5375 0.00775862 0.000762724
-2.5125 0.00867241 0.000852106
-2.4875 0.0105517 0.000863585
-2.4625 0.0113966 0.000824518
-2.4375 0.0132931 0.000854962
-2.4125 0.0161724 0.00108878
-2.3875 0.0188793 0.00118499
-2.3625 0.0208448 0.00155736
-2.3375 0.0235862 0.00165255
-2.3125 0.0274655 0.00186195
-2.2875 0.0297241 0.00209504
-2.2625 0.0332586 0.0019826
-2.2375 0.0374483 0.00192029
-2.2125 0.0415 0.00208332
-2.1875 0.0451897 0.00250653
-2.1625 0.0493793 0.00249656
-2.1375 0.0563103 0.00268933
-2.1125 0.0608276 0.00318881
-2.0875 0.0679828 0.00271159
-2.0625 0.076069 0.00234615
-2.0375 0.0792069 0.00298043
-2.0125 0.0864828 0.00304491
-1.9875 0.0924483 0.00292737
-1.9625 0.102224 0.00285838
-1.9375 0.108379 0.00251536
-1.9125 0.117828 0.00226396
-1.8875 0.126603 0.00252859
-1.8625 0.134552 0.00200765
-1.8375 0.142879 0.00227786
-1.8125 0.149431 0.0036203
-1.7875 0.15981 0.00333169
-1.7625 0.167569 0.00361218
-1.7375 0.175017 0.00384691
-1.7125 0.183741 0.00444448
-1.6875 0.190759 0.00321713
-1.6625 0.195862 0.003753
-1.6375 0.204724 0.00382713
-1.6125 0.213862 0.00302689
-1.5875 0.220155 0.00361053
-1.5625 0.23269 0.00479165
-1.5375 0.233379 0.00403585
-1.5125 0.241707 0.00343441
-1.4875 0.248276 0.00398943
-1.4625 0.249397 0.00389227
-1.4375 0.256017 0.00424765
-1.4125 0.262672 0.00351664
-1.3875 0.263862 0.00446186
-1.3625 0.269431 0.00422532
-1.3375 0.270086 0.00441399
-1.3125 0.275724 0.00504477
-1.2875 0.28169 0.00502526
-1.2625 0.282862 0.00467684
-1.2375 0.287759 0.00446085
-1.2125 0.287897 0.00377755
-1.1875 0.289121 0.00371386
-1.1625 0.295259 0.00396843
-1.1375 0.292586 0.00370617
-1.1125 0.288086 0.00388704
-1.0875 0.290655 0.00441601
-1.0625 0.295293 0.00413766
-1.0375 0.290241 0.00506357
-1.0125 0.289034 0.00377925
-0.9875 0.287345 0.00374127
-0.9625 0.289397 0.00429562
-0.9375 0.283845 0.00377246
-0.9125 0.281017 0.00409362
-0.8875 0.281414 0.00314351
-0.8625 0.283534 0.00425194
-0.8375 0.280086 0.00379701
-0.8125 0.277966 0.00380936
-0.7875 0.279017 0.00523152
-0.7625 0.279448 0.00452345
-0.7375 0.275569 0.00376204
-0.7125 0.273259 0.00446811
-0.6875 0.269431 0.00394381
-0.6625 0.261034 0.00471381
-0.6375 0.262655 0.00375356
-0.6125 0.260879 0.00438219
-0.5875 0.258638 0.00386395
-0.5625 0.254293 0.00440418
-0.5375 0.255534 0.00479102
-0.5125 0.254603 0.00418609
-0.4875 0.246293 0.00416385
-0.4625 0.245759 0.00443999
-0.4375 0.246379 0.00433376
-0.4125 0.245052 0.00344597
-0.3875 0.249569 0.00378517
-0.3625 0.247293 0.00314108
-0.3375 0.25019 0.00364772
-0.3125 0.244 0.00290643
-0.2875 0.244569 0.00324696
-0.2625 0.244897 0.00309391
-0.2375 0.243724 0.00266184
-0.2125 0.243 0.00279673
-0.1875 0.243638 0.00313978
-0.1625 0.239345 0.00373505
-0.1375 0.237569 0.00323647
-0.1125 0.234879 0.00390982
-0.0875 0.230724 0.00412929
-0.0625 0.23219 0.00508321
-0.0375 0.233879 0.00411039
-0.0125 0.23519 0.00461763
0.0125 0.236483 0.00422217
0.0375 0.231103 0.00388674
0.0625 0.236655 0.00478603
0.0875 0.235776 0.0036146
0.1125 0.233724 0.00359015
0.1375 0.239603 0.00405721
0.1625 0.233828 0.00381209
0.1875 0.239034 0.00423279
0.2125 0.236052 0.00395858
0.2375 0.235379 0.003522
0.2625 0.241259 0.00361644
0.2875 0.239914 0.00282873
0.3125 0.244052 0.00361953
0.3375 0.240397 0.00390252
0.3625 0.239241 0.00317668
0.3875 0.243293 0.00453822
0.4125 0.240845 0.00466993
0.4375 0.245966 0.00437939
0.4625 0.243138 0.00421014
0.4875 0.249534 0.0046367
0.5125 0.251552 0.00412271
0.5375 0.25019 0.00451306
0.5625 0.256828 0.00438986
0.5875 0.255638 0.00299566
0.6125 0.257345 0.00325375
0.6375 0.261293 0.00364898
0.6625 0.256121 0.00314794
0.6875 0.255569 0.00433889
0.7125 0.260948 0.0048384
0.7375 0.262517 0.0043224
0.7625 0.263707 0.00380382
0.7875 0.267431 0.00445732
0.8125 0.268397 0.00375223
0.8375 0.275138 0.00414675
0.8625 0.275069 0.00345449
0.8875 0.27419 0.0038108
0.9125 0.277741 0.00316646
0.9375 0.280224 0.00365593
0.9625 0.282241 0.00333374
0.9875 0.282138 0.00321741
1.0125 0.283431 0.00389766
1.0375 0.286276 0.00327555
1.0625 0.288431 0.00352412
1.0875 0.291707 0.0032493
1.1125 0.292362 0.0032097
1.1375 0.289948 0.00325047
1.1625 0.291241 0.00334531
1.1875 0.291052 0.003221
1.2125 0.288793 0.00339673
1.2375 0.283707 0.00485986
1.2625 0.2795 0.00538944
1.2875 0.276586 0.00513862
1.3125 0.275 0.00444911
1.3375 0.270931 0.00479856
1.3625 0.269241 0.00465195
1.3875 0.268448 0.00444483
1.4125 0.260724 0.00416335
1.4375 0.257517 0.00399409
1.4625 0.253948 0.00460564
1.4875 0.247672 0.00475368
1.5125 0.241707 0.00483506
1.5375 0.234224 0.00448136
1.5625 0.231103 0.00421372
1.5875 0.219586 0.00404123
1.6125 0.209103 0.00451259
1.6375 0.203707 0.00500225
1.6625 0.195828 0.0043789
1.6875 0.187466 0.00504376
1.7125 0.181707 0.00407433
1.7375 0.174362 0.00466603
1.7625 0.166052 0.00372505
1.7875 0.159293 0.00462933
1.8125 0.150121 0.00388993
1.8375 0.140638 0.00375017
1.8625 0.134517 0.00380069
1.8875 0.128759 0.00297177
1.9125 0.120259 0.00362642
1.9375 0.112793 0.0032754
1.9625 0.105776 0.00328889
1.9875 0.0983966 0.00317028
2.0125 0.0903966 0.00328667
2.0375 0.0847759 0.00286407
2.0625 0.0796724 0.00327645
2.0875 0.0701552 0.00269898
2.1125 0.0633276 0.00221701
2.1375 0.0586552 0.0022973
2.1625 0.0504138 0.0021629
2.1875 0.0443276 0.00210719
2.2125 0.0426034 0.00241484
2.2375 0.0365517 0.0018101
2.2625 0.0331034 0.00184604
2.2875 0.0285862 0.00145113
2.3125 0.0250862 0.00149073
2.3375 0.0228621 0.00120347
2.3625 0.0206897 0.0013142
2.3875 0.016931 0.00109612
2.4125 0.0154483 0.00150694
2.4375 0.0132069 0.0010623
2.4625 0.0113276 0.00120153
2.4875 0.0102069 0.00113306
2.5125 0.00824138 0.000927484
2.5375 0.00667241 0.0007263
2.5625 0.00584483 0.000677248
2.5875 0.00462069 0.000631797
2.6125 0.00403448 0.000553392
2.6375 0.00293103 0.000421974
2.6625 0.00224138 0.000332092
2.6875 0.00215517 0.000271381
2.7125 0.00194828 0.000312516
2.7375 0.00141379 0.000268102
2.7625 0.000758621 0.000161002
2.7875 0.000758621 0.000168225
2.8125 0.000586207 0.000135978
2.8375 0.000586207 0.000180993
2.8625 0.000465517 0.000171159
2.8875 0.000310345 0.00012409
2.9125 0.000310345 0.000150109
2.9375 0.000224138 0.000117634
2.9625 0.000206897 0.000117949
2.9875 6.89655e-05 3.93164e-05
3.0125 8.62069e-05 4.7998e-05
3.0375 3.44828e-05 2.31317e-05
3.0625 3.44828e-05 3.36096e-05
3.0875 1.72414e-05 1.68048e-05
3.1125 0 0
3.1375 0 0
3.1625 0 0
3.1875 0 0
3.2125 0 0
3.2375 0 0
3.2625 0 0
3.2875 0 0
3.3125 0 0
3.3375 0 0
3.3625 0 0
3.3875 0 0
3.4125 0 0
3.4375 0 0
3.4625 0 0
3.4875 0 0
3.5125 0 0
3.5375 0 0
3.5625 0 0
3.5875 0 0
3.6125 0 0
3.6375 0 0
3.6625 0 0
3.6875 0 0
3.7125 0 0
3.7375 0 0
3.7625 0 0
3.7875 0 0
3.8125 0 0
3.8375 0 0
3.8625 0 0
3.8875 0 0
3.9125 0 0
3.9375 0 0
3.9625 0 0
3.9875 0 0
4.0125 0 0
4.0375 0 0
4.0625 0 0
4.0875 0 0
4.1125 0 0
4.1375 0 0
4.1625 0 0
4.1875 0 0
4.2125 0 0
4.2375 0 0
4.2625 0 0
4.2875 0 0
4.3125 0 0
4.3375 0 0
4.3625 0 0
4.3875 0 0
4.4125 0 0
4.4375 0 0
4.4625 0 0
4.4875 0 0
4.5125 0 0
4.5375 0 0
4.5625 0 0
4.5875 0 0
4.6125 0 0
4.6375 0 0
4.6625 0 0
4.6875 0 0
4.7125 0 0
4.7375 0 0
4.7625 0 0
4.7875 0 0
4.8125 0 0
4.8375 0 0
4.8625 0 0
4.8875 0 0
4.9125 0 0
4.9375 0 0
4.9625 0 0
4.9875 0 0
