-4.9875 0 0
-4.9625 0 0
-4.9375 0 0
-4.9125 0 0
-4.8875 0 0
-4.8625 0 0
-4.8375 0 0
-4.8125 0 0
-4.7875 0 0
-4.7625 0 0
-4.7375 0 0
-4.7125 0 0
-4.6875 0 0
-4.6625 0 0
-4.6375 0 0
-4.6125 0 0
-4.5875 0 0
-4.5625 0 0
-4.5375 0 0
-4.5125 0 0
-4.4875 0 0
-4.4625 0 0
-4.4375 0 0
-4.4125 0 0
-4.3875 0 0
-4.3625 0 0
-4.3375 0 0
-4.3125 0 0
-4.2875 0 0
-4.2625 0 0
-4.2375 0 0
-4.2125 0 0
-4.1875 0 0
-4.1625 0 0
-4.1375 0 0
-4.1125 0 0
-4.0875 0 0
-4.0625 0 0
-4.0375 0 0
-4.0125 0 0
-3.9875 0 0
-3.9625 0 0
-3.9375 0 0
-3.9125 0 0
-3.8875 0 0
-3.8625 0 0
-3.8375 0 0
-3.8125 0 0
-3.7875 0 0
-3.7625 0 0
-3.7375 0 0
-3.7125 0 0
-3.6875 0 0
-3.6625 0 0
-3.6375 0 0
-3.6125 0 0
-3.5875 0 0
-3.5625 0 0
-3.5375 0 0
-3.5125 0 0
-3.4875 0 0
-3.4625 0 0
-3.4375 0 0
-3.4125 0 0
-3.3875 0 0
-3.3625 0 0
-3.3375 0 0
-3.3125 0 0
-3.2875 0 0
-3.2625 0 0
-3.2375 0 0
-3.2125 0 0
-3.1875 0 0
-3.1625 0 0
-3.1375 0 0
-3.1125 0 0
-3.0875 0 0
-3.0625 0 0
-3.0375 0 0
-3.0125 0 0
-2.9875 0 0
-2.9625 0 0
-2.9375 0 0
-2.9125 0 0
-2.8875 0 0
-2.8625 0 0
-2.8375 0 0
-2.8125 0 0
-2.7875 0 0
-2.7625 0 0
-2.7375 0 0
-2.7125 0 0
-2.6875 0 0
-2.6625 0 0
-2.6375 0 0
-2.6125 0 0
-2.5875 0 0
-2.5625 0 0
-2.5375 0 0
-2.5125 0 0
-2.4875 0 0
-2.4625 1.72414e-05 1.68048e-05
-2.4375 0 0
-2.4125 0 0
-2.3875 1.72414e-05 1.68048e-05
-2.3625 3.44828e-05 2.31317e-05
-2.3375 8.62069e-05 5.38362e-05
-2.3125 3.44828e-05 2.31317e-05
-2.2875 0.000137931 6.16846e-05
-2.2625 8.62069e-05 4.13434e-05
-2.2375 0.000189655 5.70531e-05
-2.2125 0.000258621 6.39327e-05
-2.1875 0.00037931 9.09064e-05
-2.1625 0.000689655 0.000163566
-2.1375 0.000741379 0.000186135
-2.1125 0.000982759 0.000148866
-2.0875 0.00117241 0.000166091
-2.0625 0.00155172 0.000180005
-2.0375 0.0022069 0.000246739
-2.0125 0.00331034 0.000370108
-1.9875 0.00408621 0.000362705
-1.9625 0.00555172 0.000420138
-1.9375 0.00727586 0.000461927
-1.9125 0.00841379 0.0004525
-1.8875 0.0107759 0.000652843
-1.8625 0.0133448 0.000747608
-1.8375 0.0164138 0.000676337
-1.8125 0.0179655 0.000853718
-1.7875 0.0241379 0.000824347
-1.7625 0.0295517 0.00131263
-1.7375 0.0363621 0.00103577
-1.7125 0.0418448 0.0012467
-1.6875 0.0521897 0.00181703
-1.6625 0.0608103 0.00227289
-1.6375 0.0641724 0.00170714
-1.6125 0.0753966 0.00216697
-1.5875 0.087569 0.00197855
-1.5625 0.0963793 0.00159098
-1.5375 0.107172 0.00235149
-1.5125 0.122086 0.00298345
-1.4875 0.137517 0.00297349
-1.4625 0.148707 0.00228015
-1.4375 0.163672 0.00329687
-1.4125 0.180379 0.00383247
-1.3875 0.193931 0.00455619
-1.3625 0.217983 0.00537496
-1.3375 0.226638 0.0042476
-1.3125 0.235776 0.00442764
-1.2875 0.254397 0.00461405
-1.2625 0.269034 0.00567169
-1.2375 0.284397 0.0055301
-1.2125 0.301879 0.00562885
-1.1875 0.31081 0.00558776
-1.1625 0.332086 0.00556955
-1.1375 0.330879 0.00703704
-1.1125 0.334448 0.00500801
-1.0875 0.360569 0.00508081
-1.0625 0.366759 0.00618653
-1.0375 0.372086 0.00669576
-1.0125 0.374138 0.00552876
-0.9875 0.393155 0.00484132
-0.9625 0.387 0.00600723
-0.9375 0.399948 0.00625818
-0.9125 0.393741 0.00461652
-0.8875 0.3945 0.00727997
-0.8625 0.398431 0.00554752
-0.8375 0.393897 0.00515469
-0.8125 0.391759 0.00572922
-0.7875 0.392172 0.00566773
-0.7625 0.377017 0.00463612
-0.7375 0.387017 0.0054407
-0.7125 0.392672 0.00532459
-0.6875 0.379397 0.00500475
-0.6625 0.376397 0.00520664
-0.6375 0.37619 0.00465546
-0.6125 0.3745 0.00470355
-0.5875 0.366897 0.0060185
-0.5625 0.363086 0.0040518
-0.5375 0.347828 0.00427879
-0.5125 0.351621 0.00549495
-0.4875 0.3405 0.00564715
-0.4625 0.342328 0.00459701
-0.4375 0.333966 0.00430513
-0.4125 0.323845 0.00439789
-0.3875 0.329 0.00345249
-0.3625 0.322328 0.00324146
-0.3375 0.309828 0.00492292
-0.3125 0.317569 0.00371475
-0.2875 0.299672 0.00429102
-0.2625 0.302931 0.00451504
-0.2375 0.303259 0.00364715
-0.2125 0.297017 0.00354278
-0.1875 0.287707 0.00379728
-0.1625 0.290862 0.00321694
-0.1375 0.289224 0.00273121
-0.1125 0.289707 0.00396366
-0.0875 0.283448 0.00361255
-0.0625 0.282621 0.00404702
-0.0375 0.285379 0.0035412
-0.0125 0.285914 0.00373237
0.0125 0.279586 0.00379683
0.0375 0.282483 0.00385264
0.0625 0.286517 0.0040596
0.0875 0.284586 0.00476063
0.1125 0.284172 0.00246412
0.1375 0.28269 0.00459253
0.1625 0.295966 0.00384611
0.1875 0.287638 0.00337458
0.2125 0.295172 0.00399293
0.2375 0.303017 0.00340192
0.2625 0.299379 0.00383531
0.2875 0.303431 0.00375058
0.3125 0.308155 0.00414412
0.3375 0.319552 0.00458245
0.3625 0.316948 0.0035236
0.3875 0.317845 0.00447273
0.4125 0.32469 0.00321711
0.4375 0.330931 0.00407642
0.4625 0.338 0.00616189
0.4875 0.341569 0.00467464
0.5125 0.350948 0.00434776
0.5375 0.34919 0.00416537
0.5625 0.365103 0.00492993
0.5875 0.3565 0.0047627
0.6125 0.367397 0.00540964
0.6375 0.374069 0.00612516
0.6625 0.380448 0.00589509
0.6875 0.38519 0.00511261
0.7125 0.387328 0.00418436
0.7375 0.392345 0.00546003
0.7625 0.393483 0.00457666
0.7875 0.400414 0.00526563
0.8125 0.393259 0.00523545
0.8375 0.40581 0.00666723
0.8625 0.399517 0.00798745
0.8875 0.391914 0.00552626
0.9125 0.406483 0.00681606
0.9375 0.391328 0.00682198
0.9625 0.39419 0.00720381
0.9875 0.37031 0.00667497
1.0125 0.373138 0.0064073
1.0375 0.369793 0.00888827
1.0625 0.365121 0.00488392
1.0875 0.353121 0.0055695
1.1125 0.348224 0.00727134
1.1375 0.331397 0.00669021
1.1625 0.312241 0.00700677
1.1875 0.312414 0.00712104
1.2125 0.299379 0.00462465
1.2375 0.282724 0.00448501
1.2625 0.268224 0.00626559
1.2875 0.256293 0.00364539
1.3125 0.233586 0.00493781
1.3375 0.228224 0.00498442
1.3625 0.204862 0.00478987
1.3875 0.193431 0.0050886
1.4125 0.175897 0.00359084
1.4375 0.160241 0.00397107
1.4625 0.147 0.00331188
1.4875 0.13319 0.00287035
1.5125 0.11981 0.00298555
1.5375 0.106328 0.00281803
1.5625 0.0937931 0.00264047
1.5875 0.0862241 0.00262369
1.6125 0.0746379 0.00217603
1.6375 0.0637414 0.00202221
1.6625 0.0564655 0.00235758
1.6875 0.0463966 0.0015682
1.7125 0.0436552 0.00156287
1.7375 0.0347241 0.00123444
1.7625 0.0278966 0.000918466
1.7875 0.0219483 0.00136551
1.8125 0.019931 0.000810748
1.8375 0.0166552 0.000737601
1.8625 0.0122931 0.000533244
1.8875 0.0110517 0.000659006
1.9125 0.0085 0.000584823
1.9375 0.00598276 0.000461525
1.9625 0.00463793 0.000385124
1.9875 0.00393103 0.000360341
2.0125 0.00301724 0.000328832
2.0375 0.00224138 0.000218769
2.0625 0.00196552 0.000223607
2.0875 0.00115517 0.000189302
2.1125 0.00108621 0.0001604
2.1375 0.000655172 0.000106003
2.1625 0.000396552 7.42581e-05
2.1875 0.000172414 5.17241e-05
2.2125 0.000275862 7.93853e-05
2.2375 0.000172414 6.21647e-05
2.2625 0.00012069 3.67771e-05
2.2875 0.00012069 5.60013e-05
2.3125 5.17241e-05 3.67771e-05
2.3375 1.72414e-05 1.68048e-05
2.3625 3.44828e-05 2.31317e-05
2.3875 0 0
2.4125 0 0
2.4375 1.72414e-05 1.68048e-05
2.4625 0 0
2.4875 1.72414e-05 1.68048e-05
2.5125 0 0
2.5375 1.72414e-05 1.68048e-05
2.5625 0 0
2.5875 0 0
2.6125 0 0
2.6375 0 0
2.6625 0 0
2.6875 0 0
2.7125 0 0
2.7375 0 0
2.7625 0 0
2.7875 0 0
2.8125 0 0
2.8375 0 0
2.8625 0 0
2.8875 0 0
2.9125 0 0
2.9375 0 0
2.9625 0 0
2.9875 0 0
3.0125 0 0
3.0375 0 0
3.0625 0 0
3.0875 0 0
3.1125 0 0
3.1375 0 0
3.1625 0 0
3.1875 0 0
3.2125 0 0
3.2375 0 0
3.2625 0 0
3.2875 0 0
3.3125 0 0
3.3375 0 0
3.3625 0 0
3.3875 0 0
3.4125 0 0
3.4375 0 0
3.4625 0 0
3.4875 0 0
3.5125 0 0
3.5375 0 0
3.5625 0 0
3.5875 0 0
3.6125 0 0
3.6375 0 0
3.6625 0 0
3.6875 0 0
3.7125 0 0
3.7375 0 0
3.7625 0 0
3.7875 0 0
3.8125 0 0
3.8375 0 0
3.8625 0 0
3.8875 0 0
3.9125 0 0
3.9375 0 0
3.9625 0 0
3.9875 0 0
4.0125 0 0
4.0375 0 0
4.0625 0 0
4.0875 0 0
4.1125 0 0
4.1375 0 0
4.1625 0 0
4.1875 0 0
4.2125 0 0
4.2375 0 0
4.2625 0 0
4.2875 0 0
4.3125 0 0
4.3375 0 0
4.3625 0 0
4.3875 0 0
4.4125 0 0
4.4375 0 0
4.4625 0 0
4.4875 0 0
4.5125 0 0
4.5375 0 0
4.5625 0 0
4.5875 0 0
4.6125 0 0
4.6375 0 0
4.6625 0 0
4.6875 0 0
4.7125 0 0
4.7375 0 0
4.7625 0 0
4.7875 0 0
4.8125 0 0
4.8375 0 0
4.8625 0 0
4.8875 0 0
4.9125 0 0
4.9375 0 0
4.9625 0 0
4.9875 0 0
