-4.9875 0.001 0.00067082
-4.9625 0.000310345 0.000302487
-4.9375 0.000362069 0.000352901
-4.9125 0.000258621 0.000219278
-4.8875 0.000344828 0.000245046
-4.8625 0.000517241 0.000354603
-4.8375 0.000206897 0.00010171
-4.8125 0.000396552 0.000223839
-4.7875 0.000913793 0.000503422
-4.7625 0.000741379 0.000361062
-4.7375 0.000862069 0.000485522
-4.7125 0.000534483 0.000296105
-4.6875 0.000310345 0.00020531
-4.6625 0.000465517 0.000239245
-4.6375 0.000344828 0.000254566
-4.6125 0.000482759 0.000285812
-4.5875 0.000896552 0.000556766
-4.5625 0.000586207 0.000337949
-4.5375 0.000517241 0.000280669
-4.5125 0.000810345 0.000455039
-4.4875 0.000827586 0.000370108
-4.4625 0.000706897 0.000274214
-4.4375 0.00087931 0.000350365
-4.4125 0.00112069 0.000500817
-4.3875 0.00117241 0.000512275
-4.3625 0.00101724 0.000468049
-4.3375 0.000775862 0.000294495
-4.3125 0.000810345 0.000281489
-4.2875 0.00124138 0.000454467
-4.2625 0.00146552 0.000485751
-4.2375 0.00231034 0.000628353
-4.2125 0.00344828 0.00089023
-4.1875 0.00398276 0.000966587
-4.1625 0.00437931 0.000994067
-4.1375 0.0042069 0.000754534
-4.1125 0.00382759 0.00066949
-4.0875 0.00465517 0.00112783
-4.0625 0.00565517 0.00164081
-4.0375 0.00648276 0.00155738
-4.0125 0.00632759 0.00168935
-3.9875 0.00601724 0.00135023
-3.9625 0.00725862 0.00146977
-3.9375 0.00789655 0.00143837
-3.9125 0.00972414 0.0016938
-3.8875 0.0123621 0.00187373
-3.8625 0.0138966 0.0021587
-3.8375 0.0140345 0.00212553
-3.8125 0.015 0.00206645
-3.7875 0.0163966 0.00218353
-3.7625 0.0171207 0.00239441
-3.7375 0.0167586 0.00219398
-3.7125 0.0179138 0.00199158
-3.6875 0.0175 0.00218835
-3.6625 0.0175345 0.00182617
-3.6375 0.018431 0.00155583
-3.6125 0.0177931 0.0012321
-3.5875 0.0188793 0.00146194
-3.5625 0.0201552 0.00159862
-3.5375 0.0228448 0.00185132
-3.5125 0.0238103 0.00155469
-3.4875 0.0247241 0.00182955
-3.4625 0.0282586 0.002138
-3.4375 0.0315517 0.00277436
-3.4125 0.0335517 0.00252445
-3.3875 0.0330862 0.00212908
-3.3625 0.0368448 0.0025716
-3.3375 0.0373103 0.00325023
-3.3125 0.0407759 0.00359514
-3.2875 0.044431 0.00383513
-3.2625 0.0465517 0.00337086
-3.2375 0.0480172 0.00360843
-3.2125 0.0497069 0.00351659
-3.1875 0.0524483 0.0038844
-3.1625 0.0557069 0.00427499
-3.1375 0.0588276 0.0038147
-3.1125 0.0652759 0.00357576
-3.0875 0.0647069 0.0039725
-3.0625 0.0648276 0.00378785
-3.0375 0.0676379 0.00382155
-3.0125 0.0686724 0.00351397
-2.9875 0.0697241 0.00355771
-2.9625 0.0744138 0.0046584
-2.9375 0.0807759 0.00485441
-2.9125 0.0852759 0.0053396
-2.8875 0.0903966 0.00552872
-2.8625 0.0939138 0.00529668
-2.8375 0.0961724 0.00473438
-2.8125 0.0962414 0.00460748
-2.7875 0.097 0.00434935
-2.7625 0.0953793 0.00388359
-2.7375 0.0974655 0.0044331
-2.7125 0.0968966 0.00436959
-2.6875 0.101948 0.00444883
-2.6625 0.104776 0.00507039
-2.6375 0.107879 0.00553125
-2.6125 0.111552 0.00577421
-2.5875 0.114086 0.00522634
-2.5625 0.118328 0.00513829
-2.5375 0.119448 0.00520897
-2.5125 0.119224 0.00469351
-2.4875 0.123155 0.00486392
-2.4625 0.125 0.00447722
-2.4375 0.123638 0.00436098
-2.4125 0.126172 0.0045202
-2.3875 0.126931 0.00520541
-2.3625 0.128655 0.00313119
-2.3375 0.136448 0.00405147
-2.3125 0.138707 0.00445608
-2.2875 0.135672 0.00532295
-2.2625 0.138793 0.00527724
-2.2375 0.134569 0.00454544
-2.2125 0.133534 0.00429721
-2.1875 0.139724 0.00361778
-2.1625 0.141259 0.00384535
-2.1375 0.139517 0.00467699
-2.1125 0.146207 0.00501526
-2.0875 0.153276 0.00632171
-2.0625 0.152741 0.00629098
-2.0375 0.155052 0.0057035
-2.0125 0.15481 0.0059905
-1.9875 0.150776 0.00518234
-1.9625 0.151603 0.00442907
-1.9375 0.158431 0.00438335
-1.9125 0.164086 0.00364208
-1.8875 0.160379 0.00477209
-1.8625 0.159621 0.00515693
-1.8375 0.16169 0.00544521
-1.8125 0.160517 0.00506665
-1.7875 0.16431 0.00520058
-1.7625 0.168293 0.00555967
-1.7375 0.169621 0.00615418
-1.7125 0.170638 0.00551257
-1.6875 0.175655 0.0047393
-1.6625 0.173948 0.00514952
-1.6375 0.17969 0.00519317
-1.6125 0.17669 0.00544682
-1.5875 0.176052 0.00491857
-1.5625 0.17369 0.00469163
-1.5375 0.177586 0.00562053
-1.5125 0.176397 0.00611821
-1.4875 0.178034 0.00672397
-1.4625 0.17731 0.00498706
-1.4375 0.175828 0.00511856
-1.4125 0.174052 0.00521054
-1.3875 0.175448 0.00483408
-1.3625 0.179414 0.00465262
-1.3375 0.181672 0.00426209
-1.3125 0.18469 0.00527735
-1.2875 0.18231 0.00488507
-1.2625 0.179 0.00498236
-1.2375 0.183362 0.00502218
-1.2125 0.183655 0.00498305
-1.1875 0.186345 0.00522709
-1.1625 0.173017 0.00451993
-1.1375 0.165759 0.00305782
-1.1125 0.166034 0.00339506
-1.0875 0.171 0.00425746
-1.0625 0.17019 0.00492002
-1.0375 0.173034 0.00502979
-1.0125 0.171534 0.00546203
-0.9875 0.173603 0.0052791
-0.9625 0.176241 0.00557768
-0.9375 0.181741 0.00539341
-0.9125 0.179017 0.00402956
-0.8875 0.18181 0.005001
-0.8625 0.179759 0.00482747
-0.8375 0.176983 0.00557539
-0.8125 0.176086 0.00459477
-0.7875 0.171034 0.0045621
-0.7625 0.17081 0.00550744
-0.7375 0.171259 0.00460311
-0.7125 0.177741 0.00537204
-0.6875 0.176034 0.00464805
-0.6625 0.179517 0.00507918
-0.6375 0.18269 0.00446399
-0.6125 0.180724 0.00483779
-0.5875 0.178397 0.00371609
-0.5625 0.1745 0.00392115
-0.5375 0.174741 0.00387221
-0.5125 0.179431 0.0036608
-0.4875 0.180845 0.00554945
-0.4625 0.173345 0.00446023
-0.4375 0.173466 0.00427742
-0.4125 0.167948 0.0053306
-0.3875 0.168741 0.00446783
-0.3625 0.170328 0.00484679
-0.3375 0.167086 0.00456252
-0.3125 0.168845 0.00446271
-0.2875 0.167655 0.00465342
-0.2625 0.171517 0.00403783
-0.2375 0.1705 0.0032504
-0.2125 0.175638 0.00346876
-0.1875 0.177552 0.00352247
-0.1625 0.177017 0.00364281
-0.1375 0.182966 0.00364894
-0.1125 0.17881 0.00442741
-0.0875 0.179983 0.00515067
-0.0625 0.17731 0.00541652
-0.0375 0.178172 0.00340299
-0.0125 0.177224 0.00434999
0.0125 0.17631 0.0043781
0.0375 0.177793 0.00554264
0.0625 0.184828 0.00569837
0.0875 0.183241 0.00532004
0.1125 0.181741 0.0049744
0.1375 0.179362 0.00500245
0.1625 0.181138 0.00510602
0.1875 0.178207 0.00359197
0.2125 0.176879 0.00408009
0.2375 0.179638 0.00389849
0.2625 0.178983 0.00355987
0.2875 0.178948 0.00412559
0.3125 0.173621 0.00389407
0.3375 0.172017 0.0037232
0.3625 0.171172 0.00314894
0.3875 0.169345 0.00381607
0.4125 0.171672 0.00472711
0.4375 0.166983 0.00485576
0.4625 0.16769 0.00455695
0.4875 0.165828 0.00478155
0.5125 0.165431 0.00540444
0.5375 0.167914 0.00564236
0.5625 0.171293 0.00401609
0.5875 0.174638 0.00332848
0.6125 0.174983 0.00377263
0.6375 0.175397 0.00474394
0.6625 0.177328 0.00482899
0.6875 0.182534 0.00472812
0.7125 0.17681 0.00518802
0.7375 0.180948 0.0041889
0.7625 0.17769 0.00422502
0.7875 0.177328 0.00413447
0.8125 0.175776 0.00396101
0.8375 0.178603 0.00401035
0.8625 0.18031 0.00381505
0.8875 0.175672 0.00377547
0.9125 0.168948 0.00489895
0.9375 0.168259 0.00572977
0.9625 0.166259 0.00592974
0.9875 0.165793 0.00508329
1.0125 0.167224 0.00447157
1.0375 0.173379 0.00390711
1.0625 0.168414 0.00377065
1.0875 0.180276 0.00528828
1.1125 0.181517 0.00423531
1.1375 0.177948 0.00493823
1.1625 0.176379 0.00432195
1.1875 0.17569 0.00451207
1.2125 0.174966 0.00391318
1.2375 0.172207 0.00531596
1.2625 0.171345 0.00543242
1.2875 0.172603 0.00492449
1.3125 0.17181 0.00523893
1.3375 0.173569 0.0055851
1.3625 0.17969 0.0061478
1.3875 0.180621 0.00637691
1.4125 0.179914 0.00495406
1.4375 0.17631 0.00536825
1.4625 0.176052 0.00480923
1.4875 0.178483 0.00605638
1.5125 0.177552 0.00498123
1.5375 0.1795 0.00496153
1.5625 0.176138 0.00327019
1.5875 0.170397 0.00431381
1.6125 0.169776 0.0042244
1.6375 0.170328 0.00483414
1.6625 0.173638 0.00394277
1.6875 0.171276 0.0032456
1.7125 0.173138 0.0046951
1.7375 0.171379 0.00537279
1.7625 0.168707 0.00504845
1.7875 0.165517 0.00361847
1.8125 0.167897 0.00417312
1.8375 0.168121 0.00532345
1.8625 0.166034 0.00534435
1.8875 0.1675 0.00694992
1.9125 0.168983 0.00690751
1.9375 0.162793 0.00620828
1.9625 0.161655 0.00592635
1.9875 0.160224 0.00502244
2.0125 0.157138 0.00610068
2.0375 0.151707 0.00517072
2.0625 0.153966 0.00518427
2.0875 0.156655 0.00524938
2.1125 0.152397 0.00468182
2.1375 0.1485 0.0050664
2.1625 0.146362 0.00579472
2.1875 0.145534 0.00630089
2.2125 0.151638 0.0064261
2.2375 0.143776 0.0055102
2.2625 0.14219 0.0055313
2.2875 0.141483 0.00533877
2.3125 0.140828 0.00365862
2.3375 0.13619 0.00360056
2.3625 0.13531 0.00378065
2.3875 0.131431 0.00388396
2.4125 0.129707 0.00422187
2.4375 0.130362 0.00470374
2.4625 0.126241 0.00497789
2.4875 0.125155 0.0054489
2.5125 0.124569 0.00468432
2.5375 0.120966 0.00602164
2.5625 0.117966 0.00542284
2.5875 0.116414 0.00504265
2.6125 0.108017 0.00450715
2.6375 0.101621 0.00374373
2.6625 0.102759 0.00387337
2.6875 0.0999655 0.00457549
2.7125 0.0979138 0.00467038
2.7375 0.098069 0.00435401
2.7625 0.0965862 0.00405256
2.7875 0.0915172 0.00354061
2.8125 0.0886724 0.0043382
2.8375 0.0875517 0.00345842
2.8625 0.0840517 0.00405571
2.8875 0.0857241 0.00339576
2.9125 0.0813621 0.00358011
2.9375 0.0821207 0.00353816
2.9625 0.0811034 0.00428528
2.9875 0.0761379 0.00490599
3.0125 0.0701379 0.00417401
3.0375 0.0689655 0.00456971
3.0625 0.0711897 0.00483106
3.0875 0.0671724 0.00414465
3.1125 0.0606207 0.0034602
3.1375 0.0598276 0.0033976
3.1625 0.0585517 0.00322986
3.1875 0.055931 0.00354088
3.2125 0.0534138 0.00298788
3.2375 0.0494655 0.00281489
3.2625 0.0454483 0.00306931
3.2875 0.0453966 0.00310453
3.3125 0.044069 0.00313296
3.3375 0.042569 0.00287455
3.3625 0.0380517 0.00203321
3.3875 0.0346379 0.00212992
3.4125 0.0343621 0.00225885
3.4375 0.0308448 0.00204068
3.4625 0.0272931 0.00207259
3.4875 0.0247069 0.00197552
3.5125 0.0219655 0.00165663
3.5375 0.021569 0.00208535
3.5625 0.022569 0.00221516
3.5875 0.0212931 0.00258883
3.6125 0.0185517 0.00213815
3.6375 0.0183621 0.00238404
3.6625 0.0207931 0.00228695
3.6875 0.0181379 0.00198694
3.7125 0.0173448 0.00235117
3.7375 0.0162759 0.00214079
3.7625 0.0146897 0.00173606
3.7875 0.014069 0.00150812
3.8125 0.0134138 0.00163637
3.8375 0.0115172 0.00156591
3.8625 0.0101207 0.00151651
3.8875 0.00936207 0.00138131
3.9125 0.00853448 0.00115578
3.9375 0.00844828 0.00137012
3.9625 0.00744828 0.000981518
3.9875 0.00641379 0.00109164
4.0125 0.00705172 0.00103634
4.0375 0.00743103 0.00124723
4.0625 0.00610345 0.00113246
4.0875 0.00534483 0.00108017
4.1125 0.00363793 0.00084833
4.1375 0.00317241 0.000686025
4.1625 0.00315517 0.000757552
4.1875 0.00306897 0.000883156
4.2125 0.00313793 0.000928765
4.2375 0.00301724 0.00107531
4.2625 0.00293103 0.0011323
4.2875 0.00187931 0.000651293
4.3125 0.00187931 0.000662157
4.3375 0.00141379 0.000529117
4.3625 0.00106897 0.000631562
4.3875 0.00113793 0.000540346
4.4125 0.00127586 0.000547451
4.4375 0.00162069 0.0006784
4.4625 0.0015 0.000562013
4.4875 0.00162069 0.000578088
4.5125 0.000810345 0.000356088
4.5375 0.000551724 0.000244317
4.5625 0.000896552 0.00041408
4.5875 0.000534483 0.000228049
4.6125 0.000637931 0.000338981
4.6375 0.000465517 0.000293888
4.6625 0.000482759 0.000283724
4.6875 0.000344828 0.000208328
4.7125 0.000206897 0.000140916
4.7375 6.89655e-05 6.72193e-05
4.7625 1.72414e-05 1.68048e-05
4.7875 0 0
4.8125 0 0
4.8375 0 0
4.8625 1.72414e-05 1.68048e-05
4.8875 5.17241e-05 5.04145e-05
4.9125 0.000137931 0.000134439
4.9375 0.000172414 0.000168048
4.9625 0.000103448 0.000100829
4.9875 1.72414e-05 1.68048e-05
