-4.9875 0 0
-4.9625 0 0
-4.9375 0 0
-4.9125 0 0
-4.8875 0 0
-4.8625 0 0
-4.8375 0 0
-4.8125 0 0
-4.7875 0 0
-4.7625 0 0
-4.7375 0 0
-4.7125 0 0
-4.6875 0 0
-4.6625 0 0
-4.6375 0 0
-4.6125 0 0
-4.5875 0 0
-4.5625 0 0
-4.5375 0 0
-4.5125 0 0
-4.4875 0 0
-4.4625 0 0
-4.4375 0 0
-4.4125 0 0
-4.3875 0 0
-4.3625 0 0
-4.3375 0 0
-4.3125 0 0
-4.2875 0 0
-4.2625 0 0
-4.2375 8.62069e-05 8.40241e-05
-4.2125 8.62069e-05 8.40241e-05
-4.1875 0.00012069 0.000117634
-4.1625 3.44828e-05 2.31317e-05
-4.1375 0.000155172 0.000118138
-4.1125 0.000293103 0.000146856
-4.0875 0.000465517 0.000227789
-4.0625 0.00037931 0.000183926
-4.0375 0.000448276 0.000228863
-4.0125 0.000431034 0.000224635
-3.9875 0.000137931 8.23265e-05
-3.9625 0.000224138 0.00015085
-3.9375 0.000241379 0.0001197
-3.9125 0.000603448 0.000285265
-3.8875 0.000655172 0.000349877
-3.8625 0.001 0.000459993
-3.8375 0.000948276 0.000383887
-3.8125 0.00122414 0.000393523
-3.7875 0.00165517 0.000474436
-3.7625 0.00153448 0.00042266
-3.7375 0.00208621 0.000687702
-3.7125 0.0027931 0.00103847
-3.6875 0.0027069 0.000909808
-3.6625 0.00268966 0.000797812
-3.6375 0.00255172 0.00072676
-3.6125 0.00315517 0.000794704
-3.5875 0.00310345 0.000588232
-3.5625 0.00412069 0.000784236
-3.5375 0.00515517 0.000942608
-3.5125 0.00636207 0.000959797
-3.4875 0.00687931 0.00112148
-3.4625 0.00662069 0.000964162
-3.4375 0.00731034 0.00122343
-3.4125 0.00755172 0.00105888
-3.3875 0.00946552 0.00132062
-3.3625 0.0111724 0.00150611
-3.3375 0.0117931 0.00173301
-3.3125 0.0129828 0.00195068
-3.2875 0.014069 0.00212966
-3.2625 0.015569 0.00229968
-3.2375 0.0166724 0.00231578
-3.2125 0.0188276 0.00255317
-3.1875 0.0213621 0.00274993
-3.1625 0.0226552 0.00247966
-3.1375 0.0245 0.00249774
-3.1125 0.0247759 0.00239962
-3.0875 0.0265345 0.00236181
-3.0625 0.0295862 0.00259293
-3.0375 0.0302931 0.00256581
-3.0125 0.0331034 0.00252208
-2.9875 0.0341897 0.0022221
-2.9625 0.0367069 0.00235539
-2.9375 0.0388621 0.00269177
-2.9125 0.0401207 0.00227119
-2.8875 0.0441034 0.00284915
-2.8625 0.0470172 0.00200346
-2.8375 0.0491897 0.00234182
-2.8125 0.0536552 0.00267162
-2.7875 0.0572241 0.00306988
-2.7625 0.0610172 0.00267397
-2.7375 0.0646034 0.00242917
-2.7125 0.0659483 0.00257421
-2.6875 0.0735517 0.00335212
-2.6625 0.0783448 0.00394474
-2.6375 0.0813276 0.0038224
-2.6125 0.0863966 0.00373295
-2.5875 0.0857241 0.00373214
-2.5625 0.0879655 0.00356642
-2.5375 0.0911034 0.00299748
-2.5125 0.0981552 0.00391924
-2.4875 0.0990517 0.00337155
-2.4625 0.100759 0.00341802
-2.4375 0.104069 0.00335686
-2.4125 0.107138 0.00409141
-2.3875 0.111707 0.00516439
-2.3625 0.114948 0.00480959
-2.3375 0.120603 0.00492674
-2.3125 0.119121 0.00470374
-2.2875 0.121897 0.00460642
-2.2625 0.12381 0.00412465
-2.2375 0.130552 0.0048534
-2.2125 0.133379 0.00509007
-2.1875 0.13469 0.00549794
-2.1625 0.136741 0.00524849
-2.1375 0.140448 0.0054473
-2.1125 0.146914 0.00522482
-2.0875 0.154552 0.00600736
-2.0625 0.158276 0.00564101
-2.0375 0.161776 0.00476532
-2.0125 0.163431 0.00418518
-1.9875 0.168759 0.00419511
-1.9625 0.170017 0.00565099
-1.9375 0.168862 0.00564871
-1.9125 0.165172 0.00458335
-1.8875 0.170897 0.00464273
-1.8625 0.175103 0.0040256
-1.8375 0.182483 0.00502453
-1.8125 0.185948 0.00548503
-1.7875 0.187914 0.00582511
-1.7625 0.187052 0.0067912
-1.7375 0.183052 0.00667984
-1.7125 0.183897 0.00631605
-1.6875 0.185224 0.00586776
-1.6625 0.184655 0.00584737
-1.6375 0.188741 0.00583209
-1.6125 0.192759 0.00543795
-1.5875 0.193534 0.00522547
-1.5625 0.195983 0.005871
-1.5375 0.200362 0.00490331
-1.5125 0.19869 0.00490847
-1.4875 0.204724 0.00484173
-1.4625 0.204362 0.00512526
-1.4375 0.205741 0.00413666
-1.4125 0.21069 0.00476505
-1.3875 0.210845 0.00496213
-1.3625 0.207759 0.00448564
-1.3375 0.2035 0.00562557
-1.3125 0.204983 0.00522618
-1.2875 0.201862 0.00514218
-1.2625 0.203121 0.00520058
-1.2375 0.205621 0.00581472
-1.2125 0.206586 0.00578175
-1.1875 0.199655 0.00377622
-1.1625 0.201534 0.00458364
-1.1375 0.201741 0.00466751
-1.1125 0.202138 0.00467426
-1.0875 0.203862 0.0045107
-1.0625 0.199638 0.00387732
-1.0375 0.199966 0.00353115
-1.0125 0.200069 0.00513999
-0.9875 0.199379 0.00546269
-0.9625 0.203828 0.00563637
-0.9375 0.200759 0.0041473
-0.9125 0.202448 0.00475587
-0.8875 0.20519 0.00515413
-0.8625 0.204845 0.00427235
-0.8375 0.209966 0.00412504
-0.8125 0.207017 0.00308638
-0.7875 0.203983 0.00396937
-0.7625 0.206345 0.00405824
-0.7375 0.204052 0.00374998
-0.7125 0.203086 0.00455176
-0.6875 0.202828 0.00366554
-0.6625 0.199759 0.00422643
-0.6375 0.195569 0.00528438
-0.6125 0.200155 0.00415617
-0.5875 0.200448 0.00338846
-0.5625 0.199121 0.00330049
-0.5375 0.198414 0.00365073
-0.5125 0.199052 0.0031382
-0.4875 0.200759 0.00458112
-0.4625 0.1985 0.00379908
-0.4375 0.195259 0.00487299
-0.4125 0.197569 0.00429622
-0.3875 0.19219 0.00351371
-0.3625 0.190638 0.00354169
-0.3375 0.199672 0.00361012
-0.3125 0.198172 0.00404465
-0.2875 0.196121 0.00415248
-0.2625 0.197224 0.00489087
-0.2375 0.198845 0.00493105
-0.2125 0.197448 0.00479437
-0.1875 0.202983 0.00453316
-0.1625 0.199569 0.00351275
-0.1375 0.195776 0.00453254
-0.1125 0.197879 0.00475489
-0.0875 0.191862 0.00384149
-0.0625 0.19519 0.00521006
-0.0375 0.191466 0.00344671
-0.0125 0.193586 0.00307142
0.0125 0.195155 0.0025873
0.0375 0.196224 0.00308707
0.0625 0.194603 0.00363317
0.0875 0.195569 0.00454122
0.1125 0.195759 0.00354872
0.1375 0.195086 0.00417205
0.1625 0.197138 0.00512792
0.1875 0.197845 0.00494024
0.2125 0.199931 0.00586499
0.2375 0.196 0.00444723
0.2625 0.199276 0.00547917
0.2875 0.196207 0.00482709
0.3125 0.196052 0.00449001
0.3375 0.202793 0.00440178
0.3625 0.196552 0.00451968
0.3875 0.200638 0.00444562
0.4125 0.198069 0.00503545
0.4375 0.197276 0.0051308
0.4625 0.200224 0.00484929
0.4875 0.193879 0.00454433
0.5125 0.199672 0.00412213
0.5375 0.202017 0.00410622
0.5625 0.203121 0.00467292
0.5875 0.204862 0.00536281
0.6125 0.204655 0.00480905
0.6375 0.201569 0.00533177
0.6625 0.201603 0.00513193
0.6875 0.20019 0.00470784
0.7125 0.199017 0.00505348
0.7375 0.199086 0.0065357
0.7625 0.201448 0.00556844
0.7875 0.199534 0.00436015
0.8125 0.204052 0.00458957
0.8375 0.201414 0.005234
0.8625 0.201621 0.00508554
0.8875 0.200466 0.00407935
0.9125 0.199759 0.00500844
0.9375 0.203259 0.00522061
0.9625 0.206603 0.00635154
0.9875 0.206379 0.00540668
1.0125 0.206621 0.00534736
1.0375 0.208672 0.00522941
1.0625 0.205345 0.00511947
1.0875 0.209345 0.00447811
1.1125 0.201707 0.00351119
1.1375 0.202707 0.00427442
1.1625 0.202983 0.00507678
1.1875 0.207638 0.00464407
1.2125 0.204 0.00546344
1.2375 0.198724 0.00498429
1.2625 0.202966 0.0052469
1.2875 0.200328 0.00435293
1.3125 0.19969 0.00558987
1.3375 0.203569 0.00639724
1.3625 0.204017 0.00513528
1.3875 0.201103 0.0047407
1.4125 0.199483 0.00521223
1.4375 0.201948 0.00524837
1.4625 0.197345 0.00431407
1.4875 0.197914 0.00301349
1.5125 0.196948 0.00368879
1.5375 0.201328 0.00591504
1.5625 0.200224 0.00479436
1.5875 0.197776 0.00474113
1.6125 0.194897 0.00424989
1.6375 0.191828 0.00444072
1.6625 0.189103 0.00449669
1.6875 0.192207 0.00418873
1.7125 0.198069 0.00464427
1.7375 0.192138 0.00409174
1.7625 0.189569 0.00400556
1.7875 0.187448 0.00424316
1.8125 0.183897 0.00455408
1.8375 0.177397 0.00476021
1.8625 0.175034 0.00533572
1.8875 0.173586 0.00512538
1.9125 0.166724 0.00558517
1.9375 0.160948 0.0052803
1.9625 0.157707 0.00528168
1.9875 0.155776 0.00453366
2.0125 0.152948 0.0052972
2.0375 0.152276 0.00542013
2.0625 0.154655 0.00601156
2.0875 0.153207 0.00566426
2.1125 0.152741 0.00438924
2.1375 0.150276 0.00470861
2.1625 0.148724 0.00477104
2.1875 0.144224 0.005287
2.2125 0.138586 0.00471046
2.2375 0.138759 0.00503025
2.2625 0.135672 0.00408038
2.2875 0.129414 0.00577131
2.3125 0.122879 0.00501758
2.3375 0.121362 0.00438084
2.3625 0.118103 0.00375447
2.3875 0.115448 0.00307028
2.4125 0.110707 0.0031547
2.4375 0.106259 0.00282162
2.4625 0.0976034 0.00271927
2.4875 0.0941552 0.00283666
2.5125 0.0909138 0.00269818
2.5375 0.0888103 0.00301675
2.5625 0.087431 0.00318228
2.5875 0.0845517 0.00389057
2.6125 0.0803966 0.00350007
2.6375 0.0770172 0.00359319
2.6625 0.0733966 0.00318982
2.6875 0.0718276 0.00307004
2.7125 0.065431 0.0031487
2.7375 0.0638103 0.00327246
2.7625 0.0621552 0.00313176
2.7875 0.0586379 0.00247526
2.8125 0.0552759 0.00263822
2.8375 0.0530862 0.00302285
2.8625 0.0510345 0.00326823
2.8875 0.0471034 0.00314913
2.9125 0.0447759 0.0018878
2.9375 0.040431 0.00215963
2.9625 0.0390172 0.00171502
2.9875 0.0347586 0.00141392
3.0125 0.0328966 0.00202399
3.0375 0.0302414 0.0018263
3.0625 0.0293621 0.00206857
3.0875 0.0284655 0.00230719
3.1125 0.0257414 0.00187373
3.1375 0.0255 0.00223839
3.1625 0.0238966 0.00236303
3.1875 0.0216897 0.00241661
3.2125 0.0216207 0.00215319
3.2375 0.0186724 0.00204371
3.2625 0.0158448 0.00191255
3.2875 0.0137241 0.00121783
3.3125 0.0116897 0.00130691
3.3375 0.0100517 0.0011921
3.3625 0.0095 0.0013835
3.3875 0.00753448 0.00102213
3.4125 0.0067069 0.000768151
3.4375 0.0065 0.000776925
3.4625 0.00646552 0.000730219
3.4875 0.00605172 0.000902657
3.5125 0.00527586 0.000752364
3.5375 0.0047931 0.000660099
3.5625 0.00389655 0.000604728
3.5875 0.00365517 0.000697115
3.6125 0.00341379 0.000783639
3.6375 0.00267241 0.000544607
3.6625 0.00194828 0.000471087
3.6875 0.00172414 0.000527485
3.7125 0.00132759 0.000375589
3.7375 0.00124138 0.000349452
3.7625 0.00134483 0.000467683
3.7875 0.00105172 0.000423363
3.8125 0.000724138 0.000254449
3.8375 0.000758621 0.000330387
3.8625 0.000810345 0.000335455
3.8875 0.000465517 0.000241718
3.9125 0.000310345 0.000144046
3.9375 0.000310345 0.000180665
3.9625 0.000103448 6.93952e-05
3.9875 6.89655e-05 4.62635e-05
4.0125 6.89655e-05 6.72193e-05
4.0375 1.72414e-05 1.68048e-05
4.0625 0 0
4.0875 0 0
4.1125 0 0
4.1375 0 0
4.1625 0 0
4.1875 0 0
4.2125 0 0
4.2375 0 0
4.2625 0 0
4.2875 0 0
4.3125 0 0
4.3375 0 0
4.3625 0 0
4.3875 0 0
4.4125 0 0
4.4375 0 0
4.4625 0 0
4.4875 0 0
4.5125 0 0
4.5375 0 0
4.5625 0 0
4.5875 0 0
4.6125 0 0
4.6375 0 0
4.6625 0 0
4.6875 0 0
4.7125 0 0
4.7375 0 0
4.7625 0 0
4.7875 0 0
4.8125 0 0
4.8375 0 0
4.8625 0 0
4.8875 0 0
4.9125 0 0
4.9375 0 0
4.9625 0 0
4.9875 0 0
