-4.9875 0 0
-4.9625 0 0
-4.9375 0 0
-4.9125 0 0
-4.8875 0 0
-4.8625 0 0
-4.8375 0 0
-4.8125 0 0
-4.7875 0 0
-4.7625 0 0
-4.7375 0 0
-4.7125 0 0
-4.6875 0 0
-4.6625 0 0
-4.6375 0 0
-4.6125 0 0
-4.5875 0 0
-4.5625 0 0
-4.5375 0 0
-4.5125 0 0
-4.4875 0 0
-4.4625 0 0
-4.4375 0 0
-4.4125 0 0
-4.3875 0 0
-4.3625 0 0
-4.3375 0 0
-4.3125 0 0
-4.2875 0 0
-4.2625 0 0
-4.2375 0 0
-4.2125 0 0
-4.1875 0 0
-4.1625 0 0
-4.1375 0 0
-4.1125 0 0
-4.0875 0 0
-4.0625 0 0
-4.0375 0 0
-4.0125 0 0
-3.9875 0 0
-3.9625 0 0
-3.9375 0 0
-3.9125 0 0
-3.8875 0 0
-3.8625 0 0
-3.8375 0 0
-3.8125 0 0
-3.7875 0 0
-3.7625 0 0
-3.7375 0 0
-3.7125 0 0
-3.6875 0 0
-3.6625 0 0
-3.6375 0 0
-3.6125 0 0
-3.5875 0 0
-3.5625 0 0
-3.5375 0 0
-3.5125 0 0
-3.4875 0 0
-3.4625 0 0
-3.4375 0 0
-3.4125 0 0
-3.3875 0 0
-3.3625 0 0
-3.3375 0 0
-3.3125 0 0
-3.2875 0 0
-3.2625 0 0
-3.2375 0 0
-3.2125 0 0
-3.1875 0 0
-3.1625 0 0
-3.1375 0 0
-3.1125 0 0
-3.0875 0 0
-3.0625 0 0
-3.0375 0 0
-3.0125 0 0
-2.9875 0 0
-2.9625 0 0
-2.9375 0 0
-2.9125 0 0
-2.8875 0 0
-2.8625 0 0
-2.8375 0 0
-2.8125 0 0
-2.7875 3.44828e-05 2.31317e-05
-2.7625 3.44828e-05 3.36096e-05
-2.7375 0 0
-2.7125 3.44828e-05 2.31317e-05
-2.6875 0 0
-2.6625 3.44828e-05 2.31317e-05
-2.6375 1.72414e-05 1.68048e-05
-2.6125 0.00012069 6.10793e-05
-2.5875 8.62069e-05 3.33878e-05
-2.5625 0.000103448 5.50645e-05
-2.5375 0.000172414 5.71832e-05
-2.5125 8.62069e-05 4.13434e-05
-2.4875 0.000362069 8.61206e-05
-2.4625 0.000517241 9.59959e-05
-2.4375 0.000396552 9.52966e-05
-2.4125 0.000655172 0.000100238
-2.3875 0.000982759 0.00015665
-2.3625 0.00101724 0.000153196
-2.3375 0.00156897 0.000235741
-2.3125 0.00208621 0.000297108
-2.2875 0.00294828 0.000334745
-2.2625 0.00327586 0.000363707
-2.2375 0.00439655 0.000318732
-2.2125 0.00539655 0.000345065
-2.1875 0.0067069 0.000471844
-2.1625 0.00767241 0.000616304
-2.1375 0.00987931 0.000583806
-2.1125 0.0120345 0.000800156
-2.0875 0.0142759 0.000805156
-2.0625 0.0162586 0.000877203
-2.0375 0.020931 0.00100596
-2.0125 0.0225862 0.00112915
-1.9875 0.0276379 0.0013029
-1.9625 0.0312069 0.00105285
-1.9375 0.0377586 0.00125175
-1.9125 0.0443448 0.00125978
-1.8875 0.0519138 0.00132668
-1.8625 0.0579655 0.00121717
-1.8375 0.0671379 0.0016251
-1.8125 0.073569 0.0017895
-1.7875 0.0822931 0.00183007
-1.7625 0.0947414 0.00186029
-1.7375 0.102086 0.00185607
-1.7125 0.115534 0.00251765
-1.6875 0.126793 0.00293662
-1.6625 0.138828 0.00239741
-1.6375 0.149172 0.00249606
-1.6125 0.163483 0.00243524
-1.5875 0.178603 0.00293918
-1.5625 0.193293 0.00344245
-1.5375 0.201862 0.00255142
-1.5125 0.217086 0.00355193
-1.4875 0.227293 0.00317927
-1.4625 0.244155 0.00284785
-1.4375 0.261069 0.00263392
-1.4125 0.267207 0.00305848
-1.3875 0.277552 0.00317512
-1.3625 0.296931 0.00347121
-1.3375 0.296862 0.003705
-1.3125 0.311862 0.00390321
-1.2875 0.318879 0.00373942
-1.2625 0.326569 0.00309063
-1.2375 0.333121 0.00393379
-1.2125 0.340103 0.00386246
-1.1875 0.34531 0.00494298
-1.1625 0.353293 0.0040611
-1.1375 0.353 0.00355516
-1.1125 0.36 0.00396064
-1.0875 0.358638 0.00399602
-1.0625 0.365379 0.00322892
-1.0375 0.358845 0.00473509
-1.0125 0.365707 0.0037619
-0.9875 0.361707 0.0041389
-0.9625 0.355862 0.00426974
-0.9375 0.359983 0.00417622
-0.9125 0.357638 0.00518259
-0.8875 0.354483 0.00512913
-0.8625 0.352086 0.00325159
-0.8375 0.349759 0.00466354
-0.8125 0.342448 0.00527355
-0.7875 0.336207 0.00506515
-0.7625 0.332379 0.00439847
-0.7375 0.322983 0.00523913
-0.7125 0.321103 0.00391699
-0.6875 0.319397 0.00525723
-0.6625 0.312552 0.00436254
-0.6375 0.304552 0.00522375
-0.6125 0.299293 0.00428978
-0.5875 0.292707 0.0039972
-0.5625 0.293431 0.00404783
-0.5375 0.286638 0.00426172
-0.5125 0.282431 0.00372002
-0.4875 0.278069 0.0035927
-0.4625 0.26831 0.00281081
-0.4375 0.267121 0.00408554
-0.4125 0.261621 0.00376692
-0.3875 0.258776 0.00379847
-0.3625 0.255534 0.00361588
-0.3375 0.252672 0.00342482
-0.3125 0.249276 0.00373799
-0.2875 0.246345 0.00312715
-0.2625 0.239534 0.00272798
-0.2375 0.239793 0.00272014
-0.2125 0.237034 0.00230924
-0.1875 0.232793 0.00237104
-0.1625 0.229414 0.00323946
-0.1375 0.228707 0.00240489
-0.1125 0.226862 0.00271735
-0.0875 0.226362 0.00243189
-0.0625 0.224724 0.00194241
-0.0375 0.223293 0.00261688
-0.0125 0.224517 0.0022563
0.0125 0.222759 0.0023919
0.0375 0.224138 0.00174505
0.0625 0.226966 0.00255133
0.0875 0.226448 0.00282328
0.1125 0.227707 0.00226175
0.1375 0.227879 0.00192259
0.1625 0.230655 0.00259239
0.1875 0.229034 0.00209078
0.2125 0.232431 0.00182587
0.2375 0.2345 0.0027536
0.2625 0.238793 0.00245428
0.2875 0.244517 0.0029641
0.3125 0.243897 0.00323542
0.3375 0.246741 0.00282995
0.3625 0.255983 0.0023195
0.3875 0.255172 0.0022575
0.4125 0.262466 0.00296003
0.4375 0.266862 0.00313413
0.4625 0.269759 0.00341946
0.4875 0.274448 0.00291006
0.5125 0.282483 0.00305427
0.5375 0.285569 0.00367078
0.5625 0.289 0.00343003
0.5875 0.294397 0.00326467
0.6125 0.303138 0.00289089
0.6375 0.310414 0.00279593
0.6625 0.316672 0.00347791
0.6875 0.319155 0.0032471
0.7125 0.325552 0.00270133
0.7375 0.327638 0.00301801
0.7625 0.330586 0.0025529
0.7875 0.332828 0.00366197
0.8125 0.342897 0.00304118
0.8375 0.349603 0.0055123
0.8625 0.351345 0.00438168
0.8875 0.354397 0.00440029
0.9125 0.358914 0.00364656
0.9375 0.359776 0.0039472
0.9625 0.361259 0.0047234
0.9875 0.360707 0.00429566
1.0125 0.363534 0.00438819
1.0375 0.363983 0.00535452
1.0625 0.360207 0.00404907
1.0875 0.355121 0.00414276
1.1125 0.355207 0.00436877
1.1375 0.354276 0.00467877
1.1625 0.35281 0.00381976
1.1875 0.347448 0.00418617
1.2125 0.338466 0.00393576
1.2375 0.331259 0.0055235
1.2625 0.321207 0.0038239
1.2875 0.316603 0.00443149
1.3125 0.302138 0.00437161
1.3375 0.294793 0.0036756
1.3625 0.28369 0.00326551
1.3875 0.271121 0.00313375
1.4125 0.261672 0.00220895
1.4375 0.249793 0.00308475
1.4625 0.238224 0.00341886
1.4875 0.228431 0.00365204
1.5125 0.210034 0.00282105
1.5375 0.202138 0.00291482
1.5625 0.190948 0.00337472
1.5875 0.173672 0.0032957
1.6125 0.161862 0.00248101
1.6375 0.148707 0.00308094
1.6625 0.137828 0.00272568
1.6875 0.125431 0.00233159
1.7125 0.111672 0.0026973
1.7375 0.103897 0.00262354
1.7625 0.0912414 0.00232949
1.7875 0.0823793 0.0022951
1.8125 0.0731724 0.00225442
1.8375 0.0662759 0.00186806
1.8625 0.0563621 0.00185238
1.8875 0.0495172 0.00167542
1.9125 0.0411379 0.00120594
1.9375 0.037569 0.00136881
1.9625 0.0317931 0.00140654
1.9875 0.0283276 0.00141511
2.0125 0.023931 0.000883324
2.0375 0.0185172 0.000889595
2.0625 0.0162931 0.000939576
2.0875 0.0136724 0.000562013
2.1125 0.0113103 0.000655898
2.1375 0.00903448 0.000492874
2.1625 0.00794828 0.00043786
2.1875 0.00589655 0.000390813
2.2125 0.00465517 0.000434469
2.2375 0.00436207 0.000435682
2.2625 0.0032069 0.000435562
2.2875 0.00196552 0.000267214
2.3125 0.00212069 0.000195483
2.3375 0.0015 0.000268518
2.3625 0.00118966 0.000197299
2.3875 0.000862069 0.00017155
2.4125 0.000568966 0.000129655
2.4375 0.000413793 8.992e-05
2.4625 0.000189655 6.66642e-05
2.4875 0.000310345 7.67193e-05
2.5125 0.000137931 3.7774e-05
2.5375 5.17241e-05 2.75323e-05
2.5625 6.89655e-05 3.08423e-05
2.5875 3.44828e-05 2.31317e-05
2.6125 5.17241e-05 3.67771e-05
2.6375 3.44828e-05 3.36096e-05
2.6625 5.17241e-05 3.67771e-05
2.6875 3.44828e-05 3.36096e-05
2.7125 0 0
2.7375 0 0
2.7625 0 0
2.7875 0 0
2.8125 0 0
2.8375 0 0
2.8625 0 0
2.8875 0 0
2.9125 0 0
2.9375 0 0
2.9625 0 0
2.9875 0 0
3.0125 0 0
3.0375 0 0
3.0625 0 0
3.0875 0 0
3.1125 0 0
3.1375 0 0
3.1625 0 0
3.1875 0 0
3.2125 0 0
3.2375 0 0
3.2625 0 0
3.2875 0 0
3.3125 0 0
3.3375 0 0
3.3625 0 0
3.3875 0 0
3.4125 0 0
3.4375 0 0
3.4625 0 0
3.4875 0 0
3.5125 0 0
3.5375 0 0
3.5625 0 0
3.5875 0 0
3.6125 0 0
3.6375 0 0
3.6625 0 0
3.6875 0 0
3.7125 0 0
3.7375 0 0
3.7625 0 0
3.7875 0 0
3.8125 0 0
3.8375 0 0
3.8625 0 0
3.8875 0 0
3.9125 0 0
3.9375 0 0
3.9625 0 0
3.9875 0 0
4.0125 0 0
4.0375 0 0
4.0625 0 0
4.0875 0 0
4.1125 0 0
4.1375 0 0
4.1625 0 0
4.1875 0 0
4.2125 0 0
4.2375 0 0
4.2625 0 0
4.2875 0 0
4.3125 0 0
4.3375 0 0
4.3625 0 0
4.3875 0 0
4.4125 0 0
4.4375 0 0
4.4625 0 0
4.4875 0 0
4.5125 0 0
4.5375 0 0
4.5625 0 0
4.5875 0 0
4.6125 0 0
4.6375 0 0
4.6625 0 0
4.6875 0 0
4.7125 0 0
4.7375 0 0
4.7625 0 0
4.7875 0 0
4.8125 0 0
4.8375 0 0
4.8625 0 0
4.8875 0 0
4.9125 0 0
4.9375 0 0
4.9625 0 0
4.9875 0 0
