-4.9875 0 0
-4.9625 0 0
-4.9375 0 0
-4.9125 0 0
-4.8875 0 0
-4.8625 0 0
-4.8375 0 0
-4.8125 0 0
-4.7875 0 0
-4.7625 0 0
-4.7375 0 0
-4.7125 0 0
-4.6875 0 0
-4.6625 0 0
-4.6375 0 0
-4.6125 0 0
-4.5875 0 0
-4.5625 0 0
-4.5375 0 0
-4.5125 0 0
-4.4875 0 0
-4.4625 0 0
-4.4375 0 0
-4.4125 0 0
-4.3875 0 0
-4.3625 0 0
-4.3375 0 0
-4.3125 0 0
-4.2875 0 0
-4.2625 0 0
-4.2375 0 0
-4.2125 0 0
-4.1875 0 0
-4.1625 0 0
-4.1375 0 0
-4.1125 0 0
-4.0875 0 0
-4.0625 0 0
-4.0375 0 0
-4.0125 0 0
-3.9875 0 0
-3.9625 0 0
-3.9375 0 0
-3.9125 0 0
-3.8875 0 0
-3.8625 0 0
-3.8375 0 0
-3.8125 0 0
-3.7875 0 0
-3.7625 0 0
-3.7375 0 0
-3.7125 0 0
-3.6875 0 0
-3.6625 0 0
-3.6375 0 0
-3.6125 0 0
-3.5875 0 0
-3.5625 0 0
-3.5375 0 0
-3.5125 0 0
-3.4875 0 0
-3.4625 0 0
-3.4375 0 0
-3.4125 0 0
-3.3875 0 0
-3.3625 0 0
-3.3375 0 0
-3.3125 0 0
-3.2875 0 0
-3.2625 0 0
-3.2375 0 0
-3.2125 0 0
-3.1875 0 0
-3.1625 0 0
-3.1375 0 0
-3.1125 0 0
-3.0875 0 0
-3.0625 0 0
-3.0375 1.72414e-05 1.68048e-05
-3.0125 0 0
-2.9875 0 0
-2.9625 0 0
-2.9375 0 0
-2.9125 0 0
-2.8875 0 0
-2.8625 0 0
-2.8375 0 0
-2.8125 3.44828e-05 2.31317e-05
-2.7875 1.72414e-05 1.68048e-05
-2.7625 1.72414e-05 1.68048e-05
-2.7375 0.000137931 5.11462e-05
-2.7125 8.62069e-05 4.13434e-05
-2.6875 0.000137931 6.63289e-05
-2.6625 8.62069e-05 5.38362e-05
-2.6375 0.000172414 6.67756e-05
-2.6125 0.000293103 0.000109791
-2.5875 0.000310345 0.00013108
-2.5625 0.00037931 0.000133328
-2.5375 0.00062069 0.000166449
-2.5125 0.000913793 0.000165867
-2.4875 0.000931034 0.000187448
-2.4625 0.00143103 0.000283593
-2.4375 0.00134483 0.000240021
-2.4125 0.0022069 0.000285812
-2.3875 0.00258621 0.000226775
-2.3625 0.00372414 0.000318476
-2.3375 0.00405172 0.000545697
-2.3125 0.00503448 0.000518619
-2.2875 0.0065 0.000485996
-2.2625 0.00739655 0.000569475
-2.2375 0.00953448 0.000582276
-2.2125 0.0118448 0.000666542
-2.1875 0.014569 0.000838957
-2.1625 0.0154483 0.000695493
-2.1375 0.0181207 0.000746962
-2.1125 0.0227586 0.000749157
-2.0875 0.025431 0.00108082
-2.0625 0.0300345 0.00115502
-2.0375 0.0340862 0.00113014
-2.0125 0.0383966 0.0013349
-1.9875 0.0444483 0.00123174
-1.9625 0.0530517 0.00155522
-1.9375 0.0600517 0.00175951
-1.9125 0.0658448 0.0020193
-1.8875 0.0743103 0.00180656
-1.8625 0.0830172 0.00188899
-1.8375 0.0932759 0.00239283
-1.8125 0.101362 0.00185591
-1.7875 0.109224 0.00248011
-1.7625 0.122672 0.00264709
-1.7375 0.131138 0.00174251
-1.7125 0.143379 0.00269789
-1.6875 0.154345 0.00292295
-1.6625 0.163759 0.00339659
-1.6375 0.176379 0.00297128
-1.6125 0.187603 0.00372569
-1.5875 0.202034 0.0030379
-1.5625 0.211103 0.00266964
-1.5375 0.223724 0.00402206
-1.5125 0.232966 0.00254699
-1.4875 0.246552 0.00334589
-1.4625 0.255362 0.00322681
-1.4375 0.268448 0.00346226
-1.4125 0.275397 0.00271794
-1.3875 0.28281 0.00373301
-1.3625 0.292 0.00507474
-1.3375 0.298086 0.00406403
-1.3125 0.302759 0.00451829
-1.2875 0.314017 0.00424497
-1.2625 0.317155 0.00478322
-1.2375 0.321345 0.00527563
-1.2125 0.323638 0.00496848
-1.1875 0.331483 0.00461071
-1.1625 0.338224 0.00352857
-1.1375 0.337569 0.00487833
-1.1125 0.341793 0.00459337
-1.0875 0.338655 0.00435015
-1.0625 0.337362 0.00486508
-1.0375 0.337276 0.00468718
-1.0125 0.338638 0.00428187
-0.9875 0.333845 0.00405603
-0.9625 0.331103 0.0040644
-0.9375 0.330638 0.00450705
-0.9125 0.325034 0.00440175
-0.8875 0.323672 0.00395292
-0.8625 0.322362 0.00362768
-0.8375 0.322155 0.00351436
-0.8125 0.314224 0.00301925
-0.7875 0.311621 0.00297803
-0.7625 0.309914 0.00340113
-0.7375 0.303655 0.00309159
-0.7125 0.299603 0.00279441
-0.6875 0.296569 0.00334762
-0.6625 0.294241 0.00318131
-0.6375 0.292276 0.00413789
-0.6125 0.285552 0.00373585
-0.5875 0.282828 0.00376704
-0.5625 0.281759 0.00419975
-0.5375 0.273931 0.00420084
-0.5125 0.274586 0.0042858
-0.4875 0.271569 0.00354364
-0.4625 0.268293 0.00395707
-0.4375 0.259638 0.00357828
-0.4125 0.255776 0.00407056
-0.3875 0.25519 0.00420644
-0.3625 0.253121 0.00284043
-0.3375 0.246983 0.00382159
-0.3125 0.248724 0.00348669
-0.2875 0.240224 0.00281307
-0.2625 0.243241 0.00293867
-0.2375 0.244086 0.00321109
-0.2125 0.239534 0.00260981
-0.1875 0.238603 0.00323215
-0.1625 0.237069 0.00320629
-0.1375 0.236086 0.00277969
-0.1125 0.237483 0.00280713
-0.0875 0.235172 0.00255324
-0.0625 0.237759 0.00285286
-0.0375 0.234379 0.00297933
-0.0125 0.235776 0.003533
0.0125 0.233466 0.00336507
0.0375 0.233293 0.00234172
0.0625 0.229707 0.00352157
0.0875 0.234069 0.00238699
0.1125 0.234931 0.0021664
0.1375 0.238448 0.00257336
0.1625 0.237121 0.0025267
0.1875 0.237845 0.00256785
0.2125 0.238552 0.00269668
0.2375 0.241862 0.00276845
0.2625 0.242897 0.00362335
0.2875 0.246448 0.00304525
0.3125 0.246103 0.00313851
0.3375 0.249241 0.00300877
0.3625 0.255155 0.00303541
0.3875 0.254966 0.00285441
0.4125 0.259793 0.0029918
0.4375 0.2635 0.0035198
0.4625 0.261517 0.00348757
0.4875 0.268379 0.00301375
0.5125 0.268983 0.0035757
0.5375 0.273431 0.00261393
0.5625 0.276293 0.00287945
0.5875 0.277914 0.00371571
0.6125 0.286552 0.00396537
0.6375 0.289379 0.00336853
0.6625 0.291138 0.00382534
0.6875 0.294414 0.00318864
0.7125 0.300638 0.00283245
0.7375 0.306138 0.00451748
0.7625 0.301914 0.003598
0.7875 0.310172 0.00408708
0.8125 0.308138 0.00422103
0.8375 0.315621 0.00367424
0.8625 0.318534 0.00430468
0.8875 0.321259 0.00363415
0.9125 0.326121 0.0043565
0.9375 0.327172 0.00455065
0.9625 0.329086 0.00459419
0.9875 0.327259 0.00367217
1.0125 0.332741 0.00535952
1.0375 0.330638 0.00486368
1.0625 0.33231 0.00446616
1.0875 0.328845 0.00540144
1.1125 0.331552 0.00560005
1.1375 0.323103 0.0048266
1.1625 0.324466 0.00496692
1.1875 0.324534 0.00405684
1.2125 0.318207 0.00423342
1.2375 0.313862 0.00468621
1.2625 0.313931 0.005421
1.2875 0.306103 0.00477285
1.3125 0.298621 0.00548417
1.3375 0.290379 0.00462647
1.3625 0.285 0.004727
1.3875 0.278552 0.00482356
1.4125 0.266966 0.00436221
1.4375 0.257517 0.00490417
1.4625 0.245293 0.00422328
1.4875 0.240086 0.00393888
1.5125 0.235603 0.00433317
1.5375 0.223362 0.0044271
1.5625 0.210017 0.00368889
1.5875 0.194845 0.00411946
1.6125 0.184983 0.00370336
1.6375 0.174655 0.00348314
1.6625 0.163672 0.00344295
1.6875 0.148707 0.00337128
1.7125 0.141552 0.00302973
1.7375 0.131224 0.00279049
1.7625 0.120103 0.00320245
1.7875 0.112672 0.00295989
1.8125 0.0982931 0.00232221
1.8375 0.0914828 0.00312997
1.8625 0.0822241 0.00280727
1.8875 0.0740862 0.00225543
1.9125 0.0638448 0.00294886
1.9375 0.0597931 0.00260389
1.9625 0.0507759 0.00224746
1.9875 0.0460862 0.00275412
2.0125 0.041569 0.00269048
2.0375 0.0364828 0.00235931
2.0625 0.0303103 0.00201465
2.0875 0.0276552 0.00178689
2.1125 0.022431 0.00155009
2.1375 0.0196034 0.00156684
2.1625 0.0167414 0.00130135
2.1875 0.0148621 0.00118826
2.2125 0.0124828 0.00115956
2.2375 0.00963793 0.00106715
2.2625 0.00851724 0.000991072
2.2875 0.00631034 0.000727864
2.3125 0.00472414 0.000611571
2.3375 0.00418966 0.000476733
2.3625 0.00365517 0.000416228
2.3875 0.00274138 0.00039125
2.4125 0.00284483 0.000488801
2.4375 0.002 0.000345344
2.4625 0.00127586 0.000245167
2.4875 0.00113793 0.000220932
2.5125 0.000551724 0.000158771
2.5375 0.000810345 0.000176293
2.5625 0.000517241 0.000169808
2.5875 0.000465517 0.00014275
2.6125 0.000293103 7.42581e-05
2.6375 0.000172414 7.1088e-05
2.6625 0.000224138 8.54275e-05
2.6875 0.000155172 6.2045e-05
2.7125 8.62069e-05 3.33878e-05
2.7375 5.17241e-05 2.75323e-05
2.7625 6.89655e-05 3.93164e-05
2.7875 3.44828e-05 2.31317e-05
2.8125 3.44828e-05 2.31317e-05
2.8375 1.72414e-05 1.68048e-05
2.8625 1.72414e-05 1.68048e-05
2.8875 0 0
2.9125 0 0
2.9375 0 0
2.9625 0 0
2.9875 0 0
3.0125 0 0
3.0375 0 0
3.0625 0 0
3.0875 0 0
3.1125 0 0
3.1375 0 0
3.1625 0 0
3.1875 0 0
3.2125 0 0
3.2375 0 0
3.2625 0 0
3.2875 0 0
3.3125 0 0
3.3375 0 0
3.3625 0 0
3.3875 0 0
3.4125 0 0
3.4375 0 0
3.4625 0 0
3.4875 0 0
3.5125 0 0
3.5375 0 0
3.5625 0 0
3.5875 0 0
3.6125 0 0
3.6375 0 0
3.6625 0 0
3.6875 0 0
3.7125 0 0
3.7375 0 0
3.7625 0 0
3.7875 0 0
3.8125 0 0
3.8375 0 0
3.8625 0 0
3.8875 0 0
3.9125 0 0
3.9375 0 0
3.9625 0 0
3.9875 0 0
4.0125 0 0
4.0375 0 0
4.0625 0 0
4.0875 0 0
4.1125 0 0
4.1375 0 0
4.1625 0 0
4.1875 0 0
4.2125 0 0
4.2375 0 0
4.2625 0 0
4.2875 0 0
4.3125 0 0
4.3375 0 0
4.3625 0 0
4.3875 0 0
4.4125 0 0
4.4375 0 0
4.4625 0 0
4.4875 0 0
4.5125 0 0
4.5375 0 0
4.5625 0 0
4.5875 0 0
4.6125 0 0
4.6375 0 0
4.6625 0 0
4.6875 0 0
4.7125 0 0
4.7375 0 0
4.7625 0 0
4.7875 0 0
4.8125 0 0
4.8375 0 0
4.8625 0 0
4.8875 0 0
4.9125 0 0
4.9375 0 0
4.9625 0 0
4.9875 0 0
