-4.9875 0 0
-4.9625 0 0
-4.9375 0 0
-4.9125 0 0
-4.8875 0 0
-4.8625 0 0
-4.8375 0 0
-4.8125 0 0
-4.7875 0 0
-4.7625 0 0
-4.7375 0 0
-4.7125 0 0
-4.6875 0 0
-4.6625 0 0
-4.6375 0 0
-4.6125 0 0
-4.5875 0 0
-4.5625 0 0
-4.5375 0 0
-4.5125 0 0
-4.4875 0 0
-4.4625 0 0
-4.4375 0 0
-4.4125 0 0
-4.3875 0 0
-4.3625 0 0
-4.3375 0 0
-4.3125 0 0
-4.2875 0 0
-4.2625 0 0
-4.2375 0 0
-4.2125 0 0
-4.1875 0 0
-4.1625 0 0
-4.1375 0 0
-4.1125 0 0
-4.0875 0 0
-4.0625 0 0
-4.0375 0 0
-4.0125 0 0
-3.9875 0 0
-3.9625 0 0
-3.9375 0 0
-3.9125 0 0
-3.8875 0 0
-3.8625 0 0
-3.8375 0 0
-3.8125 0 0
-3.7875 0 0
-3.7625 0 0
-3.7375 0 0
-3.7125 0 0
-3.6875 0 0
-3.6625 0 0
-3.6375 0 0
-3.6125 0 0
-3.5875 0 0
-3.5625 0 0
-3.5375 0 0
-3.5125 0 0
-3.4875 0 0
-3.4625 0 0
-3.4375 0 0
-3.4125 0 0
-3.3875 0 0
-3.3625 0 0
-3.3375 0 0
-3.3125 0 0
-3.2875 0 0
-3.2625 0 0
-3.2375 0 0
-3.2125 0 0
-3.1875 0 0
-3.1625 0 0
-3.1375 0 0
-3.1125 0 0
-3.0875 0 0
-3.0625 0 0
-3.0375 0 0
-3.0125 1.72414e-05 1.68048e-05
-2.9875 1.72414e-05 1.68048e-05
-2.9625 1.72414e-05 1.68048e-05
-2.9375 1.72414e-05 1.68048e-05
-2.9125 0 0
-2.8875 8.62069e-05 4.13434e-05
-2.8625 8.62069e-05 4.13434e-05
-2.8375 8.62069e-05 5.38362e-05
-2.8125 0.000137931 5.11462e-05
-2.7875 0.00012069 4.41258e-05
-2.7625 0.000413793 0.000107948
-2.7375 0.000551724 0.000120443
-2.7125 0.0005 0.000120628
-2.6875 0.000706897 0.000164427
-2.6625 0.000982759 0.000250178
-2.6375 0.000931034 0.000218224
-2.6125 0.00124138 0.000225328
-2.5875 0.00205172 0.000382801
-2.5625 0.00191379 0.000290019
-2.5375 0.00267241 0.000359907
-2.5125 0.0037931 0.000423731
-2.4875 0.00386207 0.00037107
-2.4625 0.00412069 0.000406893
-2.4375 0.0057069 0.000669745
-2.4125 0.00653448 0.000492799
-2.3875 0.00886207 0.000629771
-2.3625 0.010431 0.000832555
-2.3375 0.0128793 0.000931441
-2.3125 0.0158103 0.000823725
-2.2875 0.0172241 0.00110223
-2.2625 0.0192241 0.00123823
-2.2375 0.0234655 0.00120035
-2.2125 0.0262759 0.00124176
-2.1875 0.0288966 0.00141287
-2.1625 0.0330172 0.00139109
-2.1375 0.037569 0.00178304
-2.1125 0.0414828 0.00169055
-2.0875 0.048569 0.00164133
-2.0625 0.0530345 0.00173473
-2.0375 0.0591552 0.00183464
-2.0125 0.0656379 0.00206483
-1.9875 0.0734655 0.00202342
-1.9625 0.0801207 0.00260057
-1.9375 0.0880172 0.0024451
-1.9125 0.097431 0.00240336
-1.8875 0.104621 0.00248544
-1.8625 0.113138 0.00259446
-1.8375 0.124534 0.00362875
-1.8125 0.132207 0.00255794
-1.7875 0.142931 0.00284169
-1.7625 0.151586 0.00336003
-1.7375 0.159414 0.00346968
-1.7125 0.17169 0.00412929
-1.6875 0.1795 0.00448975
-1.6625 0.188328 0.00358092
-1.6375 0.196983 0.00416042
-1.6125 0.207328 0.00357008
-1.5875 0.215397 0.0034239
-1.5625 0.226966 0.00454399
-1.5375 0.235086 0.00497239
-1.5125 0.241724 0.0042894
-1.4875 0.249328 0.00400108
-1.4625 0.257 0.00543933
-1.4375 0.264155 0.0052452
-1.4125 0.268552 0.00397843
-1.3875 0.271879 0.00474025
-1.3625 0.277621 0.00496162
-1.3375 0.28219 0.00446723
-1.3125 0.289534 0.00489007
-1.2875 0.299569 0.00385196
-1.2625 0.295034 0.00529248
-1.2375 0.297603 0.00427416
-1.2125 0.307379 0.00353397
-1.1875 0.307121 0.00458616
-1.1625 0.304534 0.00374533
-1.1375 0.311345 0.00377542
-1.1125 0.308034 0.00442127
-1.0875 0.310017 0.0047275
-1.0625 0.313828 0.00477757
-1.0375 0.309276 0.00430095
-1.0125 0.31181 0.00543417
-0.9875 0.305103 0.00413661
-0.9625 0.302586 0.00532167
-0.9375 0.300293 0.0041358
-0.9125 0.297414 0.00432106
-0.8875 0.296655 0.00430835
-0.8625 0.292379 0.00424935
-0.8375 0.29219 0.00393657
-0.8125 0.28831 0.00367593
-0.7875 0.291897 0.00442136
-0.7625 0.287103 0.00438192
-0.7375 0.286086 0.00389062
-0.7125 0.281241 0.00357861
-0.6875 0.284793 0.00375948
-0.6625 0.277121 0.00442867
-0.6375 0.277966 0.00411819
-0.6125 0.278879 0.00439847
-0.5875 0.272448 0.00421698
-0.5625 0.271672 0.00451094
-0.5375 0.265 0.00430569
-0.5125 0.265155 0.00429421
-0.4875 0.265638 0.00424112
-0.4625 0.2625 0.00482401
-0.4375 0.258466 0.00342522
-0.4125 0.256052 0.0032931
-0.3875 0.256914 0.00381432
-0.3625 0.252966 0.00279293
-0.3375 0.249259 0.00288723
-0.3125 0.248345 0.00310006
-0.2875 0.244293 0.00289434
-0.2625 0.245534 0.00323307
-0.2375 0.244259 0.00295973
-0.2125 0.238948 0.00321666
-0.1875 0.241379 0.00280118
-0.1625 0.238241 0.00280806
-0.1375 0.234259 0.00343292
-0.1125 0.234241 0.00339336
-0.0875 0.23119 0.00333267
-0.0625 0.234017 0.00301643
-0.0375 0.231293 0.00350131
-0.0125 0.232293 0.00290109
0.0125 0.230776 0.00220634
0.0375 0.233345 0.00305441
0.0625 0.232172 0.00330496
0.0875 0.236534 0.00285796
0.1125 0.233862 0.00357663
0.1375 0.235241 0.00283573
0.1625 0.23869 0.00334275
0.1875 0.237207 0.00321734
0.2125 0.240638 0.00302234
0.2375 0.238379 0.00285365
0.2625 0.241897 0.00374519
0.2875 0.242276 0.00326098
0.3125 0.243707 0.00325281
0.3375 0.245672 0.00354213
0.3625 0.247966 0.00307409
0.3875 0.253379 0.00254444
0.4125 0.254155 0.00306504
0.4375 0.254 0.00303951
0.4625 0.255914 0.00280333
0.4875 0.257552 0.00311596
0.5125 0.253414 0.00326085
0.5375 0.260672 0.00287972
0.5625 0.264776 0.00271805
0.5875 0.258259 0.00349166
0.6125 0.267 0.00265798
0.6375 0.272379 0.00300078
0.6625 0.271552 0.0032113
0.6875 0.272017 0.00346026
0.7125 0.275362 0.00377027
0.7375 0.281397 0.00346534
0.7625 0.283121 0.00387801
0.7875 0.282276 0.00444168
0.8125 0.286983 0.00486939
0.8375 0.289638 0.0046649
0.8625 0.295155 0.00365944
0.8875 0.300397 0.00437056
0.9125 0.297034 0.00408453
0.9375 0.295655 0.00381112
0.9625 0.297052 0.00426518
0.9875 0.300828 0.00406856
1.0125 0.301845 0.00361364
1.0375 0.305966 0.00451442
1.0625 0.304672 0.00336313
1.0875 0.301552 0.00377082
1.1125 0.305741 0.00418928
1.1375 0.299552 0.00389725
1.1625 0.303086 0.00382086
1.1875 0.302328 0.00423604
1.2125 0.302 0.00351974
1.2375 0.30081 0.00468619
1.2625 0.299155 0.00409217
1.2875 0.291621 0.00454768
1.3125 0.291259 0.00503757
1.3375 0.282569 0.00509998
1.3625 0.284241 0.00441818
1.3875 0.275034 0.00513604
1.4125 0.265638 0.00488179
1.4375 0.26081 0.00453591
1.4625 0.256414 0.0045371
1.4875 0.252845 0.00434578
1.5125 0.24181 0.00566299
1.5375 0.233655 0.00414765
1.5625 0.223138 0.00370821
1.5875 0.217759 0.00380613
1.6125 0.204793 0.00386891
1.6375 0.197259 0.00313665
1.6625 0.187586 0.00356967
1.6875 0.179259 0.00322301
1.7125 0.172155 0.00388661
1.7375 0.160362 0.00265802
1.7625 0.15169 0.0030643
1.7875 0.140534 0.00304499
1.8125 0.12981 0.00297517
1.8375 0.121155 0.00308204
1.8625 0.114466 0.00281098
1.8875 0.102 0.00311984
1.9125 0.0955517 0.0029365
1.9375 0.0852069 0.00241538
1.9625 0.0782069 0.0022822
1.9875 0.0702931 0.00248925
2.0125 0.064069 0.0024778
2.0375 0.0573448 0.00225857
2.0625 0.0526552 0.00221712
2.0875 0.0469828 0.00225893
2.1125 0.0419655 0.00173121
2.1375 0.0374483 0.00182635
2.1625 0.0327931 0.00142696
2.1875 0.0302414 0.00129393
2.2125 0.0263621 0.00112148
2.2375 0.022569 0.00115851
2.2625 0.0185862 0.000779074
2.2875 0.0166034 0.001038
2.3125 0.0142586 0.000938753
2.3375 0.0114483 0.000634708
2.3625 0.0100172 0.000598986
2.3875 0.00927586 0.000763269
2.4125 0.00732759 0.000671252
2.4375 0.00577586 0.000574878
2.4625 0.0052069 0.000502017
2.4875 0.00394828 0.000519807
2.5125 0.00310345 0.000335211
2.5375 0.00236207 0.000326473
2.5625 0.00172414 0.000261478
2.5875 0.00127586 0.000211304
2.6125 0.000982759 0.000187725
2.6375 0.00087931 0.000217371
2.6625 0.00103448 0.000223474
2.6875 0.000689655 0.000223474
2.7125 0.000431034 0.000180624
2.7375 0.00037931 0.00025092
2.7625 0.000275862 0.000204875
2.7875 0.000431034 0.000299499
2.8125 0.00012069 8.54275e-05
2.8375 0.000155172 0.000134604
2.8625 0.000155172 0.000118138
2.8875 8.62069e-05 5.91005e-05
2.9125 3.44828e-05 2.31317e-05
2.9375 5.17241e-05 5.04145e-05
2.9625 1.72414e-05 1.68048e-05
2.9875 1.72414e-05 1.68048e-05
3.0125 0 0
3.0375 0 0
3.0625 0 0
3.0875 0 0
3.1125 0 0
3.1375 0 0
3.1625 0 0
3.1875 0 0
3.2125 0 0
3.2375 0 0
3.2625 0 0
3.2875 0 0
3.3125 0 0
3.3375 0 0
3.3625 0 0
3.3875 0 0
3.4125 0 0
3.4375 0 0
3.4625 0 0
3.4875 0 0
3.5125 0 0
3.5375 0 0
3.5625 0 0
3.5875 0 0
3.6125 0 0
3.6375 0 0
3.6625 0 0
3.6875 0 0
3.7125 0 0
3.7375 0 0
3.7625 0 0
3.7875 0 0
3.8125 0 0
3.8375 0 0
3.8625 0 0
3.8875 0 0
3.9125 0 0
3.9375 0 0
3.9625 0 0
3.9875 0 0
4.0125 0 0
4.0375 0 0
4.0625 0 0
4.0875 0 0
4.1125 0 0
4.1375 0 0
4.1625 0 0
4.1875 0 0
4.2125 0 0
4.2375 0 0
4.2625 0 0
4.2875 0 0
4.3125 0 0
4.3375 0 0
4.3625 0 0
4.3875 0 0
4.4125 0 0
4.4375 0 0
4.4625 0 0
4.4875 0 0
4.5125 0 0
4.5375 0 0
4.5625 0 0
4.5875 0 0
4.6125 0 0
4.6375 0 0
4.6625 0 0
4.6875 0 0
4.7125 0 0
4.7375 0 0
4.7625 0 0
4.7875 0 0
4.8125 0 0
4.8375 0 0
4.8625 0 0
4.8875 0 0
4.9125 0 0
4.9375 0 0
4.9625 0 0
4.9875 0 0
