-4.9875 0 0
-4.9625 0 0
-4.9375 0 0
-4.9125 0 0
-4.8875 0 0
-4.8625 0 0
-4.8375 0 0
-4.8125 0 0
-4.7875 0 0
-4.7625 0 0
-4.7375 0 0
-4.7125 0 0
-4.6875 0 0
-4.6625 0 0
-4.6375 0 0
-4.6125 0 0
-4.5875 0 0
-4.5625 0 0
-4.5375 0 0
-4.5125 0 0
-4.4875 0 0
-4.4625 0 0
-4.4375 0 0
-4.4125 0 0
-4.3875 0 0
-4.3625 0 0
-4.3375 0 0
-4.3125 0 0
-4.2875 0 0
-4.2625 0 0
-4.2375 0 0
-4.2125 0 0
-4.1875 0 0
-4.1625 0 0
-4.1375 0 0
-4.1125 0 0
-4.0875 0 0
-4.0625 0 0
-4.0375 0 0
-4.0125 0 0
-3.9875 0 0
-3.9625 0 0
-3.9375 0 0
-3.9125 0 0
-3.8875 0 0
-3.8625 0 0
-3.8375 0 0
-3.8125 0 0
-3.7875 0 0
-3.7625 0 0
-3.7375 0 0
-3.7125 0 0
-3.6875 0 0
-3.6625 0 0
-3.6375 0 0
-3.6125 0 0
-3.5875 0 0
-3.5625 0 0
-3.5375 0 0
-3.5125 0 0
-3.4875 0 0
-3.4625 0 0
-3.4375 0 0
-3.4125 0 0
-3.3875 0 0
-3.3625 0 0
-3.3375 0 0
-3.3125 0 0
-3.2875 0 0
-3.2625 0 0
-3.2375 0 0
-3.2125 0 0
-3.1875 0 0
-3.1625 0 0
-3.1375 0 0
-3.1125 0 0
-3.0875 0 0
-3.0625 3.44828e-05 2.31317e-05
-3.0375 0 0
-3.0125 5.17241e-05 3.67771e-05
-2.9875 0 0
-2.9625 0 0
-2.9375 1.72414e-05 1.68048e-05
-2.9125 1.72414e-05 1.68048e-05
-2.8875 6.89655e-05 5.22957e-05
-2.8625 6.89655e-05 3.93164e-05
-2.8375 8.62069e-05 6.84246e-05
-2.8125 0.000103448 5.50645e-05
-2.7875 0.000155172 6.2045e-05
-2.7625 0.00012069 5.60013e-05
-2.7375 0.000293103 0.000127341
-2.7125 0.000189655 7.50545e-05
-2.6875 0.000224138 0.000104236
-2.6625 0.000362069 0.000110331
-2.6375 0.000396552 9.83666e-05
-2.6125 0.000431034 0.000105933
-2.5875 0.000844828 0.000160771
-2.5625 0.00115517 0.00022909
-2.5375 0.00141379 0.000281093
-2.5125 0.00141379 0.000261365
-2.4875 0.00236207 0.000362705
-2.4625 0.00281034 0.000361884
-2.4375 0.0035 0.000287755
-2.4125 0.00408621 0.000505778
-2.3875 0.00510345 0.000498869
-2.3625 0.00563793 0.000699616
-2.3375 0.00713793 0.000604728
-2.3125 0.00853448 0.000792307
-2.2875 0.0110172 0.000860162
-2.2625 0.011431 0.000831626
-2.2375 0.0146897 0.00098182
-2.2125 0.0161897 0.000933737
-2.1875 0.0191034 0.000993857
-2.1625 0.0212241 0.00127387
-2.1375 0.0266724 0.00151082
-2.1125 0.0309655 0.00172906
-2.0875 0.0348103 0.0014229
-2.0625 0.0409483 0.00166857
-2.0375 0.0448276 0.00188523
-2.0125 0.0502414 0.00168492
-1.9875 0.0570862 0.00187978
-1.9625 0.0621552 0.00189481
-1.9375 0.072 0.00233818
-1.9125 0.0773103 0.00203077
-1.8875 0.0867586 0.00263781
-1.8625 0.095931 0.00264155
-1.8375 0.107431 0.00287207
-1.8125 0.115569 0.00287298
-1.7875 0.124948 0.00292355
-1.7625 0.13531 0.0033926
-1.7375 0.148397 0.00375825
-1.7125 0.161672 0.00268138
-1.6875 0.170052 0.00337916
-1.6625 0.177155 0.00290003
-1.6375 0.185983 0.00274092
-1.6125 0.2 0.00310948
-1.5875 0.206948 0.00210956
-1.5625 0.216517 0.00320048
-1.5375 0.227759 0.00327009
-1.5125 0.235897 0.0039252
-1.4875 0.244345 0.00303902
-1.4625 0.254707 0.00347098
-1.4375 0.259862 0.00315808
-1.4125 0.261879 0.00415331
-1.3875 0.275172 0.00373943
-1.3625 0.281155 0.00435612
-1.3375 0.28281 0.00412291
-1.3125 0.28681 0.0052399
-1.2875 0.296741 0.00375272
-1.2625 0.303241 0.00476283
-1.2375 0.307241 0.00431193
-1.2125 0.310707 0.00398701
-1.1875 0.315862 0.0045965
-1.1625 0.314431 0.00380689
-1.1375 0.316034 0.00504065
-1.1125 0.316155 0.00522401
-1.0875 0.319776 0.00514696
-1.0625 0.318121 0.0037962
-1.0375 0.319448 0.00513448
-1.0125 0.319707 0.00498692
-0.9875 0.321414 0.0046212
-0.9625 0.318724 0.00480061
-0.9375 0.317328 0.00416749
-0.9125 0.318586 0.00419018
-0.8875 0.315138 0.00465549
-0.8625 0.31281 0.00380103
-0.8375 0.311241 0.00342218
-0.8125 0.311362 0.00517686
-0.7875 0.306621 0.00429795
-0.7625 0.297207 0.00352803
-0.7375 0.294328 0.00363376
-0.7125 0.294603 0.00313758
-0.6875 0.288293 0.00485494
-0.6625 0.283431 0.00348851
-0.6375 0.283138 0.0037262
-0.6125 0.278655 0.00458095
-0.5875 0.276466 0.00320345
-0.5625 0.272276 0.00378395
-0.5375 0.271948 0.00328622
-0.5125 0.266948 0.00390054
-0.4875 0.26431 0.00393221
-0.4625 0.26481 0.00428825
-0.4375 0.260741 0.00308059
-0.4125 0.257983 0.00314382
-0.3875 0.258672 0.00402978
-0.3625 0.252569 0.00401057
-0.3375 0.250603 0.0034392
-0.3125 0.247552 0.00287687
-0.2875 0.247621 0.0036815
-0.2625 0.242741 0.0037245
-0.2375 0.242241 0.00351585
-0.2125 0.241586 0.0025246
-0.1875 0.242121 0.00281296
-0.1625 0.241293 0.00281873
-0.1375 0.238414 0.00373573
-0.1125 0.238517 0.00326651
-0.0875 0.240534 0.00318294
-0.0625 0.237241 0.00289193
-0.0375 0.236828 0.00295232
-0.0125 0.231948 0.00240346
0.0125 0.232879 0.00235851
0.0375 0.235448 0.00304002
0.0625 0.233983 0.00237987
0.0875 0.232741 0.00291746
0.1125 0.235259 0.00221307
0.1375 0.235224 0.0028136
0.1625 0.240207 0.00346122
0.1875 0.239586 0.00323648
0.2125 0.239207 0.00375871
0.2375 0.238914 0.0034285
0.2625 0.245207 0.00330458
0.2875 0.242397 0.00299092
0.3125 0.245207 0.00370268
0.3375 0.248259 0.00337381
0.3625 0.2485 0.00307847
0.3875 0.251207 0.00367719
0.4125 0.259328 0.00361185
0.4375 0.257638 0.00329037
0.4625 0.257517 0.00316553
0.4875 0.262845 0.00289572
0.5125 0.2575 0.00339571
0.5375 0.265172 0.0036405
0.5625 0.270224 0.00340894
0.5875 0.267431 0.00466503
0.6125 0.276293 0.00336148
0.6375 0.273931 0.0042761
0.6625 0.276879 0.00400672
0.6875 0.285793 0.00350383
0.7125 0.290534 0.00325287
0.7375 0.2905 0.00394089
0.7625 0.291966 0.00404736
0.7875 0.297172 0.00335163
0.8125 0.305897 0.0036067
0.8375 0.302431 0.00320407
0.8625 0.304621 0.00412364
0.8875 0.308862 0.00400142
0.9125 0.312414 0.00423422
0.9375 0.312897 0.00440296
0.9625 0.316862 0.00342708
0.9875 0.317328 0.00402636
1.0125 0.318948 0.00452188
1.0375 0.322431 0.00334291
1.0625 0.318397 0.00400789
1.0875 0.323603 0.00497063
1.1125 0.322707 0.00517783
1.1375 0.320259 0.00535682
1.1625 0.323 0.00383062
1.1875 0.318776 0.00401628
1.2125 0.318431 0.00598271
1.2375 0.310845 0.00471724
1.2625 0.305603 0.00546369
1.2875 0.300897 0.00500597
1.3125 0.297672 0.00521185
1.3375 0.298569 0.00518569
1.3625 0.291121 0.00442549
1.3875 0.278931 0.00474516
1.4125 0.274759 0.00429249
1.4375 0.26631 0.00434969
1.4625 0.257948 0.00381292
1.4875 0.252172 0.00393021
1.5125 0.239466 0.00426538
1.5375 0.232793 0.00344766
1.5625 0.220741 0.00332926
1.5875 0.211586 0.00396787
1.6125 0.199931 0.00355546
1.6375 0.187362 0.00360351
1.6625 0.17669 0.00304127
1.6875 0.167966 0.00286683
1.7125 0.158741 0.00252917
1.7375 0.148517 0.00227901
1.7625 0.138655 0.0028875
1.7875 0.126672 0.00263396
1.8125 0.11731 0.00185513
1.8375 0.105121 0.00253739
1.8625 0.0953276 0.00239531
1.8875 0.0872931 0.00221473
1.9125 0.0791034 0.00246213
1.9375 0.0734138 0.00200043
1.9625 0.0642414 0.0019352
1.9875 0.0582414 0.00250421
2.0125 0.0525 0.0018502
2.0375 0.046 0.00165919
2.0625 0.0414483 0.00198112
2.0875 0.0353966 0.00180784
2.1125 0.031 0.00173871
2.1375 0.0257931 0.00153779
2.1625 0.0236034 0.0016486
2.1875 0.0203103 0.00143651
2.2125 0.0157414 0.00112539
2.2375 0.0141897 0.00112169
2.2625 0.011931 0.000915061
2.2875 0.00924138 0.000640767
2.3125 0.00817241 0.000829058
2.3375 0.00665517 0.000543637
2.3625 0.00517241 0.000463918
2.3875 0.00422414 0.000456734
2.4125 0.00324138 0.000437809
2.4375 0.00294828 0.000512898
2.4625 0.0022069 0.000290966
2.4875 0.00153448 0.00024803
2.5125 0.00141379 0.000264755
2.5375 0.00122414 0.000245622
2.5625 0.000706897 0.000173231
2.5875 0.000637931 0.000181281
2.6125 0.000224138 5.60013e-05
2.6375 0.000258621 7.26392e-05
2.6625 0.000137931 4.496e-05
2.6875 0.00012069 4.41258e-05
2.7125 0.000172414 7.51534e-05
2.7375 0.000137931 6.16846e-05
2.7625 5.17241e-05 2.75323e-05
2.7875 1.72414e-05 1.68048e-05
2.8125 1.72414e-05 1.68048e-05
2.8375 6.89655e-05 3.93164e-05
2.8625 1.72414e-05 1.68048e-05
2.8875 0 0
2.9125 0 0
2.9375 0 0
2.9625 0 0
2.9875 0 0
3.0125 0 0
3.0375 0 0
3.0625 0 0
3.0875 0 0
3.1125 0 0
3.1375 0 0
3.1625 0 0
3.1875 0 0
3.2125 0 0
3.2375 0 0
3.2625 0 0
3.2875 0 0
3.3125 0 0
3.3375 0 0
3.3625 0 0
3.3875 0 0
3.4125 0 0
3.4375 0 0
3.4625 0 0
3.4875 0 0
3.5125 0 0
3.5375 0 0
3.5625 0 0
3.5875 0 0
3.6125 0 0
3.6375 0 0
3.6625 0 0
3.6875 0 0
3.7125 0 0
3.7375 0 0
3.7625 0 0
3.7875 0 0
3.8125 0 0
3.8375 0 0
3.8625 0 0
3.8875 0 0
3.9125 0 0
3.9375 0 0
3.9625 0 0
3.9875 0 0
4.0125 0 0
4.0375 0 0
4.0625 0 0
4.0875 0 0
4.1125 0 0
4.1375 0 0
4.1625 0 0
4.1875 0 0
4.2125 0 0
4.2375 0 0
4.2625 0 0
4.2875 0 0
4.3125 0 0
4.3375 0 0
4.3625 0 0
4.3875 0 0
4.4125 0 0
4.4375 0 0
4.4625 0 0
4.4875 0 0
4.5125 0 0
4.5375 0 0
4.5625 0 0
4.5875 0 0
4.6125 0 0
4.6375 0 0
4.6625 0 0
4.6875 0 0
4.7125 0 0
4.7375 0 0
4.7625 0 0
4.7875 0 0
4.8125 0 0
4.8375 0 0
4.8625 0 0
4.8875 0 0
4.9125 0 0
4.9375 0 0
4.9625 0 0
4.9875 0 0
