-4.9875 0.0047761 0.00238458
-4.9625 0.000172422 0.000168057
-4.9375 0.000206907 0.000117955
-4.9125 0.000448298 0.000267227
-4.8875 0.000568994 0.000279383
-4.8625 0.00068969 0.000325326
-4.8375 0.000586236 0.000317089
-4.8125 0.00112075 0.000650138
-4.7875 0.00113799 0.000672713
-4.7625 0.000637963 0.000247803
-4.7375 0.00113799 0.000413886
-4.7125 0.00117247 0.000490359
-4.6875 0.000810385 0.000328305
-4.6625 0.000965566 0.000359698
-4.6375 0.00117247 0.000452523
-4.6125 0.00151732 0.000715667
-4.5875 0.00153456 0.000657233
-4.5625 0.00153456 0.000533382
-4.5375 0.00172422 0.000619762
-4.5125 0.00265531 0.000881583
-4.4875 0.00363811 0.00107608
-4.4625 0.00365536 0.000854283
-4.4375 0.00408641 0.00107381
-4.4125 0.00422435 0.00117851
-4.3875 0.00465541 0.00104469
-4.3625 0.00548303 0.000960596
-4.3375 0.00658654 0.00111873
-4.3125 0.00760383 0.000968785
-4.2875 0.008897 0.00128558
-4.2625 0.00925908 0.0016776
-4.2375 0.0104143 0.00186927
-4.2125 0.0118971 0.00218623
-4.1875 0.0128282 0.00207332
-4.1625 0.0127593 0.00164173
-4.1375 0.0124144 0.00166117
-4.1125 0.0130179 0.0017857
-4.0875 0.0121385 0.00187118
-4.0625 0.0124317 0.00205052
-4.0375 0.0140697 0.00250572
-4.0125 0.0147421 0.00279897
-3.9875 0.015518 0.00319768
-3.9625 0.015518 0.00269056
-3.9375 0.015018 0.00213407
-3.9125 0.0156904 0.00239257
-3.8875 0.0169491 0.00209694
-3.8625 0.0166732 0.0020151
-3.8375 0.0182078 0.00240028
-3.8125 0.0192423 0.00249407
-3.7875 0.0197251 0.00191157
-3.7625 0.0221563 0.00190554
-3.7375 0.0229322 0.00216807
-3.7125 0.0239667 0.00227852
-3.6875 0.0283462 0.00301671
-3.6625 0.0292946 0.00288574
-3.6375 0.0302946 0.00318308
-3.6125 0.0309153 0.00277822
-3.5875 0.0332603 0.00300297
-3.5625 0.0351914 0.00378501
-3.5375 0.0386399 0.00329633
-3.5125 0.0406572 0.00272066
-3.4875 0.0424504 0.00297866
-3.4625 0.0439332 0.00267831
-3.4375 0.0463644 0.00225293
-3.4125 0.0488818 0.00269739
-3.3875 0.0532613 0.00294741
-3.3625 0.0530716 0.0035114
-3.3375 0.051744 0.00384579
-3.3125 0.0551234 0.00283657
-3.2875 0.0590892 0.00227719
-3.2625 0.0597271 0.00281641
-3.2375 0.06271 0.00271326
-3.2125 0.0696587 0.00317473
-3.1875 0.068331 0.00362573
-3.1625 0.0692104 0.00424895
-3.1375 0.0716932 0.00414151
-3.1125 0.0753486 0.00321127
-3.0875 0.0808661 0.00342079
-3.0625 0.0813661 0.00312712
-3.0375 0.0789695 0.00461384
-3.0125 0.0814351 0.00470617
-2.9875 0.0838145 0.00408394
-2.9625 0.0877285 0.00347904
-2.9375 0.0942633 0.00381652
-2.9125 0.0996946 0.00500773
-2.8875 0.104591 0.00546615
-2.8625 0.104126 0.00486613
-2.8375 0.103971 0.00468059
-2.8125 0.104453 0.00531379
-2.7875 0.111247 0.00594337
-2.7625 0.111264 0.00697509
-2.7375 0.108178 0.00667157
-2.7125 0.108454 0.00552793
-2.6875 0.111971 0.00537378
-2.6625 0.114437 0.00610002
-2.6375 0.116885 0.00529078
-2.6125 0.112782 0.00424674
-2.5875 0.115575 0.00480135
-2.5625 0.117471 0.0044632
-2.5375 0.115282 0.00396002
-2.5125 0.117937 0.00311842
-2.4875 0.119178 0.00360164
-2.4625 0.128093 0.00339444
-2.4375 0.126368 0.00424443
-2.4125 0.132127 0.00397839
-2.3875 0.137438 0.00406072
-2.3625 0.135214 0.00493537
-2.3375 0.140973 0.00486345
-2.3125 0.146731 0.00526205
-2.2875 0.151232 0.00487059
-2.2625 0.142231 0.00468624
-2.2375 0.142024 0.00466149
-2.2125 0.14668 0.00532817
-2.1875 0.146128 0.0048895
-2.1625 0.147473 0.00389654
-2.1375 0.147507 0.00467878
-2.1125 0.150542 0.00643861
-2.0875 0.156991 0.00705938
-2.0625 0.151904 0.0065533
-2.0375 0.149042 0.00658336
-2.0125 0.15149 0.00700396
-1.9875 0.152197 0.00580812
-1.9625 0.148714 0.0050678
-1.9375 0.146731 0.00465569
-1.9125 0.143559 0.0046494
-1.8875 0.153939 0.00684325
-1.8625 0.153232 0.00667554
-1.8375 0.161646 0.00626247
-1.8125 0.161043 0.00546843
-1.7875 0.16406 0.00482468
-1.7625 0.156128 0.00437972
-1.7375 0.162456 0.00496923
-1.7125 0.161508 0.00545963
-1.6875 0.161422 0.00570298
-1.6625 0.159887 0.00421954
-1.6375 0.164681 0.00450088
-1.6125 0.166577 0.00530997
-1.5875 0.169853 0.00563568
-1.5625 0.166767 0.00522559
-1.5375 0.165301 0.00654262
-1.5125 0.157611 0.00484261
-1.4875 0.151283 0.00470003
-1.4625 0.157008 0.00407939
-1.4375 0.165439 0.0061247
-1.4125 0.176492 0.00588941
-1.3875 0.170698 0.00574433
-1.3625 0.169474 0.00522929
-1.3375 0.176802 0.00502694
-1.3125 0.173871 0.00568098
-1.2875 0.171164 0.00450529
-1.2625 0.169353 0.00466707
-1.2375 0.165819 0.00436309
-1.2125 0.164336 0.00481398
-1.1875 0.162318 0.00538141
-1.1625 0.156835 0.00490405
-1.1375 0.156008 0.00488046
-1.1125 0.165801 0.00671003
-1.0875 0.168336 0.00671325
-1.0625 0.168853 0.00742988
-1.0375 0.165836 0.00572894
-1.0125 0.16456 0.00477916
-0.9875 0.160525 0.00389198
-0.9625 0.164612 0.00441881
-0.9375 0.16275 0.00457758
-0.9125 0.161405 0.00356172
-0.8875 0.164388 0.00400429
-0.8625 0.160508 0.00421025
-0.8375 0.160922 0.00530093
-0.8125 0.162732 0.00602566
-0.7875 0.169629 0.00569996
-0.7625 0.166957 0.00478659
-0.7375 0.16756 0.00467375
-0.7125 0.165612 0.00350903
-0.6875 0.160318 0.00455514
-0.6625 0.162681 0.00484362
-0.6375 0.16875 0.00394921
-0.6125 0.170853 0.0046941
-0.5875 0.166681 0.00403353
-0.5625 0.163456 0.00503692
-0.5375 0.166422 0.00579634
-0.5125 0.172509 0.00548021
-0.4875 0.166629 0.00485268
-0.4625 0.167301 0.00447524
-0.4375 0.16575 0.00380849
-0.4125 0.168646 0.00301483
-0.3875 0.172509 0.00359466
-0.3625 0.172422 0.00391357
-0.3375 0.168543 0.00473511
-0.3125 0.170957 0.00428017
-0.2875 0.166698 0.0051489
-0.2625 0.163267 0.00658362
-0.2375 0.162112 0.00482844
-0.2125 0.164163 0.00405977
-0.1875 0.166526 0.00605902
-0.1625 0.165629 0.00476442
-0.1375 0.160629 0.00446288
-0.1125 0.166026 0.00509831
-0.0875 0.160646 0.00525038
-0.0625 0.160905 0.00536555
-0.0375 0.160474 0.00598066
-0.0125 0.161629 0.0048397
0.0125 0.16506 0.00471337
0.0375 0.166853 0.00553222
0.0625 0.166232 0.00440123
0.0875 0.15837 0.00495173
0.1125 0.159267 0.00509725
0.1375 0.161387 0.00483988
0.1625 0.165215 0.00369579
0.1875 0.169388 0.0040258
0.2125 0.165457 0.00351425
0.2375 0.163112 0.00468621
0.2625 0.159215 0.00461546
0.2875 0.162094 0.00433796
0.3125 0.163922 0.00507275
0.3375 0.163612 0.00393633
0.3625 0.16337 0.00410799
0.3875 0.157094 0.00446714
0.4125 0.15806 0.00452242
0.4375 0.166457 0.00502469
0.4625 0.17575 0.00431596
0.4875 0.176595 0.00377427
0.5125 0.165405 0.00504743
0.5375 0.167146 0.00495786
0.5625 0.165043 0.00440528
0.5875 0.165577 0.00454393
0.6125 0.164474 0.0053843
0.6375 0.166353 0.00514919
0.6625 0.167664 0.00471893
0.6875 0.169146 0.00604932
0.7125 0.170715 0.00622335
0.7375 0.167474 0.00535483
0.7625 0.161629 0.00566486
0.7875 0.156542 0.00475182
0.8125 0.151094 0.00559958
0.8375 0.152008 0.00635903
0.8625 0.159077 0.00584474
0.8875 0.160387 0.00537028
0.9125 0.161577 0.00489774
0.9375 0.163112 0.00492374
0.9625 0.162387 0.00531435
0.9875 0.170371 0.00559146
1.0125 0.166819 0.00487635
1.0375 0.170319 0.00638661
1.0625 0.171715 0.00573866
1.0875 0.169164 0.00389899
1.1125 0.167146 0.00429537
1.1375 0.164474 0.00568484
1.1625 0.163939 0.00519775
1.1875 0.161784 0.00521607
1.2125 0.166767 0.00534901
1.2375 0.173785 0.0052869
1.2625 0.173198 0.00412979
1.2875 0.165474 0.00393087
1.3125 0.162301 0.00450965
1.3375 0.163801 0.0055306
1.3625 0.166319 0.00623393
1.3875 0.17106 0.00483887
1.4125 0.167457 0.00530111
1.4375 0.170026 0.00534045
1.4625 0.164767 0.00473202
1.4875 0.161646 0.00543056
1.5125 0.157525 0.00415045
1.5375 0.15806 0.00397008
1.5625 0.16537 0.00324516
1.5875 0.164991 0.00402616
1.6125 0.165008 0.00527599
1.6375 0.164543 0.00516677
1.6625 0.163525 0.00708321
1.6875 0.163922 0.00724434
1.7125 0.16487 0.00536236
1.7375 0.166388 0.00543065
1.7625 0.15987 0.00421934
1.7875 0.155318 0.00480056
1.8125 0.15606 0.00469119
1.8375 0.15187 0.00552325
1.8625 0.150732 0.00491618
1.8875 0.150387 0.00595304
1.9125 0.155646 0.00619389
1.9375 0.150542 0.00572969
1.9625 0.148938 0.00513616
1.9875 0.14799 0.0057764
2.0125 0.147094 0.00443058
2.0375 0.147956 0.00399034
2.0625 0.153266 0.00552594
2.0875 0.152249 0.00619457
2.1125 0.148301 0.00597918
2.1375 0.141886 0.00672569
2.1625 0.141611 0.00630016
2.1875 0.140938 0.00642176
2.2125 0.142111 0.00717786
2.2375 0.141024 0.00659693
2.2625 0.137869 0.00670639
2.2875 0.132955 0.00711144
2.3125 0.136127 0.00570986
2.3375 0.132058 0.00602973
2.3625 0.130558 0.00709159
2.3875 0.128127 0.00614542
2.4125 0.128248 0.00583103
2.4375 0.126006 0.00552524
2.4625 0.129765 0.00477383
2.4875 0.127541 0.00455269
2.5125 0.124023 0.00381707
2.5375 0.122334 0.00418144
2.5625 0.120972 0.00380101
2.5875 0.121075 0.00387532
2.6125 0.117627 0.00567246
2.6375 0.118471 0.0050324
2.6625 0.117782 0.00468827
2.6875 0.115402 0.00515028
2.7125 0.111764 0.00508514
2.7375 0.108523 0.00403845
2.7625 0.103712 0.00312098
2.7875 0.102781 0.00312399
2.8125 0.0997464 0.00371584
2.8375 0.103867 0.00512339
2.8625 0.100281 0.00497208
2.8875 0.102074 0.00457053
2.9125 0.0975911 0.00506541
2.9375 0.0941426 0.00449894
2.9625 0.0918494 0.00494965
2.9875 0.0868147 0.00334294
3.0125 0.0792971 0.0037898
3.0375 0.0794178 0.00449008
3.0625 0.0801937 0.00453228
3.0875 0.0835559 0.00411993
3.1125 0.0779177 0.00430286
3.1375 0.0731243 0.00331001
3.1625 0.0671413 0.00299778
3.1875 0.0643136 0.00325495
3.2125 0.060003 0.00273842
3.2375 0.0597099 0.00304737
3.2625 0.0581753 0.00332298
3.2875 0.0549855 0.00295899
3.3125 0.0566752 0.00280887
3.3375 0.0555545 0.00303208
3.3625 0.0518647 0.00341983
3.3875 0.051106 0.00430439
3.4125 0.0478472 0.00387002
3.4375 0.0430711 0.00337269
3.4625 0.0441057 0.00274427
3.4875 0.0428987 0.00333381
3.5125 0.0390709 0.00322463
3.5375 0.0376226 0.00344585
3.5625 0.0359673 0.00282921
3.5875 0.0371225 0.00265141
3.6125 0.0348293 0.00249197
3.6375 0.0317602 0.00248371
3.6625 0.0324499 0.00268148
3.6875 0.0290187 0.00214751
3.7125 0.0296049 0.00218157
3.7375 0.0292946 0.00206079
3.7625 0.0291739 0.00226503
3.7875 0.0260358 0.00199854
3.8125 0.0235012 0.00210515
3.8375 0.0227253 0.00184176
3.8625 0.0202769 0.00199409
3.8875 0.0212769 0.00281562
3.9125 0.0189147 0.00273965
3.9375 0.019501 0.00264076
3.9625 0.0189492 0.00221554
3.9875 0.016156 0.00186077
4.0125 0.0130179 0.00156038
4.0375 0.0124489 0.00155981
4.0625 0.0116213 0.00173078
4.0875 0.0112764 0.00216087
4.1125 0.0103798 0.00199979
4.1375 0.0109488 0.00199577
4.1625 0.0118109 0.00175919
4.1875 0.0112764 0.00180626
4.2125 0.00937978 0.0016218
4.2375 0.00791419 0.0013825
4.2625 0.00693138 0.0012493
4.2875 0.0068969 0.00129879
4.3125 0.00529337 0.00105341
4.3375 0.00458644 0.00100689
4.3625 0.00593133 0.00142405
4.3875 0.00568994 0.00115369
4.4125 0.00551752 0.00118408
4.4375 0.00436229 0.000966881
4.4625 0.00393123 0.000856369
4.4875 0.00298291 0.000735286
4.5125 0.00174147 0.000581386
4.5375 0.00168974 0.000594245
4.5625 0.00105178 0.000379701
4.5875 0.000965566 0.00037428
4.6125 0.00100005 0.000321557
4.6375 0.00174147 0.000525521
4.6625 0.00237943 0.000810165
4.6875 0.00141386 0.000585678
4.7125 0.000965566 0.000486219
4.7375 0.00084487 0.000510018
4.7625 0.000603478 0.000310241
4.7875 0.000362087 0.000138958
4.8125 0.000517267 0.000282794
4.8375 0.000396572 0.000186144
4.8625 0.000362087 0.000201778
4.8875 0.000482783 0.000341727
4.9125 0.000465541 0.000318188
4.9375 0.000137938 9.56906e-05
4.9625 6.8969e-05 6.72226e-05
4.9875 5.17267e-05 5.0417e-05
