-4.9875 0 0
-4.9625 0 0
-4.9375 0 0
-4.9125 0 0
-4.8875 0 0
-4.8625 0 0
-4.8375 0 0
-4.8125 0 0
-4.7875 0 0
-4.7625 0 0
-4.7375 0 0
-4.7125 0 0
-4.6875 0 0
-4.6625 0 0
-4.6375 0 0
-4.6125 0 0
-4.5875 0 0
-4.5625 0 0
-4.5375 0 0
-4.5125 0 0
-4.4875 0 0
-4.4625 0 0
-4.4375 0 0
-4.4125 0 0
-4.3875 0 0
-4.3625 0 0
-4.3375 0 0
-4.3125 0 0
-4.2875 0 0
-4.2625 0 0
-4.2375 0 0
-4.2125 0 0
-4.1875 0 0
-4.1625 0 0
-4.1375 0 0
-4.1125 0 0
-4.0875 1.72414e-05 1.68048e-05
-4.0625 1.72414e-05 1.68048e-05
-4.0375 5.17241e-05 5.04145e-05
-4.0125 0 0
-3.9875 6.89655e-05 6.72193e-05
-3.9625 6.89655e-05 6.72193e-05
-3.9375 5.17241e-05 5.04145e-05
-3.9125 5.17241e-05 5.04145e-05
-3.8875 0.00012069 0.000117634
-3.8625 0.00012069 0.000117634
-3.8375 0.000224138 0.000218463
-3.8125 0.000413793 0.000403316
-3.7875 0.000465517 0.000436364
-3.7625 0.000637931 0.000553486
-3.7375 0.000534483 0.000366131
-3.7125 0.000655172 0.000418721
-3.6875 0.000551724 0.000361987
-3.6625 0.000482759 0.000261933
-3.6375 0.000637931 0.000305785
-3.6125 0.000672414 0.00024803
-3.5875 0.00101724 0.000292062
-3.5625 0.00110345 0.000315663
-3.5375 0.00139655 0.000427555
-3.5125 0.00168966 0.000508489
-3.4875 0.0017931 0.000450657
-3.4625 0.00177586 0.000397132
-3.4375 0.00198276 0.000568116
-3.4125 0.00222414 0.000531681
-3.3875 0.00251724 0.000604236
-3.3625 0.00282759 0.000602018
-3.3375 0.00298276 0.000644779
-3.3125 0.00439655 0.000782871
-3.2875 0.00508621 0.000813777
-3.2625 0.00575862 0.000925302
-3.2375 0.00639655 0.000869101
-3.2125 0.00682759 0.000823481
-3.1875 0.00760345 0.0010303
-3.1625 0.00825862 0.00111696
-3.1375 0.00963793 0.00115491
-3.1125 0.0108103 0.00127872
-3.0875 0.0113103 0.00120655
-3.0625 0.0142414 0.00112005
-3.0375 0.0148966 0.0011756
-3.0125 0.017569 0.00153815
-2.9875 0.0181207 0.00130066
-2.9625 0.0213276 0.00161173
-2.9375 0.0228793 0.00188307
-2.9125 0.0259138 0.00205733
-2.8875 0.0286034 0.00235551
-2.8625 0.0296379 0.00255992
-2.8375 0.0322241 0.00274647
-2.8125 0.0340345 0.0022981
-2.7875 0.0364138 0.00254617
-2.7625 0.037069 0.00232158
-2.7375 0.0412069 0.00200156
-2.7125 0.0437069 0.00266945
-2.6875 0.0451724 0.00267514
-2.6625 0.0483621 0.00233834
-2.6375 0.0518621 0.00283183
-2.6125 0.0548621 0.00299602
-2.5875 0.0533448 0.00225079
-2.5625 0.0615172 0.00259176
-2.5375 0.0652586 0.00346821
-2.5125 0.0675517 0.00304582
-2.4875 0.0706724 0.0037028
-2.4625 0.0770172 0.00348364
-2.4375 0.0794828 0.00337865
-2.4125 0.0833966 0.00319727
-2.3875 0.0874138 0.00342158
-2.3625 0.0903621 0.00343579
-2.3375 0.0959483 0.00432239
-2.3125 0.104241 0.00456653
-2.2875 0.108397 0.00487351
-2.2625 0.113828 0.00508021
-2.2375 0.117466 0.00473434
-2.2125 0.123328 0.00540039
-2.1875 0.127931 0.00406378
-2.1625 0.131517 0.00473102
-2.1375 0.134 0.0046344
-2.1125 0.140517 0.00429089
-2.0875 0.145034 0.00420254
-2.0625 0.147121 0.00378222
-2.0375 0.153914 0.00413385
-2.0125 0.154897 0.00482978
-1.9875 0.159121 0.00470645
-1.9625 0.163431 0.00496561
-1.9375 0.167707 0.00534646
-1.9125 0.168362 0.00453798
-1.8875 0.175569 0.00438381
-1.8625 0.178241 0.00526508
-1.8375 0.178966 0.00469909
-1.8125 0.179362 0.00569296
-1.7875 0.189828 0.0064864
-1.7625 0.190879 0.0053384
-1.7375 0.197293 0.00489147
-1.7125 0.196224 0.00468512
-1.6875 0.198741 0.00396464
-1.6625 0.199759 0.00345363
-1.6375 0.204414 0.004611
-1.6125 0.206431 0.00428796
-1.5875 0.20931 0.00298998
-1.5625 0.212259 0.00423573
-1.5375 0.219034 0.00431294
-1.5125 0.214879 0.00429945
-1.4875 0.216586 0.00498773
-1.4625 0.21731 0.00480763
-1.4375 0.220379 0.00403676
-1.4125 0.218586 0.00437808
-1.3875 0.219 0.00421818
-1.3625 0.223828 0.00431385
-1.3375 0.224966 0.00422216
-1.3125 0.22119 0.0036626
-1.2875 0.221362 0.00369935
-1.2625 0.219483 0.00407914
-1.2375 0.218586 0.00402872
-1.2125 0.217241 0.00394643
-1.1875 0.220534 0.00544535
-1.1625 0.219569 0.00558647
-1.1375 0.223207 0.00435925
-1.1125 0.224414 0.00361803
-1.0875 0.220034 0.00471815
-1.0625 0.224948 0.00521347
-1.0375 0.218672 0.0063783
-1.0125 0.222448 0.00655684
-0.9875 0.222621 0.00567251
-0.9625 0.221672 0.00543671
-0.9375 0.220259 0.00554781
-0.9125 0.218259 0.00412826
-0.8875 0.217672 0.00438663
-0.8625 0.218259 0.00368429
-0.8375 0.215914 0.00542796
-0.8125 0.217517 0.00518903
-0.7875 0.214552 0.00383911
-0.7625 0.213276 0.00419058
-0.7375 0.208603 0.00417644
-0.7125 0.212431 0.00453258
-0.6875 0.212638 0.00541167
-0.6625 0.216552 0.00582907
-0.6375 0.212052 0.00559527
-0.6125 0.213224 0.0043187
-0.5875 0.211586 0.00346542
-0.5625 0.2105 0.00278377
-0.5375 0.209948 0.00365072
-0.5125 0.210517 0.00363818
-0.4875 0.209672 0.00376601
-0.4625 0.208328 0.00374359
-0.4375 0.209259 0.00327398
-0.4125 0.206138 0.00343139
-0.3875 0.208638 0.00373756
-0.3625 0.209672 0.00386141
-0.3375 0.210379 0.00349298
-0.3125 0.213224 0.0047637
-0.2875 0.205862 0.00390097
-0.2625 0.208017 0.00428585
-0.2375 0.203 0.00361124
-0.2125 0.204603 0.00282982
-0.1875 0.203293 0.00384823
-0.1625 0.203966 0.00522152
-0.1375 0.205293 0.00526731
-0.1125 0.210397 0.00531668
-0.0875 0.208 0.00552944
-0.0625 0.210259 0.00492016
-0.0375 0.209207 0.00448568
-0.0125 0.209534 0.00438997
0.0125 0.214741 0.0038375
0.0375 0.217052 0.00457612
0.0625 0.214603 0.00332935
0.0875 0.213879 0.00374133
0.1125 0.211517 0.00357761
0.1375 0.211621 0.00442174
0.1625 0.211534 0.00361136
0.1875 0.210655 0.00387198
0.2125 0.212328 0.00409771
0.2375 0.209828 0.00436527
0.2625 0.206966 0.00415024
0.2875 0.207672 0.00365573
0.3125 0.207983 0.00396389
0.3375 0.212172 0.00426187
0.3625 0.212724 0.00358877
0.3875 0.217776 0.00424408
0.4125 0.221966 0.00429141
0.4375 0.217483 0.00451231
0.4625 0.217362 0.00414341
0.4875 0.212741 0.00508661
0.5125 0.213707 0.00469636
0.5375 0.215207 0.00423625
0.5625 0.218466 0.00559357
0.5875 0.217362 0.00446177
0.6125 0.221914 0.00476433
0.6375 0.223034 0.00395813
0.6625 0.226707 0.00414521
0.6875 0.219517 0.00405949
0.7125 0.216276 0.00434931
0.7375 0.215362 0.00467642
0.7625 0.219224 0.00501531
0.7875 0.21319 0.00589226
0.8125 0.215155 0.00653512
0.8375 0.213672 0.00573593
0.8625 0.216983 0.00521664
0.8875 0.219914 0.00515923
0.9125 0.218759 0.00500216
0.9375 0.220828 0.00524803
0.9625 0.227086 0.00513807
0.9875 0.226224 0.00468861
1.0125 0.222983 0.00415501
1.0375 0.222207 0.00477187
1.0625 0.225897 0.00700785
1.0875 0.222052 0.00663403
1.1125 0.223224 0.00550269
1.1375 0.222707 0.00473622
1.1625 0.218259 0.0042452
1.1875 0.219862 0.00415474
1.2125 0.22081 0.00437491
1.2375 0.217759 0.00544241
1.2625 0.218345 0.00425569
1.2875 0.2165 0.00539417
1.3125 0.21169 0.00556947
1.3375 0.217 0.00619947
1.3625 0.215793 0.00572635
1.3875 0.216983 0.00468096
1.4125 0.215621 0.00323864
1.4375 0.218397 0.00351498
1.4625 0.213707 0.00314171
1.4875 0.212862 0.00400921
1.5125 0.215 0.00370666
1.5375 0.213776 0.00330347
1.5625 0.20981 0.00388543
1.5875 0.206397 0.00451958
1.6125 0.204655 0.00447947
1.6375 0.20581 0.00526561
1.6625 0.201121 0.00582166
1.6875 0.200379 0.00618001
1.7125 0.196966 0.00548832
1.7375 0.191759 0.00564406
1.7625 0.188 0.00546443
1.7875 0.187776 0.00411079
1.8125 0.183621 0.00368026
1.8375 0.186034 0.00451075
1.8625 0.183759 0.00520935
1.8875 0.175914 0.00478437
1.9125 0.170672 0.0047173
1.9375 0.166586 0.00509079
1.9625 0.162845 0.00461875
1.9875 0.158086 0.00438084
2.0125 0.152534 0.00446743
2.0375 0.151534 0.00445765
2.0625 0.146414 0.00439018
2.0875 0.143259 0.00403032
2.1125 0.137552 0.00369359
2.1375 0.131966 0.00383582
2.1625 0.126672 0.00416837
2.1875 0.125586 0.00421957
2.2125 0.11981 0.00405722
2.2375 0.117241 0.0046514
2.2625 0.111948 0.00354119
2.2875 0.106224 0.00317049
2.3125 0.101517 0.0028893
2.3375 0.0956207 0.00307169
2.3625 0.0954828 0.00329693
2.3875 0.0913276 0.00281518
2.4125 0.0887069 0.00292534
2.4375 0.0860345 0.00296456
2.4625 0.0824138 0.00376502
2.4875 0.0800862 0.00289048
2.5125 0.0751207 0.00332408
2.5375 0.0716379 0.00368908
2.5625 0.0671207 0.00313521
2.5875 0.0636724 0.00318796
2.6125 0.0610862 0.00285294
2.6375 0.0583621 0.00286745
2.6625 0.0514655 0.00328437
2.6875 0.0478276 0.0029582
2.7125 0.0442241 0.00313071
2.7375 0.0388276 0.00278921
2.7625 0.036069 0.00223971
2.7875 0.0324138 0.0018989
2.8125 0.0301207 0.00197326
2.8375 0.0272759 0.00241833
2.8625 0.0251207 0.00216464
2.8875 0.0228966 0.00232374
2.9125 0.0204655 0.00249914
2.9375 0.0188103 0.00252978
2.9625 0.017931 0.00239177
2.9875 0.0158103 0.00216024
3.0125 0.0136897 0.0020263
3.0375 0.0124483 0.00157245
3.0625 0.0112931 0.00149491
3.0875 0.0105345 0.00117633
3.1125 0.0110345 0.00119228
3.1375 0.00982759 0.00117634
3.1625 0.00812069 0.000908565
3.1875 0.00801724 0.000890856
3.2125 0.00682759 0.0008844
3.2375 0.0052069 0.000676557
3.2625 0.00410345 0.000586663
3.2875 0.00291379 0.000487949
3.3125 0.00265517 0.000485889
3.3375 0.00227586 0.000433716
3.3625 0.00239655 0.000543842
3.3875 0.00205172 0.000515788
3.4125 0.00177586 0.000531009
3.4375 0.0017931 0.000563242
3.4625 0.00182759 0.000510356
3.4875 0.0015 0.000499866
3.5125 0.00112069 0.000383887
3.5375 0.000982759 0.000396383
3.5625 0.000810345 0.000346783
3.5875 0.000517241 0.000217406
3.6125 0.000293103 0.000131928
3.6375 0.000465517 0.000222507
3.6625 0.000465517 0.000248987
3.6875 0.000448276 0.000267214
3.7125 0.00037931 0.000219311
3.7375 0.000172414 0.000136849
3.7625 0.000189655 0.000153196
3.7875 0.000172414 0.000168048
3.8125 8.62069e-05 8.40241e-05
3.8375 3.44828e-05 3.36096e-05
3.8625 1.72414e-05 1.68048e-05
3.8875 3.44828e-05 3.36096e-05
3.9125 5.17241e-05 5.04145e-05
3.9375 1.72414e-05 1.68048e-05
3.9625 0 0
3.9875 0 0
4.0125 0 0
4.0375 0 0
4.0625 0 0
4.0875 0 0
4.1125 0 0
4.1375 0 0
4.1625 0 0
4.1875 0 0
4.2125 0 0
4.2375 0 0
4.2625 0 0
4.2875 0 0
4.3125 0 0
4.3375 0 0
4.3625 0 0
4.3875 0 0
4.4125 0 0
4.4375 0 0
4.4625 0 0
4.4875 0 0
4.5125 0 0
4.5375 0 0
4.5625 0 0
4.5875 0 0
4.6125 0 0
4.6375 0 0
4.6625 0 0
4.6875 0 0
4.7125 0 0
4.7375 0 0
4.7625 0 0
4.7875 0 0
4.8125 0 0
4.8375 0 0
4.8625 0 0
4.8875 0 0
4.9125 0 0
4.9375 0 0
4.9625 0 0
4.9875 0 0
