-4.9875 0.00194828 0.00146892
-4.9625 0.000241379 0.000218224
-4.9375 0.000517241 0.000262046
-4.9125 0.000706897 0.000381245
-4.8875 0.000672414 0.00034351
-4.8625 0.000724138 0.000364034
-4.8375 0.000465517 0.00027291
-4.8125 0.0005 0.000258592
-4.7875 0.000637931 0.000424625
-4.7625 0.000637931 0.000396383
-4.7375 0.000568966 0.000442452
-4.7125 0.000603448 0.000403518
-4.6875 0.000396552 0.000227789
-4.6625 0.00037931 0.000242485
-4.6375 0.000551724 0.000324761
-4.6125 0.000568966 0.000278303
-4.5875 0.000827586 0.000414798
-4.5625 0.000741379 0.000351889
-4.5375 0.00062069 0.000281832
-4.5125 0.00112069 0.000552195
-4.4875 0.00213793 0.000741419
-4.4625 0.00162069 0.000549619
-4.4375 0.00205172 0.000594002
-4.4125 0.00127586 0.000349196
-4.3875 0.00201724 0.000568325
-4.3625 0.002 0.000563242
-4.3375 0.00224138 0.000582391
-4.3125 0.00289655 0.000842678
-4.2875 0.00344828 0.00081892
-4.2625 0.00525862 0.000936407
-4.2375 0.00672414 0.00117153
-4.2125 0.00693103 0.000984994
-4.1875 0.00741379 0.000974252
-4.1625 0.00758621 0.00111123
-4.1375 0.00753448 0.00131742
-4.1125 0.00863793 0.00166028
-4.0875 0.00874138 0.00130632
-4.0625 0.00860345 0.0014358
-4.0375 0.00998276 0.00202782
-4.0125 0.0101034 0.00180221
-3.9875 0.0127586 0.00204556
-3.9625 0.0121034 0.00183212
-3.9375 0.0121724 0.00187988
-3.9125 0.0115862 0.00166688
-3.8875 0.0118966 0.00185831
-3.8625 0.0107931 0.00131422
-3.8375 0.0142931 0.00185158
-3.8125 0.0169655 0.00197977
-3.7875 0.0180862 0.00209544
-3.7625 0.0187586 0.00187565
-3.7375 0.0185517 0.00216248
-3.7125 0.0193448 0.00204307
-3.6875 0.0207759 0.00158881
-3.6625 0.0256552 0.00164118
-3.6375 0.0273793 0.00233319
-3.6125 0.0284655 0.00294646
-3.5875 0.0290345 0.00308062
-3.5625 0.030431 0.00249981
-3.5375 0.0319483 0.00272297
-3.5125 0.0342069 0.00312317
-3.4875 0.0365345 0.0024755
-3.4625 0.0395345 0.00174236
-3.4375 0.0370862 0.00204039
-3.4125 0.0383793 0.00235104
-3.3875 0.0378448 0.00234189
-3.3625 0.0426207 0.00272724
-3.3375 0.0461034 0.00311531
-3.3125 0.0512759 0.00424587
-3.2875 0.0522241 0.00389872
-3.2625 0.056069 0.00329769
-3.2375 0.0619483 0.00306444
-3.2125 0.0595862 0.00249739
-3.1875 0.0636034 0.00272332
-3.1625 0.0651207 0.00334174
-3.1375 0.0678103 0.00372871
-3.1125 0.0696724 0.0040771
-3.0875 0.072569 0.00382607
-3.0625 0.0742931 0.00439337
-3.0375 0.0787759 0.00354573
-3.0125 0.0786897 0.00311908
-2.9875 0.0810172 0.00313731
-2.9625 0.0813621 0.00416168
-2.9375 0.0820172 0.00416595
-2.9125 0.0874138 0.00561299
-2.8875 0.0921552 0.00638233
-2.8625 0.0957414 0.00534696
-2.8375 0.100466 0.00559728
-2.8125 0.108086 0.00571231
-2.7875 0.108707 0.00548936
-2.7625 0.109897 0.00543889
-2.7375 0.114448 0.00551303
-2.7125 0.11531 0.00567461
-2.6875 0.114569 0.00489509
-2.6625 0.115517 0.00379248
-2.6375 0.122966 0.00452351
-2.6125 0.118 0.00353836
-2.5875 0.121397 0.00426371
-2.5625 0.11831 0.00467975
-2.5375 0.1205 0.0049101
-2.5125 0.123483 0.00579187
-2.4875 0.126759 0.00557109
-2.4625 0.13119 0.00526766
-2.4375 0.129328 0.00410616
-2.4125 0.126586 0.00462313
-2.3875 0.130034 0.00366961
-2.3625 0.131569 0.00383709
-2.3375 0.131034 0.00480314
-2.3125 0.134138 0.00481846
-2.2875 0.136897 0.00433284
-2.2625 0.144 0.00398984
-2.2375 0.145759 0.00294682
-2.2125 0.148897 0.00344876
-2.1875 0.145621 0.00521027
-2.1625 0.148741 0.0055158
-2.1375 0.148534 0.00549618
-2.1125 0.151 0.00532872
-2.0875 0.149655 0.00518516
-2.0625 0.151552 0.00477648
-2.0375 0.150345 0.00372645
-2.0125 0.15319 0.00522342
-1.9875 0.15469 0.00487687
-1.9625 0.15669 0.00440546
-1.9375 0.150431 0.00530345
-1.9125 0.153948 0.00523306
-1.8875 0.155224 0.00511876
-1.8625 0.158069 0.00527814
-1.8375 0.160603 0.0048216
-1.8125 0.16119 0.00509356
-1.7875 0.159224 0.0056717
-1.7625 0.158017 0.00479973
-1.7375 0.169828 0.00498079
-1.7125 0.16869 0.00506472
-1.6875 0.171897 0.00504807
-1.6625 0.168397 0.00559298
-1.6375 0.16619 0.00522431
-1.6125 0.167207 0.00484099
-1.5875 0.167655 0.0039862
-1.5625 0.164121 0.00444744
-1.5375 0.16681 0.00552192
-1.5125 0.169793 0.00546937
-1.4875 0.169034 0.0064278
-1.4625 0.169879 0.00671765
-1.4375 0.177586 0.00629053
-1.4125 0.1795 0.00599462
-1.3875 0.177845 0.00585983
-1.3625 0.173776 0.00552567
-1.3375 0.179155 0.00502292
-1.3125 0.185621 0.00488787
-1.2875 0.181638 0.00535971
-1.2625 0.178241 0.00576099
-1.2375 0.174379 0.00462635
-1.2125 0.178362 0.00460108
-1.1875 0.171966 0.00509027
-1.1625 0.170759 0.00604313
-1.1375 0.166259 0.00538954
-1.1125 0.170155 0.00478351
-1.0875 0.169086 0.00392296
-1.0625 0.168448 0.00450172
-1.0375 0.162759 0.00445689
-1.0125 0.160172 0.00452405
-0.9875 0.158638 0.00397693
-0.9625 0.165086 0.00249993
-0.9375 0.161759 0.00382105
-0.9125 0.16269 0.00407558
-0.8875 0.165103 0.00461004
-0.8625 0.171103 0.00547786
-0.8375 0.175328 0.00490162
-0.8125 0.173828 0.00585877
-0.7875 0.175448 0.00493445
-0.7625 0.177845 0.00458724
-0.7375 0.178 0.0039406
-0.7125 0.175897 0.00505357
-0.6875 0.176638 0.00472293
-0.6625 0.172638 0.00438713
-0.6375 0.170431 0.00347369
-0.6125 0.165466 0.00421926
-0.5875 0.171259 0.00246706
-0.5625 0.163241 0.00367605
-0.5375 0.167879 0.00442598
-0.5125 0.171862 0.00543901
-0.4875 0.167121 0.0060469
-0.4625 0.166966 0.00501417
-0.4375 0.16319 0.00436359
-0.4125 0.172241 0.00476845
-0.3875 0.172052 0.00466872
-0.3625 0.170121 0.00437152
-0.3375 0.166931 0.0040483
-0.3125 0.168431 0.00551802
-0.2875 0.169448 0.00515551
-0.2625 0.167828 0.00576002
-0.2375 0.161466 0.00505204
-0.2125 0.162121 0.00474788
-0.1875 0.164517 0.00382089
-0.1625 0.170362 0.00420757
-0.1375 0.173086 0.00543098
-0.1125 0.174276 0.00613529
-0.0875 0.17131 0.00508463
-0.0625 0.173879 0.00547657
-0.0375 0.171155 0.00518213
-0.0125 0.173103 0.00530239
0.0125 0.166983 0.00409408
0.0375 0.168086 0.00341549
0.0625 0.168638 0.00527251
0.0875 0.172207 0.00522476
0.1125 0.172241 0.00597495
0.1375 0.164397 0.00574957
0.1625 0.162534 0.00582015
0.1875 0.1605 0.00529827
0.2125 0.162483 0.00520516
0.2375 0.166224 0.00384398
0.2625 0.171414 0.00435063
0.2875 0.175155 0.00387908
0.3125 0.178034 0.00473433
0.3375 0.179224 0.00601385
0.3625 0.179345 0.0064579
0.3875 0.17731 0.00569089
0.4125 0.169897 0.00428191
0.4375 0.16631 0.0051148
0.4625 0.159966 0.00379505
0.4875 0.165569 0.00383188
0.5125 0.168397 0.00454252
0.5375 0.168448 0.00477206
0.5625 0.166983 0.00462512
0.5875 0.164672 0.00365415
0.6125 0.165741 0.0042797
0.6375 0.167897 0.00518962
0.6625 0.168793 0.00620917
0.6875 0.17069 0.0049462
0.7125 0.168397 0.00352419
0.7375 0.163638 0.00416896
0.7625 0.165931 0.00374806
0.7875 0.168655 0.00480858
0.8125 0.170828 0.00580266
0.8375 0.17 0.00652668
0.8625 0.167345 0.00644353
0.8875 0.164362 0.00549966
0.9125 0.169052 0.00554207
0.9375 0.171517 0.00497188
0.9625 0.168914 0.00487229
0.9875 0.168431 0.0043491
1.0125 0.165138 0.00444098
1.0375 0.164155 0.00514571
1.0625 0.162069 0.00512693
1.0875 0.165966 0.00474499
1.1125 0.167793 0.00566685
1.1375 0.167621 0.00624366
1.1625 0.164466 0.00557792
1.1875 0.163017 0.00405872
1.2125 0.161655 0.00352523
1.2375 0.162345 0.00351687
1.2625 0.16219 0.00488064
1.2875 0.165207 0.00639871
1.3125 0.169448 0.00511051
1.3375 0.168345 0.00449776
1.3625 0.174414 0.0042594
1.3875 0.17519 0.00536013
1.4125 0.172897 0.00378819
1.4375 0.171724 0.00406056
1.4625 0.182052 0.00563065
1.4875 0.178862 0.00551746
1.5125 0.176621 0.00446779
1.5375 0.173724 0.00422597
1.5625 0.169121 0.00509193
1.5875 0.170759 0.00685173
1.6125 0.172224 0.00607261
1.6375 0.172293 0.00531679
1.6625 0.165328 0.00354892
1.6875 0.162828 0.00339875
1.7125 0.15669 0.00439005
1.7375 0.158966 0.00570968
1.7625 0.161241 0.00576194
1.7875 0.162603 0.00527696
1.8125 0.161 0.00446288
1.8375 0.159793 0.00444957
1.8625 0.153759 0.00614359
1.8875 0.156983 0.00600594
1.9125 0.157724 0.00438144
1.9375 0.155621 0.00442846
1.9625 0.161017 0.00465718
1.9875 0.156241 0.00507511
2.0125 0.153586 0.00437261
2.0375 0.15381 0.00445765
2.0625 0.155983 0.00524446
2.0875 0.154207 0.00430224
2.1125 0.148603 0.00510383
2.1375 0.139172 0.00439472
2.1625 0.145017 0.00511122
2.1875 0.143155 0.00507613
2.2125 0.144397 0.00514295
2.2375 0.149586 0.00506695
2.2625 0.147672 0.00542996
2.2875 0.139638 0.00600379
2.3125 0.135466 0.00588213
2.3375 0.135931 0.00559453
2.3625 0.132793 0.00559795
2.3875 0.140241 0.00540688
2.4125 0.142103 0.00571618
2.4375 0.138759 0.00579538
2.4625 0.129259 0.00579024
2.4875 0.132224 0.00558485
2.5125 0.128724 0.00588445
2.5375 0.116534 0.00482454
2.5625 0.110776 0.00419011
2.5875 0.109983 0.0034834
2.6125 0.109397 0.00389517
2.6375 0.114207 0.00417637
2.6625 0.113448 0.00447977
2.6875 0.108776 0.00338463
2.7125 0.106172 0.00426109
2.7375 0.0977586 0.0039779
2.7625 0.0943103 0.00365375
2.7875 0.0954483 0.00425709
2.8125 0.0949138 0.00373019
2.8375 0.0914138 0.00330728
2.8625 0.0951552 0.00326044
2.8875 0.0959828 0.00317113
2.9125 0.0923966 0.00345495
2.9375 0.0929828 0.00341756
2.9625 0.0896379 0.00437955
2.9875 0.0835345 0.00320633
3.0125 0.0819655 0.00389564
3.0375 0.0797241 0.00367655
3.0625 0.0788966 0.00368487
3.0875 0.0745345 0.00331746
3.1125 0.0683276 0.00341077
3.1375 0.061431 0.0032097
3.1625 0.0601379 0.00363547
3.1875 0.0600345 0.00359497
3.2125 0.0595345 0.00407483
3.2375 0.0554655 0.00393944
3.2625 0.0505862 0.00311913
3.2875 0.0476552 0.0026558
3.3125 0.0501379 0.00245184
3.3375 0.0486552 0.00320262
3.3625 0.0477759 0.00355528
3.3875 0.0440862 0.00343785
3.4125 0.0387241 0.00319753
3.4375 0.0361552 0.00279972
3.4625 0.0357414 0.00283245
3.4875 0.0318448 0.00178117
3.5125 0.0311379 0.00208586
3.5375 0.031 0.00195428
3.5625 0.0270517 0.0014994
3.5875 0.0265517 0.00184781
3.6125 0.0260517 0.00207334
3.6375 0.0241207 0.00215434
3.6625 0.0252241 0.00206152
3.6875 0.0233966 0.00181424
3.7125 0.0256724 0.00220817
3.7375 0.0227759 0.00252814
3.7625 0.0201897 0.00256178
3.7875 0.0208276 0.0025805
3.8125 0.0185517 0.00229065
3.8375 0.0175862 0.00219664
3.8625 0.0161207 0.00205366
3.8875 0.0146379 0.00160474
3.9125 0.0124828 0.00115751
3.9375 0.011 0.000897844
3.9625 0.00910345 0.00130612
3.9875 0.00977586 0.00160914
4.0125 0.00937931 0.00163904
4.0375 0.00760345 0.000965048
4.0625 0.00755172 0.00114416
4.0875 0.00715517 0.00163546
4.1125 0.00734483 0.00175407
4.1375 0.00689655 0.00152213
4.1625 0.0067931 0.00132301
4.1875 0.00556897 0.00096591
4.2125 0.00639655 0.00126097
4.2375 0.00544828 0.000896751
4.2625 0.00422414 0.000782491
4.2875 0.0027069 0.000714332
4.3125 0.00191379 0.000506483
4.3375 0.00191379 0.000581868
4.3625 0.00191379 0.000671961
4.3875 0.00227586 0.000840206
4.4125 0.00224138 0.000850089
4.4375 0.00136207 0.000583398
4.4625 0.00151724 0.000612203
4.4875 0.00146552 0.000788169
4.5125 0.00162069 0.000754337
4.5375 0.00151724 0.000538859
4.5625 0.00172414 0.000549565
4.5875 0.00184483 0.000654389
4.6125 0.00101724 0.000469317
4.6375 0.000741379 0.000308688
4.6625 0.000689655 0.00034049
4.6875 0.000448276 0.000239028
4.7125 0.000413793 0.000224271
4.7375 0.000413793 0.000232087
4.7625 0.00037931 0.000219311
4.7875 0.000189655 0.000132377
4.8125 0.000172414 0.000115659
4.8375 0.000155172 0.000120628
4.8625 6.89655e-05 6.72193e-05
4.8875 0 0
4.9125 0 0
4.9375 0 0
4.9625 0 0
4.9875 0 0
