0 0
0 0
0 0
0 0
0 0
0 0
0 0
0 0
0 0
0 0
0 0
0 0
0.000174563 0.000174563
0.00879465 0.00255359
0.310062 0.0424109
1.26563 0.0977413
2.01536 0.0802503
2.23133 0.0905348
2.0505 0.082608
1.7498 0.0651847
1.49699 0.0597972
1.42413 0.0523254
1.35042 0.0504678
1.27199 0.0437088
1.26379 0.0473365
1.22311 0.0482676
1.17598 0.0429303
1.12655 0.035706
1.11917 0.0437857
1.09535 0.0382268
1.07071 0.0398677
1.0996 0.0404287
1.05849 0.0310707
1.07278 0.0319547
1.06905 0.0382302
1.04383 0.0310241
1.0347 0.0307195
1.03065 0.0402318
1.02284 0.0341798
1.05712 0.0385229
1.0565 0.027329
1.04425 0.0252371
1.01732 0.0255799
1.01256 0.0260969
1.00313 0.0246926
0.997825 0.0184589
1.00532 0.020549
1.02169 0.0287566
0.996145 0.0336052
1.03328 0.0300813
1.04706 0.026622
1.05746 0.028515
1.06186 0.0266404
1.05271 0.0264418
1.05459 0.024032
1.04683 0.0227237
1.05297 0.0268727
1.03778 0.0207432
1.05782 0.0208777
1.05037 0.022076
1.03456 0.0163589
1.01059 0.0209832
0.984198 0.0197436
0.971993 0.0195643
0.984579 0.0175831
0.999297 0.018339
1.01824 0.0188153
1.01117 0.0162425
0.991719 0.0127142
1.00947 0.0132224
1.01085 0.0203625
1.00073 0.0165853
0.991796 0.0134433
0.991401 0.0144733
0.982907 0.0135647
0.994496 0.0133811
0.992648 0.0119205
1.00895 0.0105241
0.9956 0.0105747
1.00604 0.0122251
1.0252 0.0126316
1.03797 0.0142106
1.02145 0.0147215
1.0064 0.0122026
0.991857 0.0101768
0.987814 0.0107197
0.971056 0.0101556
0.975166 0.00991008
0.968659 0.00875549
0.992984 0.0240712
0.990955 0.01475
0.983114 0.0116702
0.969078 0.0107755
0.974427 0.0106333
0.972748 0.0115183
0.966911 0.0107462
0.971949 0.0115407
0.966968 0.00927471
0.963257 0.0095915
0.95777 0.00872424
