-4.9875 0 0
-4.9625 0 0
-4.9375 0 0
-4.9125 0 0
-4.8875 0 0
-4.8625 0 0
-4.8375 0 0
-4.8125 0 0
-4.7875 0 0
-4.7625 3.44828e-05 3.36096e-05
-4.7375 6.89655e-05 6.72193e-05
-4.7125 0.000172414 0.000168048
-4.6875 0.000155172 0.000151243
-4.6625 6.89655e-05 6.72193e-05
-4.6375 5.17241e-05 5.04145e-05
-4.6125 5.17241e-05 5.04145e-05
-4.5875 0.000224138 0.000162243
-4.5625 0.000327586 0.000204694
-4.5375 0.000551724 0.000243097
-4.5125 0.000603448 0.000248509
-4.4875 0.000931034 0.000376242
-4.4625 0.000637931 0.000359411
-4.4375 0.000482759 0.000264193
-4.4125 0.000603448 0.000334212
-4.3875 0.000706897 0.000441914
-4.3625 0.000275862 0.000164653
-4.3375 0.000258621 0.000131023
-4.3125 0.00062069 0.000345344
-4.2875 0.000603448 0.00030049
-4.2625 0.00062069 0.000330387
-4.2375 0.000362069 0.000166225
-4.2125 0.000275862 0.000149514
-4.1875 0.000603448 0.000343856
-4.1625 0.001 0.000455447
-4.1375 0.00155172 0.000563189
-4.1125 0.00205172 0.000674169
-4.0875 0.00231034 0.000756305
-4.0625 0.00293103 0.000717747
-4.0375 0.00306897 0.000625888
-4.0125 0.00398276 0.000751722
-3.9875 0.00436207 0.000977535
-3.9625 0.00486207 0.000921696
-3.9375 0.00522414 0.000963136
-3.9125 0.00562069 0.00119753
-3.8875 0.00689655 0.0013737
-3.8625 0.00796552 0.00146945
-3.8375 0.00772414 0.00146225
-3.8125 0.00931034 0.00155727
-3.7875 0.0102931 0.00187024
-3.7625 0.0116034 0.00208332
-3.7375 0.0121724 0.00201069
-3.7125 0.0143448 0.00208149
-3.6875 0.0151379 0.00191308
-3.6625 0.0148448 0.00201163
-3.6375 0.0139138 0.00198437
-3.6125 0.0147414 0.00192855
-3.5875 0.0151897 0.00172784
-3.5625 0.0160862 0.00196283
-3.5375 0.0179483 0.00216906
-3.5125 0.0190345 0.00233856
-3.4875 0.0193966 0.00228991
-3.4625 0.0209655 0.00216674
-3.4375 0.0219828 0.00198656
-3.4125 0.0245 0.00184337
-3.3875 0.0264655 0.00236413
-3.3625 0.0288621 0.00252362
-3.3375 0.0293276 0.0024809
-3.3125 0.0310172 0.00218761
-3.2875 0.0355862 0.00251849
-3.2625 0.0383448 0.00226074
-3.2375 0.0413793 0.00216652
-3.2125 0.0416379 0.00238964
-3.1875 0.0433448 0.0022026
-3.1625 0.045569 0.0024089
-3.1375 0.046931 0.00250765
-3.1125 0.0489828 0.00241139
-3.0875 0.0503448 0.00229576
-3.0625 0.0523966 0.00259933
-3.0375 0.0588276 0.00317311
-3.0125 0.0623621 0.00374613
-2.9875 0.0612069 0.0033884
-2.9625 0.0642586 0.00330498
-2.9375 0.0695345 0.0034551
-2.9125 0.070931 0.0035294
-2.8875 0.0712586 0.00294825
-2.8625 0.073431 0.00340005
-2.8375 0.076931 0.00295858
-2.8125 0.0823448 0.00337461
-2.7875 0.0841724 0.00258148
-2.7625 0.0853621 0.00345546
-2.7375 0.0941552 0.00438199
-2.7125 0.0954483 0.00354138
-2.6875 0.100655 0.00436999
-2.6625 0.0980517 0.00417927
-2.6375 0.0993621 0.00349913
-2.6125 0.103328 0.0040757
-2.5875 0.104621 0.00459627
-2.5625 0.106862 0.00507013
-2.5375 0.115586 0.00577793
-2.5125 0.116052 0.00584767
-2.4875 0.117103 0.00592303
-2.4625 0.121655 0.0060383
-2.4375 0.129828 0.00567435
-2.4125 0.132448 0.00520826
-2.3875 0.133379 0.00386058
-2.3625 0.136845 0.00324599
-2.3375 0.140207 0.00479772
-2.3125 0.142845 0.00587463
-2.2875 0.139448 0.00590584
-2.2625 0.140897 0.00470051
-2.2375 0.142379 0.00378525
-2.2125 0.144552 0.00340382
-2.1875 0.144879 0.00471647
-2.1625 0.147638 0.0048297
-2.1375 0.152397 0.00358085
-2.1125 0.147017 0.00426335
-2.0875 0.143448 0.00366045
-2.0625 0.147776 0.00512695
-2.0375 0.148897 0.00450007
-2.0125 0.153845 0.00524514
-1.9875 0.159448 0.00561362
-1.9625 0.165638 0.00616554
-1.9375 0.167741 0.00565067
-1.9125 0.17281 0.00525578
-1.8875 0.176259 0.00540017
-1.8625 0.17269 0.00499224
-1.8375 0.169362 0.00479107
-1.8125 0.165448 0.00474652
-1.7875 0.169103 0.00478344
-1.7625 0.168879 0.00483539
-1.7375 0.169224 0.00438717
-1.7125 0.170448 0.00414562
-1.6875 0.182121 0.00448172
-1.6625 0.179655 0.00549743
-1.6375 0.18331 0.00593742
-1.6125 0.183431 0.0052059
-1.5875 0.177983 0.00527503
-1.5625 0.182379 0.00459132
-1.5375 0.185707 0.00425345
-1.5125 0.186724 0.00470266
-1.4875 0.188621 0.0050808
-1.4625 0.186086 0.00400796
-1.4375 0.185328 0.00386372
-1.4125 0.182345 0.00464018
-1.3875 0.184034 0.00607724
-1.3625 0.183897 0.00650318
-1.3375 0.186138 0.00626693
-1.3125 0.183862 0.00535159
-1.2875 0.186 0.00552878
-1.2625 0.184086 0.00561737
-1.2375 0.181052 0.00500591
-1.2125 0.184741 0.00614591
-1.1875 0.179983 0.00377484
-1.1625 0.179103 0.00361522
-1.1375 0.176431 0.00425944
-1.1125 0.180655 0.00493537
-1.0875 0.179397 0.0039428
-1.0625 0.179586 0.00361606
-1.0375 0.17769 0.00457375
-1.0125 0.178741 0.00415723
-0.9875 0.182034 0.00526395
-0.9625 0.182086 0.00451378
-0.9375 0.187 0.00490056
-0.9125 0.185552 0.00497359
-0.8875 0.187638 0.0052801
-0.8625 0.189897 0.00454748
-0.8375 0.188 0.00389454
-0.8125 0.186845 0.00340204
-0.7875 0.183759 0.00379325
-0.7625 0.178155 0.00311399
-0.7375 0.182086 0.00278121
-0.7125 0.185966 0.00309866
-0.6875 0.184879 0.00365145
-0.6625 0.184224 0.00446221
-0.6375 0.183897 0.00462969
-0.6125 0.182224 0.00483279
-0.5875 0.182983 0.00458726
-0.5625 0.191983 0.00482573
-0.5375 0.188034 0.00432275
-0.5125 0.189534 0.0041263
-0.4875 0.18981 0.00402242
-0.4625 0.183948 0.00422301
-0.4375 0.182121 0.00443129
-0.4125 0.176621 0.00492474
-0.3875 0.177845 0.0040967
-0.3625 0.178293 0.00416053
-0.3375 0.178121 0.00396803
-0.3125 0.176138 0.00433946
-0.2875 0.171879 0.00461132
-0.2625 0.180052 0.005048
-0.2375 0.179862 0.00535785
-0.2125 0.184897 0.00499623
-0.1875 0.186569 0.00415624
-0.1625 0.188586 0.00481
-0.1375 0.187862 0.00395979
-0.1125 0.183224 0.00434183
-0.0875 0.179345 0.00466735
-0.0625 0.175914 0.00458687
-0.0375 0.178241 0.0049169
-0.0125 0.177483 0.0049736
0.0125 0.173241 0.00434171
0.0375 0.172793 0.00525152
0.0625 0.171017 0.00535169
0.0875 0.174914 0.00531945
0.1125 0.174672 0.00554409
0.1375 0.178741 0.0057202
0.1625 0.18281 0.00467202
0.1875 0.180793 0.00469429
0.2125 0.182534 0.00421129
0.2375 0.1805 0.00495584
0.2625 0.180276 0.00531094
0.2875 0.178724 0.00412837
0.3125 0.178259 0.00363147
0.3375 0.178845 0.0039799
0.3625 0.178966 0.00496013
0.3875 0.174483 0.00487965
0.4125 0.178759 0.0048874
0.4375 0.183241 0.00597639
0.4625 0.183379 0.00489167
0.4875 0.184828 0.00395508
0.5125 0.184086 0.00410311
0.5375 0.181672 0.00440235
0.5625 0.182293 0.00523691
0.5875 0.184845 0.00398731
0.6125 0.184414 0.00518571
0.6375 0.183948 0.00504153
0.6625 0.184086 0.0043253
0.6875 0.180293 0.0042863
0.7125 0.188586 0.00588524
0.7375 0.181638 0.0055599
0.7625 0.183534 0.00511827
0.7875 0.179793 0.00286512
0.8125 0.178707 0.00446441
0.8375 0.178086 0.00471466
0.8625 0.180466 0.00368202
0.8875 0.182259 0.00447589
0.9125 0.177638 0.00505283
0.9375 0.184155 0.00423117
0.9625 0.176879 0.00539809
0.9875 0.175828 0.00586997
1.0125 0.181034 0.00583798
1.0375 0.184207 0.0060167
1.0625 0.182034 0.005904
1.0875 0.179897 0.00503986
1.1125 0.177345 0.00423655
1.1375 0.178276 0.00392824
1.1625 0.18031 0.00482629
1.1875 0.182103 0.00423408
1.2125 0.187569 0.00458721
1.2375 0.189276 0.00558881
1.2625 0.188948 0.00620491
1.2875 0.185724 0.00551036
1.3125 0.186293 0.00558471
1.3375 0.181983 0.00573953
1.3625 0.1785 0.00622871
1.3875 0.17819 0.00571847
1.4125 0.175586 0.00621219
1.4375 0.176362 0.00718316
1.4625 0.178121 0.0072929
1.4875 0.173655 0.00582903
1.5125 0.1775 0.00449606
1.5375 0.176483 0.00481665
1.5625 0.176914 0.00579169
1.5875 0.179155 0.00593942
1.6125 0.182155 0.00635199
1.6375 0.178483 0.00597574
1.6625 0.180155 0.00537945
1.6875 0.176448 0.00562091
1.7125 0.173966 0.00521947
1.7375 0.17531 0.0044906
1.7625 0.174586 0.0041936
1.7875 0.176379 0.00469855
1.8125 0.175603 0.0039886
1.8375 0.171586 0.00321055
1.8625 0.174948 0.00283811
1.8875 0.173052 0.00375381
1.9125 0.163466 0.00409166
1.9375 0.163 0.00461245
1.9625 0.159741 0.00544532
1.9875 0.158259 0.00533756
2.0125 0.156724 0.00446505
2.0375 0.156414 0.00567738
2.0625 0.156897 0.00497389
2.0875 0.15581 0.00456895
2.1125 0.155621 0.00467347
2.1375 0.156207 0.00492464
2.1625 0.155276 0.0034284
2.1875 0.153207 0.00445563
2.2125 0.151672 0.005127
2.2375 0.147448 0.00582021
2.2625 0.141207 0.00552674
2.2875 0.131983 0.00601232
2.3125 0.126138 0.0051999
2.3375 0.122862 0.00458051
2.3625 0.125 0.00324555
2.3875 0.123517 0.00371419
2.4125 0.123276 0.00399089
2.4375 0.125362 0.0047002
2.4625 0.124155 0.0038158
2.4875 0.12119 0.00400924
2.5125 0.116259 0.00304771
2.5375 0.118483 0.00346671
2.5625 0.116034 0.00496645
2.5875 0.110241 0.00501467
2.6125 0.110638 0.00514379
2.6375 0.105552 0.00429715
2.6625 0.0987931 0.00343977
2.6875 0.0984655 0.00349949
2.7125 0.095569 0.00390275
2.7375 0.090931 0.00368636
2.7625 0.0872069 0.00392058
2.7875 0.0831724 0.00354549
2.8125 0.0821034 0.00471084
2.8375 0.0773276 0.00393382
2.8625 0.0763621 0.00403297
2.8875 0.0724483 0.00453103
2.9125 0.0671379 0.00381328
2.9375 0.0652414 0.00301518
2.9625 0.0632414 0.00292844
2.9875 0.0633793 0.00288252
3.0125 0.0632069 0.00301858
3.0375 0.0630862 0.00343735
3.0625 0.0587414 0.00359302
3.0875 0.0539483 0.00392267
3.1125 0.0512069 0.00412588
3.1375 0.0472931 0.00357793
3.1625 0.0455862 0.00378303
3.1875 0.0433621 0.00315493
3.2125 0.044931 0.00317495
3.2375 0.039931 0.00327737
3.2625 0.0388621 0.00313263
3.2875 0.0354138 0.00250625
3.3125 0.0343448 0.00257693
3.3375 0.0300862 0.00249469
3.3625 0.0267759 0.0017885
3.3875 0.0252069 0.00195914
3.4125 0.0238276 0.00165066
3.4375 0.0215517 0.00164824
3.4625 0.0217241 0.00152057
3.4875 0.0181379 0.00190709
3.5125 0.019431 0.00201853
3.5375 0.0188966 0.00213035
3.5625 0.0170517 0.00178171
3.5875 0.0151379 0.00153901
3.6125 0.0141724 0.00149333
3.6375 0.0128793 0.00154794
3.6625 0.0141897 0.00150668
3.6875 0.0135345 0.00175572
3.7125 0.0112931 0.00177643
3.7375 0.0102586 0.00212466
3.7625 0.0105172 0.00207692
3.7875 0.00962069 0.00175996
3.8125 0.00793103 0.00141946
3.8375 0.00818966 0.00132431
3.8625 0.00637931 0.00105849
3.8875 0.00693103 0.000943688
3.9125 0.0052931 0.000815018
3.9375 0.00537931 0.00102768
3.9625 0.00412069 0.000777766
3.9875 0.00360345 0.000665292
4.0125 0.0032069 0.00079576
4.0375 0.00255172 0.000667934
4.0625 0.00232759 0.000674786
4.0875 0.00206897 0.000688793
4.1125 0.00191379 0.00050707
4.1375 0.0012069 0.000341797
4.1625 0.00108621 0.000351043
4.1875 0.000706897 0.000230642
4.2125 0.000724138 0.000252102
4.2375 0.000793103 0.000339703
4.2625 0.00117241 0.000430966
4.2875 0.00113793 0.000463982
4.3125 0.000793103 0.000287575
4.3375 0.000655172 0.000271408
4.3625 0.000896552 0.000397226
4.3875 0.000637931 0.000266294
4.4125 0.000482759 0.000189498
4.4375 0.000465517 0.000248987
4.4625 0.000586207 0.000302683
4.4875 0.000603448 0.000343856
4.5125 0.000862069 0.000464878
4.5375 0.00087931 0.00048734
4.5625 0.000827586 0.000466092
4.5875 0.000517241 0.000330297
4.6125 0.000551724 0.00029603
4.6375 0.000431034 0.000220629
4.6625 0.000482759 0.000268656
4.6875 0.000224138 0.000131928
4.7125 0.000258621 0.000161509
4.7375 0.000206897 0.000117949
4.7625 0.000103448 6.02215e-05
4.7875 1.72414e-05 1.68048e-05
4.8125 0 0
4.8375 0 0
4.8625 0 0
4.8875 0 0
4.9125 0 0
4.9375 0 0
4.9625 0 0
4.9875 0 0
