-4.9875 0 0
-4.9625 0 0
-4.9375 0 0
-4.9125 0 0
-4.8875 0 0
-4.8625 0 0
-4.8375 0 0
-4.8125 0 0
-4.7875 0 0
-4.7625 0 0
-4.7375 0 0
-4.7125 0 0
-4.6875 0 0
-4.6625 0 0
-4.6375 0 0
-4.6125 0 0
-4.5875 0 0
-4.5625 0 0
-4.5375 0 0
-4.5125 0 0
-4.4875 0 0
-4.4625 0 0
-4.4375 0 0
-4.4125 0 0
-4.3875 0 0
-4.3625 0 0
-4.3375 0 0
-4.3125 0 0
-4.2875 0 0
-4.2625 0 0
-4.2375 0 0
-4.2125 0 0
-4.1875 0 0
-4.1625 0 0
-4.1375 0 0
-4.1125 0 0
-4.0875 0 0
-4.0625 0 0
-4.0375 0 0
-4.0125 0 0
-3.9875 0 0
-3.9625 0 0
-3.9375 0 0
-3.9125 0 0
-3.8875 0 0
-3.8625 0 0
-3.8375 0 0
-3.8125 0 0
-3.7875 0 0
-3.7625 0 0
-3.7375 0 0
-3.7125 0 0
-3.6875 0 0
-3.6625 0 0
-3.6375 0 0
-3.6125 0 0
-3.5875 0 0
-3.5625 0 0
-3.5375 0 0
-3.5125 0 0
-3.4875 0 0
-3.4625 0 0
-3.4375 0 0
-3.4125 0 0
-3.3875 0 0
-3.3625 0 0
-3.3375 0 0
-3.3125 0 0
-3.2875 0 0
-3.2625 0 0
-3.2375 0 0
-3.2125 0 0
-3.1875 0 0
-3.1625 0 0
-3.1375 3.44828e-05 3.36096e-05
-3.1125 0 0
-3.0875 0 0
-3.0625 0 0
-3.0375 5.17241e-05 5.04145e-05
-3.0125 6.89655e-05 3.08423e-05
-2.9875 1.72414e-05 1.68048e-05
-2.9625 0.000103448 6.02215e-05
-2.9375 5.17241e-05 3.67771e-05
-2.9125 6.89655e-05 3.93164e-05
-2.8875 0.000137931 7.47568e-05
-2.8625 6.89655e-05 5.22957e-05
-2.8375 0.000172414 6.67756e-05
-2.8125 0.000275862 9.31673e-05
-2.7875 0.000396552 0.000120134
-2.7625 0.000448276 0.000158208
-2.7375 0.0005 0.000197299
-2.7125 0.000793103 0.000182628
-2.6875 0.00110345 0.000279714
-2.6625 0.00108621 0.000218463
-2.6375 0.00144828 0.000296231
-2.6125 0.00215517 0.000366455
-2.5875 0.00213793 0.000327677
-2.5625 0.00312069 0.000402486
-2.5375 0.00339655 0.000379526
-2.5125 0.00425862 0.000551333
-2.4875 0.00498276 0.000553056
-2.4625 0.00637931 0.000761163
-2.4375 0.00777586 0.00084798
-2.4125 0.00906897 0.000761788
-2.3875 0.0109655 0.000951749
-2.3625 0.0133621 0.000997582
-2.3375 0.0149138 0.000998475
-2.3125 0.0188621 0.000987466
-2.2875 0.0220517 0.000968737
-2.2625 0.025569 0.00152589
-2.2375 0.027069 0.00137185
-2.2125 0.0307414 0.00158269
-2.1875 0.0361379 0.00135947
-2.1625 0.0391552 0.0016592
-2.1375 0.0431207 0.00163774
-2.1125 0.0495862 0.00164176
-2.0875 0.0543448 0.00230111
-2.0625 0.0603966 0.00188606
-2.0375 0.0672759 0.00185774
-2.0125 0.0743448 0.00213005
-1.9875 0.0812586 0.00228814
-1.9625 0.0912586 0.00268548
-1.9375 0.0970862 0.00261734
-1.9125 0.104552 0.00328453
-1.8875 0.11269 0.00322765
-1.8625 0.125103 0.00311097
-1.8375 0.130155 0.00380503
-1.8125 0.139259 0.00339312
-1.7875 0.148017 0.00383596
-1.7625 0.156017 0.00364381
-1.7375 0.164328 0.00394669
-1.7125 0.175845 0.00377176
-1.6875 0.176914 0.00396248
-1.6625 0.189121 0.00425198
-1.6375 0.202086 0.00425058
-1.6125 0.208259 0.0045392
-1.5875 0.216121 0.00383332
-1.5625 0.229207 0.00413894
-1.5375 0.236948 0.00436995
-1.5125 0.243759 0.00451579
-1.4875 0.255983 0.00401952
-1.4625 0.260138 0.00464689
-1.4375 0.262431 0.00365781
-1.4125 0.267897 0.00505328
-1.3875 0.273121 0.00494653
-1.3625 0.278362 0.00460431
-1.3375 0.281466 0.00488043
-1.3125 0.285103 0.00338622
-1.2875 0.289931 0.00404674
-1.2625 0.294172 0.00391063
-1.2375 0.297569 0.00426008
-1.2125 0.297086 0.00433541
-1.1875 0.300466 0.00541084
-1.1625 0.29731 0.00461017
-1.1375 0.302241 0.00427736
-1.1125 0.305534 0.00568503
-1.0875 0.303207 0.00482956
-1.0625 0.302034 0.00518985
-1.0375 0.300862 0.00508264
-1.0125 0.300431 0.00525304
-0.9875 0.303414 0.00648376
-0.9625 0.300328 0.00513454
-0.9375 0.295897 0.00472067
-0.9125 0.300086 0.00554824
-0.8875 0.292828 0.00540751
-0.8625 0.293431 0.00457079
-0.8375 0.287983 0.00424252
-0.8125 0.284621 0.00323076
-0.7875 0.287569 0.00441726
-0.7625 0.280845 0.0039424
-0.7375 0.275534 0.00420255
-0.7125 0.280879 0.00359915
-0.6875 0.272759 0.00379749
-0.6625 0.274897 0.00349559
-0.6375 0.267448 0.00390535
-0.6125 0.269431 0.0036804
-0.5875 0.264069 0.00258869
-0.5625 0.263052 0.00288197
-0.5375 0.257172 0.00321778
-0.5125 0.260741 0.00343266
-0.4875 0.251241 0.00327853
-0.4625 0.252414 0.00320291
-0.4375 0.248724 0.00322133
-0.4125 0.253172 0.00288571
-0.3875 0.246259 0.00285232
-0.3625 0.245603 0.00245263
-0.3375 0.243086 0.00274181
-0.3125 0.245879 0.00282227
-0.2875 0.247241 0.00365964
-0.2625 0.241621 0.00315429
-0.2375 0.237931 0.00364679
-0.2125 0.242897 0.0042048
-0.1875 0.235897 0.0035325
-0.1625 0.235224 0.0047149
-0.1375 0.239672 0.00423636
-0.1125 0.23481 0.00385479
-0.0875 0.233172 0.00358311
-0.0625 0.234121 0.00285411
-0.0375 0.234172 0.00251498
-0.0125 0.236931 0.00269572
0.0125 0.23669 0.00220816
0.0375 0.237017 0.00255117
0.0625 0.237362 0.00322024
0.0875 0.23969 0.00282999
0.1125 0.238259 0.00288941
0.1375 0.236552 0.00365729
0.1625 0.233586 0.00284628
0.1875 0.233879 0.00309173
0.2125 0.233621 0.00327591
0.2375 0.240862 0.00342601
0.2625 0.237207 0.00352997
0.2875 0.239586 0.00323437
0.3125 0.237259 0.0046403
0.3375 0.240741 0.00363857
0.3625 0.24519 0.00409819
0.3875 0.242414 0.00356659
0.4125 0.248448 0.00494882
0.4375 0.252569 0.00445338
0.4625 0.246707 0.00439324
0.4875 0.248483 0.00402979
0.5125 0.256483 0.00384762
0.5375 0.254707 0.00359773
0.5625 0.260259 0.00412994
0.5875 0.258466 0.00352252
0.6125 0.258569 0.00384667
0.6375 0.261552 0.00321768
0.6625 0.263931 0.00353674
0.6875 0.265724 0.00426517
0.7125 0.270224 0.00370584
0.7375 0.271603 0.00396126
0.7625 0.276448 0.00477397
0.7875 0.277414 0.00484483
0.8125 0.283707 0.00537643
0.8375 0.281741 0.00434
0.8625 0.286448 0.0044874
0.8875 0.287862 0.00471574
0.9125 0.292034 0.00573
0.9375 0.294 0.00531574
0.9625 0.293897 0.00528662
0.9875 0.297638 0.00537352
1.0125 0.300414 0.00591701
1.0375 0.304017 0.00482193
1.0625 0.303793 0.00475005
1.0875 0.303086 0.00456376
1.1125 0.299828 0.0038534
1.1375 0.302293 0.00452462
1.1625 0.303431 0.00482484
1.1875 0.2975 0.00451704
1.2125 0.300966 0.0041453
1.2375 0.298172 0.00523213
1.2625 0.291224 0.00334229
1.2875 0.290362 0.00539919
1.3125 0.283879 0.0052106
1.3375 0.280017 0.0052222
1.3625 0.276707 0.00478941
1.3875 0.273759 0.00425124
1.4125 0.269707 0.00459814
1.4375 0.263 0.00398056
1.4625 0.259948 0.00462251
1.4875 0.252379 0.00347592
1.5125 0.246879 0.00326809
1.5375 0.237 0.0028771
1.5625 0.229448 0.00375493
1.5875 0.21981 0.00324225
1.6125 0.210483 0.0028043
1.6375 0.202431 0.0021466
1.6625 0.191603 0.0024679
1.6875 0.184569 0.00308595
1.7125 0.172862 0.00343836
1.7375 0.167793 0.00344313
1.7625 0.154948 0.0032134
1.7875 0.141207 0.00368171
1.8125 0.139397 0.00401312
1.8375 0.125103 0.00308496
1.8625 0.118241 0.00324137
1.8875 0.110603 0.00345593
1.9125 0.101 0.00306779
1.9375 0.0937414 0.00347552
1.9625 0.0878276 0.0030931
1.9875 0.0822586 0.00335259
2.0125 0.0744828 0.00267136
2.0375 0.0681724 0.00247774
2.0625 0.0602931 0.00207116
2.0875 0.055931 0.00231915
2.1125 0.0472414 0.00222527
2.1375 0.0438103 0.00176208
2.1625 0.0385172 0.00170787
2.1875 0.0365345 0.00151675
2.2125 0.0333621 0.00184408
2.2375 0.0280517 0.00158794
2.2625 0.0237931 0.00139453
2.2875 0.0228793 0.00131742
2.3125 0.0189828 0.00116286
2.3375 0.0173448 0.00108198
2.3625 0.0134655 0.000900678
2.3875 0.0126207 0.000840913
2.4125 0.0102931 0.000881935
2.4375 0.00975862 0.000781055
2.4625 0.00743103 0.000705202
2.4875 0.00610345 0.000560332
2.5125 0.00506897 0.000435562
2.5375 0.0045 0.000579308
2.5625 0.00367241 0.000476109
2.5875 0.00305172 0.000465374
2.6125 0.00218966 0.000466012
2.6375 0.0017931 0.000467493
2.6625 0.00131034 0.000320337
2.6875 0.00127586 0.000357608
2.7125 0.00103448 0.000267102
2.7375 0.000534483 0.000123068
2.7625 0.000431034 0.00012403
2.7875 0.000293103 0.000122584
2.8125 0.000206897 7.86328e-05
2.8375 0.000206897 9.87436e-05
2.8625 0.000137931 5.6661e-05
2.8875 0.00012069 5.60013e-05
2.9125 0.000103448 4.29307e-05
2.9375 3.44828e-05 2.31317e-05
2.9625 3.44828e-05 2.31317e-05
2.9875 0 0
3.0125 1.72414e-05 1.68048e-05
3.0375 1.72414e-05 1.68048e-05
3.0625 0 0
3.0875 0 0
3.1125 0 0
3.1375 0 0
3.1625 0 0
3.1875 0 0
3.2125 0 0
3.2375 0 0
3.2625 0 0
3.2875 0 0
3.3125 0 0
3.3375 0 0
3.3625 0 0
3.3875 0 0
3.4125 0 0
3.4375 0 0
3.4625 0 0
3.4875 0 0
3.5125 0 0
3.5375 0 0
3.5625 0 0
3.5875 0 0
3.6125 0 0
3.6375 0 0
3.6625 0 0
3.6875 0 0
3.7125 0 0
3.7375 0 0
3.7625 0 0
3.7875 0 0
3.8125 0 0
3.8375 0 0
3.8625 0 0
3.8875 0 0
3.9125 0 0
3.9375 0 0
3.9625 0 0
3.9875 0 0
4.0125 0 0
4.0375 0 0
4.0625 0 0
4.0875 0 0
4.1125 0 0
4.1375 0 0
4.1625 0 0
4.1875 0 0
4.2125 0 0
4.2375 0 0
4.2625 0 0
4.2875 0 0
4.3125 0 0
4.3375 0 0
4.3625 0 0
4.3875 0 0
4.4125 0 0
4.4375 0 0
4.4625 0 0
4.4875 0 0
4.5125 0 0
4.5375 0 0
4.5625 0 0
4.5875 0 0
4.6125 0 0
4.6375 0 0
4.6625 0 0
4.6875 0 0
4.7125 0 0
4.7375 0 0
4.7625 0 0
4.7875 0 0
4.8125 0 0
4.8375 0 0
4.8625 0 0
4.8875 0 0
4.9125 0 0
4.9375 0 0
4.9625 0 0
4.9875 0 0
