-4.9875 0 0
-4.9625 0 0
-4.9375 0 0
-4.9125 0 0
-4.8875 0 0
-4.8625 0 0
-4.8375 0 0
-4.8125 0 0
-4.7875 0 0
-4.7625 0 0
-4.7375 0 0
-4.7125 0 0
-4.6875 0 0
-4.6625 0 0
-4.6375 0 0
-4.6125 0 0
-4.5875 0 0
-4.5625 0 0
-4.5375 0 0
-4.5125 0 0
-4.4875 0 0
-4.4625 0 0
-4.4375 0 0
-4.4125 0 0
-4.3875 0 0
-4.3625 0 0
-4.3375 0 0
-4.3125 0 0
-4.2875 0 0
-4.2625 0 0
-4.2375 0 0
-4.2125 0 0
-4.1875 0 0
-4.1625 0 0
-4.1375 0 0
-4.1125 0 0
-4.0875 0 0
-4.0625 0 0
-4.0375 0 0
-4.0125 0 0
-3.9875 0 0
-3.9625 0 0
-3.9375 0 0
-3.9125 0 0
-3.8875 0 0
-3.8625 0 0
-3.8375 0 0
-3.8125 0 0
-3.7875 0 0
-3.7625 0 0
-3.7375 0 0
-3.7125 0 0
-3.6875 0 0
-3.6625 0 0
-3.6375 0 0
-3.6125 0 0
-3.5875 0 0
-3.5625 0 0
-3.5375 0 0
-3.5125 0 0
-3.4875 0 0
-3.4625 0 0
-3.4375 3.44828e-05 3.36096e-05
-3.4125 5.17241e-05 5.04145e-05
-3.3875 0.00012069 0.000117634
-3.3625 0.000103448 8.48164e-05
-3.3375 6.89655e-05 5.22957e-05
-3.3125 1.72414e-05 1.68048e-05
-3.2875 6.89655e-05 5.22957e-05
-3.2625 0.00012069 5.04145e-05
-3.2375 0.000189655 9.27676e-05
-3.2125 0.000327586 0.000138951
-3.1875 0.0005 0.000184853
-3.1625 0.0005 0.00014726
-3.1375 0.000706897 0.000256283
-3.1125 0.000827586 0.000253864
-3.0875 0.000948276 0.000301478
-3.0625 0.0017069 0.000557873
-3.0375 0.00174138 0.000500579
-3.0125 0.00191379 0.000579308
-2.9875 0.00231034 0.000549619
-2.9625 0.00224138 0.000522673
-2.9375 0.00272414 0.000561286
-2.9125 0.00348276 0.00071042
-2.8875 0.00353448 0.000526286
-2.8625 0.00401724 0.000541541
-2.8375 0.00501724 0.000636987
-2.8125 0.00601724 0.000712332
-2.7875 0.0067069 0.000701398
-2.7625 0.00713793 0.000663334
-2.7375 0.00843103 0.000723922
-2.7125 0.0101034 0.00105641
-2.6875 0.0119655 0.00150664
-2.6625 0.0139483 0.00144611
-2.6375 0.0147759 0.00171103
-2.6125 0.018569 0.00205213
-2.5875 0.0186034 0.00183464
-2.5625 0.0215862 0.0023716
-2.5375 0.0232586 0.00196044
-2.5125 0.0262414 0.00207412
-2.4875 0.0281034 0.00208806
-2.4625 0.0312414 0.0022532
-2.4375 0.0340862 0.00229126
-2.4125 0.0386724 0.00237221
-2.3875 0.0426207 0.00259818
-2.3625 0.0486552 0.00259228
-2.3375 0.0525862 0.00255504
-2.3125 0.0556207 0.00263428
-2.2875 0.0641724 0.0031471
-2.2625 0.0649828 0.00368219
-2.2375 0.070931 0.0030619
-2.2125 0.0795172 0.00424176
-2.1875 0.0838793 0.00385998
-2.1625 0.0903448 0.00347027
-2.1375 0.0937241 0.00400717
-2.1125 0.101224 0.00340887
-2.0875 0.108948 0.00449861
-2.0625 0.115207 0.003703
-2.0375 0.123224 0.00376165
-2.0125 0.125966 0.00332693
-1.9875 0.135069 0.00386915
-1.9625 0.144224 0.0028
-1.9375 0.147069 0.0036195
-1.9125 0.152103 0.00315087
-1.8875 0.157741 0.00371946
-1.8625 0.165086 0.00323025
-1.8375 0.16969 0.00434906
-1.8125 0.170759 0.00315443
-1.7875 0.180414 0.00355077
-1.7625 0.182983 0.00340789
-1.7375 0.187966 0.00363306
-1.7125 0.196379 0.0040016
-1.6875 0.194862 0.00353569
-1.6625 0.205414 0.00297793
-1.6375 0.210121 0.00293623
-1.6125 0.214672 0.00368582
-1.5875 0.216759 0.00386125
-1.5625 0.223379 0.00451116
-1.5375 0.228034 0.00466386
-1.5125 0.235017 0.00438022
-1.4875 0.232931 0.00495392
-1.4625 0.236862 0.00539062
-1.4375 0.236328 0.00493063
-1.4125 0.241517 0.00472831
-1.3875 0.238638 0.00438131
-1.3625 0.2425 0.0049519
-1.3375 0.247293 0.00450949
-1.3125 0.24969 0.00372597
-1.2875 0.249224 0.00421592
-1.2625 0.254845 0.00455972
-1.2375 0.25469 0.00408991
-1.2125 0.258345 0.00455822
-1.1875 0.259724 0.0041019
-1.1625 0.256086 0.0038076
-1.1375 0.25819 0.00403484
-1.1125 0.265224 0.00353808
-1.0875 0.262948 0.00388291
-1.0625 0.265172 0.00491618
-1.0375 0.261414 0.00448448
-1.0125 0.265724 0.00467597
-0.9875 0.260793 0.00389022
-0.9625 0.260086 0.00388898
-0.9375 0.263414 0.00344922
-0.9125 0.258914 0.00472013
-0.8875 0.256948 0.00367781
-0.8625 0.255948 0.00411913
-0.8375 0.256724 0.00450073
-0.8125 0.256879 0.00407156
-0.7875 0.253431 0.00487779
-0.7625 0.247845 0.00417888
-0.7375 0.248517 0.00398758
-0.7125 0.248086 0.0041866
-0.6875 0.240259 0.00424263
-0.6625 0.245879 0.00483266
-0.6375 0.242569 0.00386687
-0.6125 0.241931 0.0037801
-0.5875 0.240414 0.00390331
-0.5625 0.239586 0.00292724
-0.5375 0.2395 0.0030449
-0.5125 0.236517 0.00311167
-0.4875 0.237207 0.0034243
-0.4625 0.235172 0.00345034
-0.4375 0.235034 0.00350847
-0.4125 0.237138 0.00356168
-0.3875 0.237379 0.00318759
-0.3625 0.235293 0.00421764
-0.3375 0.228345 0.00432897
-0.3125 0.226414 0.00400308
-0.2875 0.227086 0.00477362
-0.2625 0.231103 0.0039078
-0.2375 0.224638 0.00368211
-0.2125 0.223793 0.00401091
-0.1875 0.225034 0.00410572
-0.1625 0.229379 0.00348255
-0.1375 0.225759 0.00332523
-0.1125 0.225517 0.00356317
-0.0875 0.23019 0.00364356
-0.0625 0.233052 0.00310855
-0.0375 0.227569 0.00399431
-0.0125 0.226241 0.00393632
0.0125 0.222948 0.00412314
0.0375 0.226862 0.0030677
0.0625 0.224207 0.00448426
0.0875 0.224517 0.00301176
0.1125 0.228207 0.00370931
0.1375 0.228431 0.00314101
0.1625 0.227466 0.00374438
0.1875 0.227241 0.00393489
0.2125 0.229724 0.00294607
0.2375 0.228017 0.00377329
0.2625 0.229707 0.00375888
0.2875 0.232172 0.00324945
0.3125 0.238069 0.00394752
0.3375 0.23519 0.00385402
0.3625 0.237793 0.00396667
0.3875 0.230052 0.00351447
0.4125 0.237345 0.00414691
0.4375 0.233931 0.00341748
0.4625 0.234259 0.00309657
0.4875 0.235586 0.00335447
0.5125 0.237224 0.00386464
0.5375 0.239621 0.00466429
0.5625 0.235724 0.00461312
0.5875 0.245086 0.00390934
0.6125 0.248241 0.00445234
0.6375 0.244603 0.00447029
0.6625 0.246069 0.00452443
0.6875 0.249828 0.00514444
0.7125 0.249586 0.0043822
0.7375 0.252931 0.00398716
0.7625 0.252207 0.00406965
0.7875 0.25231 0.00377055
0.8125 0.24681 0.00409299
0.8375 0.251466 0.00260006
0.8625 0.256931 0.00413843
0.8875 0.25281 0.00304155
0.9125 0.25419 0.00361808
0.9375 0.253879 0.00225999
0.9625 0.253034 0.00293879
0.9875 0.258759 0.00324132
1.0125 0.254069 0.0040452
1.0375 0.253379 0.00409653
1.0625 0.2525 0.00414438
1.0875 0.249672 0.00354858
1.1125 0.250172 0.00404512
1.1375 0.250379 0.00370869
1.1625 0.250672 0.0039917
1.1875 0.246638 0.00382183
1.2125 0.24969 0.00408078
1.2375 0.249069 0.00331314
1.2625 0.250207 0.00386156
1.2875 0.248914 0.00431856
1.3125 0.245448 0.0035286
1.3375 0.245241 0.00447264
1.3625 0.246017 0.00493221
1.3875 0.241069 0.00538963
1.4125 0.238328 0.00457838
1.4375 0.237224 0.00500876
1.4625 0.237586 0.00465044
1.4875 0.231241 0.00428998
1.5125 0.223897 0.00439098
1.5375 0.224483 0.0050905
1.5625 0.222724 0.0050608
1.5875 0.216914 0.00494671
1.6125 0.213948 0.00420608
1.6375 0.211172 0.00509449
1.6625 0.202879 0.00394178
1.6875 0.200103 0.004612
1.7125 0.195052 0.00510661
1.7375 0.190931 0.00476786
1.7625 0.188914 0.00555613
1.7875 0.184621 0.00537364
1.8125 0.177172 0.00465649
1.8375 0.173483 0.00484841
1.8625 0.172534 0.00489809
1.8875 0.164603 0.00525397
1.9125 0.153379 0.00427145
1.9375 0.149638 0.00401724
1.9625 0.143552 0.00345345
1.9875 0.138328 0.00407395
2.0125 0.130983 0.00406423
2.0375 0.127345 0.00412801
2.0625 0.116966 0.00324299
2.0875 0.111655 0.00334355
2.1125 0.102672 0.0029031
2.1375 0.0979483 0.0025505
2.1625 0.0915 0.00291988
2.1875 0.0841897 0.00272275
2.2125 0.077069 0.00291502
2.2375 0.0727759 0.00241126
2.2625 0.0703621 0.00251612
2.2875 0.0644138 0.00255284
2.3125 0.060569 0.00242513
2.3375 0.0561724 0.00206694
2.3625 0.0496034 0.00201559
2.3875 0.0455 0.00230035
2.4125 0.0401724 0.00196241
2.4375 0.0371552 0.00195153
2.4625 0.0331552 0.00181997
2.4875 0.0302759 0.00202108
2.5125 0.0275862 0.00218986
2.5375 0.0240172 0.0020147
2.5625 0.0219655 0.00188635
2.5875 0.0201897 0.00191953
2.6125 0.017431 0.0016372
2.6375 0.0148621 0.00144969
2.6625 0.0127069 0.00129397
2.6875 0.0107931 0.00115661
2.7125 0.0087069 0.000893188
2.7375 0.00722414 0.000784994
2.7625 0.00667241 0.000737671
2.7875 0.00582759 0.000791565
2.8125 0.00472414 0.000671352
2.8375 0.00394828 0.000565809
2.8625 0.00336207 0.000519464
2.8875 0.00301724 0.000537464
2.9125 0.00281034 0.000487218
2.9375 0.00236207 0.000485384
2.9625 0.0017931 0.000437265
2.9875 0.00122414 0.000275296
3.0125 0.00113793 0.000254683
3.0375 0.000827586 0.000204585
3.0625 0.000603448 0.000146044
3.0875 0.000448276 0.000133774
3.1125 0.000517241 0.00017155
3.1375 0.000310345 0.00012409
3.1625 0.000189655 7.09834e-05
3.1875 0.000172414 7.1088e-05
3.2125 3.44828e-05 2.31317e-05
3.2375 8.62069e-05 4.7998e-05
3.2625 5.17241e-05 3.67771e-05
3.2875 1.72414e-05 1.68048e-05
3.3125 0 0
3.3375 1.72414e-05 1.68048e-05
3.3625 0 0
3.3875 0 0
3.4125 0 0
3.4375 0 0
3.4625 0 0
3.4875 0 0
3.5125 0 0
3.5375 0 0
3.5625 0 0
3.5875 0 0
3.6125 0 0
3.6375 0 0
3.6625 0 0
3.6875 0 0
3.7125 0 0
3.7375 0 0
3.7625 0 0
3.7875 0 0
3.8125 0 0
3.8375 0 0
3.8625 0 0
3.8875 0 0
3.9125 0 0
3.9375 0 0
3.9625 0 0
3.9875 0 0
4.0125 0 0
4.0375 0 0
4.0625 0 0
4.0875 0 0
4.1125 0 0
4.1375 0 0
4.1625 0 0
4.1875 0 0
4.2125 0 0
4.2375 0 0
4.2625 0 0
4.2875 0 0
4.3125 0 0
4.3375 0 0
4.3625 0 0
4.3875 0 0
4.4125 0 0
4.4375 0 0
4.4625 0 0
4.4875 0 0
4.5125 0 0
4.5375 0 0
4.5625 0 0
4.5875 0 0
4.6125 0 0
4.6375 0 0
4.6625 0 0
4.6875 0 0
4.7125 0 0
4.7375 0 0
4.7625 0 0
4.7875 0 0
4.8125 0 0
4.8375 0 0
4.8625 0 0
4.8875 0 0
4.9125 0 0
4.9375 0 0
4.9625 0 0
4.9875 0 0
