-4.9875 0 0
-4.9625 0 0
-4.9375 0 0
-4.9125 0 0
-4.8875 0 0
-4.8625 0 0
-4.8375 0 0
-4.8125 0 0
-4.7875 0 0
-4.7625 0 0
-4.7375 0 0
-4.7125 0 0
-4.6875 0 0
-4.6625 0 0
-4.6375 0 0
-4.6125 0 0
-4.5875 0 0
-4.5625 0 0
-4.5375 0 0
-4.5125 0 0
-4.4875 0 0
-4.4625 0 0
-4.4375 0 0
-4.4125 0 0
-4.3875 0 0
-4.3625 0 0
-4.3375 0 0
-4.3125 0 0
-4.2875 0 0
-4.2625 0 0
-4.2375 0 0
-4.2125 0 0
-4.1875 0 0
-4.1625 0 0
-4.1375 0 0
-4.1125 0 0
-4.0875 0 0
-4.0625 0 0
-4.0375 0 0
-4.0125 0 0
-3.9875 0 0
-3.9625 0 0
-3.9375 0 0
-3.9125 0 0
-3.8875 0 0
-3.8625 0 0
-3.8375 0 0
-3.8125 0 0
-3.7875 0 0
-3.7625 0 0
-3.7375 0 0
-3.7125 0 0
-3.6875 0 0
-3.6625 0 0
-3.6375 0 0
-3.6125 0 0
-3.5875 0 0
-3.5625 0 0
-3.5375 0 0
-3.5125 0 0
-3.4875 0 0
-3.4625 0 0
-3.4375 0 0
-3.4125 0 0
-3.3875 0 0
-3.3625 0 0
-3.3375 0 0
-3.3125 0 0
-3.2875 0 0
-3.2625 0 0
-3.2375 0 0
-3.2125 0 0
-3.1875 0 0
-3.1625 0 0
-3.1375 0 0
-3.1125 5.17241e-05 3.67771e-05
-3.0875 0.000103448 6.02215e-05
-3.0625 0.00012069 7.42581e-05
-3.0375 0.000362069 0.000141074
-3.0125 0.000172414 6.21647e-05
-2.9875 0.000275862 8.30455e-05
-2.9625 0.000551724 0.000181485
-2.9375 0.000517241 0.000240763
-2.9125 0.000603448 0.000148065
-2.8875 0.00106897 0.000159704
-2.8625 0.00141379 0.000252102
-2.8375 0.00162069 0.000268324
-2.8125 0.00206897 0.000294621
-2.7875 0.00275862 0.000339616
-2.7625 0.00301724 0.000417281
-2.7375 0.00341379 0.000463213
-2.7125 0.00424138 0.00037067
-2.6875 0.0057069 0.000667077
-2.6625 0.00594828 0.000545152
-2.6375 0.00736207 0.00068848
-2.6125 0.0087931 0.000714426
-2.5875 0.0101552 0.000707727
-2.5625 0.0117069 0.000890388
-2.5375 0.0140345 0.00104679
-2.5125 0.0166724 0.00093907
-2.4875 0.0185 0.00130153
-2.4625 0.0209138 0.00160266
-2.4375 0.023569 0.00156513
-2.4125 0.026431 0.00167308
-2.3875 0.0277241 0.00163464
-2.3625 0.0315517 0.0017453
-2.3375 0.035931 0.0020798
-2.3125 0.0391552 0.00176242
-2.2875 0.0436207 0.00221449
-2.2625 0.0486207 0.00186287
-2.2375 0.0556379 0.00202632
-2.2125 0.0598621 0.0020054
-2.1875 0.0667759 0.00185508
-2.1625 0.0698793 0.00216834
-2.1375 0.0773103 0.0021677
-2.1125 0.0831897 0.00235417
-2.0875 0.0897931 0.00204532
-2.0625 0.0958966 0.0025004
-2.0375 0.104845 0.00218911
-2.0125 0.1085 0.00265195
-1.9875 0.115345 0.00291879
-1.9625 0.120259 0.00276334
-1.9375 0.124517 0.00260806
-1.9125 0.134172 0.00220419
-1.8875 0.141328 0.0038033
-1.8625 0.149466 0.0028465
-1.8375 0.155362 0.00323132
-1.8125 0.162603 0.00333944
-1.7875 0.170017 0.00346311
-1.7625 0.17681 0.00282967
-1.7375 0.184569 0.0036306
-1.7125 0.193759 0.00339589
-1.6875 0.198138 0.00357595
-1.6625 0.204 0.00419234
-1.6375 0.211655 0.00382841
-1.6125 0.215017 0.00374233
-1.5875 0.218931 0.00461772
-1.5625 0.224793 0.00360818
-1.5375 0.233448 0.00417469
-1.5125 0.23731 0.00423265
-1.4875 0.240914 0.00420147
-1.4625 0.248276 0.00475312
-1.4375 0.254914 0.00400578
-1.4125 0.252362 0.0037244
-1.3875 0.256621 0.00397754
-1.3625 0.262879 0.00339215
-1.3375 0.26181 0.0043481
-1.3125 0.263397 0.00444883
-1.2875 0.264241 0.00436225
-1.2625 0.265914 0.0043832
-1.2375 0.2655 0.00508515
-1.2125 0.267379 0.00400775
-1.1875 0.264241 0.00393354
-1.1625 0.267466 0.00426621
-1.1375 0.268741 0.00385076
-1.1125 0.268776 0.00359428
-1.0875 0.272017 0.00462058
-1.0625 0.272879 0.00453171
-1.0375 0.270776 0.00450682
-1.0125 0.273534 0.004185
-0.9875 0.272241 0.00449438
-0.9625 0.269638 0.00450943
-0.9375 0.27431 0.00460468
-0.9125 0.271207 0.00488351
-0.8875 0.271966 0.00547517
-0.8625 0.272172 0.00459392
-0.8375 0.266724 0.00409246
-0.8125 0.266397 0.0041651
-0.7875 0.267983 0.00390868
-0.7625 0.266569 0.00359932
-0.7375 0.261241 0.00397842
-0.7125 0.260828 0.00431416
-0.6875 0.258776 0.00377539
-0.6625 0.253983 0.00340477
-0.6375 0.250155 0.00390885
-0.6125 0.249034 0.00357347
-0.5875 0.248276 0.00313461
-0.5625 0.23919 0.00332023
-0.5375 0.242828 0.00400688
-0.5125 0.243569 0.00374803
-0.4875 0.241431 0.00349088
-0.4625 0.240948 0.00359993
-0.4375 0.244293 0.00396398
-0.4125 0.23581 0.00294301
-0.3875 0.235845 0.00333597
-0.3625 0.235103 0.00295775
-0.3375 0.233276 0.00337019
-0.3125 0.234448 0.0025573
-0.2875 0.232828 0.00306592
-0.2625 0.23381 0.00384761
-0.2375 0.236569 0.00318797
-0.2125 0.234448 0.00376636
-0.1875 0.231655 0.00312032
-0.1625 0.233086 0.0037237
-0.1375 0.232672 0.00331608
-0.1125 0.233966 0.00419469
-0.0875 0.231052 0.00420205
-0.0625 0.230828 0.00361077
-0.0375 0.231414 0.00291455
-0.0125 0.23069 0.00265674
0.0125 0.232103 0.00335901
0.0375 0.233103 0.00352096
0.0625 0.228707 0.00290259
0.0875 0.230828 0.00267607
0.1125 0.229034 0.00363369
0.1375 0.233862 0.00338191
0.1625 0.233345 0.00290097
0.1875 0.231845 0.00318917
0.2125 0.228207 0.00349185
0.2375 0.232379 0.00252419
0.2625 0.232862 0.00266078
0.2875 0.23869 0.0039534
0.3125 0.239431 0.00340178
0.3375 0.237931 0.00403993
0.3625 0.238655 0.00371886
0.3875 0.237362 0.00508865
0.4125 0.240138 0.00368493
0.4375 0.24031 0.00304767
0.4625 0.241517 0.00332248
0.4875 0.24131 0.00307183
0.5125 0.247483 0.00291457
0.5375 0.24631 0.00319632
0.5625 0.24731 0.00262155
0.5875 0.249897 0.00324157
0.6125 0.249448 0.00313418
0.6375 0.248328 0.00319196
0.6625 0.250293 0.00375928
0.6875 0.254793 0.00390584
0.7125 0.25731 0.00332062
0.7375 0.261034 0.00441642
0.7625 0.261138 0.0048084
0.7875 0.264534 0.00416323
0.8125 0.265 0.00439655
0.8375 0.26881 0.00553206
0.8625 0.26931 0.00416821
0.8875 0.264121 0.00484936
0.9125 0.266741 0.00450139
0.9375 0.268534 0.00475511
0.9625 0.263948 0.00461866
0.9875 0.271672 0.00463279
1.0125 0.265983 0.00381649
1.0375 0.272 0.00432216
1.0625 0.265914 0.00375445
1.0875 0.269224 0.00441102
1.1125 0.271052 0.00460442
1.1375 0.268586 0.00393231
1.1625 0.266672 0.00409382
1.1875 0.266793 0.00368781
1.2125 0.264741 0.00362642
1.2375 0.266879 0.00360452
1.2625 0.267121 0.00385993
1.2875 0.26219 0.00422405
1.3125 0.261397 0.00414148
1.3375 0.257069 0.00373406
1.3625 0.253121 0.00424555
1.3875 0.250621 0.00479816
1.4125 0.248121 0.00416617
1.4375 0.247259 0.0047346
1.4625 0.245069 0.00448813
1.4875 0.242155 0.00461424
1.5125 0.239328 0.00517072
1.5375 0.231983 0.00521037
1.5625 0.231897 0.00499164
1.5875 0.22419 0.00547083
1.6125 0.218741 0.00431725
1.6375 0.211655 0.00485531
1.6625 0.207621 0.00539194
1.6875 0.203052 0.00519708
1.7125 0.193052 0.00437294
1.7375 0.188362 0.00495178
1.7625 0.180724 0.00418145
1.7875 0.173379 0.0044889
1.8125 0.168052 0.00505659
1.8375 0.159879 0.00354194
1.8625 0.153983 0.00445919
1.8875 0.148017 0.00422909
1.9125 0.138862 0.00421142
1.9375 0.137448 0.00297247
1.9625 0.127534 0.00344511
1.9875 0.119948 0.00301239
2.0125 0.115034 0.00288178
2.0375 0.107121 0.00277295
2.0625 0.0996034 0.0030934
2.0875 0.0955517 0.00322666
2.1125 0.0881034 0.00383964
2.1375 0.0808793 0.00312402
2.1625 0.0742241 0.00256704
2.1875 0.0682069 0.00251625
2.2125 0.0632414 0.00285577
2.2375 0.0589483 0.00253858
2.2625 0.0510172 0.00192092
2.2875 0.0472414 0.00223965
2.3125 0.0408103 0.00185379
2.3375 0.0392759 0.00138316
2.3625 0.034431 0.00145835
2.3875 0.0303448 0.00152798
2.4125 0.027931 0.00147874
2.4375 0.0239828 0.00128664
2.4625 0.0203103 0.001327
2.4875 0.0170345 0.00104318
2.5125 0.015431 0.00103358
2.5375 0.0127931 0.000967025
2.5625 0.0118103 0.00102027
2.5875 0.0102414 0.000961537
2.6125 0.00858621 0.000819972
2.6375 0.00743103 0.00090791
2.6625 0.00589655 0.000644606
2.6875 0.00558621 0.000745019
2.7125 0.00427586 0.0006266
2.7375 0.00382759 0.000586663
2.7625 0.00275862 0.000550645
2.7875 0.00303448 0.000616171
2.8125 0.00241379 0.000542487
2.8375 0.00191379 0.000411253
2.8625 0.00175862 0.000398347
2.8875 0.00137931 0.000393919
2.9125 0.00137931 0.000345689
2.9375 0.000931034 0.000274891
2.9625 0.0005 0.000191177
2.9875 0.000448276 0.000150505
3.0125 0.000293103 0.000101344
3.0375 0.000224138 9.52966e-05
3.0625 0.000103448 6.93952e-05
3.0875 0 0
3.1125 5.17241e-05 3.67771e-05
3.1375 8.62069e-05 6.84246e-05
3.1625 0 0
3.1875 8.62069e-05 8.40241e-05
3.2125 6.89655e-05 6.72193e-05
3.2375 5.17241e-05 5.04145e-05
3.2625 5.17241e-05 5.04145e-05
3.2875 3.44828e-05 3.36096e-05
3.3125 0 0
3.3375 3.44828e-05 3.36096e-05
3.3625 3.44828e-05 3.36096e-05
3.3875 1.72414e-05 1.68048e-05
3.4125 0 0
3.4375 1.72414e-05 1.68048e-05
3.4625 0 0
3.4875 0 0
3.5125 0 0
3.5375 0 0
3.5625 0 0
3.5875 0 0
3.6125 0 0
3.6375 0 0
3.6625 0 0
3.6875 0 0
3.7125 0 0
3.7375 0 0
3.7625 0 0
3.7875 0 0
3.8125 0 0
3.8375 0 0
3.8625 0 0
3.8875 0 0
3.9125 0 0
3.9375 0 0
3.9625 0 0
3.9875 0 0
4.0125 0 0
4.0375 0 0
4.0625 0 0
4.0875 0 0
4.1125 0 0
4.1375 0 0
4.1625 0 0
4.1875 0 0
4.2125 0 0
4.2375 0 0
4.2625 0 0
4.2875 0 0
4.3125 0 0
4.3375 0 0
4.3625 0 0
4.3875 0 0
4.4125 0 0
4.4375 0 0
4.4625 0 0
4.4875 0 0
4.5125 0 0
4.5375 0 0
4.5625 0 0
4.5875 0 0
4.6125 0 0
4.6375 0 0
4.6625 0 0
4.6875 0 0
4.7125 0 0
4.7375 0 0
4.7625 0 0
4.7875 0 0
4.8125 0 0
4.8375 0 0
4.8625 0 0
4.8875 0 0
4.9125 0 0
4.9375 0 0
4.9625 0 0
4.9875 0 0
