-4.9875 0 0
-4.9625 0 0
-4.9375 0 0
-4.9125 0 0
-4.8875 0 0
-4.8625 0 0
-4.8375 0 0
-4.8125 0 0
-4.7875 0 0
-4.7625 0 0
-4.7375 0 0
-4.7125 0 0
-4.6875 0 0
-4.6625 0 0
-4.6375 0 0
-4.6125 0 0
-4.5875 6.89655e-05 6.72193e-05
-4.5625 8.62069e-05 8.40241e-05
-4.5375 3.44828e-05 3.36096e-05
-4.5125 0.00012069 0.000117634
-4.4875 0.000258621 0.000173916
-4.4625 0.000189655 0.000127807
-4.4375 0.000482759 0.000315475
-4.4125 0.000534483 0.000350365
-4.3875 0.000396552 0.000245379
-4.3625 0.000448276 0.000228863
-4.3375 0.00062069 0.000283934
-4.3125 0.000637931 0.000313466
-4.2875 0.000344828 0.000174129
-4.2625 0.000241379 0.000140282
-4.2375 0.000362069 0.000213229
-4.2125 0.000551724 0.000380406
-4.1875 0.0005 0.000340904
-4.1625 0.000517241 0.000291068
-4.1375 0.00087931 0.000398029
-4.1125 0.00105172 0.000426162
-4.0875 0.00141379 0.000532477
-4.0625 0.00163793 0.000597694
-4.0375 0.00201724 0.000745687
-4.0125 0.00187931 0.000716493
-3.9875 0.00232759 0.00079418
-3.9625 0.00222414 0.000703936
-3.9375 0.00337931 0.0010381
-3.9125 0.00394828 0.00115027
-3.8875 0.00465517 0.00130955
-3.8625 0.00556897 0.001493
-3.8375 0.00601724 0.0015083
-3.8125 0.00712069 0.001778
-3.7875 0.00784483 0.00159441
-3.7625 0.00875862 0.00144116
-3.7375 0.00853448 0.00119324
-3.7125 0.00963793 0.00118087
-3.6875 0.00994828 0.0016397
-3.6625 0.00968966 0.00153495
-3.6375 0.0111897 0.0015627
-3.6125 0.0122586 0.00187994
-3.5875 0.0121379 0.00172372
-3.5625 0.0141552 0.00137033
-3.5375 0.015431 0.00118725
-3.5125 0.0149483 0.00130768
-3.4875 0.0162414 0.001349
-3.4625 0.0187759 0.00168991
-3.4375 0.0201034 0.00219543
-3.4125 0.0226724 0.00223871
-3.3875 0.0244828 0.00180698
-3.3625 0.0267241 0.00194812
-3.3375 0.0281207 0.00198635
-3.3125 0.0294483 0.00228152
-3.2875 0.0314655 0.00243755
-3.2625 0.0325862 0.00234375
-3.2375 0.0328793 0.00189754
-3.2125 0.0340172 0.00249032
-3.1875 0.0358276 0.00245675
-3.1625 0.0401552 0.00237086
-3.1375 0.0451379 0.00246629
-3.1125 0.0468103 0.00224772
-3.0875 0.0497759 0.00292792
-3.0625 0.0515 0.00288362
-3.0375 0.0510345 0.00333272
-3.0125 0.054 0.00331128
-2.9875 0.0581552 0.0033883
-2.9625 0.0606379 0.00340824
-2.9375 0.0600517 0.00353909
-2.9125 0.0620862 0.00329986
-2.8875 0.0637586 0.00273328
-2.8625 0.0668448 0.00319931
-2.8375 0.0683621 0.00307978
-2.8125 0.0728448 0.00322813
-2.7875 0.0783966 0.0035781
-2.7625 0.0815862 0.00370063
-2.7375 0.0877241 0.0042405
-2.7125 0.0915 0.00414434
-2.6875 0.0928793 0.00488076
-2.6625 0.0962586 0.00502001
-2.6375 0.0989655 0.00497604
-2.6125 0.104431 0.00512306
-2.5875 0.103052 0.00456009
-2.5625 0.108086 0.00401931
-2.5375 0.110638 0.00474419
-2.5125 0.114259 0.00440707
-2.4875 0.11481 0.00441834
-2.4625 0.117776 0.00322045
-2.4375 0.12619 0.00390741
-2.4125 0.130224 0.00454089
-2.3875 0.137638 0.0044537
-2.3625 0.1365 0.00419715
-2.3375 0.136638 0.00470945
-2.3125 0.137914 0.00424618
-2.2875 0.133845 0.00354848
-2.2625 0.133845 0.00304614
-2.2375 0.138414 0.00307964
-2.2125 0.138276 0.00325099
-2.1875 0.14219 0.0038342
-2.1625 0.148569 0.00419482
-2.1375 0.149431 0.00356044
-2.1125 0.146017 0.0038618
-2.0875 0.147207 0.00351123
-2.0625 0.15081 0.00419942
-2.0375 0.151259 0.00528595
-2.0125 0.151776 0.00548478
-1.9875 0.156655 0.00546984
-1.9625 0.1595 0.00604253
-1.9375 0.164379 0.00612397
-1.9125 0.174259 0.00706363
-1.8875 0.169793 0.00727784
-1.8625 0.168034 0.00677909
-1.8375 0.169793 0.00590292
-1.8125 0.169879 0.00475626
-1.7875 0.174345 0.004813
-1.7625 0.176207 0.00464456
-1.7375 0.176448 0.0046863
-1.7125 0.178276 0.00558759
-1.6875 0.178603 0.00596709
-1.6625 0.181638 0.00535765
-1.6375 0.190259 0.00611609
-1.6125 0.1865 0.00539924
-1.5875 0.186672 0.00515723
-1.5625 0.188586 0.0057473
-1.5375 0.187776 0.00637868
-1.5125 0.189483 0.00518908
-1.4875 0.191655 0.00474872
-1.4625 0.194224 0.00484485
-1.4375 0.1935 0.00563307
-1.4125 0.197621 0.00555043
-1.3875 0.199759 0.00538771
-1.3625 0.190983 0.00519439
-1.3375 0.188552 0.00534747
-1.3125 0.191448 0.0054855
-1.2875 0.191259 0.00557546
-1.2625 0.192121 0.00567177
-1.2375 0.186948 0.0049696
-1.2125 0.189621 0.00373354
-1.1875 0.191534 0.0048062
-1.1625 0.188862 0.00408647
-1.1375 0.184069 0.00459777
-1.1125 0.187397 0.00489864
-1.0875 0.182414 0.00458037
-1.0625 0.180862 0.0047331
-1.0375 0.185966 0.00430821
-1.0125 0.186879 0.00417971
-0.9875 0.183397 0.00455488
-0.9625 0.186293 0.00506737
-0.9375 0.190741 0.00511597
-0.9125 0.193828 0.0049259
-0.8875 0.192759 0.00407021
-0.8625 0.192138 0.00392313
-0.8375 0.186552 0.00376707
-0.8125 0.190379 0.00393685
-0.7875 0.193431 0.00439635
-0.7625 0.185621 0.00404927
-0.7375 0.187034 0.00405069
-0.7125 0.193845 0.00402772
-0.6875 0.195207 0.00362962
-0.6625 0.18981 0.00411014
-0.6375 0.185707 0.00338559
-0.6125 0.184655 0.00376593
-0.5875 0.182414 0.00460309
-0.5625 0.184897 0.00455385
-0.5375 0.185241 0.00495249
-0.5125 0.185983 0.00512822
-0.4875 0.186017 0.0052317
-0.4625 0.181414 0.00463019
-0.4375 0.181845 0.00387952
-0.4125 0.184069 0.00448293
-0.3875 0.180103 0.00431035
-0.3625 0.183586 0.00484764
-0.3375 0.180276 0.00480175
-0.3125 0.184034 0.00397832
-0.2875 0.183879 0.00534916
-0.2625 0.182017 0.00421087
-0.2375 0.182172 0.00461683
-0.2125 0.181845 0.00519868
-0.1875 0.183328 0.0045971
-0.1625 0.181707 0.00651421
-0.1375 0.187379 0.00659498
-0.1125 0.184828 0.00618406
-0.0875 0.183534 0.00521145
-0.0625 0.183276 0.00620807
-0.0375 0.187121 0.00530588
-0.0125 0.182259 0.00512806
0.0125 0.177897 0.00483582
0.0375 0.177897 0.00456085
0.0625 0.178621 0.00472017
0.0875 0.174155 0.00573977
0.1125 0.177534 0.00445964
0.1375 0.178121 0.00435804
0.1625 0.184155 0.00577257
0.1875 0.186517 0.0058211
0.2125 0.186966 0.00614943
0.2375 0.181466 0.00461637
0.2625 0.182655 0.00364924
0.2875 0.184724 0.00448356
0.3125 0.183672 0.00346507
0.3375 0.187293 0.00424637
0.3625 0.192793 0.00445375
0.3875 0.185534 0.00431562
0.4125 0.185862 0.00448786
0.4375 0.185741 0.00417087
0.4625 0.184621 0.00340947
0.4875 0.181448 0.00456682
0.5125 0.182983 0.00469132
0.5375 0.183069 0.004256
0.5625 0.183155 0.0048477
0.5875 0.183379 0.00527421
0.6125 0.183862 0.00509141
0.6375 0.18581 0.00425169
0.6625 0.183397 0.0037863
0.6875 0.184759 0.00426156
0.7125 0.185534 0.00519824
0.7375 0.184121 0.00539098
0.7625 0.187224 0.00524362
0.7875 0.180069 0.00498366
0.8125 0.179086 0.00465033
0.8375 0.17719 0.00473723
0.8625 0.177966 0.00387558
0.8875 0.181207 0.0033533
0.9125 0.188362 0.00273849
0.9375 0.189672 0.00365147
0.9625 0.197897 0.00407356
0.9875 0.190224 0.00356928
1.0125 0.1865 0.0033547
1.0375 0.184483 0.004113
1.0625 0.182672 0.00460612
1.0875 0.189414 0.0046502
1.1125 0.18969 0.00471241
1.1375 0.188759 0.00436268
1.1625 0.184241 0.00419225
1.1875 0.185259 0.00475955
1.2125 0.18031 0.00465101
1.2375 0.184052 0.00433605
1.2625 0.184845 0.00506254
1.2875 0.189086 0.00647965
1.3125 0.189276 0.00589014
1.3375 0.194069 0.00532915
1.3625 0.184655 0.00575947
1.3875 0.18481 0.00434424
1.4125 0.184948 0.00473484
1.4375 0.177672 0.00493512
1.4625 0.183724 0.00400947
1.4875 0.181879 0.00369999
1.5125 0.181638 0.00345309
1.5375 0.185603 0.00473996
1.5625 0.184121 0.00409529
1.5875 0.185466 0.00469043
1.6125 0.181207 0.00474614
1.6375 0.18331 0.00451628
1.6625 0.176879 0.00455796
1.6875 0.178948 0.00475546
1.7125 0.180448 0.004444
1.7375 0.180172 0.00367169
1.7625 0.170759 0.00398396
1.7875 0.168138 0.00413695
1.8125 0.168534 0.00431075
1.8375 0.170776 0.00526948
1.8625 0.17081 0.00553195
1.8875 0.170707 0.00565767
1.9125 0.165379 0.00603741
1.9375 0.16331 0.00598345
1.9625 0.160707 0.00470633
1.9875 0.158069 0.00511894
2.0125 0.156103 0.00487215
2.0375 0.157776 0.00506571
2.0625 0.156638 0.00463045
2.0875 0.155897 0.00463949
2.1125 0.154086 0.00459238
2.1375 0.146983 0.00454636
2.1625 0.148052 0.00480909
2.1875 0.149259 0.00474249
2.2125 0.148276 0.00576156
2.2375 0.139638 0.005671
2.2625 0.135586 0.00550714
2.2875 0.136259 0.00570334
2.3125 0.135086 0.00515352
2.3375 0.134052 0.00437278
2.3625 0.129517 0.00398021
2.3875 0.130948 0.00388125
2.4125 0.127862 0.00419541
2.4375 0.126103 0.00430607
2.4625 0.125086 0.0044005
2.4875 0.122948 0.00493317
2.5125 0.116724 0.00510878
2.5375 0.114483 0.00498511
2.5625 0.107138 0.00479187
2.5875 0.105052 0.00494538
2.6125 0.101897 0.0044439
2.6375 0.097569 0.00423896
2.6625 0.0922069 0.0041591
2.6875 0.0913793 0.0042081
2.7125 0.0902414 0.0044595
2.7375 0.0861034 0.0045833
2.7625 0.0843793 0.00472786
2.7875 0.082931 0.00406206
2.8125 0.0791897 0.00292141
2.8375 0.0787241 0.00303851
2.8625 0.0761034 0.00257412
2.8875 0.0697759 0.00319569
2.9125 0.0646552 0.00314347
2.9375 0.0636724 0.00306705
2.9625 0.0579138 0.00242699
2.9875 0.0568966 0.00244402
3.0125 0.0566034 0.00230729
3.0375 0.0523103 0.00228968
3.0625 0.0516207 0.00257274
3.0875 0.0507414 0.00224579
3.1125 0.0476724 0.00285446
3.1375 0.0446552 0.0027826
3.1625 0.0417241 0.00276239
3.1875 0.0372759 0.00218441
3.2125 0.0341379 0.00223208
3.2375 0.0320172 0.00213533
3.2625 0.0324138 0.00226237
3.2875 0.0295 0.00229103
3.3125 0.0290862 0.00219978
3.3375 0.0285862 0.00197591
3.3625 0.0252759 0.00215194
3.3875 0.0235345 0.00173169
3.4125 0.0216207 0.00144583
3.4375 0.0207069 0.00158273
3.4625 0.0187931 0.00214702
3.4875 0.0164828 0.0021516
3.5125 0.0144655 0.00221892
3.5375 0.0130345 0.00210509
3.5625 0.0111724 0.0019542
3.5875 0.00956897 0.00159534
3.6125 0.01 0.00158057
3.6375 0.00886207 0.00117168
3.6625 0.00813793 0.00110705
3.6875 0.00648276 0.00100255
3.7125 0.00663793 0.00131054
3.7375 0.00475862 0.000983394
3.7625 0.00518966 0.00110761
3.7875 0.00431034 0.000913142
3.8125 0.00427586 0.00100101
3.8375 0.00381034 0.00102015
3.8625 0.00372414 0.00103953
3.8875 0.00455172 0.00138353
3.9125 0.00508621 0.00137085
3.9375 0.00456897 0.00126201
3.9625 0.00394828 0.0011469
3.9875 0.00308621 0.00091768
4.0125 0.00246552 0.000777689
4.0375 0.00205172 0.000610294
4.0625 0.00136207 0.000424064
4.0875 0.00087931 0.000355419
4.1125 0.000655172 0.000236276
4.1375 0.000724138 0.000264755
4.1625 0.000448276 0.000170855
4.1875 0.000172414 7.90099e-05
4.2125 0.000189655 0.000123068
4.2375 0.000224138 0.000162243
4.2625 0.000155172 0.000104804
4.2875 0.000137931 8.23265e-05
4.3125 1.72414e-05 1.68048e-05
4.3375 0.000189655 0.000168004
4.3625 0.000310345 0.000213821
4.3875 0.000103448 7.35542e-05
4.4125 0.000172414 0.000168048
4.4375 0.000103448 0.000100829
4.4625 1.72414e-05 1.68048e-05
4.4875 0 0
4.5125 0 0
4.5375 0 0
4.5625 0 0
4.5875 0 0
4.6125 0 0
4.6375 0 0
4.6625 0 0
4.6875 0 0
4.7125 0 0
4.7375 0 0
4.7625 0 0
4.7875 0 0
4.8125 0 0
4.8375 0 0
4.8625 0 0
4.8875 0 0
4.9125 0 0
4.9375 0 0
4.9625 0 0
4.9875 0 0
