-4.9875 0.00932764 0.00302405
-4.9625 0.00081035 0.000349348
-4.9375 0.0011207 0.000459979
-4.9125 0.00144828 0.000603994
-4.8875 0.00155173 0.000728032
-4.8625 0.00189656 0.000624275
-4.8375 0.00224139 0.000738974
-4.8125 0.00237932 0.000750312
-4.7875 0.00213794 0.000671135
-4.7625 0.00217243 0.000840458
-4.7375 0.00239657 0.00105989
-4.7125 0.00205174 0.000837402
-4.6875 0.00213794 0.000956428
-4.6625 0.00186208 0.000787239
-4.6375 0.00208622 0.000782723
-4.6125 0.00287933 0.000831631
-4.5875 0.00220691 0.000483008
-4.5625 0.00272415 0.000608554
-4.5375 0.00350002 0.00104997
-4.5125 0.00393106 0.000759956
-4.4875 0.00484486 0.000984872
-4.4625 0.00470692 0.000714337
-4.4375 0.00596555 0.00090188
-4.4125 0.00724142 0.00115967
-4.3875 0.00689659 0.00133374
-4.3625 0.00713797 0.0011953
-4.3375 0.0104828 0.00190273
-4.3125 0.0110001 0.00196385
-4.2875 0.0122242 0.00243239
-4.2625 0.0116725 0.00209003
-4.2375 0.0113966 0.00190742
-4.2125 0.0107587 0.00146311
-4.1875 0.011569 0.00140821
-4.1625 0.0109656 0.00127251
-4.1375 0.0106897 0.00121549
-4.1125 0.0122932 0.00148403
-4.0875 0.015138 0.00208642
-4.0625 0.016707 0.00247888
-4.0375 0.0197932 0.00265445
-4.0125 0.0184829 0.00271972
-3.9875 0.0211036 0.00238701
-3.9625 0.0201898 0.00209319
-3.9375 0.0200518 0.00170181
-3.9125 0.0197415 0.00180285
-3.8875 0.0224312 0.00206818
-3.8625 0.0254139 0.00195204
-3.8375 0.027845 0.00194376
-3.8125 0.0278967 0.00184635
-3.7875 0.0300519 0.00238298
-3.7625 0.0315002 0.00286222
-3.7375 0.0311209 0.00295468
-3.7125 0.0355175 0.00335744
-3.6875 0.0395347 0.00358418
-3.6625 0.0377588 0.00290809
-3.6375 0.0397244 0.00301845
-3.6125 0.0392416 0.00333137
-3.5875 0.0409658 0.00355648
-3.5625 0.0445348 0.00314441
-3.5375 0.0453451 0.00345566
-3.5125 0.0468796 0.00396857
-3.4875 0.0498451 0.00346871
-3.4625 0.0511555 0.00248556
-3.4375 0.0524486 0.00261308
-3.4125 0.0535003 0.00253435
-3.3875 0.0580004 0.00263751
-3.3625 0.0573797 0.00277715
-3.3375 0.0618969 0.00319554
-3.3125 0.0610521 0.00349441
-3.2875 0.0659659 0.00337784
-3.2625 0.0704832 0.00318519
-3.2375 0.0735004 0.00409007
-3.2125 0.0741384 0.00399817
-3.1875 0.0728453 0.00427045
-3.1625 0.0762074 0.00457735
-3.1375 0.0807074 0.00434454
-3.1125 0.0841384 0.00451924
-3.0875 0.0797246 0.00366061
-3.0625 0.0822246 0.00482728
-3.0375 0.0826039 0.00556617
-3.0125 0.0827936 0.00580794
-2.9875 0.0902764 0.00537993
-2.9625 0.0902764 0.00549874
-2.9375 0.0919143 0.00495785
-2.9125 0.0940523 0.00580041
-2.8875 0.0982765 0.00542551
-2.8625 0.102949 0.00488993
-2.8375 0.10638 0.00504204
-2.8125 0.0969833 0.00489074
-2.7875 0.102156 0.00507819
-2.7625 0.100708 0.00501033
-2.7375 0.108914 0.00464621
-2.7125 0.111052 0.00439915
-2.6875 0.110742 0.00333526
-2.6625 0.11669 0.00387695
-2.6375 0.119983 0.00434092
-2.6125 0.118915 0.00428258
-2.5875 0.118708 0.00363774
-2.5625 0.119983 0.00450445
-2.5375 0.118363 0.00553341
-2.5125 0.120225 0.00566189
-2.4875 0.125828 0.00470006
-2.4625 0.125708 0.00500748
-2.4375 0.12819 0.00444448
-2.4125 0.124725 0.00365935
-2.3875 0.13119 0.004865
-2.3625 0.138484 0.00493874
-2.3375 0.141932 0.00520855
-2.3125 0.142035 0.00415802
-2.2875 0.139622 0.00519246
-2.2625 0.143587 0.0068486
-2.2375 0.146535 0.00608087
-2.2125 0.139277 0.00455286
-2.1875 0.13907 0.0043927
-2.1625 0.13669 0.00477184
-2.1375 0.140432 0.00543273
-2.1125 0.142277 0.0042408
-2.0875 0.140087 0.00309626
-2.0625 0.138484 0.00376342
-2.0375 0.144122 0.00431674
-2.0125 0.143173 0.00524507
-1.9875 0.142553 0.00525486
-1.9625 0.144811 0.00572544
-1.9375 0.145501 0.00582448
-1.9125 0.143966 0.00644179
-1.8875 0.144535 0.00701083
-1.8625 0.154535 0.00711747
-1.8375 0.158363 0.00602973
-1.8125 0.162242 0.00600412
-1.7875 0.160535 0.00582795
-1.7625 0.157794 0.00529335
-1.7375 0.153294 0.0057425
-1.7125 0.154535 0.00482745
-1.6875 0.158725 0.0051572
-1.6625 0.158001 0.00462943
-1.6375 0.162898 0.0049561
-1.6125 0.172587 0.00412843
-1.5875 0.173915 0.00402065
-1.5625 0.16188 0.00397987
-1.5375 0.157898 0.00422285
-1.5125 0.16607 0.00509318
-1.4875 0.168484 0.00512605
-1.4625 0.166501 0.00469357
-1.4375 0.158691 0.00503343
-1.4125 0.154104 0.00504972
-1.3875 0.157984 0.00509347
-1.3625 0.163363 0.00543174
-1.3375 0.163725 0.00566947
-1.3125 0.158466 0.00544768
-1.2875 0.163673 0.00520603
-1.2625 0.162277 0.00568004
-1.2375 0.157053 0.00595925
-1.2125 0.157898 0.00472001
-1.1875 0.155173 0.00475727
-1.1625 0.15788 0.00603562
-1.1375 0.16207 0.00510377
-1.1125 0.157553 0.00435476
-1.0875 0.155777 0.00388197
-1.0625 0.165656 0.00392874
-1.0375 0.166415 0.00477906
-1.0125 0.164932 0.00514953
-0.9875 0.163035 0.00443831
-0.9625 0.164001 0.00388162
-0.9375 0.163587 0.00597777
-0.9125 0.160053 0.00570692
-0.8875 0.162604 0.00630763
-0.8625 0.165553 0.00612002
-0.8375 0.169104 0.00632095
-0.8125 0.165846 0.00575543
-0.7875 0.165311 0.00657049
-0.7625 0.160484 0.00570713
-0.7375 0.162932 0.00577188
-0.7125 0.157691 0.00460041
-0.6875 0.151691 0.00486863
-0.6625 0.147984 0.00471883
-0.6375 0.157363 0.00599346
-0.6125 0.160346 0.00483174
-0.5875 0.161725 0.00462406
-0.5625 0.156277 0.00414396
-0.5375 0.160294 0.0033834
-0.5125 0.157173 0.0048437
-0.4875 0.163242 0.005457
-0.4625 0.16676 0.0049057
-0.4375 0.17257 0.00500624
-0.4125 0.169208 0.0043326
-0.3875 0.169898 0.00372273
-0.3625 0.168777 0.00402281
-0.3375 0.169208 0.00397177
-0.3125 0.16888 0.00482699
-0.2875 0.166984 0.00486887
-0.2625 0.16638 0.00383231
-0.2375 0.158846 0.004635
-0.2125 0.160604 0.00452055
-0.1875 0.163415 0.00570575
-0.1625 0.162225 0.00505411
-0.1375 0.156897 0.00499759
-0.1125 0.156449 0.00581143
-0.0875 0.156742 0.00509727
-0.0625 0.154346 0.00387764
-0.0375 0.158329 0.00455197
-0.0125 0.165501 0.00371317
0.0125 0.166173 0.0044505
0.0375 0.165691 0.00418301
0.0625 0.165967 0.00496609
0.0875 0.162949 0.00427008
0.1125 0.166553 0.00550627
0.1375 0.165984 0.00487311
0.1625 0.160863 0.00491031
0.1875 0.158018 0.00583027
0.2125 0.15538 0.00505187
0.2375 0.151915 0.0038423
0.2625 0.158311 0.00382838
0.2875 0.158725 0.00544411
0.3125 0.161622 0.00473021
0.3375 0.160139 0.00373025
0.3625 0.168467 0.00520033
0.3875 0.166225 0.0061265
0.4125 0.161466 0.00401589
0.4375 0.161484 0.00361028
0.4625 0.163846 0.00448241
0.4875 0.163294 0.00444212
0.5125 0.155535 0.00420229
0.5375 0.154846 0.00445054
0.5625 0.155811 0.00349949
0.5875 0.16088 0.00339456
0.6125 0.160449 0.0049398
0.6375 0.158622 0.0055183
0.6625 0.159501 0.00402982
0.6875 0.163829 0.00405955
0.7125 0.169001 0.00439397
0.7375 0.160191 0.0045738
0.7625 0.148725 0.00544122
0.7875 0.144518 0.00521097
0.8125 0.147277 0.00620932
0.8375 0.156173 0.00563218
0.8625 0.161518 0.00560708
0.8875 0.15776 0.00436816
0.9125 0.161156 0.00501738
0.9375 0.156622 0.00464392
0.9625 0.161742 0.00443481
0.9875 0.166829 0.00605535
1.0125 0.166518 0.00624727
1.0375 0.156811 0.00580968
1.0625 0.161449 0.00698549
1.0875 0.162604 0.00624825
1.1125 0.162932 0.0053108
1.1375 0.167087 0.00491558
1.1625 0.163949 0.00548103
1.1875 0.165311 0.00415039
1.2125 0.163104 0.00448756
1.2375 0.162018 0.00384707
1.2625 0.162725 0.00460705
1.2875 0.160484 0.00560189
1.3125 0.159587 0.0052647
1.3375 0.161191 0.00646804
1.3625 0.164432 0.00541757
1.3875 0.16176 0.00530533
1.4125 0.155811 0.0049531
1.4375 0.14957 0.00523647
1.4625 0.154829 0.00478612
1.4875 0.160156 0.00580214
1.5125 0.160604 0.0068451
1.5375 0.158173 0.00616426
1.5625 0.165432 0.00491524
1.5875 0.16426 0.00347118
1.6125 0.165898 0.00386854
1.6375 0.165432 0.00348183
1.6625 0.164087 0.00470217
1.6875 0.163001 0.00462914
1.7125 0.153846 0.00539018
1.7375 0.160001 0.0052071
1.7625 0.16188 0.00542082
1.7875 0.163173 0.00575445
1.8125 0.157777 0.00536421
1.8375 0.154863 0.00476719
1.8625 0.151139 0.00450832
1.8875 0.157225 0.00482721
1.9125 0.155122 0.00417887
1.9375 0.15576 0.00480348
1.9625 0.150311 0.00636199
1.9875 0.144053 0.00627381
2.0125 0.141053 0.00624296
2.0375 0.138363 0.00585505
2.0625 0.136139 0.00529909
2.0875 0.134225 0.00381975
2.1125 0.13638 0.00384871
2.1375 0.137242 0.00531284
2.1625 0.142277 0.00555082
2.1875 0.137759 0.00573079
2.2125 0.136277 0.00499757
2.2375 0.137622 0.00599091
2.2625 0.136484 0.00605515
2.2875 0.137966 0.00636114
2.3125 0.135932 0.00370195
2.3375 0.131811 0.00381624
2.3625 0.131915 0.00488421
2.3875 0.135156 0.0046482
2.4125 0.138966 0.00617587
2.4375 0.136328 0.00625328
2.4625 0.130053 0.0051974
2.4875 0.128001 0.0043683
2.5125 0.122104 0.00588194
2.5375 0.123121 0.00441338
2.5625 0.12357 0.00489089
2.5875 0.126001 0.00547766
2.6125 0.127432 0.00572191
2.6375 0.123932 0.00497245
2.6625 0.115397 0.00401917
2.6875 0.115173 0.00425582
2.7125 0.107225 0.00415512
2.7375 0.106897 0.00678329
2.7625 0.104587 0.00662495
2.7875 0.105363 0.00687287
2.8125 0.101811 0.0055094
2.8375 0.101587 0.00491545
2.8625 0.106501 0.00474879
2.8875 0.105604 0.0043966
2.9125 0.104035 0.0054708
2.9375 0.0969833 0.00505078
2.9625 0.0882936 0.00493097
2.9875 0.0836212 0.00479763
3.0125 0.0799143 0.00449648
3.0375 0.0810522 0.00443361
3.0625 0.0824143 0.00461473
3.0875 0.0812074 0.00433173
3.1125 0.0831729 0.00486757
3.1375 0.0837936 0.00501991
3.1625 0.0887936 0.00365345
3.1875 0.0839488 0.00425159
3.2125 0.0758108 0.00495754
3.2375 0.0730004 0.00466082
3.2625 0.0686728 0.00469642
3.2875 0.0681556 0.00356913
3.3125 0.067397 0.00370395
3.3375 0.063328 0.002819
3.3625 0.0570866 0.00234516
3.3875 0.0500175 0.00225112
3.4125 0.0488796 0.00258241
3.4375 0.0488624 0.00268515
3.4625 0.0486727 0.00290613
3.4875 0.0462417 0.00346137
3.5125 0.0440692 0.00346563
3.5375 0.0420692 0.00374128
3.5625 0.0391727 0.00394611
3.5875 0.0367416 0.00343079
3.6125 0.034345 0.00352852
3.6375 0.0346554 0.00307097
3.6625 0.0333795 0.00325015
3.6875 0.034983 0.00304511
3.7125 0.034483 0.00295921
3.7375 0.0343795 0.00257344
3.7625 0.0345347 0.00299945
3.7875 0.0325002 0.00273177
3.8125 0.0301554 0.00265098
3.8375 0.0294485 0.00260163
3.8625 0.0277243 0.00268418
3.8875 0.0288795 0.00305343
3.9125 0.0295691 0.0033195
3.9375 0.0260519 0.00260517
3.9625 0.0223277 0.00209736
3.9875 0.0207415 0.00155179
4.0125 0.0209484 0.00194483
4.0375 0.0186553 0.00177644
4.0625 0.016276 0.00189775
4.0875 0.0154829 0.00217583
4.1125 0.0159311 0.00245285
4.1375 0.0157932 0.00198593
4.1625 0.013707 0.00199627
4.1875 0.0127242 0.00151409
4.2125 0.011138 0.00126113
4.2375 0.00979316 0.0012515
4.2625 0.00758625 0.00125686
4.2875 0.0083966 0.00149719
4.3125 0.00843109 0.00148467
4.3375 0.00922419 0.00163365
4.3625 0.00855178 0.00165025
4.3875 0.0067759 0.0014948
4.4125 0.00524141 0.00118468
4.4375 0.00508624 0.00155573
4.4625 0.00334485 0.000964938
4.4875 0.0025345 0.000736062
4.5125 0.00265519 0.000597312
4.5375 0.00194829 0.000489048
4.5625 0.00263795 0.000775781
4.5875 0.00260346 0.000766219
4.6125 0.00234484 0.000662665
4.6375 0.00158622 0.000385068
4.6625 0.00148277 0.000511523
4.6875 0.00234484 0.000645394
4.7125 0.00155173 0.000586464
4.7375 0.00113794 0.000528108
4.7625 0.000551727 0.000226645
4.7875 0.000620693 0.000306103
4.8125 0.00100001 0.000488211
4.8375 0.000844833 0.000369366
4.8625 0.000706901 0.000328472
4.8875 0.000879316 0.000437183
4.9125 0.00115518 0.000591398
4.9375 0.000827591 0.000489124
4.9625 0.000879316 0.000610784
4.9875 0.00046552 0.000386513
