-4.9875 0 0
-4.9625 0 0
-4.9375 0 0
-4.9125 0 0
-4.8875 0 0
-4.8625 0 0
-4.8375 0 0
-4.8125 0 0
-4.7875 0 0
-4.7625 0 0
-4.7375 0 0
-4.7125 0 0
-4.6875 0 0
-4.6625 0 0
-4.6375 0 0
-4.6125 0 0
-4.5875 0 0
-4.5625 0 0
-4.5375 0 0
-4.5125 0 0
-4.4875 0 0
-4.4625 0 0
-4.4375 0 0
-4.4125 0 0
-4.3875 0 0
-4.3625 0 0
-4.3375 0 0
-4.3125 0 0
-4.2875 0 0
-4.2625 0 0
-4.2375 0 0
-4.2125 0 0
-4.1875 0 0
-4.1625 0 0
-4.1375 0 0
-4.1125 0 0
-4.0875 0 0
-4.0625 0 0
-4.0375 0 0
-4.0125 0 0
-3.9875 0 0
-3.9625 0 0
-3.9375 0 0
-3.9125 1.72414e-05 1.68048e-05
-3.8875 3.44828e-05 3.36096e-05
-3.8625 3.44828e-05 3.36096e-05
-3.8375 0 0
-3.8125 6.89655e-05 6.72193e-05
-3.7875 8.62069e-05 6.84246e-05
-3.7625 5.17241e-05 5.04145e-05
-3.7375 0.00012069 6.57663e-05
-3.7125 0.000241379 0.000140282
-3.6875 0.000431034 0.000212391
-3.6625 0.000551724 0.000260795
-3.6375 0.000586207 0.000356776
-3.6125 0.000706897 0.000435818
-3.5875 0.000862069 0.000468699
-3.5625 0.000931034 0.00045753
-3.5375 0.000844828 0.000319292
-3.5125 0.000965517 0.000419217
-3.4875 0.000844828 0.000356255
-3.4625 0.00122414 0.000426859
-3.4375 0.00124138 0.000390433
-3.4125 0.00110345 0.000377425
-3.3875 0.00134483 0.000349026
-3.3625 0.00181034 0.000557553
-3.3375 0.00218966 0.000525947
-3.3125 0.00315517 0.000659818
-3.2875 0.00268966 0.000557406
-3.2625 0.00344828 0.000594765
-3.2375 0.00341379 0.00060855
-3.2125 0.00436207 0.000743691
-3.1875 0.00472414 0.000779913
-3.1625 0.00532759 0.000668412
-3.1375 0.00655172 0.000887219
-3.1125 0.00789655 0.000972542
-3.0875 0.00844828 0.000759991
-3.0625 0.009 0.000877076
-3.0375 0.00981034 0.000875575
-3.0125 0.0118966 0.0011378
-2.9875 0.0137586 0.00158356
-2.9625 0.0151034 0.00178323
-2.9375 0.0158966 0.00190903
-2.9125 0.0177069 0.00206339
-2.8875 0.0192931 0.0022682
-2.8625 0.0212069 0.00226703
-2.8375 0.0239483 0.00237549
-2.8125 0.0248276 0.00240713
-2.7875 0.0273966 0.00266896
-2.7625 0.0301724 0.00268938
-2.7375 0.0322241 0.00251091
-2.7125 0.0365172 0.00258459
-2.6875 0.0382414 0.0026338
-2.6625 0.0423276 0.00283083
-2.6375 0.0443621 0.00288022
-2.6125 0.0469828 0.00292615
-2.5875 0.0507759 0.00315747
-2.5625 0.0527931 0.00266421
-2.5375 0.0562414 0.00283534
-2.5125 0.0611379 0.00267548
-2.4875 0.0661034 0.00320978
-2.4625 0.0678621 0.00317528
-2.4375 0.0754483 0.00327292
-2.4125 0.0790345 0.00309727
-2.3875 0.0842759 0.00319216
-2.3625 0.0858448 0.0033032
-2.3375 0.0913103 0.00356497
-2.3125 0.0938621 0.00350595
-2.2875 0.100431 0.00357324
-2.2625 0.104914 0.00324568
-2.2375 0.111138 0.00427795
-2.2125 0.119155 0.00480688
-2.1875 0.121759 0.00400608
-2.1625 0.128155 0.00467634
-2.1375 0.133552 0.00547734
-2.1125 0.138621 0.00476393
-2.0875 0.141948 0.00464797
-2.0625 0.146759 0.00495391
-2.0375 0.148138 0.00437873
-2.0125 0.156879 0.00446292
-1.9875 0.161103 0.00448353
-1.9625 0.161276 0.00523696
-1.9375 0.163259 0.00486931
-1.9125 0.166241 0.00477645
-1.8875 0.168034 0.0044255
-1.8625 0.173017 0.00440252
-1.8375 0.178759 0.00510795
-1.8125 0.185966 0.00517885
-1.7875 0.183948 0.00519114
-1.7625 0.187707 0.00523385
-1.7375 0.196897 0.0048378
-1.7125 0.197845 0.00380491
-1.6875 0.199914 0.00535493
-1.6625 0.206052 0.0056159
-1.6375 0.20519 0.0038016
-1.6125 0.206707 0.00473404
-1.5875 0.207086 0.00393583
-1.5625 0.213621 0.0048278
-1.5375 0.212155 0.00461418
-1.5125 0.216983 0.00473726
-1.4875 0.221034 0.00476181
-1.4625 0.221379 0.00541571
-1.4375 0.229879 0.00481984
-1.4125 0.227776 0.00446372
-1.3875 0.233948 0.00415009
-1.3625 0.231586 0.0042897
-1.3375 0.230121 0.00398863
-1.3125 0.226845 0.0043613
-1.2875 0.226448 0.00451698
-1.2625 0.225793 0.00404916
-1.2375 0.218362 0.00474635
-1.2125 0.224379 0.00544391
-1.1875 0.224431 0.00547474
-1.1625 0.227517 0.00523744
-1.1375 0.228741 0.00420635
-1.1125 0.227586 0.00430206
-1.0875 0.22919 0.00546295
-1.0625 0.229914 0.00534132
-1.0375 0.230241 0.00591181
-1.0125 0.226707 0.0053805
-0.9875 0.231534 0.00523261
-0.9625 0.223879 0.0049573
-0.9375 0.220276 0.00402914
-0.9125 0.223603 0.00454882
-0.8875 0.222707 0.0041141
-0.8625 0.222569 0.0032125
-0.8375 0.22019 0.00282511
-0.8125 0.22219 0.00352748
-0.7875 0.216276 0.00384909
-0.7625 0.219983 0.00306281
-0.7375 0.217069 0.00428326
-0.7125 0.218793 0.00438884
-0.6875 0.218793 0.0054604
-0.6625 0.219897 0.00506351
-0.6375 0.223448 0.00518017
-0.6125 0.213379 0.00328778
-0.5875 0.213259 0.00402485
-0.5625 0.21469 0.0047307
-0.5375 0.21531 0.00476888
-0.5125 0.214621 0.00485983
-0.4875 0.215638 0.00434765
-0.4625 0.212 0.00449267
-0.4375 0.212828 0.00355612
-0.4125 0.215103 0.00414164
-0.3875 0.211845 0.00343344
-0.3625 0.212552 0.00368566
-0.3375 0.211362 0.00314536
-0.3125 0.213017 0.00314454
-0.2875 0.211759 0.00309596
-0.2625 0.213017 0.00387873
-0.2375 0.210552 0.00452746
-0.2125 0.21369 0.00364989
-0.1875 0.208879 0.00360999
-0.1625 0.215103 0.00307802
-0.1375 0.213655 0.00378827
-0.1125 0.2145 0.00383701
-0.0875 0.214362 0.00350516
-0.0625 0.20981 0.00400709
-0.0375 0.212086 0.00381954
-0.0125 0.209828 0.00356413
0.0125 0.210276 0.00319395
0.0375 0.209672 0.0039039
0.0625 0.213224 0.00458946
0.0875 0.218724 0.00415257
0.1125 0.213155 0.00433162
0.1375 0.214259 0.00375738
0.1625 0.213586 0.00408445
0.1875 0.210741 0.00340946
0.2125 0.211034 0.00374928
0.2375 0.21219 0.00301051
0.2625 0.21231 0.00317991
0.2875 0.215741 0.00360829
0.3125 0.215121 0.00369861
0.3375 0.216552 0.00369907
0.3625 0.214448 0.00392073
0.3875 0.215552 0.00372149
0.4125 0.219603 0.00413939
0.4375 0.216862 0.00452131
0.4625 0.219776 0.00471717
0.4875 0.220983 0.00515752
0.5125 0.222621 0.00549832
0.5375 0.218724 0.00562244
0.5625 0.219603 0.00622002
0.5875 0.22031 0.00498046
0.6125 0.220948 0.00513254
0.6375 0.222397 0.00510039
0.6625 0.216379 0.00378702
0.6875 0.219241 0.00475878
0.7125 0.223345 0.00467525
0.7375 0.222086 0.00416739
0.7625 0.224638 0.00436894
0.7875 0.22131 0.00477655
0.8125 0.22081 0.00527757
0.8375 0.22481 0.00451201
0.8625 0.225241 0.00437772
0.8875 0.227086 0.00491603
0.9125 0.230345 0.00529555
0.9375 0.229897 0.00534556
0.9625 0.229397 0.00504067
0.9875 0.229103 0.00554424
1.0125 0.229845 0.00491917
1.0375 0.224362 0.00485223
1.0625 0.223431 0.00465437
1.0875 0.225362 0.00572982
1.1125 0.222879 0.0060272
1.1375 0.226448 0.00575145
1.1625 0.225552 0.0052458
1.1875 0.218845 0.00499258
1.2125 0.217862 0.0047287
1.2375 0.222655 0.00480284
1.2625 0.219862 0.00436833
1.2875 0.219862 0.00472095
1.3125 0.218362 0.00473375
1.3375 0.221207 0.00464088
1.3625 0.222638 0.00416073
1.3875 0.220569 0.004005
1.4125 0.223172 0.00466044
1.4375 0.223569 0.00529848
1.4625 0.221638 0.0039583
1.4875 0.221397 0.00293382
1.5125 0.220603 0.0023165
1.5375 0.217207 0.00275343
1.5625 0.210845 0.0027735
1.5875 0.206638 0.003241
1.6125 0.210259 0.00355665
1.6375 0.200914 0.00286926
1.6625 0.203086 0.00492038
1.6875 0.201466 0.00526903
1.7125 0.200259 0.00467371
1.7375 0.197672 0.00480783
1.7625 0.195103 0.00509503
1.7875 0.194086 0.00494321
1.8125 0.189517 0.00467502
1.8375 0.187655 0.00426498
1.8625 0.183759 0.00431709
1.8875 0.177655 0.00434227
1.9125 0.171121 0.00388409
1.9375 0.171121 0.00442737
1.9625 0.165 0.00402175
1.9875 0.157034 0.0049726
2.0125 0.153776 0.0048947
2.0375 0.149276 0.00458976
2.0625 0.143207 0.00400454
2.0875 0.138948 0.00377366
2.1125 0.13231 0.00399778
2.1375 0.127241 0.00366135
2.1625 0.125603 0.00427245
2.1875 0.123259 0.00438491
2.2125 0.116466 0.00484614
2.2375 0.118224 0.00429316
2.2625 0.11331 0.00430223
2.2875 0.106707 0.00440229
2.3125 0.10331 0.00407454
2.3375 0.0958793 0.00374701
2.3625 0.0915345 0.00385402
2.3875 0.0885 0.00348577
2.4125 0.0819138 0.00371402
2.4375 0.0774655 0.00297655
2.4625 0.0715 0.00350567
2.4875 0.0656034 0.00309557
2.5125 0.062 0.00293535
2.5375 0.0587931 0.0026703
2.5625 0.0547241 0.00311044
2.5875 0.0519828 0.00316584
2.6125 0.048569 0.00310223
2.6375 0.0435 0.00275574
2.6625 0.0408103 0.00298642
2.6875 0.0377759 0.00270887
2.7125 0.0361034 0.00277089
2.7375 0.0313966 0.00244299
2.7625 0.0286724 0.00223903
2.7875 0.0243276 0.00208021
2.8125 0.0227586 0.00199941
2.8375 0.0218276 0.00224378
2.8625 0.0189828 0.00168833
2.8875 0.0176207 0.00192099
2.9125 0.0169655 0.00163849
2.9375 0.0158448 0.00139442
2.9625 0.0129655 0.00117404
2.9875 0.0121897 0.000862509
3.0125 0.0113621 0.00117456
3.0375 0.0103621 0.000954828
3.0625 0.00931034 0.00114807
3.0875 0.00913793 0.00115363
3.1125 0.00860345 0.00106631
3.1375 0.00836207 0.00137302
3.1625 0.00693103 0.00121742
3.1875 0.0062931 0.0008818
3.2125 0.00610345 0.00111153
3.2375 0.00451724 0.000836127
3.2625 0.00393103 0.000991762
3.2875 0.00372414 0.00101023
3.3125 0.00324138 0.000978484
3.3375 0.0022931 0.000679789
3.3625 0.00213793 0.000612785
3.3875 0.00165517 0.000470661
3.4125 0.00160345 0.000485996
3.4375 0.000982759 0.000410385
3.4625 0.000965517 0.000367852
3.4875 0.00062069 0.000307071
3.5125 0.000741379 0.000400857
3.5375 0.000362069 0.000178305
3.5625 0.00037931 0.000161555
3.5875 0.000224138 0.00016765
3.6125 0.000206897 0.00013879
3.6375 0.000137931 0.000134439
3.6625 0.000224138 0.000201473
3.6875 0.000172414 0.000168048
3.7125 8.62069e-05 8.40241e-05
3.7375 3.44828e-05 3.36096e-05
3.7625 1.72414e-05 1.68048e-05
3.7875 0 0
3.8125 0 0
3.8375 0 0
3.8625 0 0
3.8875 0 0
3.9125 0 0
3.9375 0 0
3.9625 0 0
3.9875 0 0
4.0125 0 0
4.0375 0 0
4.0625 0 0
4.0875 0 0
4.1125 0 0
4.1375 0 0
4.1625 0 0
4.1875 0 0
4.2125 0 0
4.2375 0 0
4.2625 0 0
4.2875 0 0
4.3125 0 0
4.3375 0 0
4.3625 0 0
4.3875 0 0
4.4125 0 0
4.4375 0 0
4.4625 0 0
4.4875 0 0
4.5125 0 0
4.5375 0 0
4.5625 0 0
4.5875 0 0
4.6125 0 0
4.6375 0 0
4.6625 0 0
4.6875 0 0
4.7125 0 0
4.7375 0 0
4.7625 0 0
4.7875 0 0
4.8125 0 0
4.8375 0 0
4.8625 0 0
4.8875 0 0
4.9125 0 0
4.9375 0 0
4.9625 0 0
4.9875 0 0
