-4.9875 0 0
-4.9625 0 0
-4.9375 0 0
-4.9125 0 0
-4.8875 0 0
-4.8625 0 0
-4.8375 0 0
-4.8125 0 0
-4.7875 0 0
-4.7625 0 0
-4.7375 0 0
-4.7125 0 0
-4.6875 0 0
-4.6625 0 0
-4.6375 0 0
-4.6125 0 0
-4.5875 0 0
-4.5625 0 0
-4.5375 0 0
-4.5125 0 0
-4.4875 0 0
-4.4625 0 0
-4.4375 0 0
-4.4125 0 0
-4.3875 0 0
-4.3625 0 0
-4.3375 0 0
-4.3125 0 0
-4.2875 0 0
-4.2625 0 0
-4.2375 0 0
-4.2125 0 0
-4.1875 0 0
-4.1625 0 0
-4.1375 0 0
-4.1125 0 0
-4.0875 0 0
-4.0625 0 0
-4.0375 0 0
-4.0125 0 0
-3.9875 0 0
-3.9625 0 0
-3.9375 0 0
-3.9125 0 0
-3.8875 0 0
-3.8625 0 0
-3.8375 0 0
-3.8125 0 0
-3.7875 0 0
-3.7625 0 0
-3.7375 0 0
-3.7125 0 0
-3.6875 0 0
-3.6625 0 0
-3.6375 0 0
-3.6125 0 0
-3.5875 0 0
-3.5625 0 0
-3.5375 0 0
-3.5125 0 0
-3.4875 0 0
-3.4625 0 0
-3.4375 0 0
-3.4125 0 0
-3.3875 0 0
-3.3625 0 0
-3.3375 0 0
-3.3125 0 0
-3.2875 5.17241e-05 5.04145e-05
-3.2625 8.62069e-05 6.84246e-05
-3.2375 8.62069e-05 4.7998e-05
-3.2125 0.000103448 6.02215e-05
-3.1875 0.000206897 0.000104591
-3.1625 0.000258621 0.000137661
-3.1375 0.000482759 0.000173102
-3.1125 0.000362069 0.000134604
-3.0875 0.000568966 0.000181281
-3.0625 0.000448276 0.000170855
-3.0375 0.000844828 0.000245622
-3.0125 0.00087931 0.000239494
-2.9875 0.00117241 0.000274133
-2.9625 0.00110345 0.000318476
-2.9375 0.00175862 0.000447546
-2.9125 0.00165517 0.00040917
-2.8875 0.00168966 0.000241256
-2.8625 0.0022069 0.000343446
-2.8375 0.00256897 0.000385895
-2.8125 0.00360345 0.000567907
-2.7875 0.00548276 0.000675677
-2.7625 0.00577586 0.000903776
-2.7375 0.00717241 0.00101522
-2.7125 0.00808621 0.000845874
-2.6875 0.00934483 0.00109883
-2.6625 0.0101207 0.0011097
-2.6375 0.0123793 0.00132184
-2.6125 0.0127586 0.00110829
-2.5875 0.0148793 0.00120326
-2.5625 0.0171897 0.00137613
-2.5375 0.0194828 0.00166618
-2.5125 0.0218793 0.00175023
-2.4875 0.024431 0.00175917
-2.4625 0.0278793 0.00166328
-2.4375 0.0309828 0.00218745
-2.4125 0.0357586 0.00199734
-2.3875 0.0381034 0.00212251
-2.3625 0.0412241 0.00187978
-2.3375 0.0472069 0.00193517
-2.3125 0.0514655 0.00231033
-2.2875 0.0551724 0.00174488
-2.2625 0.0609828 0.00237271
-2.2375 0.0663103 0.00232728
-2.2125 0.0709828 0.00229359
-2.1875 0.0766724 0.00248853
-2.1625 0.0805172 0.0017912
-2.1375 0.0874483 0.00187882
-2.1125 0.0933966 0.00188874
-2.0875 0.0994655 0.00249976
-2.0625 0.107414 0.00248186
-2.0375 0.114379 0.00249054
-2.0125 0.117534 0.00371937
-1.9875 0.123586 0.00309591
-1.9625 0.129672 0.00312411
-1.9375 0.134328 0.00347673
-1.9125 0.142397 0.0032234
-1.8875 0.149397 0.00401431
-1.8625 0.152621 0.00418006
-1.8375 0.163259 0.00350662
-1.8125 0.169052 0.00379082
-1.7875 0.171569 0.00413725
-1.7625 0.183172 0.00360865
-1.7375 0.186121 0.00349323
-1.7125 0.189379 0.00358551
-1.6875 0.195948 0.00341091
-1.6625 0.202931 0.00402943
-1.6375 0.210655 0.00390356
-1.6125 0.217414 0.00405356
-1.5875 0.219586 0.00444725
-1.5625 0.224724 0.00503024
-1.5375 0.230655 0.00422726
-1.5125 0.230707 0.00411123
-1.4875 0.237207 0.00381622
-1.4625 0.241328 0.00432455
-1.4375 0.24069 0.00415986
-1.4125 0.248 0.00477705
-1.3875 0.252448 0.00460612
-1.3625 0.253414 0.00375046
-1.3375 0.256431 0.00453152
-1.3125 0.258379 0.0042201
-1.2875 0.259638 0.00459233
-1.2625 0.262569 0.00504884
-1.2375 0.262638 0.00572561
-1.2125 0.267103 0.00561134
-1.1875 0.261776 0.0051699
-1.1625 0.267138 0.00495396
-1.1375 0.266121 0.0053607
-1.1125 0.26431 0.00543503
-1.0875 0.268638 0.00463626
-1.0625 0.268293 0.00557681
-1.0375 0.266776 0.00401811
-1.0125 0.267414 0.00432772
-0.9875 0.26481 0.00353019
-0.9625 0.268638 0.00346586
-0.9375 0.26419 0.00419446
-0.9125 0.26519 0.00439601
-0.8875 0.266259 0.00417571
-0.8625 0.262259 0.00477281
-0.8375 0.262603 0.00548333
-0.8125 0.258914 0.00436144
-0.7875 0.256862 0.00495532
-0.7625 0.254052 0.0058542
-0.7375 0.254414 0.00490587
-0.7125 0.256466 0.00486695
-0.6875 0.254483 0.00459611
-0.6625 0.252897 0.0042852
-0.6375 0.247483 0.00386415
-0.6125 0.247017 0.00355225
-0.5875 0.239621 0.00400808
-0.5625 0.240948 0.00373552
-0.5375 0.241328 0.00318077
-0.5125 0.237069 0.00353843
-0.4875 0.236776 0.00377994
-0.4625 0.235448 0.00337699
-0.4375 0.234241 0.00335096
-0.4125 0.23581 0.00356853
-0.3875 0.233586 0.00363228
-0.3625 0.232534 0.00428477
-0.3375 0.232897 0.0036398
-0.3125 0.229672 0.00358575
-0.2875 0.230466 0.00435045
-0.2625 0.234052 0.00413016
-0.2375 0.235672 0.00329707
-0.2125 0.233086 0.00283194
-0.1875 0.234034 0.00377984
-0.1625 0.232672 0.00400088
-0.1375 0.232155 0.00295888
-0.1125 0.230621 0.0034995
-0.0875 0.231172 0.00507561
-0.0625 0.228931 0.00458555
-0.0375 0.229121 0.00407134
-0.0125 0.22519 0.00410066
0.0125 0.225724 0.00403959
0.0375 0.221534 0.00374511
0.0625 0.227431 0.00352201
0.0875 0.225224 0.00312172
0.1125 0.224103 0.00379592
0.1375 0.230017 0.00344573
0.1625 0.225603 0.00330494
0.1875 0.232966 0.00454554
0.2125 0.233448 0.00306645
0.2375 0.231621 0.00344492
0.2625 0.233448 0.00294015
0.2875 0.234466 0.00232822
0.3125 0.23269 0.00342515
0.3375 0.234621 0.00429877
0.3625 0.237431 0.00418838
0.3875 0.238603 0.00375201
0.4125 0.235 0.00451267
0.4375 0.236897 0.00437245
0.4625 0.234276 0.00469905
0.4875 0.239862 0.00397408
0.5125 0.240793 0.00391612
0.5375 0.241759 0.00470307
0.5625 0.23981 0.00339322
0.5875 0.244362 0.00375833
0.6125 0.245483 0.00448056
0.6375 0.246293 0.00424088
0.6625 0.251586 0.00395609
0.6875 0.2495 0.00394993
0.7125 0.251466 0.00371085
0.7375 0.255741 0.00409658
0.7625 0.258034 0.00343161
0.7875 0.257862 0.00364643
0.8125 0.258655 0.00319733
0.8375 0.253983 0.00363932
0.8625 0.260224 0.00331225
0.8875 0.254379 0.00416536
0.9125 0.258121 0.0041173
0.9375 0.257552 0.00376193
0.9625 0.258586 0.00301205
0.9875 0.257828 0.0028547
1.0125 0.256966 0.00275502
1.0375 0.257793 0.00268539
1.0625 0.25481 0.00314998
1.0875 0.258138 0.00372042
1.1125 0.258172 0.00394538
1.1375 0.253293 0.00368155
1.1625 0.25869 0.00365929
1.1875 0.259069 0.00395404
1.2125 0.257103 0.00425806
1.2375 0.255431 0.00310248
1.2625 0.256638 0.00386006
1.2875 0.254121 0.00412119
1.3125 0.253103 0.00345714
1.3375 0.255879 0.0042111
1.3625 0.246276 0.00489386
1.3875 0.243948 0.00347074
1.4125 0.243172 0.00379048
1.4375 0.242207 0.00464471
1.4625 0.24119 0.00335623
1.4875 0.240034 0.00386044
1.5125 0.236138 0.00415954
1.5375 0.232741 0.00448471
1.5625 0.230552 0.0041139
1.5875 0.2255 0.00495332
1.6125 0.222345 0.00454405
1.6375 0.216603 0.00581739
1.6625 0.2145 0.00561833
1.6875 0.203966 0.00673039
1.7125 0.194448 0.00483644
1.7375 0.185741 0.00553146
1.7625 0.183621 0.00565525
1.7875 0.177897 0.00419585
1.8125 0.170983 0.00416973
1.8375 0.165983 0.00431787
1.8625 0.163603 0.00501321
1.8875 0.158207 0.00558129
1.9125 0.149517 0.00466942
1.9375 0.146672 0.00443296
1.9625 0.138569 0.00491233
1.9875 0.129793 0.00399728
2.0125 0.124776 0.00462797
2.0375 0.117552 0.00446561
2.0625 0.110379 0.00417682
2.0875 0.106586 0.00403565
2.1125 0.0995 0.00377366
2.1375 0.0886379 0.00353499
2.1625 0.0821897 0.00267695
2.1875 0.0771034 0.00294332
2.2125 0.0711379 0.00254952
2.2375 0.0658793 0.00216576
2.2625 0.0597414 0.00222419
2.2875 0.0528448 0.00202846
2.3125 0.0501724 0.00189208
2.3375 0.047431 0.00192926
2.3625 0.0428276 0.00175212
2.3875 0.0368793 0.00181428
2.4125 0.0341379 0.00196567
2.4375 0.029931 0.00163577
2.4625 0.0267241 0.00169729
2.4875 0.0232931 0.00151086
2.5125 0.0205345 0.00122486
2.5375 0.0178448 0.0014546
2.5625 0.0156379 0.00111851
2.5875 0.0136897 0.000951905
2.6125 0.0123448 0.00114174
2.6375 0.010569 0.00115357
2.6625 0.00918966 0.00118384
2.6875 0.00810345 0.00120603
2.7125 0.00708621 0.000982751
2.7375 0.00606897 0.0011461
2.7625 0.00486207 0.000898175
2.7875 0.00465517 0.00103921
2.8125 0.00360345 0.00063652
2.8375 0.00308621 0.000607364
2.8625 0.0025 0.00064321
2.8875 0.00201724 0.000484771
2.9125 0.00215517 0.000619191
2.9375 0.00115517 0.000278303
2.9625 0.000982759 0.000316298
2.9875 0.000862069 0.000319315
3.0125 0.000448276 0.000170855
3.0375 0.000413793 0.00017684
3.0625 0.000310345 0.000177343
3.0875 0.000206897 0.00013879
3.1125 8.62069e-05 4.7998e-05
3.1375 0.000137931 0.000104591
3.1625 6.89655e-05 3.93164e-05
3.1875 6.89655e-05 3.93164e-05
3.2125 1.72414e-05 1.68048e-05
3.2375 1.72414e-05 1.68048e-05
3.2625 1.72414e-05 1.68048e-05
3.2875 0 0
3.3125 0 0
3.3375 0 0
3.3625 0 0
3.3875 0 0
3.4125 0 0
3.4375 0 0
3.4625 0 0
3.4875 0 0
3.5125 0 0
3.5375 0 0
3.5625 0 0
3.5875 0 0
3.6125 0 0
3.6375 0 0
3.6625 0 0
3.6875 0 0
3.7125 0 0
3.7375 0 0
3.7625 0 0
3.7875 0 0
3.8125 0 0
3.8375 0 0
3.8625 0 0
3.8875 0 0
3.9125 0 0
3.9375 0 0
3.9625 0 0
3.9875 0 0
4.0125 0 0
4.0375 0 0
4.0625 0 0
4.0875 0 0
4.1125 0 0
4.1375 0 0
4.1625 0 0
4.1875 0 0
4.2125 0 0
4.2375 0 0
4.2625 0 0
4.2875 0 0
4.3125 0 0
4.3375 0 0
4.3625 0 0
4.3875 0 0
4.4125 0 0
4.4375 0 0
4.4625 0 0
4.4875 0 0
4.5125 0 0
4.5375 0 0
4.5625 0 0
4.5875 0 0
4.6125 0 0
4.6375 0 0
4.6625 0 0
4.6875 0 0
4.7125 0 0
4.7375 0 0
4.7625 0 0
4.7875 0 0
4.8125 0 0
4.8375 0 0
4.8625 0 0
4.8875 0 0
4.9125 0 0
4.9375 0 0
4.9625 0 0
4.9875 0 0
