-4.9875 0 0
-4.9625 0 0
-4.9375 0 0
-4.9125 0 0
-4.8875 0 0
-4.8625 0 0
-4.8375 0 0
-4.8125 0 0
-4.7875 0 0
-4.7625 0 0
-4.7375 0 0
-4.7125 0 0
-4.6875 0 0
-4.6625 0 0
-4.6375 0 0
-4.6125 0 0
-4.5875 0 0
-4.5625 0 0
-4.5375 0 0
-4.5125 0 0
-4.4875 0 0
-4.4625 0 0
-4.4375 0 0
-4.4125 0 0
-4.3875 0 0
-4.3625 0 0
-4.3375 0 0
-4.3125 0 0
-4.2875 0 0
-4.2625 0 0
-4.2375 0 0
-4.2125 0 0
-4.1875 0 0
-4.1625 0 0
-4.1375 0 0
-4.1125 0 0
-4.0875 0 0
-4.0625 0 0
-4.0375 0 0
-4.0125 0 0
-3.9875 0 0
-3.9625 0 0
-3.9375 0 0
-3.9125 0 0
-3.8875 0 0
-3.8625 0 0
-3.8375 0 0
-3.8125 0 0
-3.7875 0 0
-3.7625 0 0
-3.7375 0 0
-3.7125 0 0
-3.6875 0 0
-3.6625 0 0
-3.6375 0 0
-3.6125 0 0
-3.5875 0 0
-3.5625 0 0
-3.5375 0 0
-3.5125 0 0
-3.4875 0 0
-3.4625 0 0
-3.4375 0 0
-3.4125 0 0
-3.3875 0 0
-3.3625 0 0
-3.3375 0 0
-3.3125 0 0
-3.2875 0 0
-3.2625 0 0
-3.2375 0 0
-3.2125 0 0
-3.1875 0 0
-3.1625 0 0
-3.1375 0 0
-3.1125 0 0
-3.0875 0 0
-3.0625 0 0
-3.0375 0 0
-3.0125 0 0
-2.9875 0 0
-2.9625 0 0
-2.9375 0 0
-2.9125 0 0
-2.8875 0 0
-2.8625 0 0
-2.8375 0 0
-2.8125 0 0
-2.7875 0 0
-2.7625 0 0
-2.7375 3.44828e-05 2.31317e-05
-2.7125 3.44828e-05 3.36096e-05
-2.6875 5.17241e-05 2.75323e-05
-2.6625 1.72414e-05 1.68048e-05
-2.6375 1.72414e-05 1.68048e-05
-2.6125 6.89655e-05 6.72193e-05
-2.5875 5.17241e-05 2.75323e-05
-2.5625 8.62069e-05 3.33878e-05
-2.5375 0.000189655 6.2045e-05
-2.5125 0.000103448 5.50645e-05
-2.4875 0.000206897 5.6661e-05
-2.4625 0.000275862 6.2641e-05
-2.4375 0.000189655 6.66642e-05
-2.4125 0.000448276 9.15581e-05
-2.3875 0.000534483 9.27676e-05
-2.3625 0.000931034 0.000161922
-2.3375 0.00106897 0.00019338
-2.3125 0.00136207 0.000169764
-2.2875 0.00194828 0.000190866
-2.2625 0.00246552 0.000317237
-2.2375 0.00343103 0.000275296
-2.2125 0.004 0.000334678
-2.1875 0.00498276 0.000400264
-2.1625 0.00627586 0.000443342
-2.1375 0.00760345 0.000640245
-2.1125 0.00972414 0.00060399
-2.0875 0.0125172 0.000717167
-2.0625 0.0138966 0.000720062
-2.0375 0.0163103 0.000841514
-2.0125 0.0193966 0.000584111
-1.9875 0.0246724 0.00108016
-1.9625 0.0291379 0.00103606
-1.9375 0.0335862 0.00118688
-1.9125 0.0396897 0.00130669
-1.8875 0.0452414 0.00158294
-1.8625 0.0522586 0.00151282
-1.8375 0.0596552 0.0013711
-1.8125 0.0669828 0.00144887
-1.7875 0.0774483 0.00184288
-1.7625 0.0857586 0.00137112
-1.7375 0.0983448 0.00167456
-1.7125 0.108534 0.00211133
-1.6875 0.118017 0.0022916
-1.6625 0.130466 0.00216532
-1.6375 0.146724 0.00314611
-1.6125 0.158259 0.00252261
-1.5875 0.171241 0.00250237
-1.5625 0.185138 0.00324183
-1.5375 0.196155 0.00269432
-1.5125 0.208466 0.00312668
-1.4875 0.226466 0.00309355
-1.4625 0.241552 0.00331559
-1.4375 0.248328 0.00324003
-1.4125 0.261586 0.00319588
-1.3875 0.278759 0.00355678
-1.3625 0.292517 0.00426996
-1.3375 0.304724 0.00331753
-1.3125 0.312276 0.00414765
-1.2875 0.319172 0.00453494
-1.2625 0.33269 0.00407084
-1.2375 0.339534 0.00435155
-1.2125 0.3435 0.00444736
-1.1875 0.353069 0.00465363
-1.1625 0.357638 0.00548093
-1.1375 0.362466 0.00483062
-1.1125 0.364259 0.00512364
-1.0875 0.369069 0.006374
-1.0625 0.370828 0.00523658
-1.0375 0.369207 0.00539504
-1.0125 0.371241 0.00426977
-0.9875 0.376017 0.00374447
-0.9625 0.365862 0.00604226
-0.9375 0.37269 0.00437759
-0.9125 0.364483 0.00459973
-0.8875 0.365414 0.00511306
-0.8625 0.363534 0.00510938
-0.8375 0.357845 0.00440381
-0.8125 0.351379 0.00390478
-0.7875 0.347517 0.00387003
-0.7625 0.343621 0.00467375
-0.7375 0.330948 0.00421529
-0.7125 0.331328 0.0046245
-0.6875 0.322759 0.00356734
-0.6625 0.317103 0.00449828
-0.6375 0.315586 0.00419626
-0.6125 0.304414 0.00380684
-0.5875 0.304345 0.00387946
-0.5625 0.294 0.00302294
-0.5375 0.289293 0.00330437
-0.5125 0.28281 0.00351092
-0.4875 0.274897 0.00290266
-0.4625 0.270138 0.00354824
-0.4375 0.268517 0.00364818
-0.4125 0.266948 0.00367822
-0.3875 0.25731 0.00276783
-0.3625 0.256034 0.00269015
-0.3375 0.249793 0.00394819
-0.3125 0.248017 0.00262951
-0.2875 0.243828 0.00311615
-0.2625 0.236397 0.00222226
-0.2375 0.236879 0.00268539
-0.2125 0.235966 0.0025622
-0.1875 0.231328 0.00271378
-0.1625 0.228362 0.00292442
-0.1375 0.227621 0.00250966
-0.1125 0.224672 0.00255969
-0.0875 0.225793 0.00245369
-0.0625 0.224603 0.00244162
-0.0375 0.22319 0.00233643
-0.0125 0.223966 0.00285338
0.0125 0.221086 0.00293987
0.0375 0.220983 0.0022154
0.0625 0.223293 0.00249261
0.0875 0.22631 0.00273276
0.1125 0.224466 0.00206803
0.1375 0.232397 0.00270481
0.1625 0.229017 0.00263362
0.1875 0.228069 0.00310732
0.2125 0.231552 0.00287
0.2375 0.235138 0.00296541
0.2625 0.237017 0.00201101
0.2875 0.2405 0.00299529
0.3125 0.244293 0.0030754
0.3375 0.247948 0.00348186
0.3625 0.253259 0.0022665
0.3875 0.253138 0.00316105
0.4125 0.258017 0.00363951
0.4375 0.259672 0.00308543
0.4625 0.270862 0.00430631
0.4875 0.274448 0.00364123
0.5125 0.282862 0.00390578
0.5375 0.287655 0.00441673
0.5625 0.288293 0.00348177
0.5875 0.297845 0.00497687
0.6125 0.300552 0.00383251
0.6375 0.308897 0.00373686
0.6625 0.314155 0.00347896
0.6875 0.322379 0.00372413
0.7125 0.324534 0.00326234
0.7375 0.332603 0.0024459
0.7625 0.336707 0.00448153
0.7875 0.340103 0.0030651
0.8125 0.350276 0.0028724
0.8375 0.351431 0.00361496
0.8625 0.358759 0.0036626
0.8875 0.361638 0.00391162
0.9125 0.367966 0.00354912
0.9375 0.360259 0.00420385
0.9625 0.365655 0.00383755
0.9875 0.366207 0.00376226
1.0125 0.371414 0.00468591
1.0375 0.367431 0.00365887
1.0625 0.372052 0.00546524
1.0875 0.372466 0.00472397
1.1125 0.360569 0.00387546
1.1375 0.362121 0.00425434
1.1625 0.353086 0.00475803
1.1875 0.347534 0.00407534
1.2125 0.346655 0.00452198
1.2375 0.33281 0.00290478
1.2625 0.323103 0.00389953
1.2875 0.314466 0.00487535
1.3125 0.302293 0.00421045
1.3375 0.294328 0.00419802
1.3625 0.283638 0.0045909
1.3875 0.275224 0.00383575
1.4125 0.255345 0.00357895
1.4375 0.245086 0.0034096
1.4625 0.236241 0.00315794
1.4875 0.22269 0.00309996
1.5125 0.2045 0.0031263
1.5375 0.192931 0.00282764
1.5625 0.179103 0.00261278
1.5875 0.168138 0.003132
1.6125 0.154914 0.00286559
1.6375 0.140138 0.00271785
1.6625 0.132828 0.00247564
1.6875 0.119586 0.00304227
1.7125 0.103345 0.00168509
1.7375 0.0968448 0.0022967
1.7625 0.0856379 0.00176962
1.7875 0.0777414 0.00199516
1.8125 0.0682241 0.00203817
1.8375 0.0595862 0.0016873
1.8625 0.0536724 0.00202926
1.8875 0.0449483 0.00163389
1.9125 0.0397069 0.00160081
1.9375 0.0345345 0.00139373
1.9625 0.0281897 0.00113502
1.9875 0.0252069 0.00101765
2.0125 0.0190172 0.000955077
2.0375 0.017069 0.00100903
2.0625 0.0128103 0.000736057
2.0875 0.0110862 0.000627489
2.1125 0.00918966 0.000746882
2.1375 0.00655172 0.000444279
2.1625 0.00605172 0.000555737
2.1875 0.0047069 0.000524815
2.2125 0.0032931 0.000307917
2.2375 0.00317241 0.000371871
2.2625 0.0027069 0.000316298
2.2875 0.0017069 0.000277447
2.3125 0.00163793 0.000305396
2.3375 0.000931034 0.000182628
2.3625 0.000896552 0.000211725
2.3875 0.000672414 0.000197299
2.4125 0.000758621 0.000307071
2.4375 0.000344828 0.000170681
2.4625 0.000137931 4.496e-05
2.4875 0.000172414 5.71832e-05
2.5125 0.000206897 6.16846e-05
2.5375 8.62069e-05 4.13434e-05
2.5625 1.72414e-05 1.68048e-05
2.5875 0 0
2.6125 6.89655e-05 3.93164e-05
2.6375 1.72414e-05 1.68048e-05
2.6625 0 0
2.6875 1.72414e-05 1.68048e-05
2.7125 0 0
2.7375 1.72414e-05 1.68048e-05
2.7625 0 0
2.7875 0 0
2.8125 0 0
2.8375 0 0
2.8625 0 0
2.8875 0 0
2.9125 0 0
2.9375 0 0
2.9625 0 0
2.9875 0 0
3.0125 0 0
3.0375 0 0
3.0625 0 0
3.0875 0 0
3.1125 0 0
3.1375 0 0
3.1625 0 0
3.1875 0 0
3.2125 0 0
3.2375 0 0
3.2625 0 0
3.2875 0 0
3.3125 0 0
3.3375 0 0
3.3625 0 0
3.3875 0 0
3.4125 0 0
3.4375 0 0
3.4625 0 0
3.4875 0 0
3.5125 0 0
3.5375 0 0
3.5625 0 0
3.5875 0 0
3.6125 0 0
3.6375 0 0
3.6625 0 0
3.6875 0 0
3.7125 0 0
3.7375 0 0
3.7625 0 0
3.7875 0 0
3.8125 0 0
3.8375 0 0
3.8625 0 0
3.8875 0 0
3.9125 0 0
3.9375 0 0
3.9625 0 0
3.9875 0 0
4.0125 0 0
4.0375 0 0
4.0625 0 0
4.0875 0 0
4.1125 0 0
4.1375 0 0
4.1625 0 0
4.1875 0 0
4.2125 0 0
4.2375 0 0
4.2625 0 0
4.2875 0 0
4.3125 0 0
4.3375 0 0
4.3625 0 0
4.3875 0 0
4.4125 0 0
4.4375 0 0
4.4625 0 0
4.4875 0 0
4.5125 0 0
4.5375 0 0
4.5625 0 0
4.5875 0 0
4.6125 0 0
4.6375 0 0
4.6625 0 0
4.6875 0 0
4.7125 0 0
4.7375 0 0
4.7625 0 0
4.7875 0 0
4.8125 0 0
4.8375 0 0
4.8625 0 0
4.8875 0 0
4.9125 0 0
4.9375 0 0
4.9625 0 0
4.9875 0 0
