30.9103
27.1223
25.793
25.4471
23.9086
21.7135
20.5258
20.2411
20.2409
19.1411
19.317
19.0219
18.9354
19.0219
19.0219
18.646
18.5765
17.7106
17.4648
17.3835
16.9668
16.8093
16.6546
15.9284
15.6601
15.4841
15.4841
15.4255
14.7222
14.7222
14.2001
14.1123
14.1123
13.1185
13.1185
12.803
12.1493
12.1493
12.1485
12.1485
12.1485
11.999
11.999
11.9719
11.9719
11.958
11.9537
11.9537
11.9537
11.9537
11.7689
11.7689
11.7689
11.7689
11.7616
11.7616
11.7589
11.7154
11.7128
11.5101
11.5101
11.4637
11.4637
11.4637
11.4637
11.2089
11.2089
10.8864
10.8864
10.8864
10.8864
10.7968
10.7968
10.7968
10.7968
10.7968
10.0773
10.0483
10.0483
10.0483
9.88185
10.0483
10.0483
10.0483
10.0087
10.0087
10.0087
10.0087
10.0087
10.0087
10.0087
10.0087
9.8687
9.8687
9.57029
9.57029
9.43025
9.43025
9.43025
9.43025
9.43025
9.43025
9.43025
9.43025
9.43025
9.43025
9.43025
9.3848
9.3848
9.36116
9.36116
9.36116
9.36116
9.36116
9.36116
9.31502
9.10179
8.74591
7.85457
7.60743
7.60743
7.60743
7.60743
7.60743
7.60743
7.60743
7.60743
7.60743
7.60743
7.60743
7.60743
7.60743
7.60743
7.60743
7.60743
7.58997
7.58997
7.58997
7.58997
7.31516
6.73777
6.73777
6.73777
6.73777
6.73777
6.73777
6.73777
6.73777
6.73777
6.73777
6.73777
6.73777
6.73777
6.73777
6.73777
6.73777
6.73777
6.73777
6.73777
6.73777
6.2403
6.2403
6.2403
6.2403
6.2403
6.2403
6.2403
6.2403
6.2403
6.2403
6.2403
6.2403
6.2403
6.2403
6.2403
6.2403
6.2403
6.2403
6.2403
6.2403
6.2403
6.2403
6.2403
6.2403
6.2403
6.2403
6.2403
6.2403
6.2403
6.2403
6.2403
6.2403
6.2403
6.2403
6.2403
6.2403
6.2403
6.2403
6.2403
6.2403
6.2403
6.2403
6.2403
6.2403
6.2403
6.2403
6.2403
6.2403
6.2403
6.2403
6.2403
6.2403
6.2403
6.2403
6.2403
6.2403
6.2403
6.2403
6.2403
6.2403
6.2403
6.2403
6.2403
6.2403
6.2403
6.2403
6.2403
6.2403
6.2403
6.2403
6.2403
6.2403
6.2403
6.2403
6.2403
6.2403
6.2403
6.2403
6.2403
6.2403
6.2403
6.2403
6.2403
6.2403
6.2403
6.2403
6.2403
6.2403
6.2403
6.2403
6.2403
6.2403
6.2403
6.2403
6.2403
6.2403
6.2403
6.2403
6.2403
6.2403
6.2403
6.2403
6.2403
6.2403
6.2403
6.2403
6.2403
6.2403
6.2403
6.2403
6.2403
6.2403
6.2403
6.2403
6.2403
6.2403
6.2403
6.2403
6.2403
6.2403
6.2403
6.2403
6.2403
6.2403
6.2403
6.2403
6.2403
6.2403
6.2403
6.2403
6.2403
6.2403
6.2403
6.2403
6.2403
6.2403
6.2403
6.2403
6.2403
6.2403
