35.2283
32.5609
29.8858
28.7051
26.4646
24.7706
23.0519
21.6187
21.0074
20.3028
20.2116
20.5057
20.8499
20.6845
20.2092
19.7016
18.9053
18.4256
18.1673
18.2459
18.3673
17.1933
16.9342
16.8122
16.6799
16.4632
16.0326
15.5652
15.4238
15.4075
15.2658
14.7482
14.3934
14.0907
14.0199
13.7698
13.0234
12.7712
12.6049
12.1487
12.1485
12.147
12.1391
12.1633
12.0451
11.9817
11.9611
11.9579
12.0442
12.2054
11.9735
11.9731
12.2146
11.8385
11.7689
11.7686
11.7664
11.7606
11.759
11.7442
11.6845
11.5341
11.4934
11.4637
11.4637
11.4611
11.3995
11.205
11.1863
10.9895
10.8864
10.8855
10.8819
10.8416
10.7968
10.7968
10.7896
10.7003
10.3162
10.0483
10.0467
10.0508
10.0483
10.0483
10.0479
10.0479
10.0463
10.0432
10.021
10.0087
10.0087
10.0087
10.0073
10.0059
9.99766
9.95652
9.81329
9.5782
9.43025
9.43025
9.43025
9.43025
9.43025
9.43025
9.43025
9.43025
9.43025
9.4298
9.42934
9.57907
9.55122
9.36116
9.36116
9.36116
9.36116
9.36069
9.35391
9.30152
9.11147
8.08354
7.7369
7.60743
7.60743
7.60743
7.60743
7.60743
7.60743
7.60743
7.60743
7.60743
7.60743
7.60743
7.60743
7.60743
7.60743
7.60726
7.60569
7.598
7.58997
7.58722
7.31147
6.79677
6.73777
6.73777
6.73777
6.73777
6.73777
6.73777
6.73777
6.73777
6.73777
6.73777
6.73777
6.73777
6.73777
6.73777
6.73777
6.73777
6.73777
6.73777
6.73279
6.57858
6.2403
6.2403
6.2403
6.2403
6.2403
6.2403
6.2403
6.2403
6.2403
6.2403
6.2403
6.2403
6.2403
6.2403
6.2403
6.2403
6.2403
6.2403
6.2403
6.2403
6.2403
6.2403
6.2403
6.2403
6.2403
6.2403
6.2403
6.2403
6.2403
6.2403
6.2403
6.2403
6.2403
6.2403
6.2403
6.2403
6.2403
6.2403
6.2403
6.2403
6.2403
6.2403
6.2403
6.2403
6.2403
6.2403
6.2403
6.2403
6.2403
6.2403
6.2403
6.2403
6.2403
6.2403
6.2403
6.2403
6.2403
6.2403
6.2403
6.2403
6.2403
6.2403
6.2403
6.2403
6.2403
6.2403
6.2403
6.2403
6.2403
6.2403
6.2403
6.2403
6.2403
6.2403
6.2403
6.2403
6.2403
6.2403
6.2403
6.2403
6.2403
6.2403
6.2403
6.2403
6.2403
6.2403
6.2403
6.2403
6.2403
6.2403
6.2403
6.2403
6.2403
6.2403
6.2403
6.2403
6.2403
6.2403
6.2403
6.2403
6.2403
6.2403
6.2403
6.2403
6.2403
6.2403
6.2403
6.2403
6.2403
6.2403
6.2403
6.2403
6.2403
6.2403
6.2403
6.2403
6.2403
6.2403
6.2403
6.2403
6.2403
6.2403
6.2403
6.2403
6.2403
6.2403
6.2403
6.2403
6.2403
6.2403
6.2403
6.2403
6.2403
6.2403
6.2403
6.2403
6.2403
6.2403
