0 0
0 0
0 0
0 0
0 0
0 0
0 0
0 0
0 0
0 0
0 0
0 0
0 0
0 0
0 0
0 0
0 0
0 0
0 0
0 0
0 0
0 0
0 0
0 0
0 0
0 0
0 0
0 0
0 0
0 0
0 0
0 0
0 0
0 0
0 0
0 0
0 0
0 0
0 0
0 0
0.00427833 0.00084436
0.0317516 0.00255173
0.193032 0.00465472
0.893279 0.0109348
2.76617 0.0248008
5.24507 0.0308795
6.96881 0.0411325
6.62864 0.056353
4.69278 0.0362322
2.51631 0.026119
1.15461 0.0228671
0.478515 0.0104894
0.182394 0.00477919
0.0708743 0.00299672
0.0256254 0.00170807
0.0124429 0.0013447
0.0063133 0.000879656
0.0029803 0.000498831
0.00351274 0.000521513
0.00936311 0.00094461
0.0321569 0.00230009
0.0901637 0.00431937
0.249564 0.011414
0.525029 0.0119384
0.921782 0.00874589
1.30309 0.0142541
1.47325 0.0227607
1.35083 0.0169844
0.965892 0.0116015
0.580504 0.00873025
0.29052 0.00806815
0.120644 0.00715542
0.0411747 0.00289047
0.0166185 0.00129509
0.0208516 0.00131304
0.066826 0.00266204
0.212886 0.00629254
0.604899 0.0125358
1.39091 0.0196567
2.48854 0.0197096
3.56673 0.0212669
4.05234 0.0406238
3.59063 0.0319352
2.56051 0.018108
1.48795 0.0168425
0.710849 0.0137485
0.300286 0.00882522
0.133387 0.00568387
0.100635 0.00447745
0.160687 0.00506236
0.340375 0.00732019
0.645231 0.00849996
1.06459 0.00860087
1.42754 0.011584
1.46061 0.0160197
1.21177 0.00942083
0.802151 0.00621496
0.440745 0.00608425
0.226138 0.00505394
0.176513 0.00650055
