           1     7.54233     7.54233           0
           2      7.7552     7.64876    0.106436
           3     7.46025     7.58593   0.0878893
           4     7.88065     7.65961   0.0963901
           5     7.53764     7.63521   0.0785474
           6     7.58062     7.62611   0.0647759
           7     7.92035     7.66815   0.0690207
           8     7.55113     7.65352   0.0615373
           9     7.54302     7.64124   0.0556423
          10     7.86894     7.66401   0.0547293
          11      7.5543     7.65404   0.0504992
          12     7.55676     7.64593   0.0468065
          13     7.68286     7.64877   0.0431494
          14     7.34815      7.6273   0.0453538
          15      7.7776     7.63732   0.0433948
          16     7.64494      7.6378   0.0405949
          17     7.41516      7.6247   0.0403184
          18      7.6987     7.62881   0.0382342
          19     7.67634     7.63131   0.0362524
          20      7.4818     7.62384   0.0351951
          21     7.65105     7.62513   0.0335023
          22     7.67861     7.62756   0.0320356
          23     7.41271     7.61822   0.0320046
          24     7.65912     7.61993   0.0306895
          25     7.55856     7.61747   0.0295385
          26     7.53092     7.61414   0.0285742
          27     7.52705     7.61092   0.0276841
          28     7.56589     7.60931   0.0267255
          29     7.47232     7.60459   0.0262166
          30     7.68781     7.60736   0.0254791
          31     7.51517     7.60439   0.0248222
          32     7.46359     7.59999   0.0244335
          33     7.56822     7.59902    0.023701
          34     7.62242     7.59971   0.0230037
          35     7.45053     7.59545   0.0227398
          36     7.43827     7.59108   0.0225263
          37     7.60586     7.59148   0.0219127
          38     7.53606     7.59002    0.021378
          39     7.47099     7.58697   0.0210452
          40     7.57544     7.58668   0.0205143
          41     7.50695     7.58474    0.020102
          42     7.48907     7.58246   0.0197494
          43     7.54977      7.5817   0.0192996
          44     7.46987     7.57916   0.0190264
          45     7.58629     7.57932   0.0185994
          46     7.52979     7.57824   0.0182224
          47     7.47572     7.57606   0.0179634
          48     7.61521     7.57688   0.0176041
          49     7.48343     7.57497   0.0173463
          50     7.52688     7.57401    0.017023
          51     7.48776     7.57232   0.0167713
          52     7.47494     7.57044   0.0165519
          53     7.57538     7.57054   0.0162369
          54      7.4121      7.5676   0.0162012
          55     7.58057     7.56784   0.0159057
          56     7.46414     7.56599   0.0157285
          57     7.51515     7.56509   0.0154758
          58     7.43322     7.56282   0.0153757
          59     7.57238     7.56298   0.0151137
          60     7.47033     7.56144   0.0149397
          61     7.41754     7.55908   0.0148809
          62     7.60467     7.55981   0.0146573
          63     7.49169     7.55873   0.0144633
          64     7.54546     7.55853    0.014237
          65     7.40126     7.55611   0.0142236
          66     7.49391     7.55516   0.0140381
          67      7.5434     7.55499   0.0138281
          68     7.51823     7.55445   0.0136339
          69     7.58971     7.55496   0.0134446
          70     7.41435     7.55295   0.0134025
          71     7.53137     7.55265   0.0132159
          72     7.49912      7.5519   0.0130522
          73     7.51737     7.55143   0.0128809
          74     7.47174     7.55035   0.0127512
          75     7.50231     7.54971   0.0125963
          76     7.46842     7.54864   0.0124754
          77     7.51227     7.54817   0.0123214
          78     7.49828     7.54753   0.0121792
          79       7.485     7.54674     0.01205
          80     7.46735     7.54575   0.0119398
          81     7.49023     7.54506   0.0118114
          82     7.47966     7.54426   0.0116937
          83     7.48242     7.54352   0.0115759
          84      7.4761     7.54272   0.0114654
          85     7.49255     7.54213   0.0113451
          86      7.4828     7.54144   0.0112336
          87     7.46688     7.54058   0.0111367
          88     7.51275     7.54026    0.011014
          89     7.45071     7.53926   0.0109359
          90     7.50004     7.53882   0.0108225
          91     7.47859     7.53816   0.0107234
          92     7.47834     7.53751   0.0106261
          93     7.41114     7.53615   0.0105987
          94     7.46813     7.53543   0.0105102
          95     7.46901     7.53473   0.0104225
          96     7.51388     7.53451   0.0103156
          97     7.46843     7.53383   0.0102314
          98     7.41715     7.53264   0.0101963
          99     7.48047     7.53211   0.0101065
         100     7.45739     7.53136   0.0100328
