           1    -7.26723    -7.26723           0
           2    -7.22789    -7.24756   0.0196704
           3    -7.29309    -7.26274   0.0189551
           4    -7.22434    -7.25314   0.0164857
           5    -7.26083    -7.25468   0.0128621
           6    -7.26714    -7.25676   0.0107054
           7    -7.21389    -7.25063    0.010925
           8    -7.26546    -7.25249  0.00964124
           9    -7.26457    -7.25383  0.00860808
          10    -7.21576    -7.25002  0.00858918
          11    -7.26848     -7.2517  0.00794828
          12    -7.26037    -7.25242  0.00729168
          13    -7.23578    -7.25114  0.00682839
          14    -7.29692    -7.25441  0.00711733
          15    -7.23017     -7.2528  0.00682012
          16    -7.24182    -7.25211  0.00641641
          17     -7.2754    -7.25348  0.00618092
          18    -7.23284    -7.25233  0.00593918
          19    -7.24429    -7.25191  0.00563384
          20    -7.27367      -7.253   0.0054543
          21     -7.2455    -7.25264  0.00520033
          22    -7.23714    -7.25194  0.00500814
          23    -7.27605    -7.25298  0.00489896
          24    -7.23944    -7.25242  0.00472423
          25    -7.25354    -7.25246  0.00453155
          26    -7.25187    -7.25244  0.00435383
          27    -7.25465    -7.25252  0.00419027
          28    -7.24893     -7.2524  0.00403989
          29    -7.27157    -7.25306  0.00395375
          30    -7.23646     -7.2525  0.00385957
          31    -7.26062    -7.25277  0.00374216
          32    -7.26035      -7.253  0.00363107
          33     -7.2425    -7.25268  0.00353367
          34    -7.23849    -7.25227  0.00345348
          35    -7.26457    -7.25262  0.00337173
          36    -7.26705    -7.25302  0.00330117
          37    -7.23484    -7.25253  0.00324807
          38    -7.24945    -7.25245  0.00316248
          39    -7.25785    -7.25259  0.00308344
          40    -7.24078    -7.25229  0.00301982
          41    -7.24932    -7.25222  0.00294613
          42    -7.25602    -7.25231  0.00287655
          43    -7.24505    -7.25214  0.00281392
          44    -7.26049    -7.25233  0.00275577
          45    -7.24399    -7.25214  0.00270021
          46    -7.25197    -7.25214  0.00264086
          47    -7.25991    -7.25231  0.00258934
          48    -7.23427    -7.25193  0.00256252
          49    -7.25869    -7.25207  0.00251348
          50    -7.24323    -7.25189  0.00246903
          51    -7.24833    -7.25182  0.00242114
          52    -7.25063     -7.2518  0.00237423
          53    -7.23695    -7.25152   0.0023458
          54    -7.26262    -7.25172  0.00231111
          55    -7.22921    -7.25131  0.00230533
          56    -7.25181    -7.25132  0.00226381
          57     -7.2399    -7.25112  0.00223275
          58    -7.25825    -7.25125  0.00219735
          59    -7.23657      -7.251  0.00217406
          60    -7.25734     -7.2511  0.00214013
          61     -7.2664    -7.25135  0.00211963
          62    -7.23471    -7.25108  0.00210238
          63    -7.25353    -7.25112   0.0020691
          64    -7.23606    -7.25089  0.00205007
          65    -7.26379    -7.25109  0.00202802
          66    -7.24628    -7.25101  0.00199838
          67    -7.24311     -7.2509  0.00197187
          68    -7.24628    -7.25083  0.00194384
          69    -7.23006    -7.25053  0.00193896
          70    -7.26036    -7.25067  0.00191621
          71     -7.2397    -7.25051  0.00189533
          72    -7.24561    -7.25044  0.00187006
          73    -7.24229    -7.25033  0.00184764
          74    -7.24799     -7.2503  0.00182278
          75    -7.23991    -7.25016  0.00180364
          76    -7.24424    -7.25008  0.00178145
          77    -7.23844    -7.24993  0.00176466
          78    -7.24093    -7.24982   0.0017457
          79    -7.24304    -7.24973   0.0017256
          80    -7.24572    -7.24968  0.00170463
          81    -7.23996    -7.24956  0.00168773
          82    -7.24172    -7.24947  0.00166976
          83    -7.24371     -7.2494  0.00165098
          84     -7.2448    -7.24934  0.00163212
          85    -7.24153    -7.24925  0.00161542
          86    -7.24461     -7.2492  0.00159744
          87    -7.24691    -7.24917  0.00157919
          88    -7.23654    -7.24903  0.00156772
          89    -7.24844    -7.24902  0.00155002
          90    -7.24232    -7.24895  0.00153451
          91    -7.24589    -7.24891  0.00151793
          92    -7.24314    -7.24885  0.00150265
          93    -7.25322     -7.2489  0.00148714
          94    -7.24367    -7.24884  0.00147229
          95    -7.24432    -7.24879  0.00145748
          96    -7.23655    -7.24867  0.00144785
          97    -7.24337    -7.24861  0.00143388
          98    -7.25249    -7.24865  0.00141973
          99    -7.24147    -7.24858  0.00140718
         100    -7.24697    -7.24856  0.00139313
