0 28.9815 4.19903
1 17.2378 3.51132
2 22.3172 3.9897
3 19.7492 2.50499
4 24.3543 3.3151
5 18.3238 2.83053
6 25.6322 2.51566
7 20.8722 4.90547
8 22.1331 4.49895
9 22.2646 3.6032
10 23.1162 4.39882
11 23.6016 3.39775
12 27.2673 3.55064
13 18.475 4.61303
14 19.7066 3.94331
15 27.3635 2.46639
16 26.7064 3.9334
17 32.338 3.41555
18 27.5154 2.9699
19 27.2598 4.29912
20 25.2768 3.05302
21 27.0817 3.73342
22 26.3008 2.57375
23 27.0287 3.759
24 20.9558 3.94623
25 28.2112 3.62411
26 25.0448 4.20005
27 20.2289 3.82272
28 27.4415 3.45181
29 24.418 1.86721
