0 8.96161 0.202818
1 8.95999 0.203054
2 8.96158 0.203284
3 8.96051 0.203171
4 8.96061 0.20326
5 8.96626 0.204464
6 8.96712 0.204046
7 8.95373 0.204316
8 8.95501 0.204788
9 8.95256 0.202918
10 8.95469 0.203628
11 8.95649 0.203737
12 8.95705 0.204543
13 8.95404 0.205332
14 8.95435 0.204987
15 8.96189 0.205803
16 8.95832 0.204927
17 8.95913 0.204918
18 8.96194 0.206022
19 8.9658 0.205423
20 8.96846 0.204562
21 8.96899 0.204443
22 8.96925 0.204109
23 8.96831 0.203942
24 8.96476 0.203989
25 8.96585 0.20452
26 8.96937 0.204712
27 8.96485 0.203641
28 8.96913 0.203365
29 8.96876 0.203434
