25.7871
24.2989
22.5848
21.9198
20.6579
20.1676
19.3477
18.3505
18.3505
17.9853
17.6524
16.9442
16.0327
15.5613
15.1815
14.0481
14.0481
14.0427
14.0481
14.0481
13.1392
13.1392
12.4803
12.1513
12.1513
12.1349
11.9062
11.9062
11.7793
11.7793
11.7057
11.6501
11.6474
11.6474
11.1673
11.1673
11.1673
11.1673
10.8364
11.1673
11.117
11.117
11.1673
11.1673
11.1596
11.0914
11.0545
10.5153
10.323
10.323
10.1385
10.1385
10.1276
10.1276
10.1276
10.1199
10.1199
10.1199
10.1199
10.1199
10.1199
10.1199
10.1199
10.1199
10.1199
10.1199
10.1199
10.1199
10.1199
10.1199
10.1199
10.1199
10.1199
10.1199
10.1199
10.1199
10.1199
10.1199
10.0745
10.0745
10.0745
10.0745
10.0745
10.0745
10.0649
10.0649
10.0649
10.0649
10.0649
10.0649
10.0649
10.0649
10.0649
10.0649
10.0649
10.0649
10.0649
10.0649
10.0649
10.0649
