29.9575
27.3989
26.549
25.1895
24.0044
22.8128
21.7681
20.5538
19.4782
18.7385
18.1337
17.8681
17.9794
16.8601
15.8274
15.2883
15.3034
15.0941
15.2561
14.0481
14.0415
13.9856
13.4612
12.6366
12.4753
12.3873
12.1333
12.1125
11.9457
11.8927
11.8156
11.7058
12.4601
12.0262
12.2062
11.7103
11.3522
11.1885
11.1864
12.0517
11.3501
11.227
11.8041
11.955
11.3803
11.1668
11.1659
12.2907
10.6874
10.3679
10.3211
10.2905
10.1384
10.1379
10.1358
10.1276
10.1276
10.1275
10.1511
10.8514
10.8641
10.4828
10.1199
10.1199
10.1199
10.1199
10.1199
10.1199
10.1199
10.1199
10.1199
10.1199
10.1199
10.1199
10.1199
10.1199
10.1199
10.1199
10.1197
10.1183
10.0995
10.0745
10.0745
10.0745
10.0745
10.0738
10.0663
10.0649
10.0649
10.0649
10.0649
10.0649
10.0649
10.0649
10.0649
10.0649
10.0649
10.0649
10.0649
10.0649
