29.9575
27.3989
26.549
25.1895
24.0044
22.8128
21.7681
20.5538
19.4782
18.7385
18.1337
17.8681
17.9794
16.8601
15.8274
15.2883
15.3034
15.0941
15.2561
14.0481
14.0415
13.9856
13.4612
12.6366
12.4753
12.3873
12.1333
12.1125
11.9457
11.8927
11.8156
11.7058
12.4601
12.0262
12.2062
11.7103
11.3522
11.1885
11.1864
12.0517
11.3472
11.4865
11.5509
11.1169
11.0579
10.4517
10.4517
10.4517
10.4517
10.4512
10.4495
10.4131
10.2701
10.2629
10.2594
10.2593
10.2585
10.2501
10.2485
10.2485
10.2485
10.2485
10.2485
10.2485
10.2485
10.2485
10.2485
10.2485
10.2485
10.2485
10.2485
10.2485
10.2485
10.2485
10.2485
10.2485
10.2485
10.2485
10.2485
10.2485
10.2485
10.2485
10.2485
10.2485
10.2485
10.2485
10.2485
10.2485
10.2485
10.2483
10.2465
10.2287
10.2031
10.2031
10.2031
10.2031
10.2031
10.2031
10.203
10.2024
