0 0 0
1 0.240834 0.137252
2 0.582051 0.232126
3 0.270651 0.254704
4 0.730018 0.160083
5 0.578885 0.252071
6 0.490297 0.197484
7 0.397139 0.207123
8 0.100169 0.239195
9 -0.0532072 0.188825
10 0.381155 0.148704
11 0.45597 0.161971
12 0.489428 0.182768
13 0.287367 0.145628
14 0.340438 0.208886
15 0.104112 0.159903
16 0.291674 0.151989
17 0.247001 0.186221
18 0.632488 0.206866
19 0.304372 0.187837
20 0.426519 0.12834
21 0.897616 0.140436
22 0.456586 0.152686
23 0.330429 0.103499
24 0.146942 0.164193
25 0.478081 0.204751
26 0.49276 0.143038
27 0.45444 0.203729
28 0.334462 0.175526
29 0.324688 0.183256
30 0.468625 0.125923
31 0.365583 0.116753
32 0.656508 0.122904
33 0.468289 0.170395
34 -0.000210115 0.163296
35 0.609243 0.199529
36 0.372738 0.183473
37 0.203181 0.114676
38 0.337057 0.156797
39 0.27555 0.135159
40 0.121169 0.125101
41 0.313718 0.124249
42 0.335976 0.155039
43 0.310884 0.148198
44 0.449868 0.123294
45 0.19197 0.129291
46 0.281041 0.150915
47 0.148882 0.143401
48 0.3544 0.14591
49 0.267604 0.129297
50 0.516736 0.151497
51 0.178672 0.136052
52 0.150492 0.130443
53 0.469296 0.107267
54 0.265697 0.147063
55 0.3552 0.118706
56 0.412134 0.103627
57 0.357402 0.149897
58 0.421361 0.15632
59 0.319467 0.110201
60 0.353901 0.151001
61 0.429812 0.110706
62 0.45936 0.16496
63 0.291477 0.133233
64 0.397683 0.154812
65 0.555603 0.135845
66 0.276185 0.135577
67 0.348551 0.112651
68 0.340175 0.118193
69 0.386886 0.0913035
70 0.315549 0.116179
71 0.33207 0.169425
72 0.411856 0.119736
73 0.211052 0.127696
74 0.31511 0.135464
75 0.383749 0.133102
76 0.272948 0.114398
77 0.228591 0.143268
78 0.329153 0.12888
79 0.223901 0.126886
80 0.376834 0.172131
81 0.332332 0.089242
82 0.541057 0.110852
83 0.195353 0.117493
84 0.633304 0.0999429
85 0.167346 0.151262
86 0.164477 0.121133
87 0.259651 0.120729
88 0.361623 0.145007
89 0.466785 0.102062
90 0.464685 0.112003
91 0.0392069 0.11977
92 0.228907 0.121834
93 0.260147 0.114699
94 0.404198 0.127379
95 0.151915 0.13021
96 0.316777 0.117587
97 0.271811 0.150492
98 0.366215 0.0998856
99 0.446279 0.117636
100 0.591054 0.113386
101 0.336218 0.149179
102 0.321044 0.125234
103 0.561444 0.0836018
104 0.45445 0.120504
105 0.406026 0.166027
106 0.140164 0.112849
107 0.430357 0.14833
108 0.389687 0.125512
109 0.415057 0.14655
110 0.274907 0.106864
111 0.1664 0.120909
112 0.378676 0.119484
113 0.296887 0.137014
114 0.290843 0.100725
115 0.412034 0.110252
116 0.243313 0.137589
117 0.419444 0.123873
118 0.388102 0.143835
119 0.514397 0.111994
120 0.298566 0.13597
121 0.153744 0.137374
122 0.376331 0.124852
123 0.426656 0.11603
124 0.453222 0.120773
125 0.226364 0.141695
126 0.602613 0.105624
127 0.0264105 0.120181
128 0.267182 0.121249
129 0.242495 0.121941
130 0.31498 0.119379
131 0.301311 0.105592
132 0.278215 0.107474
133 0.201524 0.151675
134 0.355038 0.123084
135 0.331763 0.123246
136 0.443031 0.107684
137 0.273709 0.130362
138 0.375637 0.0935605
139 0.142709 0.0986259
140 0.287775 0.0738102
141 0.290456 0.112836
142 0.36227 0.0933635
143 0.0929349 0.117335
144 0.386643 0.105179
145 0.254759 0.0957863
146 0.218346 0.127658
147 0.286974 0.145711
148 0.3388 0.109667
149 0.174001 0.100415
150 0.257096 0.107739
151 0.214323 0.0820732
152 0.267212 0.121297
153 0.35063 0.120091
154 0.178638 0.111607
155 0.420047 0.108093
156 0.257181 0.105736
157 0.205007 0.117176
158 0.206582 0.161369
159 0.353426 0.107786
160 0.131289 0.117202
161 0.177945 0.127749
162 0.238412 0.136444
163 0.359605 0.129319
164 0.335859 0.110982
165 0.287718 0.10376
166 0.257421 0.107563
167 0.226518 0.0823079
168 0.299516 0.127936
169 0.12063 0.0765469
170 0.113031 0.102931
171 0.279728 0.109053
172 0.385829 0.123808
173 0.323322 0.119303
174 0.380463 0.0776662
175 0.259713 0.0859273
176 0.209128 0.131129
177 0.278924 0.0979821
178 0.319324 0.100364
179 0.079876 0.0913709
180 0.403742 0.11526
181 0.306752 0.121457
182 0.407148 0.0879819
183 0.258877 0.102096
184 0.12105 0.140884
185 0.495214 0.140138
186 0.281304 0.100782
187 0.0468042 0.138423
188 0.287956 0.090226
189 0.114295 0.151983
190 0.111548 0.135983
191 0.353515 0.13364
192 0.518273 0.113425
193 0.548117 0.111693
194 0.348491 0.125274
195 0.626714 0.130935
196 0.328208 0.134465
197 0.575436 0.196994
198 0.381225 0.106162
199 0.288348 0.151601
200 0.182453 0.160131
201 0.170723 0.0921649
202 0.260435 0.138669
203 0.493068 0.130598
204 0.154405 0.136059
205 0.279884 0.081634
206 0.399897 0.129351
207 0.0538089 0.157574
208 0.437902 0.0928292
209 0.488405 0.100404
210 0.345277 0.090582
211 0.393333 0.145581
212 0.27877 0.0775778
213 0.154676 0.104519
214 0.297482 0.108736
215 0.192203 0.123546
216 0.332863 0.163858
217 0.630939 0.109225
218 0.334595 0.122707
219 0.198147 0.107294
220 0.261318 0.119023
221 0.505554 0.11789
222 0.319816 0.148975
223 0.266529 0.119632
224 0.412443 0.0921118
225 0.0168967 0.12151
226 0.360567 0.138332
227 0.322783 0.159746
228 0.41715 0.106159
229 0.0483798 0.153072
230 0.328047 0.129176
231 0.182412 0.137483
232 0.208561 0.106589
233 0.521739 0.10685
234 0.326178 0.129951
235 0.4862 0.152462
236 0.250572 0.155453
237 0.551302 0.157004
238 0.493904 0.129113
239 0.359277 0.145308
240 0.371015 0.12504
241 0.339235 0.127223
242 0.287547 0.125501
243 0.220437 0.124749
244 0.170044 0.142369
245 0.272169 0.121363
246 0.517593 0.145193
247 0.115931 0.142721
248 0.406736 0.126416
249 0.315733 0.163305
250 0.428956 0.142823
251 0.190707 0.143583
252 0.506715 0.125046
253 0.352339 0.135631
254 0.165565 0.191653
255 -0.0680611 0.152749
256 0.503065 0.149728
257 0.219472 0.122492
258 0.363721 0.145269
259 0.354232 0.142793
260 0.434157 0.176303
261 0.405187 0.154538
262 0.552545 0.122019
263 0.148732 0.139916
264 0.683567 0.173433
265 0.325067 0.141255
266 0.216859 0.0906275
267 0.533602 0.130126
268 0.30804 0.142524
269 0.276558 0.14487
270 0.247629 0.137038
271 0.578021 0.131414
272 0.269129 0.128538
273 0.253345 0.201136
274 0.0402941 0.158629
275 0.131382 0.188503
276 0.290172 0.170841
277 0.455626 0.201659
278 0.350723 0.15976
279 0.44643 0.128205
280 0.431627 0.223875
281 0.650105 0.166052
282 0.641594 0.151614
283 0.690405 0.191119
284 0.227343 0.208432
285 0.128709 0.168814
286 0.367665 0.173391
287 0.439998 0.149578
288 0.598816 0.14201
289 0.401041 0.158093
290 0.21101 0.231482
291 0.370568 0.19527
292 0.248854 0.20831
293 0.322535 0.180694
294 -0.195071 0.151924
295 0.591678 0.157535
296 0.28381 0.180631
297 0.272685 0.200178
298 0.517525 0.193424
299 0 0
