0 -0.770803 0.00619314
1 -0.774233 0.00618694
2 -0.778005 0.00558605
3 -0.781475 0.0053145
4 -0.778867 0.00673873
5 -0.7817 0.00627827
6 -0.780894 0.00516093
7 -0.775429 0.00537946
8 -0.774312 0.00466761
9 -0.776401 0.00513117
10 -0.774252 0.00557707
11 -0.773573 0.00564668
12 -0.777479 0.00471283
13 -0.774095 0.00471687
14 -0.774262 0.0057141
15 -0.773338 0.00565942
16 -0.771119 0.00511993
17 -0.769349 0.00553385
18 -0.768621 0.00558981
19 -0.772436 0.00528378
20 -0.77286 0.00413769
21 -0.777724 0.00481259
22 -0.779067 0.00452084
23 -0.779048 0.00455629
24 -0.78031 0.00503559
25 -0.77828 0.00513367
26 -0.782236 0.0049485
27 -0.775808 0.00426619
28 -0.775651 0.00453011
29 -0.773373 0.0045244
30 -0.772138 0.00437165
31 -0.772185 0.00377408
32 -0.776555 0.0038912
33 -0.770944 0.00370124
34 -0.774261 0.00407292
35 -0.7767 0.00340432
36 -0.778177 0.00394167
37 -0.779617 0.00366969
38 -0.775059 0.00365281
39 -0.775711 0.00290557
40 -0.773797 0.00386345
41 -0.77584 0.00380697
42 -0.77743 0.0040637
43 -0.779409 0.00431479
44 -0.775611 0.00444685
45 -0.772914 0.00412112
46 -0.774371 0.00472692
47 -0.777594 0.00422669
48 -0.779903 0.00394047
49 -0.781548 0.00309085
50 -0.780854 0.0032182
51 -0.785967 0.00310897
52 -0.782699 0.00358874
53 -0.78218 0.00355505
54 -0.780663 0.00363393
55 -0.780741 0.00369721
56 -0.780757 0.00358269
57 -0.779665 0.00322979
58 -0.780666 0.00378108
59 -0.780528 0.00348687
60 -0.781271 0.00352828
61 -0.784507 0.00301805
62 -0.784126 0.00330133
63 -0.787471 0.00306593
64 -0.786116 0.00325207
65 -0.787052 0.00342551
66 -0.787316 0.00301163
67 -0.787091 0.00313355
68 -0.783613 0.00332889
69 -0.784877 0.00287301
70 -0.784465 0.0028578
71 -0.784894 0.00304005
72 -0.786318 0.00297383
73 -0.783918 0.00286798
74 -0.783544 0.00376715
75 -0.779855 0.00333921
76 -0.779026 0.00318125
77 -0.774766 0.00312725
78 -0.778382 0.00287083
79 -0.779291 0.00324874
80 -0.779721 0.00296416
81 -0.776897 0.00279405
82 -0.777797 0.0028835
83 -0.777442 0.00318859
84 -0.77693 0.00356481
85 -0.779593 0.00323405
86 -0.778531 0.00321453
87 -0.779558 0.00325451
88 -0.78012 0.00302026
89 -0.781927 0.00313199
90 -0.781134 0.00304121
91 -0.782227 0.00300095
92 -0.778662 0.00288875
93 -0.782626 0.00302979
94 -0.786087 0.00262282
95 -0.781948 0.00291511
96 -0.780923 0.00277133
97 -0.778874 0.00276291
98 -0.779617 0.00340143
99 -0.774894 0.00384293
100 -0.774682 0.0032034
101 -0.777455 0.00321954
102 -0.777375 0.00324204
103 -0.778985 0.00298554
104 -0.781428 0.00284372
105 -0.780899 0.00352258
106 -0.781764 0.00390496
107 -0.78184 0.00426006
108 -0.777087 0.00358722
109 -0.778346 0.00379164
110 -0.778198 0.00354606
111 -0.779574 0.00417205
112 -0.777801 0.00356489
113 -0.777279 0.00359277
114 -0.775572 0.00398005
115 -0.777843 0.00384491
116 -0.776056 0.00306314
117 -0.776552 0.00328523
118 -0.779363 0.00387231
119 -0.783738 0.003267
120 -0.783305 0.00359349
121 -0.782044 0.00328744
122 -0.784215 0.002397
123 -0.783933 0.00268431
124 -0.781913 0.0028766
125 -0.783012 0.00356455
126 -0.781045 0.00407447
127 -0.782718 0.00464397
128 -0.782551 0.00365421
129 -0.782542 0.00243595
130 -0.782057 0.00296852
131 -0.779869 0.00293054
132 -0.7782 0.00273055
133 -0.77898 0.00266299
134 -0.779688 0.00235521
135 -0.781372 0.00308922
136 -0.781896 0.00310999
137 -0.78367 0.00359014
138 -0.783093 0.00317032
139 -0.782972 0.00341232
140 -0.780984 0.00338842
141 -0.775359 0.003994
142 -0.778713 0.00304495
143 -0.776661 0.00348439
144 -0.775993 0.00316099
145 -0.777131 0.00307198
146 -0.776024 0.00317648
147 -0.774765 0.00258395
148 -0.775872 0.00258459
149 -0.776942 0.002713
150 -0.776672 0.00332543
151 -0.777343 0.00378752
152 -0.775769 0.00344326
153 -0.776696 0.00287883
154 -0.778282 0.0025206
155 -0.778629 0.00232234
156 -0.77867 0.00240362
157 -0.779344 0.00229215
158 -0.777234 0.00273014
159 -0.779113 0.00315597
160 -0.780983 0.00265361
161 -0.782362 0.00298733
162 -0.780612 0.00354488
163 -0.779828 0.00316856
164 -0.782045 0.00305667
165 -0.784133 0.00306845
166 -0.784578 0.0031946
167 -0.785523 0.00276889
168 -0.784912 0.00284001
169 -0.780444 0.00259113
170 -0.781075 0.00320294
171 -0.780011 0.00294195
172 -0.783068 0.00356848
173 -0.781204 0.00412868
174 -0.78108 0.00415085
175 -0.781791 0.004208
176 -0.779441 0.00407454
177 -0.779665 0.00369026
178 -0.783104 0.00284548
179 -0.784186 0.00238845
180 -0.781143 0.00249629
181 -0.779342 0.00271877
182 -0.779967 0.00259844
183 -0.780718 0.00326513
184 -0.778867 0.00329103
185 -0.779736 0.0034809
186 -0.780012 0.00353084
187 -0.781263 0.00361124
188 -0.782089 0.00295402
189 -0.782092 0.00334601
190 -0.783306 0.00348897
191 -0.780756 0.00396393
192 -0.776759 0.00365701
193 -0.779547 0.00392542
194 -0.779484 0.00366335
195 -0.783606 0.00427199
196 -0.780674 0.00397828
197 -0.782619 0.00412981
198 -0.783711 0.00348329
199 -0.782488 0.00349316
200 -0.779864 0.00315089
201 -0.779757 0.00300403
202 -0.781391 0.0035726
203 -0.784278 0.00265085
204 -0.782199 0.00331808
205 -0.782048 0.00342018
206 -0.78451 0.00324628
207 -0.785587 0.00318381
208 -0.783428 0.00363874
209 -0.780789 0.00351553
210 -0.782367 0.00298281
211 -0.785401 0.00284606
212 -0.784365 0.00343193
213 -0.783715 0.00433119
214 -0.78178 0.00401288
215 -0.783043 0.00440524
216 -0.783644 0.00378221
217 -0.780943 0.00422131
218 -0.777636 0.00455472
219 -0.775451 0.00436323
220 -0.780519 0.00424768
221 -0.782735 0.00334898
222 -0.781415 0.00376132
223 -0.782123 0.0038049
224 -0.780301 0.00403226
225 -0.7796 0.00401792
226 -0.782333 0.00390236
227 -0.782411 0.00407276
228 -0.781667 0.00421363
229 -0.777712 0.00484776
230 -0.779033 0.00461429
231 -0.779056 0.00478008
232 -0.781613 0.00381644
233 -0.779535 0.00417716
234 -0.775037 0.00454402
235 -0.776197 0.00440162
236 -0.777959 0.0041144
237 -0.78211 0.00482151
238 -0.780007 0.00444905
239 -0.781983 0.00471725
240 -0.782228 0.00476232
241 -0.785329 0.00457101
242 -0.78437 0.00382248
243 -0.782388 0.00405587
244 -0.782009 0.00400656
245 -0.78393 0.00365262
246 -0.779561 0.00428191
247 -0.778 0.00502187
248 -0.777346 0.00462993
249 -0.782336 0.00308538
250 -0.781803 0.00307207
251 -0.77916 0.00293563
252 -0.775733 0.00377336
253 -0.774862 0.00353378
254 -0.773788 0.00424981
255 -0.777634 0.00456135
256 -0.778928 0.00446201
257 -0.780356 0.00381471
258 -0.780694 0.00276164
259 -0.779236 0.00276199
260 -0.77447 0.00233205
261 -0.775614 0.00317117
262 -0.776256 0.00369284
263 -0.78078 0.00338562
264 -0.778277 0.0036984
265 -0.776142 0.00437909
266 -0.781821 0.00435243
267 -0.784301 0.00427489
268 -0.783224 0.00430296
269 -0.783414 0.00400096
270 -0.783266 0.00463314
271 -0.780021 0.00395632
272 -0.781869 0.00363426
273 -0.780012 0.00321239
274 -0.778873 0.00387359
275 -0.777185 0.00396145
276 -0.777003 0.00369493
277 -0.774323 0.00516704
278 -0.773336 0.00525406
279 -0.776475 0.00557432
280 -0.778663 0.0054897
281 -0.775026 0.00567035
282 -0.77052 0.00577557
283 -0.77357 0.00436808
284 -0.775991 0.00385582
285 -0.773634 0.00418913
286 -0.773262 0.00355037
287 -0.768123 0.00486015
288 -0.770245 0.00452687
289 -0.766575 0.00438231
290 -0.762366 0.00489811
291 -0.763208 0.00465912
292 -0.767407 0.00417588
293 -0.769735 0.00477618
294 -0.768044 0.00461267
295 -0.771216 0.00481587
296 -0.768286 0.00501327
297 -0.764676 0.00503097
298 -0.763566 0.0043353
299 -0.766522 0.00458119
