-4.9875 0 0
-4.9625 0 0
-4.9375 0 0
-4.9125 0 0
-4.8875 0 0
-4.8625 0 0
-4.8375 0 0
-4.8125 0 0
-4.7875 0 0
-4.7625 0 0
-4.7375 0 0
-4.7125 0 0
-4.6875 0 0
-4.6625 0 0
-4.6375 0 0
-4.6125 0 0
-4.5875 0 0
-4.5625 0 0
-4.5375 0 0
-4.5125 0 0
-4.4875 0 0
-4.4625 0 0
-4.4375 0 0
-4.4125 0 0
-4.3875 0 0
-4.3625 0 0
-4.3375 0 0
-4.3125 0 0
-4.2875 0 0
-4.2625 0 0
-4.2375 0 0
-4.2125 0 0
-4.1875 0 0
-4.1625 0 0
-4.1375 0 0
-4.1125 0 0
-4.0875 0 0
-4.0625 0 0
-4.0375 0 0
-4.0125 0 0
-3.9875 0 0
-3.9625 0 0
-3.9375 0 0
-3.9125 0 0
-3.8875 0 0
-3.8625 0 0
-3.8375 0 0
-3.8125 0 0
-3.7875 0 0
-3.7625 0 0
-3.7375 0 0
-3.7125 0 0
-3.6875 0 0
-3.6625 0 0
-3.6375 0 0
-3.6125 0 0
-3.5875 0 0
-3.5625 0 0
-3.5375 0 0
-3.5125 0 0
-3.4875 0 0
-3.4625 0 0
-3.4375 0 0
-3.4125 0 0
-3.3875 0 0
-3.3625 0 0
-3.3375 0 0
-3.3125 0 0
-3.2875 0 0
-3.2625 0 0
-3.2375 0 0
-3.2125 0 0
-3.1875 0 0
-3.1625 0 0
-3.1375 0 0
-3.1125 0 0
-3.0875 0 0
-3.0625 0 0
-3.0375 0 0
-3.0125 0 0
-2.9875 0 0
-2.9625 0 0
-2.9375 0 0
-2.9125 0 0
-2.8875 0 0
-2.8625 0 0
-2.8375 0 0
-2.8125 0 0
-2.7875 0 0
-2.7625 0 0
-2.7375 0 0
-2.7125 0 0
-2.6875 0 0
-2.6625 0 0
-2.6375 0 0
-2.6125 0 0
-2.5875 0 0
-2.5625 8.19672e-06 7.98918e-06
-2.5375 0 0
-2.5125 0 0
-2.4875 2.45902e-05 1.30891e-05
-2.4625 2.45902e-05 1.30891e-05
-2.4375 3.27869e-05 1.46627e-05
-2.4125 4.09836e-05 1.9655e-05
-2.3875 5.7377e-05 2.39675e-05
-2.3625 9.83607e-05 2.93255e-05
-2.3375 0.000147541 3.64731e-05
-2.3125 0.000163934 5.0528e-05
-2.2875 0.000262295 5.10571e-05
-2.2625 0.000434426 6.88476e-05
-2.2375 0.00047541 7.76745e-05
-2.2125 0.000696721 7.41112e-05
-2.1875 0.00121311 0.000170129
-2.1625 0.0012623 0.000116555
-2.1375 0.0017459 0.000173211
-2.1125 0.00222131 0.000200937
-2.0875 0.0027541 0.000225849
-2.0625 0.00368033 0.000238544
-2.0375 0.0042459 0.000282496
-2.0125 0.00537705 0.000321788
-1.9875 0.00692623 0.000333935
-1.9625 0.00813115 0.000253807
-1.9375 0.0102787 0.00036179
-1.9125 0.012082 0.000483829
-1.8875 0.014582 0.000440413
-1.8625 0.0172377 0.00059507
-1.8375 0.0209344 0.000625115
-1.8125 0.0246475 0.000665428
-1.7875 0.0306393 0.000925097
-1.7625 0.0335984 0.000826649
-1.7375 0.0388934 0.00101876
-1.7125 0.0463607 0.00112493
-1.6875 0.052082 0.00117663
-1.6625 0.0603115 0.00111782
-1.6375 0.0682705 0.00138539
-1.6125 0.0775656 0.00141925
-1.5875 0.0858525 0.00175571
-1.5625 0.0965574 0.00176943
-1.5375 0.106352 0.00231226
-1.5125 0.119533 0.00243216
-1.4875 0.132205 0.00193138
-1.4625 0.144492 0.00243897
-1.4375 0.156279 0.00234057
-1.4125 0.172475 0.00241053
-1.3875 0.183885 0.00261204
-1.3625 0.196516 0.00292277
-1.3375 0.212484 0.00279844
-1.3125 0.225705 0.00289038
-1.2875 0.239418 0.0027006
-1.2625 0.256344 0.00290789
-1.2375 0.269377 0.00379829
-1.2125 0.283131 0.00266772
-1.1875 0.293238 0.00298846
-1.1625 0.302992 0.00325309
-1.1375 0.314795 0.00222947
-1.1125 0.326082 0.00292488
-1.0875 0.335172 0.00351754
-1.0625 0.346557 0.00381886
-1.0375 0.354262 0.0043694
-1.0125 0.360016 0.00335337
-0.9875 0.371164 0.00355709
-0.9625 0.372434 0.00371797
-0.9375 0.378459 0.00322856
-0.9125 0.387 0.00353234
-0.8875 0.38677 0.00443695
-0.8625 0.386123 0.00407982
-0.8375 0.391107 0.00321455
-0.8125 0.394328 0.00346166
-0.7875 0.392639 0.00424819
-0.7625 0.390754 0.00266328
-0.7375 0.389082 0.00377246
-0.7125 0.389779 0.00389746
-0.6875 0.391475 0.00371698
-0.6625 0.386869 0.00326217
-0.6375 0.382189 0.00343337
-0.6125 0.376434 0.00357352
-0.5875 0.372639 0.00279665
-0.5625 0.371238 0.00306613
-0.5375 0.365795 0.00403727
-0.5125 0.362385 0.00302603
-0.4875 0.354041 0.00271872
-0.4625 0.35082 0.00336878
-0.4375 0.346762 0.0033178
-0.4125 0.337246 0.00246056
-0.3875 0.335885 0.00251119
-0.3625 0.327377 0.00250991
-0.3375 0.325451 0.00341119
-0.3125 0.325697 0.0027991
-0.2875 0.322484 0.00314054
-0.2625 0.317459 0.00286861
-0.2375 0.315598 0.00183051
-0.2125 0.309148 0.0023128
-0.1875 0.311664 0.00235062
-0.1625 0.30573 0.00168388
-0.1375 0.305336 0.00203257
-0.1125 0.302025 0.0019214
-0.0875 0.302877 0.00124339
-0.0625 0.29923 0.00208809
-0.0375 0.296951 0.00167307
-0.0125 0.298762 0.00220004
0.0125 0.295738 0.00218998
0.0375 0.297287 0.00168759
0.0625 0.300402 0.00266139
0.0875 0.301885 0.00179744
0.1125 0.304877 0.00243772
0.1375 0.30823 0.00161862
0.1625 0.309238 0.00247509
0.1875 0.311205 0.00244884
0.2125 0.311385 0.00207461
0.2375 0.314066 0.0023365
0.2625 0.317795 0.00221055
0.2875 0.320336 0.00327195
0.3125 0.326689 0.00310063
0.3375 0.32759 0.0025473
0.3625 0.333213 0.0028823
0.3875 0.336992 0.00235479
0.4125 0.34018 0.00278382
0.4375 0.345557 0.00358932
0.4625 0.347959 0.00261594
0.4875 0.354115 0.00255777
0.5125 0.358861 0.00285621
0.5375 0.359959 0.00334769
0.5625 0.366008 0.00358616
0.5875 0.370336 0.00314697
0.6125 0.372959 0.00348199
0.6375 0.376664 0.00356708
0.6625 0.379516 0.00273216
0.6875 0.379361 0.00331379
0.7125 0.385434 0.00352317
0.7375 0.38509 0.0038301
0.7625 0.385156 0.0036001
0.7875 0.386098 0.00383839
0.8125 0.386156 0.0038065
0.8375 0.387443 0.00350665
0.8625 0.382943 0.00324746
0.8875 0.378426 0.00342788
0.9125 0.376984 0.00316243
0.9375 0.371516 0.00347653
0.9625 0.366664 0.00357716
0.9875 0.360533 0.00424976
1.0125 0.356615 0.0039776
1.0375 0.350459 0.00330899
1.0625 0.341918 0.00332023
1.0875 0.333098 0.00447746
1.1125 0.324664 0.00368046
1.1375 0.314066 0.00373442
1.1625 0.302893 0.00364297
1.1875 0.288623 0.00338457
1.2125 0.275779 0.00350574
1.2375 0.264082 0.00320314
1.2625 0.252861 0.00345323
1.2875 0.239098 0.00315918
1.3125 0.22482 0.00295688
1.3375 0.208934 0.00253682
1.3625 0.196533 0.00247653
1.3875 0.183156 0.00273252
1.4125 0.166926 0.002662
1.4375 0.155738 0.00222296
1.4625 0.141795 0.00198532
1.4875 0.130213 0.00219792
1.5125 0.118926 0.00189539
1.5375 0.106697 0.00202046
1.5625 0.0959754 0.00158934
1.5875 0.0845164 0.00130714
1.6125 0.0751557 0.00138136
1.6375 0.0658197 0.00134464
1.6625 0.0596639 0.00130049
1.6875 0.0515656 0.00111164
1.7125 0.0442131 0.000865063
1.7375 0.0382049 0.000879113
1.7625 0.0333115 0.000819557
1.7875 0.0283033 0.000721616
1.8125 0.0235984 0.000647953
1.8375 0.0212459 0.000538419
1.8625 0.0168852 0.000670029
1.8875 0.0142131 0.000387957
1.9125 0.0122213 0.00045762
1.9375 0.00995082 0.000394142
1.9625 0.00740984 0.000360767
1.9875 0.00620492 0.000179684
2.0125 0.0047377 0.000241184
2.0375 0.00413115 0.000225551
2.0625 0.00340164 0.000222334
2.0875 0.00236066 0.000127195
2.1125 0.00209836 0.000135977
2.1375 0.00153279 0.000126067
2.1625 0.000877049 7.53697e-05
2.1875 0.000893443 9.59227e-05
2.2125 0.000754098 9.22996e-05
2.2375 0.000434426 5.34675e-05
2.2625 0.000327869 3.66569e-05
2.2875 0.000204918 4.61862e-05
2.3125 0.000213115 4.65123e-05
2.3375 0.000155738 4.56006e-05
2.3625 9.83607e-05 2.93255e-05
2.3875 5.7377e-05 2.39675e-05
2.4125 8.19672e-06 7.98918e-06
2.4375 4.09836e-05 1.58729e-05
2.4625 1.63934e-05 1.09971e-05
2.4875 8.19672e-06 7.98918e-06
2.5125 0 0
2.5375 0 0
2.5625 1.63934e-05 1.59784e-05
2.5875 0 0
2.6125 0 0
2.6375 0 0
2.6625 0 0
2.6875 0 0
2.7125 0 0
2.7375 0 0
2.7625 0 0
2.7875 0 0
2.8125 0 0
2.8375 0 0
2.8625 0 0
2.8875 0 0
2.9125 0 0
2.9375 0 0
2.9625 0 0
2.9875 0 0
3.0125 0 0
3.0375 0 0
3.0625 0 0
3.0875 0 0
3.1125 0 0
3.1375 0 0
3.1625 0 0
3.1875 0 0
3.2125 0 0
3.2375 0 0
3.2625 0 0
3.2875 0 0
3.3125 0 0
3.3375 0 0
3.3625 0 0
3.3875 0 0
3.4125 0 0
3.4375 0 0
3.4625 0 0
3.4875 0 0
3.5125 0 0
3.5375 0 0
3.5625 0 0
3.5875 0 0
3.6125 0 0
3.6375 0 0
3.6625 0 0
3.6875 0 0
3.7125 0 0
3.7375 0 0
3.7625 0 0
3.7875 0 0
3.8125 0 0
3.8375 0 0
3.8625 0 0
3.8875 0 0
3.9125 0 0
3.9375 0 0
3.9625 0 0
3.9875 0 0
4.0125 0 0
4.0375 0 0
4.0625 0 0
4.0875 0 0
4.1125 0 0
4.1375 0 0
4.1625 0 0
4.1875 0 0
4.2125 0 0
4.2375 0 0
4.2625 0 0
4.2875 0 0
4.3125 0 0
4.3375 0 0
4.3625 0 0
4.3875 0 0
4.4125 0 0
4.4375 0 0
4.4625 0 0
4.4875 0 0
4.5125 0 0
4.5375 0 0
4.5625 0 0
4.5875 0 0
4.6125 0 0
4.6375 0 0
4.6625 0 0
4.6875 0 0
4.7125 0 0
4.7375 0 0
4.7625 0 0
4.7875 0 0
4.8125 0 0
4.8375 0 0
4.8625 0 0
4.8875 0 0
4.9125 0 0
4.9375 0 0
4.9625 0 0
4.9875 0 0
