-4.9875 0 0
-4.9625 0 0
-4.9375 0 0
-4.9125 0 0
-4.8875 0 0
-4.8625 0 0
-4.8375 0 0
-4.8125 0 0
-4.7875 0 0
-4.7625 0 0
-4.7375 0 0
-4.7125 0 0
-4.6875 0 0
-4.6625 0 0
-4.6375 0 0
-4.6125 0 0
-4.5875 0 0
-4.5625 0 0
-4.5375 0 0
-4.5125 0 0
-4.4875 0 0
-4.4625 0 0
-4.4375 0 0
-4.4125 0 0
-4.3875 0 0
-4.3625 0 0
-4.3375 0 0
-4.3125 0 0
-4.2875 0 0
-4.2625 0 0
-4.2375 0 0
-4.2125 0 0
-4.1875 0 0
-4.1625 0 0
-4.1375 0 0
-4.1125 0 0
-4.0875 0 0
-4.0625 0 0
-4.0375 0 0
-4.0125 0 0
-3.9875 0 0
-3.9625 0 0
-3.9375 0 0
-3.9125 0 0
-3.8875 0 0
-3.8625 0 0
-3.8375 0 0
-3.8125 0 0
-3.7875 0 0
-3.7625 0 0
-3.7375 0 0
-3.7125 0 0
-3.6875 0 0
-3.6625 0 0
-3.6375 0 0
-3.6125 0 0
-3.5875 0 0
-3.5625 0 0
-3.5375 0 0
-3.5125 0 0
-3.4875 0 0
-3.4625 0 0
-3.4375 0 0
-3.4125 0 0
-3.3875 0 0
-3.3625 0 0
-3.3375 0 0
-3.3125 0 0
-3.2875 0 0
-3.2625 0 0
-3.2375 0 0
-3.2125 0 0
-3.1875 0 0
-3.1625 0 0
-3.1375 0 0
-3.1125 0 0
-3.0875 0 0
-3.0625 0 0
-3.0375 0 0
-3.0125 0 0
-2.9875 0 0
-2.9625 0 0
-2.9375 0 0
-2.9125 0 0
-2.8875 0 0
-2.8625 0 0
-2.8375 0 0
-2.8125 0 0
-2.7875 0 0
-2.7625 0 0
-2.7375 0 0
-2.7125 0 0
-2.6875 0 0
-2.6625 0 0
-2.6375 8.19672e-06 7.98918e-06
-2.6125 1.63934e-05 1.09971e-05
-2.5875 0 0
-2.5625 8.19672e-06 7.98918e-06
-2.5375 1.63934e-05 1.09971e-05
-2.5125 1.63934e-05 1.09971e-05
-2.4875 3.27869e-05 2.19941e-05
-2.4625 2.45902e-05 1.30891e-05
-2.4375 7.37705e-05 4.9825e-05
-2.4125 0.000122951 6.54456e-05
-2.3875 0.000131148 4.27489e-05
-2.3625 9.83607e-05 5.23565e-05
-2.3375 0.000114754 4.35276e-05
-2.3125 0.000245902 8.71323e-05
-2.2875 0.000286885 6.64642e-05
-2.2625 0.000459016 8.16387e-05
-2.2375 0.000606557 0.000109419
-2.2125 0.000836066 9.76064e-05
-2.1875 0.00121311 0.000138813
-2.1625 0.00127049 0.000135122
-2.1375 0.00183607 0.00018641
-2.1125 0.00209836 0.000213933
-2.0875 0.00267213 0.000207071
-2.0625 0.00347541 0.00018856
-2.0375 0.00454918 0.000323719
-2.0125 0.00547541 0.000377299
-1.9875 0.00605738 0.000364819
-1.9625 0.00793443 0.000388874
-1.9375 0.00981967 0.000593445
-1.9125 0.0123607 0.000630391
-1.8875 0.0146967 0.000740457
-1.8625 0.0170164 0.000553579
-1.8375 0.020459 0.000718381
-1.8125 0.0245984 0.000767213
-1.7875 0.028623 0.000866561
-1.7625 0.0347541 0.00113399
-1.7375 0.0396721 0.00125979
-1.7125 0.047082 0.00114235
-1.6875 0.0525492 0.00129827
-1.6625 0.0593361 0.0014803
-1.6375 0.0683033 0.00173346
-1.6125 0.0776803 0.00146404
-1.5875 0.0858197 0.00190155
-1.5625 0.0963033 0.00216271
-1.5375 0.1065 0.00160924
-1.5125 0.117582 0.00195377
-1.4875 0.130639 0.00179086
-1.4625 0.141943 0.00190955
-1.4375 0.155033 0.00246772
-1.4125 0.169672 0.0029782
-1.3875 0.183541 0.00339685
-1.3625 0.198525 0.00365522
-1.3375 0.212484 0.00345412
-1.3125 0.22423 0.00364946
-1.2875 0.240934 0.00481419
-1.2625 0.255459 0.00431037
-1.2375 0.267492 0.00457301
-1.2125 0.282574 0.00539351
-1.1875 0.294664 0.00451282
-1.1625 0.308549 0.00469991
-1.1375 0.316393 0.00457493
-1.1125 0.325885 0.00481952
-1.0875 0.33532 0.00452426
-1.0625 0.346139 0.00491537
-1.0375 0.353549 0.00484637
-1.0125 0.360336 0.0050188
-0.9875 0.367098 0.0042005
-0.9625 0.372254 0.00458791
-0.9375 0.37518 0.00390077
-0.9125 0.380246 0.00385916
-0.8875 0.386533 0.00465769
-0.8625 0.387484 0.00413078
-0.8375 0.38682 0.00395778
-0.8125 0.39341 0.00395971
-0.7875 0.392328 0.00267697
-0.7625 0.390459 0.00414614
-0.7375 0.390566 0.00471146
-0.7125 0.388615 0.00385289
-0.6875 0.388672 0.00437047
-0.6625 0.382107 0.00387888
-0.6375 0.378877 0.0039953
-0.6125 0.372115 0.00339419
-0.5875 0.372115 0.00404755
-0.5625 0.368311 0.00359258
-0.5375 0.364123 0.00379616
-0.5125 0.359656 0.00384925
-0.4875 0.352295 0.00333809
-0.4625 0.349016 0.0036675
-0.4375 0.340172 0.00307014
-0.4125 0.336311 0.00356403
-0.3875 0.336992 0.00330134
-0.3625 0.328656 0.00223714
-0.3375 0.327475 0.0024495
-0.3125 0.323566 0.00340131
-0.2875 0.318352 0.00314838
-0.2625 0.313918 0.002688
-0.2375 0.310967 0.00327707
-0.2125 0.310754 0.00272186
-0.1875 0.309516 0.00329947
-0.1625 0.305508 0.00318122
-0.1375 0.303803 0.0029297
-0.1125 0.300049 0.00254801
-0.0875 0.301205 0.00224639
-0.0625 0.298959 0.00292604
-0.0375 0.300844 0.00339824
-0.0125 0.298762 0.00233152
0.0125 0.298131 0.00287768
0.0375 0.299566 0.00272665
0.0625 0.300902 0.00262517
0.0875 0.302516 0.00276543
0.1125 0.302705 0.00317402
0.1375 0.305082 0.00269269
0.1625 0.307738 0.00337342
0.1875 0.311402 0.00287609
0.2125 0.314328 0.00360724
0.2375 0.315033 0.00269636
0.2625 0.31768 0.00254044
0.2875 0.323754 0.00327633
0.3125 0.324934 0.00356954
0.3375 0.332475 0.00401806
0.3625 0.335303 0.00338139
0.3875 0.339016 0.00358068
0.4125 0.342057 0.0033854
0.4375 0.34823 0.00349578
0.4625 0.352746 0.00356551
0.4875 0.35927 0.00372679
0.5125 0.360369 0.00409219
0.5375 0.364844 0.00394962
0.5625 0.371918 0.00336597
0.5875 0.373361 0.00406537
0.6125 0.375566 0.00360729
0.6375 0.380549 0.00445021
0.6625 0.385918 0.00402785
0.6875 0.384713 0.00393072
0.7125 0.389984 0.00392714
0.7375 0.393148 0.00476701
0.7625 0.391107 0.00363609
0.7875 0.391377 0.00392705
0.8125 0.391762 0.00479794
0.8375 0.391123 0.00425288
0.8625 0.388164 0.00524112
0.8875 0.384549 0.00458076
0.9125 0.384811 0.00534838
0.9375 0.38109 0.00471431
0.9625 0.373762 0.0048276
0.9875 0.364754 0.00498123
1.0125 0.365664 0.00542295
1.0375 0.350541 0.00523094
1.0625 0.34518 0.00424993
1.0875 0.334475 0.00520216
1.1125 0.321139 0.00483263
1.1375 0.310557 0.00483518
1.1625 0.301369 0.00455464
1.1875 0.285459 0.00423722
1.2125 0.273475 0.00469814
1.2375 0.261475 0.00400604
1.2625 0.247443 0.00414476
1.2875 0.235656 0.00408645
1.3125 0.21818 0.00364541
1.3375 0.210139 0.00354931
1.3625 0.191992 0.00316468
1.3875 0.179041 0.00329814
1.4125 0.165434 0.00285503
1.4375 0.149082 0.0024165
1.4625 0.138721 0.00278784
1.4875 0.125369 0.00234328
1.5125 0.11532 0.00193698
1.5375 0.103525 0.00232121
1.5625 0.0910328 0.00183954
1.5875 0.0828607 0.00173857
1.6125 0.0751311 0.00162271
1.6375 0.0650246 0.00131476
1.6625 0.0564508 0.00115322
1.6875 0.0513033 0.00146987
1.7125 0.0429672 0.00100642
1.7375 0.0379016 0.000972865
1.7625 0.0332377 0.00106739
1.7875 0.0277951 0.00104189
1.8125 0.0232787 0.00087793
1.8375 0.0197377 0.000612773
1.8625 0.0168852 0.000795631
1.8875 0.0138443 0.000438884
1.9125 0.0112951 0.00057854
1.9375 0.00954918 0.000398343
1.9625 0.00779508 0.000310498
1.9875 0.00613934 0.000373194
2.0125 0.00483607 0.000319252
2.0375 0.00387705 0.000262366
2.0625 0.0032459 0.000235747
2.0875 0.00254098 0.000258294
2.1125 0.00205738 0.000201604
2.1375 0.00152459 0.000130171
2.1625 0.00113934 0.000167773
2.1875 0.000713115 8.99961e-05
2.2125 0.000655738 8.03111e-05
2.2375 0.000418033 7.19026e-05
2.2625 0.000327869 7.33137e-05
2.2875 0.000344262 6.01217e-05
2.3125 0.000237705 4.9825e-05
2.3375 0.000172131 5.73478e-05
2.3625 0.000147541 4.90435e-05
2.3875 9.01639e-05 3.16928e-05
2.4125 4.91803e-05 2.04097e-05
2.4375 5.7377e-05 1.74842e-05
2.4625 4.09836e-05 2.28187e-05
2.4875 8.19672e-06 7.98918e-06
2.5125 0 0
2.5375 0 0
2.5625 0 0
2.5875 2.45902e-05 2.39675e-05
2.6125 0 0
2.6375 0 0
2.6625 0 0
2.6875 0 0
2.7125 0 0
2.7375 0 0
2.7625 0 0
2.7875 0 0
2.8125 0 0
2.8375 0 0
2.8625 0 0
2.8875 0 0
2.9125 0 0
2.9375 0 0
2.9625 0 0
2.9875 0 0
3.0125 0 0
3.0375 0 0
3.0625 0 0
3.0875 0 0
3.1125 0 0
3.1375 0 0
3.1625 0 0
3.1875 0 0
3.2125 0 0
3.2375 0 0
3.2625 0 0
3.2875 0 0
3.3125 0 0
3.3375 0 0
3.3625 0 0
3.3875 0 0
3.4125 0 0
3.4375 0 0
3.4625 0 0
3.4875 0 0
3.5125 0 0
3.5375 0 0
3.5625 0 0
3.5875 0 0
3.6125 0 0
3.6375 0 0
3.6625 0 0
3.6875 0 0
3.7125 0 0
3.7375 0 0
3.7625 0 0
3.7875 0 0
3.8125 0 0
3.8375 0 0
3.8625 0 0
3.8875 0 0
3.9125 0 0
3.9375 0 0
3.9625 0 0
3.9875 0 0
4.0125 0 0
4.0375 0 0
4.0625 0 0
4.0875 0 0
4.1125 0 0
4.1375 0 0
4.1625 0 0
4.1875 0 0
4.2125 0 0
4.2375 0 0
4.2625 0 0
4.2875 0 0
4.3125 0 0
4.3375 0 0
4.3625 0 0
4.3875 0 0
4.4125 0 0
4.4375 0 0
4.4625 0 0
4.4875 0 0
4.5125 0 0
4.5375 0 0
4.5625 0 0
4.5875 0 0
4.6125 0 0
4.6375 0 0
4.6625 0 0
4.6875 0 0
4.7125 0 0
4.7375 0 0
4.7625 0 0
4.7875 0 0
4.8125 0 0
4.8375 0 0
4.8625 0 0
4.8875 0 0
4.9125 0 0
4.9375 0 0
4.9625 0 0
4.9875 0 0
